<?xml version="1.0" encoding="UTF-8"?>
<testsuite xmlns:xsi="http://www.w3.org/2001/XMLSchema-instance" xsi:noNamespaceSchemaLocation="https://maven.apache.org/surefire/maven-surefire-plugin/xsd/surefire-test-report.xsd" name="kz.iitu.itse1907.saylau.repository.SoldierRepositoryTest" time="6.49" tests="1" errors="1" skipped="0" failures="0">
  <properties>
    <property name="sun.desktop" value="windows"/>
    <property name="awt.toolkit" value="sun.awt.windows.WToolkit"/>
    <property name="java.specification.version" value="11"/>
    <property name="sun.cpu.isalist" value="amd64"/>
    <property name="sun.jnu.encoding" value="Cp1251"/>
    <property name="java.class.path" value="C:\Users\almaz\OneDrive\Рабочий стол\Lab8\target\test-classes;C:\Users\almaz\OneDrive\Рабочий стол\Lab8\target\classes;C:\Users\almaz\.m2\repository\org\springframework\boot\spring-boot-starter-batch\2.6.3\spring-boot-starter-batch-2.6.3.jar;C:\Users\almaz\.m2\repository\org\springframework\boot\spring-boot-starter-jdbc\2.6.3\spring-boot-starter-jdbc-2.6.3.jar;C:\Users\almaz\.m2\repository\com\zaxxer\HikariCP\4.0.3\HikariCP-4.0.3.jar;C:\Users\almaz\.m2\repository\org\springframework\spring-jdbc\5.3.15\spring-jdbc-5.3.15.jar;C:\Users\almaz\.m2\repository\org\springframework\boot\spring-boot-starter-data-jpa\2.6.3\spring-boot-starter-data-jpa-2.6.3.jar;C:\Users\almaz\.m2\repository\org\springframework\boot\spring-boot-starter-aop\2.6.3\spring-boot-starter-aop-2.6.3.jar;C:\Users\almaz\.m2\repository\jakarta\transaction\jakarta.transaction-api\1.3.3\jakarta.transaction-api-1.3.3.jar;C:\Users\almaz\.m2\repository\jakarta\persistence\jakarta.persistence-api\2.2.3\jakarta.persistence-api-2.2.3.jar;C:\Users\almaz\.m2\repository\org\springframework\spring-aspects\5.3.15\spring-aspects-5.3.15.jar;C:\Users\almaz\.m2\repository\org\projectlombok\lombok\1.18.22\lombok-1.18.22.jar;C:\Users\almaz\.m2\repository\org\springframework\data\spring-data-jpa\2.6.1\spring-data-jpa-2.6.1.jar;C:\Users\almaz\.m2\repository\org\springframework\data\spring-data-commons\2.6.1\spring-data-commons-2.6.1.jar;C:\Users\almaz\.m2\repository\org\springframework\spring-orm\5.3.15\spring-orm-5.3.15.jar;C:\Users\almaz\.m2\repository\org\springframework\spring-aop\5.3.15\spring-aop-5.3.15.jar;C:\Users\almaz\.m2\repository\org\springframework\spring-tx\5.3.15\spring-tx-5.3.15.jar;C:\Users\almaz\.m2\repository\org\slf4j\slf4j-api\1.7.33\slf4j-api-1.7.33.jar;C:\Users\almaz\.m2\repository\jakarta\validation\jakarta.validation-api\2.0.2\jakarta.validation-api-2.0.2.jar;C:\Users\almaz\.m2\repository\org\springframework\boot\spring-boot-starter\2.6.3\spring-boot-starter-2.6.3.jar;C:\Users\almaz\.m2\repository\org\springframework\boot\spring-boot\2.6.3\spring-boot-2.6.3.jar;C:\Users\almaz\.m2\repository\org\springframework\boot\spring-boot-autoconfigure\2.6.3\spring-boot-autoconfigure-2.6.3.jar;C:\Users\almaz\.m2\repository\org\springframework\boot\spring-boot-starter-logging\2.6.3\spring-boot-starter-logging-2.6.3.jar;C:\Users\almaz\.m2\repository\ch\qos\logback\logback-classic\1.2.10\logback-classic-1.2.10.jar;C:\Users\almaz\.m2\repository\ch\qos\logback\logback-core\1.2.10\logback-core-1.2.10.jar;C:\Users\almaz\.m2\repository\org\apache\logging\log4j\log4j-to-slf4j\2.17.1\log4j-to-slf4j-2.17.1.jar;C:\Users\almaz\.m2\repository\org\apache\logging\log4j\log4j-api\2.17.1\log4j-api-2.17.1.jar;C:\Users\almaz\.m2\repository\org\slf4j\jul-to-slf4j\1.7.33\jul-to-slf4j-1.7.33.jar;C:\Users\almaz\.m2\repository\jakarta\annotation\jakarta.annotation-api\1.3.5\jakarta.annotation-api-1.3.5.jar;C:\Users\almaz\.m2\repository\org\yaml\snakeyaml\1.29\snakeyaml-1.29.jar;C:\Users\almaz\.m2\repository\org\springframework\boot\spring-boot-starter-test\2.6.3\spring-boot-starter-test-2.6.3.jar;C:\Users\almaz\.m2\repository\org\springframework\boot\spring-boot-test\2.6.3\spring-boot-test-2.6.3.jar;C:\Users\almaz\.m2\repository\org\springframework\boot\spring-boot-test-autoconfigure\2.6.3\spring-boot-test-autoconfigure-2.6.3.jar;C:\Users\almaz\.m2\repository\com\jayway\jsonpath\json-path\2.6.0\json-path-2.6.0.jar;C:\Users\almaz\.m2\repository\net\minidev\json-smart\2.4.7\json-smart-2.4.7.jar;C:\Users\almaz\.m2\repository\net\minidev\accessors-smart\2.4.7\accessors-smart-2.4.7.jar;C:\Users\almaz\.m2\repository\org\ow2\asm\asm\9.1\asm-9.1.jar;C:\Users\almaz\.m2\repository\jakarta\xml\bind\jakarta.xml.bind-api\2.3.3\jakarta.xml.bind-api-2.3.3.jar;C:\Users\almaz\.m2\repository\jakarta\activation\jakarta.activation-api\1.2.2\jakarta.activation-api-1.2.2.jar;C:\Users\almaz\.m2\repository\org\assertj\assertj-core\3.21.0\assertj-core-3.21.0.jar;C:\Users\almaz\.m2\repository\org\hamcrest\hamcrest\2.2\hamcrest-2.2.jar;C:\Users\almaz\.m2\repository\org\junit\jupiter\junit-jupiter\5.8.2\junit-jupiter-5.8.2.jar;C:\Users\almaz\.m2\repository\org\junit\jupiter\junit-jupiter-api\5.8.2\junit-jupiter-api-5.8.2.jar;C:\Users\almaz\.m2\repository\org\opentest4j\opentest4j\1.2.0\opentest4j-1.2.0.jar;C:\Users\almaz\.m2\repository\org\junit\platform\junit-platform-commons\1.8.2\junit-platform-commons-1.8.2.jar;C:\Users\almaz\.m2\repository\org\apiguardian\apiguardian-api\1.1.2\apiguardian-api-1.1.2.jar;C:\Users\almaz\.m2\repository\org\junit\jupiter\junit-jupiter-params\5.8.2\junit-jupiter-params-5.8.2.jar;C:\Users\almaz\.m2\repository\org\junit\jupiter\junit-jupiter-engine\5.8.2\junit-jupiter-engine-5.8.2.jar;C:\Users\almaz\.m2\repository\org\junit\platform\junit-platform-engine\1.8.2\junit-platform-engine-1.8.2.jar;C:\Users\almaz\.m2\repository\org\mockito\mockito-core\4.0.0\mockito-core-4.0.0.jar;C:\Users\almaz\.m2\repository\net\bytebuddy\byte-buddy-agent\1.11.22\byte-buddy-agent-1.11.22.jar;C:\Users\almaz\.m2\repository\org\objenesis\objenesis\3.2\objenesis-3.2.jar;C:\Users\almaz\.m2\repository\org\mockito\mockito-junit-jupiter\4.0.0\mockito-junit-jupiter-4.0.0.jar;C:\Users\almaz\.m2\repository\org\skyscreamer\jsonassert\1.5.0\jsonassert-1.5.0.jar;C:\Users\almaz\.m2\repository\com\vaadin\external\google\android-json\0.0.20131108.vaadin1\android-json-0.0.20131108.vaadin1.jar;C:\Users\almaz\.m2\repository\org\xmlunit\xmlunit-core\2.8.4\xmlunit-core-2.8.4.jar;C:\Users\almaz\.m2\repository\org\springframework\spring-core\5.3.15\spring-core-5.3.15.jar;C:\Users\almaz\.m2\repository\org\springframework\spring-jcl\5.3.15\spring-jcl-5.3.15.jar;C:\Users\almaz\.m2\repository\org\springframework\spring-context\5.3.15\spring-context-5.3.15.jar;C:\Users\almaz\.m2\repository\org\springframework\spring-expression\5.3.15\spring-expression-5.3.15.jar;C:\Users\almaz\.m2\repository\org\springframework\spring-beans\5.3.15\spring-beans-5.3.15.jar;C:\Users\almaz\.m2\repository\org\aspectj\aspectjweaver\1.9.6\aspectjweaver-1.9.6.jar;C:\Users\almaz\.m2\repository\org\springframework\spring-test\5.3.15\spring-test-5.3.15.jar;C:\Users\almaz\.m2\repository\junit\junit\4.13.2\junit-4.13.2.jar;C:\Users\almaz\.m2\repository\org\hamcrest\hamcrest-core\2.2\hamcrest-core-2.2.jar;C:\Users\almaz\.m2\repository\org\postgresql\postgresql\42.3.3\postgresql-42.3.3.jar;C:\Users\almaz\.m2\repository\org\checkerframework\checker-qual\3.5.0\checker-qual-3.5.0.jar;C:\Users\almaz\.m2\repository\org\springframework\batch\spring-batch-core\4.3.4\spring-batch-core-4.3.4.jar;C:\Users\almaz\.m2\repository\com\fasterxml\jackson\core\jackson-databind\2.13.1\jackson-databind-2.13.1.jar;C:\Users\almaz\.m2\repository\com\fasterxml\jackson\core\jackson-annotations\2.13.1\jackson-annotations-2.13.1.jar;C:\Users\almaz\.m2\repository\com\fasterxml\jackson\core\jackson-core\2.13.1\jackson-core-2.13.1.jar;C:\Users\almaz\.m2\repository\io\micrometer\micrometer-core\1.8.2\micrometer-core-1.8.2.jar;C:\Users\almaz\.m2\repository\org\hdrhistogram\HdrHistogram\2.1.12\HdrHistogram-2.1.12.jar;C:\Users\almaz\.m2\repository\org\latencyutils\LatencyUtils\2.0.3\LatencyUtils-2.0.3.jar;C:\Users\almaz\.m2\repository\javax\batch\javax.batch-api\1.0\javax.batch-api-1.0.jar;C:\Users\almaz\.m2\repository\org\codehaus\jettison\jettison\1.2\jettison-1.2.jar;C:\Users\almaz\.m2\repository\org\springframework\batch\spring-batch-infrastructure\4.3.4\spring-batch-infrastructure-4.3.4.jar;C:\Users\almaz\.m2\repository\org\springframework\retry\spring-retry\1.3.1\spring-retry-1.3.1.jar;C:\Users\almaz\.m2\repository\javax\annotation\javax.annotation-api\1.3.2\javax.annotation-api-1.3.2.jar;C:\Users\almaz\.m2\repository\org\springframework\batch\spring-batch-test\4.3.4\spring-batch-test-4.3.4.jar;C:\Users\almaz\.m2\repository\org\hibernate\hibernate-core\5.6.5.Final\hibernate-core-5.6.5.Final.jar;C:\Users\almaz\.m2\repository\org\jboss\logging\jboss-logging\3.4.3.Final\jboss-logging-3.4.3.Final.jar;C:\Users\almaz\.m2\repository\javax\persistence\javax.persistence-api\2.2\javax.persistence-api-2.2.jar;C:\Users\almaz\.m2\repository\net\bytebuddy\byte-buddy\1.11.22\byte-buddy-1.11.22.jar;C:\Users\almaz\.m2\repository\antlr\antlr\2.7.7\antlr-2.7.7.jar;C:\Users\almaz\.m2\repository\org\jboss\spec\javax\transaction\jboss-transaction-api_1.2_spec\1.1.1.Final\jboss-transaction-api_1.2_spec-1.1.1.Final.jar;C:\Users\almaz\.m2\repository\org\jboss\jandex\2.4.2.Final\jandex-2.4.2.Final.jar;C:\Users\almaz\.m2\repository\com\fasterxml\classmate\1.5.1\classmate-1.5.1.jar;C:\Users\almaz\.m2\repository\javax\activation\javax.activation-api\1.2.0\javax.activation-api-1.2.0.jar;C:\Users\almaz\.m2\repository\javax\xml\bind\jaxb-api\2.3.1\jaxb-api-2.3.1.jar;C:\Users\almaz\.m2\repository\org\glassfish\jaxb\jaxb-runtime\2.3.5\jaxb-runtime-2.3.5.jar;C:\Users\almaz\.m2\repository\org\glassfish\jaxb\txw2\2.3.5\txw2-2.3.5.jar;C:\Users\almaz\.m2\repository\com\sun\istack\istack-commons-runtime\3.0.12\istack-commons-runtime-3.0.12.jar;C:\Users\almaz\.m2\repository\com\sun\activation\jakarta.activation\1.2.2\jakarta.activation-1.2.2.jar;C:\Users\almaz\.m2\repository\org\hibernate\common\hibernate-commons-annotations\5.1.2.Final\hibernate-commons-annotations-5.1.2.Final.jar;C:\Users\almaz\.m2\repository\org\springframework\boot\spring-boot-starter-web\2.6.3\spring-boot-starter-web-2.6.3.jar;C:\Users\almaz\.m2\repository\org\springframework\boot\spring-boot-starter-json\2.6.3\spring-boot-starter-json-2.6.3.jar;C:\Users\almaz\.m2\repository\com\fasterxml\jackson\datatype\jackson-datatype-jdk8\2.13.1\jackson-datatype-jdk8-2.13.1.jar;C:\Users\almaz\.m2\repository\com\fasterxml\jackson\datatype\jackson-datatype-jsr310\2.13.1\jackson-datatype-jsr310-2.13.1.jar;C:\Users\almaz\.m2\repository\com\fasterxml\jackson\module\jackson-module-parameter-names\2.13.1\jackson-module-parameter-names-2.13.1.jar;C:\Users\almaz\.m2\repository\org\springframework\boot\spring-boot-starter-tomcat\2.6.3\spring-boot-starter-tomcat-2.6.3.jar;C:\Users\almaz\.m2\repository\org\apache\tomcat\embed\tomcat-embed-core\9.0.56\tomcat-embed-core-9.0.56.jar;C:\Users\almaz\.m2\repository\org\apache\tomcat\embed\tomcat-embed-el\9.0.56\tomcat-embed-el-9.0.56.jar;C:\Users\almaz\.m2\repository\org\apache\tomcat\embed\tomcat-embed-websocket\9.0.56\tomcat-embed-websocket-9.0.56.jar;C:\Users\almaz\.m2\repository\org\springframework\spring-web\5.3.15\spring-web-5.3.15.jar;C:\Users\almaz\.m2\repository\org\springframework\spring-webmvc\5.3.15\spring-webmvc-5.3.15.jar;"/>
    <property name="java.vm.vendor" value="Amazon.com Inc."/>
    <property name="sun.arch.data.model" value="64"/>
    <property name="user.variant" value=""/>
    <property name="java.vendor.url" value="https://aws.amazon.com/corretto/"/>
    <property name="user.timezone" value="Asia/Almaty"/>
    <property name="user.country.format" value="KZ"/>
    <property name="java.vm.specification.version" value="11"/>
    <property name="os.name" value="Windows 10"/>
    <property name="sun.java.launcher" value="SUN_STANDARD"/>
    <property name="user.country" value="RU"/>
    <property name="sun.boot.library.path" value="C:\Users\almaz\.jdks\corretto-11.0.15\bin"/>
    <property name="sun.java.command" value="C:\Users\almaz\AppData\Local\Temp\surefire10350569853015669685\surefirebooter5584954628051203214.jar C:\Users\almaz\AppData\Local\Temp\surefire10350569853015669685 2022-04-25T20-42-56_782-jvmRun1 surefire10456438356214907713tmp surefire_014128203095595137067tmp"/>
    <property name="jdk.debug" value="release"/>
    <property name="surefire.test.class.path" value="C:\Users\almaz\OneDrive\Рабочий стол\Lab8\target\test-classes;C:\Users\almaz\OneDrive\Рабочий стол\Lab8\target\classes;C:\Users\almaz\.m2\repository\org\springframework\boot\spring-boot-starter-batch\2.6.3\spring-boot-starter-batch-2.6.3.jar;C:\Users\almaz\.m2\repository\org\springframework\boot\spring-boot-starter-jdbc\2.6.3\spring-boot-starter-jdbc-2.6.3.jar;C:\Users\almaz\.m2\repository\com\zaxxer\HikariCP\4.0.3\HikariCP-4.0.3.jar;C:\Users\almaz\.m2\repository\org\springframework\spring-jdbc\5.3.15\spring-jdbc-5.3.15.jar;C:\Users\almaz\.m2\repository\org\springframework\boot\spring-boot-starter-data-jpa\2.6.3\spring-boot-starter-data-jpa-2.6.3.jar;C:\Users\almaz\.m2\repository\org\springframework\boot\spring-boot-starter-aop\2.6.3\spring-boot-starter-aop-2.6.3.jar;C:\Users\almaz\.m2\repository\jakarta\transaction\jakarta.transaction-api\1.3.3\jakarta.transaction-api-1.3.3.jar;C:\Users\almaz\.m2\repository\jakarta\persistence\jakarta.persistence-api\2.2.3\jakarta.persistence-api-2.2.3.jar;C:\Users\almaz\.m2\repository\org\springframework\spring-aspects\5.3.15\spring-aspects-5.3.15.jar;C:\Users\almaz\.m2\repository\org\projectlombok\lombok\1.18.22\lombok-1.18.22.jar;C:\Users\almaz\.m2\repository\org\springframework\data\spring-data-jpa\2.6.1\spring-data-jpa-2.6.1.jar;C:\Users\almaz\.m2\repository\org\springframework\data\spring-data-commons\2.6.1\spring-data-commons-2.6.1.jar;C:\Users\almaz\.m2\repository\org\springframework\spring-orm\5.3.15\spring-orm-5.3.15.jar;C:\Users\almaz\.m2\repository\org\springframework\spring-aop\5.3.15\spring-aop-5.3.15.jar;C:\Users\almaz\.m2\repository\org\springframework\spring-tx\5.3.15\spring-tx-5.3.15.jar;C:\Users\almaz\.m2\repository\org\slf4j\slf4j-api\1.7.33\slf4j-api-1.7.33.jar;C:\Users\almaz\.m2\repository\jakarta\validation\jakarta.validation-api\2.0.2\jakarta.validation-api-2.0.2.jar;C:\Users\almaz\.m2\repository\org\springframework\boot\spring-boot-starter\2.6.3\spring-boot-starter-2.6.3.jar;C:\Users\almaz\.m2\repository\org\springframework\boot\spring-boot\2.6.3\spring-boot-2.6.3.jar;C:\Users\almaz\.m2\repository\org\springframework\boot\spring-boot-autoconfigure\2.6.3\spring-boot-autoconfigure-2.6.3.jar;C:\Users\almaz\.m2\repository\org\springframework\boot\spring-boot-starter-logging\2.6.3\spring-boot-starter-logging-2.6.3.jar;C:\Users\almaz\.m2\repository\ch\qos\logback\logback-classic\1.2.10\logback-classic-1.2.10.jar;C:\Users\almaz\.m2\repository\ch\qos\logback\logback-core\1.2.10\logback-core-1.2.10.jar;C:\Users\almaz\.m2\repository\org\apache\logging\log4j\log4j-to-slf4j\2.17.1\log4j-to-slf4j-2.17.1.jar;C:\Users\almaz\.m2\repository\org\apache\logging\log4j\log4j-api\2.17.1\log4j-api-2.17.1.jar;C:\Users\almaz\.m2\repository\org\slf4j\jul-to-slf4j\1.7.33\jul-to-slf4j-1.7.33.jar;C:\Users\almaz\.m2\repository\jakarta\annotation\jakarta.annotation-api\1.3.5\jakarta.annotation-api-1.3.5.jar;C:\Users\almaz\.m2\repository\org\yaml\snakeyaml\1.29\snakeyaml-1.29.jar;C:\Users\almaz\.m2\repository\org\springframework\boot\spring-boot-starter-test\2.6.3\spring-boot-starter-test-2.6.3.jar;C:\Users\almaz\.m2\repository\org\springframework\boot\spring-boot-test\2.6.3\spring-boot-test-2.6.3.jar;C:\Users\almaz\.m2\repository\org\springframework\boot\spring-boot-test-autoconfigure\2.6.3\spring-boot-test-autoconfigure-2.6.3.jar;C:\Users\almaz\.m2\repository\com\jayway\jsonpath\json-path\2.6.0\json-path-2.6.0.jar;C:\Users\almaz\.m2\repository\net\minidev\json-smart\2.4.7\json-smart-2.4.7.jar;C:\Users\almaz\.m2\repository\net\minidev\accessors-smart\2.4.7\accessors-smart-2.4.7.jar;C:\Users\almaz\.m2\repository\org\ow2\asm\asm\9.1\asm-9.1.jar;C:\Users\almaz\.m2\repository\jakarta\xml\bind\jakarta.xml.bind-api\2.3.3\jakarta.xml.bind-api-2.3.3.jar;C:\Users\almaz\.m2\repository\jakarta\activation\jakarta.activation-api\1.2.2\jakarta.activation-api-1.2.2.jar;C:\Users\almaz\.m2\repository\org\assertj\assertj-core\3.21.0\assertj-core-3.21.0.jar;C:\Users\almaz\.m2\repository\org\hamcrest\hamcrest\2.2\hamcrest-2.2.jar;C:\Users\almaz\.m2\repository\org\junit\jupiter\junit-jupiter\5.8.2\junit-jupiter-5.8.2.jar;C:\Users\almaz\.m2\repository\org\junit\jupiter\junit-jupiter-api\5.8.2\junit-jupiter-api-5.8.2.jar;C:\Users\almaz\.m2\repository\org\opentest4j\opentest4j\1.2.0\opentest4j-1.2.0.jar;C:\Users\almaz\.m2\repository\org\junit\platform\junit-platform-commons\1.8.2\junit-platform-commons-1.8.2.jar;C:\Users\almaz\.m2\repository\org\apiguardian\apiguardian-api\1.1.2\apiguardian-api-1.1.2.jar;C:\Users\almaz\.m2\repository\org\junit\jupiter\junit-jupiter-params\5.8.2\junit-jupiter-params-5.8.2.jar;C:\Users\almaz\.m2\repository\org\junit\jupiter\junit-jupiter-engine\5.8.2\junit-jupiter-engine-5.8.2.jar;C:\Users\almaz\.m2\repository\org\junit\platform\junit-platform-engine\1.8.2\junit-platform-engine-1.8.2.jar;C:\Users\almaz\.m2\repository\org\mockito\mockito-core\4.0.0\mockito-core-4.0.0.jar;C:\Users\almaz\.m2\repository\net\bytebuddy\byte-buddy-agent\1.11.22\byte-buddy-agent-1.11.22.jar;C:\Users\almaz\.m2\repository\org\objenesis\objenesis\3.2\objenesis-3.2.jar;C:\Users\almaz\.m2\repository\org\mockito\mockito-junit-jupiter\4.0.0\mockito-junit-jupiter-4.0.0.jar;C:\Users\almaz\.m2\repository\org\skyscreamer\jsonassert\1.5.0\jsonassert-1.5.0.jar;C:\Users\almaz\.m2\repository\com\vaadin\external\google\android-json\0.0.20131108.vaadin1\android-json-0.0.20131108.vaadin1.jar;C:\Users\almaz\.m2\repository\org\xmlunit\xmlunit-core\2.8.4\xmlunit-core-2.8.4.jar;C:\Users\almaz\.m2\repository\org\springframework\spring-core\5.3.15\spring-core-5.3.15.jar;C:\Users\almaz\.m2\repository\org\springframework\spring-jcl\5.3.15\spring-jcl-5.3.15.jar;C:\Users\almaz\.m2\repository\org\springframework\spring-context\5.3.15\spring-context-5.3.15.jar;C:\Users\almaz\.m2\repository\org\springframework\spring-expression\5.3.15\spring-expression-5.3.15.jar;C:\Users\almaz\.m2\repository\org\springframework\spring-beans\5.3.15\spring-beans-5.3.15.jar;C:\Users\almaz\.m2\repository\org\aspectj\aspectjweaver\1.9.6\aspectjweaver-1.9.6.jar;C:\Users\almaz\.m2\repository\org\springframework\spring-test\5.3.15\spring-test-5.3.15.jar;C:\Users\almaz\.m2\repository\junit\junit\4.13.2\junit-4.13.2.jar;C:\Users\almaz\.m2\repository\org\hamcrest\hamcrest-core\2.2\hamcrest-core-2.2.jar;C:\Users\almaz\.m2\repository\org\postgresql\postgresql\42.3.3\postgresql-42.3.3.jar;C:\Users\almaz\.m2\repository\org\checkerframework\checker-qual\3.5.0\checker-qual-3.5.0.jar;C:\Users\almaz\.m2\repository\org\springframework\batch\spring-batch-core\4.3.4\spring-batch-core-4.3.4.jar;C:\Users\almaz\.m2\repository\com\fasterxml\jackson\core\jackson-databind\2.13.1\jackson-databind-2.13.1.jar;C:\Users\almaz\.m2\repository\com\fasterxml\jackson\core\jackson-annotations\2.13.1\jackson-annotations-2.13.1.jar;C:\Users\almaz\.m2\repository\com\fasterxml\jackson\core\jackson-core\2.13.1\jackson-core-2.13.1.jar;C:\Users\almaz\.m2\repository\io\micrometer\micrometer-core\1.8.2\micrometer-core-1.8.2.jar;C:\Users\almaz\.m2\repository\org\hdrhistogram\HdrHistogram\2.1.12\HdrHistogram-2.1.12.jar;C:\Users\almaz\.m2\repository\org\latencyutils\LatencyUtils\2.0.3\LatencyUtils-2.0.3.jar;C:\Users\almaz\.m2\repository\javax\batch\javax.batch-api\1.0\javax.batch-api-1.0.jar;C:\Users\almaz\.m2\repository\org\codehaus\jettison\jettison\1.2\jettison-1.2.jar;C:\Users\almaz\.m2\repository\org\springframework\batch\spring-batch-infrastructure\4.3.4\spring-batch-infrastructure-4.3.4.jar;C:\Users\almaz\.m2\repository\org\springframework\retry\spring-retry\1.3.1\spring-retry-1.3.1.jar;C:\Users\almaz\.m2\repository\javax\annotation\javax.annotation-api\1.3.2\javax.annotation-api-1.3.2.jar;C:\Users\almaz\.m2\repository\org\springframework\batch\spring-batch-test\4.3.4\spring-batch-test-4.3.4.jar;C:\Users\almaz\.m2\repository\org\hibernate\hibernate-core\5.6.5.Final\hibernate-core-5.6.5.Final.jar;C:\Users\almaz\.m2\repository\org\jboss\logging\jboss-logging\3.4.3.Final\jboss-logging-3.4.3.Final.jar;C:\Users\almaz\.m2\repository\javax\persistence\javax.persistence-api\2.2\javax.persistence-api-2.2.jar;C:\Users\almaz\.m2\repository\net\bytebuddy\byte-buddy\1.11.22\byte-buddy-1.11.22.jar;C:\Users\almaz\.m2\repository\antlr\antlr\2.7.7\antlr-2.7.7.jar;C:\Users\almaz\.m2\repository\org\jboss\spec\javax\transaction\jboss-transaction-api_1.2_spec\1.1.1.Final\jboss-transaction-api_1.2_spec-1.1.1.Final.jar;C:\Users\almaz\.m2\repository\org\jboss\jandex\2.4.2.Final\jandex-2.4.2.Final.jar;C:\Users\almaz\.m2\repository\com\fasterxml\classmate\1.5.1\classmate-1.5.1.jar;C:\Users\almaz\.m2\repository\javax\activation\javax.activation-api\1.2.0\javax.activation-api-1.2.0.jar;C:\Users\almaz\.m2\repository\javax\xml\bind\jaxb-api\2.3.1\jaxb-api-2.3.1.jar;C:\Users\almaz\.m2\repository\org\glassfish\jaxb\jaxb-runtime\2.3.5\jaxb-runtime-2.3.5.jar;C:\Users\almaz\.m2\repository\org\glassfish\jaxb\txw2\2.3.5\txw2-2.3.5.jar;C:\Users\almaz\.m2\repository\com\sun\istack\istack-commons-runtime\3.0.12\istack-commons-runtime-3.0.12.jar;C:\Users\almaz\.m2\repository\com\sun\activation\jakarta.activation\1.2.2\jakarta.activation-1.2.2.jar;C:\Users\almaz\.m2\repository\org\hibernate\common\hibernate-commons-annotations\5.1.2.Final\hibernate-commons-annotations-5.1.2.Final.jar;C:\Users\almaz\.m2\repository\org\springframework\boot\spring-boot-starter-web\2.6.3\spring-boot-starter-web-2.6.3.jar;C:\Users\almaz\.m2\repository\org\springframework\boot\spring-boot-starter-json\2.6.3\spring-boot-starter-json-2.6.3.jar;C:\Users\almaz\.m2\repository\com\fasterxml\jackson\datatype\jackson-datatype-jdk8\2.13.1\jackson-datatype-jdk8-2.13.1.jar;C:\Users\almaz\.m2\repository\com\fasterxml\jackson\datatype\jackson-datatype-jsr310\2.13.1\jackson-datatype-jsr310-2.13.1.jar;C:\Users\almaz\.m2\repository\com\fasterxml\jackson\module\jackson-module-parameter-names\2.13.1\jackson-module-parameter-names-2.13.1.jar;C:\Users\almaz\.m2\repository\org\springframework\boot\spring-boot-starter-tomcat\2.6.3\spring-boot-starter-tomcat-2.6.3.jar;C:\Users\almaz\.m2\repository\org\apache\tomcat\embed\tomcat-embed-core\9.0.56\tomcat-embed-core-9.0.56.jar;C:\Users\almaz\.m2\repository\org\apache\tomcat\embed\tomcat-embed-el\9.0.56\tomcat-embed-el-9.0.56.jar;C:\Users\almaz\.m2\repository\org\apache\tomcat\embed\tomcat-embed-websocket\9.0.56\tomcat-embed-websocket-9.0.56.jar;C:\Users\almaz\.m2\repository\org\springframework\spring-web\5.3.15\spring-web-5.3.15.jar;C:\Users\almaz\.m2\repository\org\springframework\spring-webmvc\5.3.15\spring-webmvc-5.3.15.jar;"/>
    <property name="sun.cpu.endian" value="little"/>
    <property name="user.home" value="C:\Users\almaz"/>
    <property name="user.language" value="ru"/>
    <property name="java.specification.vendor" value="Oracle Corporation"/>
    <property name="java.version.date" value="2022-04-19"/>
    <property name="java.home" value="C:\Users\almaz\.jdks\corretto-11.0.15"/>
    <property name="file.separator" value="\"/>
    <property name="basedir" value="C:\Users\almaz\OneDrive\Рабочий стол\Lab8"/>
    <property name="java.vm.compressedOopsMode" value="32-bit"/>
    <property name="line.separator" value="&#10;"/>
    <property name="java.specification.name" value="Java Platform API Specification"/>
    <property name="java.vm.specification.vendor" value="Oracle Corporation"/>
    <property name="java.awt.graphicsenv" value="sun.awt.Win32GraphicsEnvironment"/>
    <property name="surefire.real.class.path" value="C:\Users\almaz\AppData\Local\Temp\surefire10350569853015669685\surefirebooter5584954628051203214.jar"/>
    <property name="user.script" value=""/>
    <property name="sun.management.compiler" value="HotSpot 64-Bit Tiered Compilers"/>
    <property name="java.runtime.version" value="11.0.15+9-LTS"/>
    <property name="user.name" value="almaz"/>
    <property name="path.separator" value=";"/>
    <property name="os.version" value="10.0"/>
    <property name="java.runtime.name" value="OpenJDK Runtime Environment"/>
    <property name="file.encoding" value="Cp1251"/>
    <property name="java.vm.name" value="OpenJDK 64-Bit Server VM"/>
    <property name="java.vendor.version" value="Corretto-11.0.15.9.1"/>
    <property name="localRepository" value="C:\Users\almaz\.m2\repository"/>
    <property name="java.vendor.url.bug" value="https://github.com/corretto/corretto-11/issues/"/>
    <property name="java.io.tmpdir" value="C:\Users\almaz\AppData\Local\Temp\"/>
    <property name="idea.version" value="2020.2.4"/>
    <property name="java.version" value="11.0.15"/>
    <property name="user.dir" value="C:\Users\almaz\OneDrive\Рабочий стол\Lab8"/>
    <property name="os.arch" value="amd64"/>
    <property name="java.vm.specification.name" value="Java Virtual Machine Specification"/>
    <property name="java.awt.printerjob" value="sun.awt.windows.WPrinterJob"/>
    <property name="sun.os.patch.level" value=""/>
    <property name="java.library.path" value="C:\Users\almaz\.jdks\corretto-11.0.15\bin;C:\Windows\Sun\Java\bin;C:\Windows\system32;C:\Windows;C:\Program Files\Common Files\Oracle\Java\javapath;C:\Program Files (x86)\Common Files\Intel\Shared Libraries\redist\intel64\compiler;C:\Program Files (x86)\Common Files\Oracle\Java\javapath;C:\Windows\system32;C:\Windows;C:\Windows\System32\Wbem;C:\Windows\System32\WindowsPowerShell\v1.0\;C:\Windows\System32\OpenSSH\;C:\Program Files\NVIDIA Corporation\NVIDIA NvDLISR;C:\Program Files (x86)\NVIDIA Corporation\PhysX\Common;C:\Program Files\Common Files\Autodesk Shared\;C:\Program Files\Microsoft SQL Server\120\Tools\Binn\;C:\Program Files\Git\cmd;;C:\Program Files\Docker\Docker\resources\bin;C:\ProgramData\DockerDesktop\version-bin;C:\Program Files\MySQL\MySQL Shell 8.0\bin\;C:\Users\almaz\AppData\Local\Programs\Python\Python39\Scripts\;C:\Users\almaz\AppData\Local\Programs\Python\Python39\;C:\Users\almaz\AppData\Local\Microsoft\WindowsApps;;C:\Program Files\JetBrains\IntelliJ IDEA 2020.2.2\bin;;C:\Program Files\JetBrains\PyCharm Community Edition 2020.2.3\bin;;C:\Users\almaz\spicetify-cli;."/>
    <property name="java.vm.info" value="mixed mode"/>
    <property name="java.vendor" value="Amazon.com Inc."/>
    <property name="java.vm.version" value="11.0.15+9-LTS"/>
    <property name="sun.io.unicode.encoding" value="UnicodeLittle"/>
    <property name="java.class.version" value="55.0"/>
  </properties>
  <testcase name="selectAllCaptains" classname="kz.iitu.itse1907.saylau.repository.SoldierRepositoryTest" time="6.468">
    <error message="DefaultJpaDialect does not support custom isolation levels due to limitations in standard JPA. Specific arrangements may be implemented in custom JpaDialect variants." type="org.springframework.transaction.InvalidIsolationLevelException">org.springframework.transaction.InvalidIsolationLevelException: DefaultJpaDialect does not support custom isolation levels due to limitations in standard JPA. Specific arrangements may be implemented in custom JpaDialect variants.
	at kz.iitu.itse1907.saylau.repository.SoldierRepositoryTest.selectAllCaptains(SoldierRepositoryTest.java:31)
</error>
    <system-out><![CDATA[Work
20:42:58.106 [main] DEBUG org.springframework.context.annotation.AnnotationConfigApplicationContext - Refreshing org.springframework.context.annotation.AnnotationConfigApplicationContext@17fc391b
20:42:58.124 [main] DEBUG org.springframework.beans.factory.support.DefaultListableBeanFactory - Creating shared instance of singleton bean 'org.springframework.context.annotation.internalConfigurationAnnotationProcessor'
20:42:58.208 [main] DEBUG org.springframework.context.annotation.ClassPathBeanDefinitionScanner - Identified candidate component class: file [C:\Users\almaz\OneDrive\Рабочий стол\Lab8\target\classes\kz\iitu\itse1907\saylau\Lab9Application.class]
20:42:58.238 [main] DEBUG org.springframework.context.annotation.ClassPathBeanDefinitionScanner - Identified candidate component class: file [C:\Users\almaz\OneDrive\Рабочий стол\Lab8\target\classes\kz\iitu\itse1907\saylau\controller\CaptainController.class]
20:42:58.250 [main] DEBUG org.springframework.context.annotation.ClassPathBeanDefinitionScanner - Identified candidate component class: file [C:\Users\almaz\OneDrive\Рабочий стол\Lab8\target\classes\kz\iitu\itse1907\saylau\repository\CaptainRep.class]
20:42:58.255 [main] DEBUG org.springframework.context.annotation.ClassPathBeanDefinitionScanner - Identified candidate component class: file [C:\Users\almaz\OneDrive\Рабочий стол\Lab8\target\classes\kz\iitu\itse1907\saylau\repository\SoldierController.class]
20:42:58.256 [main] DEBUG org.springframework.context.annotation.ClassPathBeanDefinitionScanner - Identified candidate component class: file [C:\Users\almaz\OneDrive\Рабочий стол\Lab8\target\classes\kz\iitu\itse1907\saylau\repository\SquadController.class]
20:42:58.301 [main] DEBUG org.springframework.context.annotation.ClassPathBeanDefinitionScanner - Identified candidate component class: file [C:\Users\almaz\OneDrive\Рабочий стол\Lab8\target\classes\kz\iitu\itse1907\saylau\config\Config1.class]
20:42:58.301 [main] DEBUG org.springframework.context.annotation.ClassPathBeanDefinitionScanner - Identified candidate component class: file [C:\Users\almaz\OneDrive\Рабочий стол\Lab8\target\classes\kz\iitu\itse1907\saylau\controller\CaptainController.class]
20:42:58.301 [main] DEBUG org.springframework.context.annotation.ClassPathBeanDefinitionScanner - Identified candidate component class: file [C:\Users\almaz\OneDrive\Рабочий стол\Lab8\target\classes\kz\iitu\itse1907\saylau\repository\CaptainRep.class]
20:42:58.302 [main] DEBUG org.springframework.context.annotation.ClassPathBeanDefinitionScanner - Identified candidate component class: file [C:\Users\almaz\OneDrive\Рабочий стол\Lab8\target\classes\kz\iitu\itse1907\saylau\repository\SoldierController.class]
20:42:58.302 [main] DEBUG org.springframework.context.annotation.ClassPathBeanDefinitionScanner - Identified candidate component class: file [C:\Users\almaz\OneDrive\Рабочий стол\Lab8\target\classes\kz\iitu\itse1907\saylau\repository\SquadController.class]
20:42:58.757 [main] DEBUG org.springframework.core.env.PropertySourcesPropertyResolver - Found key 'spring.datasource.url' in PropertySource 'class path resource [application.properties]' with value of type String
20:42:59.048 [main] INFO org.springframework.data.repository.config.RepositoryConfigurationDelegate - Bootstrapping Spring Data JPA repositories in DEFAULT mode.
20:42:59.058 [main] DEBUG org.springframework.beans.factory.support.DefaultListableBeanFactory - Creating shared instance of singleton bean 'org.springframework.boot.autoconfigure.AutoConfigurationPackages'
20:42:59.058 [main] DEBUG org.springframework.boot.autoconfigure.AutoConfigurationPackages - @EnableAutoConfiguration was declared on a class in the package 'kz.iitu.itse1907.saylau'. Automatic @Repository and @Entity scanning is enabled.
20:42:59.060 [main] DEBUG org.springframework.data.repository.config.RepositoryConfigurationDelegate - Scanning for JPA repositories in packages kz.iitu.itse1907.saylau.
20:42:59.074 [main] DEBUG org.springframework.data.repository.config.RepositoryComponentProvider - Identified candidate component class: file [C:\Users\almaz\OneDrive\Рабочий стол\Lab8\target\classes\kz\iitu\itse1907\saylau\repository\CaptainRepository.class]
20:42:59.113 [main] INFO org.springframework.data.repository.config.RepositoryConfigurationDelegate - Finished Spring Data repository scanning in 52 ms. Found 1 JPA repository interfaces.
20:42:59.287 [main] DEBUG org.springframework.beans.factory.support.DefaultListableBeanFactory - Creating shared instance of singleton bean 'propertySourcesPlaceholderConfigurer'
20:42:59.293 [main] DEBUG org.springframework.beans.factory.support.DefaultListableBeanFactory - Creating shared instance of singleton bean 'emBeanDefinitionRegistrarPostProcessor'
20:42:59.293 [main] DEBUG org.springframework.beans.factory.support.DefaultListableBeanFactory - Creating shared instance of singleton bean 'org.springframework.boot.sql.init.dependency.DatabaseInitializationDependencyConfigurer$DependsOnDatabaseInitializationPostProcessor'
20:42:59.332 [main] DEBUG org.springframework.beans.factory.support.DefaultListableBeanFactory - Creating shared instance of singleton bean 'org.springframework.context.event.internalEventListenerProcessor'
20:42:59.335 [main] DEBUG org.springframework.beans.factory.support.DefaultListableBeanFactory - Creating shared instance of singleton bean 'org.springframework.context.event.internalEventListenerFactory'
20:42:59.335 [main] DEBUG org.springframework.beans.factory.support.DefaultListableBeanFactory - Creating shared instance of singleton bean 'org.springframework.transaction.config.internalTransactionalEventListenerFactory'
20:42:59.338 [main] DEBUG org.springframework.beans.factory.support.DefaultListableBeanFactory - Creating shared instance of singleton bean 'org.springframework.context.annotation.internalAutowiredAnnotationProcessor'
20:42:59.341 [main] DEBUG org.springframework.beans.factory.support.DefaultListableBeanFactory - Creating shared instance of singleton bean 'org.springframework.context.annotation.internalCommonAnnotationProcessor'
20:42:59.347 [main] DEBUG org.springframework.beans.factory.support.DefaultListableBeanFactory - Creating shared instance of singleton bean 'org.springframework.context.annotation.internalPersistenceAnnotationProcessor'
20:42:59.348 [main] DEBUG org.springframework.beans.factory.support.DefaultListableBeanFactory - Creating shared instance of singleton bean 'org.springframework.boot.context.properties.ConfigurationPropertiesBindingPostProcessor'
20:42:59.348 [main] DEBUG org.springframework.beans.factory.support.DefaultListableBeanFactory - Creating shared instance of singleton bean 'org.springframework.boot.context.internalConfigurationPropertiesBinder'
20:42:59.349 [main] DEBUG org.springframework.beans.factory.support.DefaultListableBeanFactory - Creating shared instance of singleton bean 'org.springframework.boot.context.internalConfigurationPropertiesBinderFactory'
20:42:59.353 [main] DEBUG org.springframework.beans.factory.support.DefaultListableBeanFactory - Creating shared instance of singleton bean 'org.springframework.context.annotation.internalScheduledAnnotationProcessor'
20:42:59.354 [main] DEBUG org.springframework.beans.factory.support.DefaultListableBeanFactory - Creating shared instance of singleton bean 'org.springframework.scheduling.annotation.SchedulingConfiguration'
20:42:59.365 [main] DEBUG org.springframework.beans.factory.support.DefaultListableBeanFactory - Creating shared instance of singleton bean 'org.springframework.aop.config.internalAutoProxyCreator'
20:42:59.447 [main] DEBUG org.springframework.beans.factory.support.DefaultListableBeanFactory - Creating shared instance of singleton bean 'persistenceExceptionTranslationPostProcessor'
20:42:59.464 [main] DEBUG org.springframework.beans.factory.support.DefaultListableBeanFactory - Autowiring by type from bean name 'persistenceExceptionTranslationPostProcessor' via factory method to bean named 'environment'
20:42:59.476 [main] DEBUG org.springframework.beans.factory.support.DefaultListableBeanFactory - Creating shared instance of singleton bean 'config1'
20:42:59.479 [main] DEBUG org.springframework.beans.factory.support.DefaultListableBeanFactory - Creating shared instance of singleton bean 'org.springframework.cache.config.internalCacheAdvisor'
20:42:59.479 [main] DEBUG org.springframework.beans.factory.support.DefaultListableBeanFactory - Creating shared instance of singleton bean 'org.springframework.cache.annotation.ProxyCachingConfiguration'
20:42:59.479 [main] DEBUG org.springframework.beans.factory.support.DefaultListableBeanFactory - Creating shared instance of singleton bean 'org.springframework.transaction.config.internalTransactionAdvisor'
20:42:59.479 [main] DEBUG org.springframework.beans.factory.support.DefaultListableBeanFactory - Creating shared instance of singleton bean 'org.springframework.transaction.annotation.ProxyTransactionManagementConfiguration'
20:42:59.499 [main] DEBUG org.springframework.beans.factory.support.DefaultListableBeanFactory - Creating shared instance of singleton bean 'transactionAttributeSource'
20:42:59.507 [main] DEBUG org.springframework.beans.factory.support.DefaultListableBeanFactory - Creating shared instance of singleton bean 'transactionInterceptor'
20:42:59.507 [main] DEBUG org.springframework.beans.factory.support.DefaultListableBeanFactory - Autowiring by type from bean name 'transactionInterceptor' via factory method to bean named 'transactionAttributeSource'
20:42:59.518 [main] DEBUG org.springframework.beans.factory.support.DefaultListableBeanFactory - Autowiring by type from bean name 'org.springframework.transaction.config.internalTransactionAdvisor' via factory method to bean named 'transactionAttributeSource'
20:42:59.518 [main] DEBUG org.springframework.beans.factory.support.DefaultListableBeanFactory - Autowiring by type from bean name 'org.springframework.transaction.config.internalTransactionAdvisor' via factory method to bean named 'transactionInterceptor'
20:42:59.537 [main] DEBUG org.springframework.beans.factory.support.DefaultListableBeanFactory - Creating shared instance of singleton bean 'cacheOperationSource'
20:42:59.548 [main] DEBUG org.springframework.beans.factory.support.DefaultListableBeanFactory - Creating shared instance of singleton bean 'cacheInterceptor'
20:42:59.549 [main] DEBUG org.springframework.beans.factory.support.DefaultListableBeanFactory - Autowiring by type from bean name 'cacheInterceptor' via factory method to bean named 'cacheOperationSource'
20:42:59.560 [main] DEBUG org.springframework.beans.factory.support.DefaultListableBeanFactory - Autowiring by type from bean name 'org.springframework.cache.config.internalCacheAdvisor' via factory method to bean named 'cacheOperationSource'
20:42:59.560 [main] DEBUG org.springframework.beans.factory.support.DefaultListableBeanFactory - Autowiring by type from bean name 'org.springframework.cache.config.internalCacheAdvisor' via factory method to bean named 'cacheInterceptor'
20:42:59.568 [main] DEBUG org.springframework.core.env.PropertySourcesPropertyResolver - Found key 'spring.datasource.url' in PropertySource 'class path resource [application.properties]' with value of type String
20:42:59.568 [main] DEBUG org.springframework.core.env.PropertySourcesPropertyResolver - Found key 'spring.datasource.url' in PropertySource 'environmentProperties' with value of type String
20:42:59.569 [main] DEBUG org.springframework.core.env.PropertySourcesPropertyResolver - Found key 'spring.datasource.username' in PropertySource 'class path resource [application.properties]' with value of type String
20:42:59.569 [main] DEBUG org.springframework.core.env.PropertySourcesPropertyResolver - Found key 'spring.datasource.username' in PropertySource 'environmentProperties' with value of type String
20:42:59.570 [main] DEBUG org.springframework.core.env.PropertySourcesPropertyResolver - Found key 'spring.datasource.password' in PropertySource 'class path resource [application.properties]' with value of type String
20:42:59.570 [main] DEBUG org.springframework.core.env.PropertySourcesPropertyResolver - Found key 'spring.datasource.password' in PropertySource 'environmentProperties' with value of type String
20:42:59.570 [main] DEBUG org.springframework.core.env.PropertySourcesPropertyResolver - Found key 'fixedRate' in PropertySource 'class path resource [application.properties]' with value of type String
20:42:59.570 [main] DEBUG org.springframework.core.env.PropertySourcesPropertyResolver - Found key 'fixedRate' in PropertySource 'environmentProperties' with value of type String
20:42:59.579 [main] DEBUG org.springframework.core.env.PropertySourcesPropertyResolver - Found key 'fixedDelay' in PropertySource 'class path resource [application.properties]' with value of type String
20:42:59.579 [main] DEBUG org.springframework.core.env.PropertySourcesPropertyResolver - Found key 'fixedDelay' in PropertySource 'environmentProperties' with value of type String
20:42:59.579 [main] DEBUG org.springframework.core.env.PropertySourcesPropertyResolver - Found key 'initialDelay' in PropertySource 'class path resource [application.properties]' with value of type String
20:42:59.579 [main] DEBUG org.springframework.core.env.PropertySourcesPropertyResolver - Found key 'initialDelay' in PropertySource 'environmentProperties' with value of type String
20:42:59.586 [main] DEBUG org.springframework.beans.factory.support.DefaultListableBeanFactory - Creating shared instance of singleton bean 'lab9Application'
20:42:59.588 [main] DEBUG org.springframework.beans.factory.support.DefaultListableBeanFactory - Creating shared instance of singleton bean 'captainRepository'
20:42:59.636 [main] DEBUG org.springframework.beans.factory.support.DefaultListableBeanFactory - Creating shared instance of singleton bean 'dataSourceScriptDatabaseInitializer'
20:42:59.637 [main] DEBUG org.springframework.beans.factory.support.DefaultListableBeanFactory - Creating shared instance of singleton bean 'org.springframework.boot.autoconfigure.sql.init.DataSourceInitializationConfiguration'
20:42:59.638 [main] DEBUG org.springframework.beans.factory.support.DefaultListableBeanFactory - Creating shared instance of singleton bean 'dataSource'
20:42:59.661 [main] DEBUG org.springframework.jdbc.datasource.DriverManagerDataSource - Loaded JDBC driver: org.postgresql.Driver
20:42:59.669 [main] DEBUG org.springframework.beans.factory.support.DefaultListableBeanFactory - Creating shared instance of singleton bean 'spring.sql.init-org.springframework.boot.autoconfigure.sql.init.SqlInitializationProperties'
20:42:59.674 [main] DEBUG org.springframework.beans.factory.support.DefaultListableBeanFactory - Creating shared instance of singleton bean 'org.springframework.boot.context.properties.BoundConfigurationProperties'
20:42:59.704 [main] DEBUG org.springframework.beans.factory.support.DefaultListableBeanFactory - Autowiring by type from bean name 'dataSourceScriptDatabaseInitializer' via factory method to bean named 'dataSource'
20:42:59.704 [main] DEBUG org.springframework.beans.factory.support.DefaultListableBeanFactory - Autowiring by type from bean name 'dataSourceScriptDatabaseInitializer' via factory method to bean named 'spring.sql.init-org.springframework.boot.autoconfigure.sql.init.SqlInitializationProperties'
20:42:59.712 [main] DEBUG org.springframework.beans.factory.support.DefaultListableBeanFactory - Creating shared instance of singleton bean 'entityManagerFactory'
20:42:59.720 [main] DEBUG org.springframework.beans.factory.support.DefaultListableBeanFactory - Creating shared instance of singleton bean 'jpaVendorAdapter'
20:42:59.804 [main] DEBUG org.jboss.logging - Logging Provider: org.jboss.logging.Log4j2LoggerProvider
20:42:59.836 [main] DEBUG org.springframework.orm.jpa.LocalContainerEntityManagerFactoryBean - Building JPA container EntityManagerFactory for persistence unit 'default'
20:42:59.868 [main] DEBUG org.hibernate.jpa.internal.util.LogHelper - PersistenceUnitInfo [
	name: default
	persistence provider classname: null
	classloader: jdk.internal.loader.ClassLoaders$AppClassLoader@5b37e0d2
	excludeUnlistedClasses: true
	JTA datasource: null
	Non JTA datasource: org.springframework.jdbc.datasource.DriverManagerDataSource@3db663d0
	Transaction type: RESOURCE_LOCAL
	PU root URL: file:/C:/Users/almaz/OneDrive/%D0%A0%D0%B0%D0%B1%D0%BE%D1%87%D0%B8%D0%B9%20%D1%81%D1%82%D0%BE%D0%BB/Lab8/target/test-classes/
	Shared Cache Mode: UNSPECIFIED
	Validation Mode: AUTO
	Jar files URLs []
	Managed classes names [
		kz.iitu.itse1907.saylau.entity.Captain
		kz.iitu.itse1907.saylau.entity.Soldier
		kz.iitu.itse1907.saylau.entity.Squad]
	Mapping files names []
	Properties []
20:42:59.888 [main] DEBUG org.hibernate.integrator.internal.IntegratorServiceImpl - Adding Integrator [org.hibernate.cfg.beanvalidation.BeanValidationIntegrator].
20:42:59.890 [main] DEBUG org.hibernate.integrator.internal.IntegratorServiceImpl - Adding Integrator [org.hibernate.secure.spi.JaccIntegrator].
20:42:59.893 [main] DEBUG org.hibernate.integrator.internal.IntegratorServiceImpl - Adding Integrator [org.hibernate.cache.internal.CollectionCacheInvalidator].
20:42:59.941 [main] INFO org.hibernate.Version - HHH000412: Hibernate ORM core version 5.6.5.Final
20:42:59.943 [main] DEBUG org.hibernate.cfg.Environment - HHH000206: hibernate.properties not found
20:43:00.115 [main] DEBUG org.hibernate.service.spi.ServiceBinding - Overriding existing service binding [org.hibernate.secure.spi.JaccService]
20:43:00.128 [main] DEBUG org.hibernate.cache.internal.RegionFactoryInitiator - Cannot default RegionFactory based on registered strategies as `[]` RegionFactory strategies were registered
20:43:00.129 [main] DEBUG org.hibernate.cache.internal.RegionFactoryInitiator - Cache region factory : org.hibernate.cache.internal.NoCachingRegionFactory
20:43:00.147 [main] INFO org.hibernate.annotations.common.Version - HCANN000001: Hibernate Commons Annotations {5.1.2.Final}
20:43:00.386 [main] DEBUG org.hibernate.type.BasicTypeRegistry - Adding type registration boolean -> org.hibernate.type.BooleanType@56e9a474
20:43:00.386 [main] DEBUG org.hibernate.type.BasicTypeRegistry - Adding type registration boolean -> org.hibernate.type.BooleanType@56e9a474
20:43:00.386 [main] DEBUG org.hibernate.type.BasicTypeRegistry - Adding type registration java.lang.Boolean -> org.hibernate.type.BooleanType@56e9a474
20:43:00.386 [main] DEBUG org.hibernate.type.BasicTypeRegistry - Adding type registration numeric_boolean -> org.hibernate.type.NumericBooleanType@38cedb7d
20:43:00.387 [main] DEBUG org.hibernate.type.BasicTypeRegistry - Adding type registration true_false -> org.hibernate.type.TrueFalseType@3f598450
20:43:00.388 [main] DEBUG org.hibernate.type.BasicTypeRegistry - Adding type registration yes_no -> org.hibernate.type.YesNoType@7ed3df3b
20:43:00.388 [main] DEBUG org.hibernate.type.BasicTypeRegistry - Adding type registration byte -> org.hibernate.type.ByteType@2ee48610
20:43:00.389 [main] DEBUG org.hibernate.type.BasicTypeRegistry - Adding type registration byte -> org.hibernate.type.ByteType@2ee48610
20:43:00.389 [main] DEBUG org.hibernate.type.BasicTypeRegistry - Adding type registration java.lang.Byte -> org.hibernate.type.ByteType@2ee48610
20:43:00.390 [main] DEBUG org.hibernate.type.BasicTypeRegistry - Adding type registration character -> org.hibernate.type.CharacterType@12b5736c
20:43:00.390 [main] DEBUG org.hibernate.type.BasicTypeRegistry - Adding type registration char -> org.hibernate.type.CharacterType@12b5736c
20:43:00.390 [main] DEBUG org.hibernate.type.BasicTypeRegistry - Adding type registration java.lang.Character -> org.hibernate.type.CharacterType@12b5736c
20:43:00.391 [main] DEBUG org.hibernate.type.BasicTypeRegistry - Adding type registration short -> org.hibernate.type.ShortType@33a55bd8
20:43:00.391 [main] DEBUG org.hibernate.type.BasicTypeRegistry - Adding type registration short -> org.hibernate.type.ShortType@33a55bd8
20:43:00.391 [main] DEBUG org.hibernate.type.BasicTypeRegistry - Adding type registration java.lang.Short -> org.hibernate.type.ShortType@33a55bd8
20:43:00.392 [main] DEBUG org.hibernate.type.BasicTypeRegistry - Adding type registration integer -> org.hibernate.type.IntegerType@7e83992
20:43:00.392 [main] DEBUG org.hibernate.type.BasicTypeRegistry - Adding type registration int -> org.hibernate.type.IntegerType@7e83992
20:43:00.392 [main] DEBUG org.hibernate.type.BasicTypeRegistry - Adding type registration java.lang.Integer -> org.hibernate.type.IntegerType@7e83992
20:43:00.394 [main] DEBUG org.hibernate.type.BasicTypeRegistry - Adding type registration long -> org.hibernate.type.LongType@d2e6b0b
20:43:00.394 [main] DEBUG org.hibernate.type.BasicTypeRegistry - Adding type registration long -> org.hibernate.type.LongType@d2e6b0b
20:43:00.394 [main] DEBUG org.hibernate.type.BasicTypeRegistry - Adding type registration java.lang.Long -> org.hibernate.type.LongType@d2e6b0b
20:43:00.395 [main] DEBUG org.hibernate.type.BasicTypeRegistry - Adding type registration float -> org.hibernate.type.FloatType@4d0e54e0
20:43:00.395 [main] DEBUG org.hibernate.type.BasicTypeRegistry - Adding type registration float -> org.hibernate.type.FloatType@4d0e54e0
20:43:00.395 [main] DEBUG org.hibernate.type.BasicTypeRegistry - Adding type registration java.lang.Float -> org.hibernate.type.FloatType@4d0e54e0
20:43:00.396 [main] DEBUG org.hibernate.type.BasicTypeRegistry - Adding type registration double -> org.hibernate.type.DoubleType@76ececd
20:43:00.396 [main] DEBUG org.hibernate.type.BasicTypeRegistry - Adding type registration double -> org.hibernate.type.DoubleType@76ececd
20:43:00.396 [main] DEBUG org.hibernate.type.BasicTypeRegistry - Adding type registration java.lang.Double -> org.hibernate.type.DoubleType@76ececd
20:43:00.397 [main] DEBUG org.hibernate.type.BasicTypeRegistry - Adding type registration big_decimal -> org.hibernate.type.BigDecimalType@77fa9381
20:43:00.398 [main] DEBUG org.hibernate.type.BasicTypeRegistry - Adding type registration java.math.BigDecimal -> org.hibernate.type.BigDecimalType@77fa9381
20:43:00.398 [main] DEBUG org.hibernate.type.BasicTypeRegistry - Adding type registration big_integer -> org.hibernate.type.BigIntegerType@2e32fc22
20:43:00.398 [main] DEBUG org.hibernate.type.BasicTypeRegistry - Adding type registration java.math.BigInteger -> org.hibernate.type.BigIntegerType@2e32fc22
20:43:00.399 [main] DEBUG org.hibernate.type.BasicTypeRegistry - Adding type registration string -> org.hibernate.type.StringType@2f14b0f6
20:43:00.399 [main] DEBUG org.hibernate.type.BasicTypeRegistry - Adding type registration java.lang.String -> org.hibernate.type.StringType@2f14b0f6
20:43:00.400 [main] DEBUG org.hibernate.type.BasicTypeRegistry - Adding type registration nstring -> org.hibernate.type.StringNVarcharType@6c479fdf
20:43:00.400 [main] DEBUG org.hibernate.type.BasicTypeRegistry - Adding type registration ncharacter -> org.hibernate.type.CharacterNCharType@5f1483fd
20:43:00.401 [main] DEBUG org.hibernate.type.BasicTypeRegistry - Adding type registration url -> org.hibernate.type.UrlType@630390b9
20:43:00.401 [main] DEBUG org.hibernate.type.BasicTypeRegistry - Adding type registration java.net.URL -> org.hibernate.type.UrlType@630390b9
20:43:00.402 [main] DEBUG org.hibernate.type.BasicTypeRegistry - Adding type registration Duration -> org.hibernate.type.DurationType@45adc393
20:43:00.402 [main] DEBUG org.hibernate.type.BasicTypeRegistry - Adding type registration java.time.Duration -> org.hibernate.type.DurationType@45adc393
20:43:00.403 [main] DEBUG org.hibernate.type.BasicTypeRegistry - Adding type registration Instant -> org.hibernate.type.InstantType@1823b9c4
20:43:00.403 [main] DEBUG org.hibernate.type.BasicTypeRegistry - Adding type registration java.time.Instant -> org.hibernate.type.InstantType@1823b9c4
20:43:00.405 [main] DEBUG org.hibernate.type.BasicTypeRegistry - Adding type registration LocalDateTime -> org.hibernate.type.LocalDateTimeType@10c47c79
20:43:00.405 [main] DEBUG org.hibernate.type.BasicTypeRegistry - Adding type registration java.time.LocalDateTime -> org.hibernate.type.LocalDateTimeType@10c47c79
20:43:00.406 [main] DEBUG org.hibernate.type.BasicTypeRegistry - Adding type registration LocalDate -> org.hibernate.type.LocalDateType@3bf54172
20:43:00.406 [main] DEBUG org.hibernate.type.BasicTypeRegistry - Adding type registration java.time.LocalDate -> org.hibernate.type.LocalDateType@3bf54172
20:43:00.406 [main] DEBUG org.hibernate.type.BasicTypeRegistry - Adding type registration LocalTime -> org.hibernate.type.LocalTimeType@3ba0ae41
20:43:00.406 [main] DEBUG org.hibernate.type.BasicTypeRegistry - Adding type registration java.time.LocalTime -> org.hibernate.type.LocalTimeType@3ba0ae41
20:43:00.407 [main] DEBUG org.hibernate.type.BasicTypeRegistry - Adding type registration OffsetDateTime -> org.hibernate.type.OffsetDateTimeType@32a2a6be
20:43:00.407 [main] DEBUG org.hibernate.type.BasicTypeRegistry - Adding type registration java.time.OffsetDateTime -> org.hibernate.type.OffsetDateTimeType@32a2a6be
20:43:00.408 [main] DEBUG org.hibernate.type.BasicTypeRegistry - Adding type registration OffsetTime -> org.hibernate.type.OffsetTimeType@6d0be7ab
20:43:00.408 [main] DEBUG org.hibernate.type.BasicTypeRegistry - Adding type registration java.time.OffsetTime -> org.hibernate.type.OffsetTimeType@6d0be7ab
20:43:00.410 [main] DEBUG org.hibernate.type.BasicTypeRegistry - Adding type registration ZonedDateTime -> org.hibernate.type.ZonedDateTimeType@9301672
20:43:00.410 [main] DEBUG org.hibernate.type.BasicTypeRegistry - Adding type registration java.time.ZonedDateTime -> org.hibernate.type.ZonedDateTimeType@9301672
20:43:00.411 [main] DEBUG org.hibernate.type.BasicTypeRegistry - Adding type registration date -> org.hibernate.type.DateType@45c9b3
20:43:00.411 [main] DEBUG org.hibernate.type.BasicTypeRegistry - Adding type registration java.sql.Date -> org.hibernate.type.DateType@45c9b3
20:43:00.412 [main] DEBUG org.hibernate.type.BasicTypeRegistry - Adding type registration time -> org.hibernate.type.TimeType@276cc8dc
20:43:00.412 [main] DEBUG org.hibernate.type.BasicTypeRegistry - Adding type registration java.sql.Time -> org.hibernate.type.TimeType@276cc8dc
20:43:00.414 [main] DEBUG org.hibernate.type.BasicTypeRegistry - Adding type registration timestamp -> org.hibernate.type.TimestampType@1c3259fa
20:43:00.414 [main] DEBUG org.hibernate.type.BasicTypeRegistry - Adding type registration java.sql.Timestamp -> org.hibernate.type.TimestampType@1c3259fa
20:43:00.414 [main] DEBUG org.hibernate.type.BasicTypeRegistry - Adding type registration java.util.Date -> org.hibernate.type.TimestampType@1c3259fa
20:43:00.416 [main] DEBUG org.hibernate.type.BasicTypeRegistry - Adding type registration dbtimestamp -> org.hibernate.type.DbTimestampType@73aeef7d
20:43:00.418 [main] DEBUG org.hibernate.type.BasicTypeRegistry - Adding type registration calendar -> org.hibernate.type.CalendarType@52b46d52
20:43:00.418 [main] DEBUG org.hibernate.type.BasicTypeRegistry - Adding type registration java.util.Calendar -> org.hibernate.type.CalendarType@52b46d52
20:43:00.418 [main] DEBUG org.hibernate.type.BasicTypeRegistry - Adding type registration java.util.GregorianCalendar -> org.hibernate.type.CalendarType@52b46d52
20:43:00.418 [main] DEBUG org.hibernate.type.BasicTypeRegistry - Adding type registration calendar_date -> org.hibernate.type.CalendarDateType@163042ea
20:43:00.420 [main] DEBUG org.hibernate.type.BasicTypeRegistry - Adding type registration calendar_time -> org.hibernate.type.CalendarTimeType@7ec95456
20:43:00.421 [main] DEBUG org.hibernate.type.BasicTypeRegistry - Adding type registration locale -> org.hibernate.type.LocaleType@748ac6f3
20:43:00.421 [main] DEBUG org.hibernate.type.BasicTypeRegistry - Adding type registration java.util.Locale -> org.hibernate.type.LocaleType@748ac6f3
20:43:00.421 [main] DEBUG org.hibernate.type.BasicTypeRegistry - Adding type registration currency -> org.hibernate.type.CurrencyType@46911148
20:43:00.422 [main] DEBUG org.hibernate.type.BasicTypeRegistry - Adding type registration java.util.Currency -> org.hibernate.type.CurrencyType@46911148
20:43:00.423 [main] DEBUG org.hibernate.type.BasicTypeRegistry - Adding type registration timezone -> org.hibernate.type.TimeZoneType@58658f63
20:43:00.423 [main] DEBUG org.hibernate.type.BasicTypeRegistry - Adding type registration java.util.TimeZone -> org.hibernate.type.TimeZoneType@58658f63
20:43:00.427 [main] DEBUG org.hibernate.type.BasicTypeRegistry - Adding type registration class -> org.hibernate.type.ClassType@21263314
20:43:00.427 [main] DEBUG org.hibernate.type.BasicTypeRegistry - Adding type registration java.lang.Class -> org.hibernate.type.ClassType@21263314
20:43:00.429 [main] DEBUG org.hibernate.type.BasicTypeRegistry - Adding type registration uuid-binary -> org.hibernate.type.UUIDBinaryType@71ed560f
20:43:00.429 [main] DEBUG org.hibernate.type.BasicTypeRegistry - Adding type registration java.util.UUID -> org.hibernate.type.UUIDBinaryType@71ed560f
20:43:00.429 [main] DEBUG org.hibernate.type.BasicTypeRegistry - Adding type registration uuid-char -> org.hibernate.type.UUIDCharType@1bf14704
20:43:00.430 [main] DEBUG org.hibernate.type.BasicTypeRegistry - Adding type registration binary -> org.hibernate.type.BinaryType@14c93774
20:43:00.431 [main] DEBUG org.hibernate.type.BasicTypeRegistry - Adding type registration byte[] -> org.hibernate.type.BinaryType@14c93774
20:43:00.431 [main] DEBUG org.hibernate.type.BasicTypeRegistry - Adding type registration [B -> org.hibernate.type.BinaryType@14c93774
20:43:00.432 [main] DEBUG org.hibernate.type.BasicTypeRegistry - Adding type registration wrapper-binary -> org.hibernate.type.WrapperBinaryType@430b2699
20:43:00.432 [main] DEBUG org.hibernate.type.BasicTypeRegistry - Adding type registration Byte[] -> org.hibernate.type.WrapperBinaryType@430b2699
20:43:00.432 [main] DEBUG org.hibernate.type.BasicTypeRegistry - Adding type registration [Ljava.lang.Byte; -> org.hibernate.type.WrapperBinaryType@430b2699
20:43:00.433 [main] DEBUG org.hibernate.type.BasicTypeRegistry - Adding type registration row_version -> org.hibernate.type.RowVersionType@29c17c3d
20:43:00.433 [main] DEBUG org.hibernate.type.BasicTypeRegistry - Adding type registration image -> org.hibernate.type.ImageType@4f654cee
20:43:00.434 [main] DEBUG org.hibernate.type.BasicTypeRegistry - Adding type registration characters -> org.hibernate.type.CharArrayType@7134b8a7
20:43:00.434 [main] DEBUG org.hibernate.type.BasicTypeRegistry - Adding type registration char[] -> org.hibernate.type.CharArrayType@7134b8a7
20:43:00.434 [main] DEBUG org.hibernate.type.BasicTypeRegistry - Adding type registration [C -> org.hibernate.type.CharArrayType@7134b8a7
20:43:00.435 [main] DEBUG org.hibernate.type.BasicTypeRegistry - Adding type registration wrapper-characters -> org.hibernate.type.CharacterArrayType@51b77cdf
20:43:00.435 [main] DEBUG org.hibernate.type.BasicTypeRegistry - Adding type registration [Ljava.lang.Character; -> org.hibernate.type.CharacterArrayType@51b77cdf
20:43:00.435 [main] DEBUG org.hibernate.type.BasicTypeRegistry - Adding type registration Character[] -> org.hibernate.type.CharacterArrayType@51b77cdf
20:43:00.436 [main] DEBUG org.hibernate.type.BasicTypeRegistry - Adding type registration text -> org.hibernate.type.TextType@2f10f633
20:43:00.437 [main] DEBUG org.hibernate.type.BasicTypeRegistry - Adding type registration ntext -> org.hibernate.type.NTextType@a09303
20:43:00.438 [main] DEBUG org.hibernate.type.BasicTypeRegistry - Adding type registration blob -> org.hibernate.type.BlobType@726934e2
20:43:00.438 [main] DEBUG org.hibernate.type.BasicTypeRegistry - Adding type registration java.sql.Blob -> org.hibernate.type.BlobType@726934e2
20:43:00.439 [main] DEBUG org.hibernate.type.BasicTypeRegistry - Adding type registration materialized_blob -> org.hibernate.type.MaterializedBlobType@798dad3d
20:43:00.441 [main] DEBUG org.hibernate.type.BasicTypeRegistry - Adding type registration clob -> org.hibernate.type.ClobType@5568c66f
20:43:00.441 [main] DEBUG org.hibernate.type.BasicTypeRegistry - Adding type registration java.sql.Clob -> org.hibernate.type.ClobType@5568c66f
20:43:00.442 [main] DEBUG org.hibernate.type.BasicTypeRegistry - Adding type registration nclob -> org.hibernate.type.NClobType@68e02f33
20:43:00.442 [main] DEBUG org.hibernate.type.BasicTypeRegistry - Adding type registration java.sql.NClob -> org.hibernate.type.NClobType@68e02f33
20:43:00.443 [main] DEBUG org.hibernate.type.BasicTypeRegistry - Adding type registration materialized_clob -> org.hibernate.type.MaterializedClobType@158ae284
20:43:00.443 [main] DEBUG org.hibernate.type.BasicTypeRegistry - Adding type registration materialized_nclob -> org.hibernate.type.MaterializedNClobType@7235f92b
20:43:00.444 [main] DEBUG org.hibernate.type.BasicTypeRegistry - Adding type registration serializable -> org.hibernate.type.SerializableType@3af58f76
20:43:00.447 [main] DEBUG org.hibernate.type.BasicTypeRegistry - Adding type registration object -> org.hibernate.type.ObjectType@1b410308
20:43:00.447 [main] DEBUG org.hibernate.type.BasicTypeRegistry - Adding type registration java.lang.Object -> org.hibernate.type.ObjectType@1b410308
20:43:00.448 [main] DEBUG org.hibernate.type.BasicTypeRegistry - Adding type registration imm_date -> org.hibernate.type.AdaptedImmutableType@36d33f4
20:43:00.448 [main] DEBUG org.hibernate.type.BasicTypeRegistry - Adding type registration imm_time -> org.hibernate.type.AdaptedImmutableType@16736040
20:43:00.448 [main] DEBUG org.hibernate.type.BasicTypeRegistry - Adding type registration imm_timestamp -> org.hibernate.type.AdaptedImmutableType@7c5d1d25
20:43:00.448 [main] DEBUG org.hibernate.type.BasicTypeRegistry - Adding type registration imm_dbtimestamp -> org.hibernate.type.AdaptedImmutableType@550e9be6
20:43:00.448 [main] DEBUG org.hibernate.type.BasicTypeRegistry - Adding type registration imm_calendar -> org.hibernate.type.AdaptedImmutableType@3f96f020
20:43:00.448 [main] DEBUG org.hibernate.type.BasicTypeRegistry - Adding type registration imm_calendar_date -> org.hibernate.type.AdaptedImmutableType@32eae6f2
20:43:00.448 [main] DEBUG org.hibernate.type.BasicTypeRegistry - Adding type registration imm_binary -> org.hibernate.type.AdaptedImmutableType@26ca61bf
20:43:00.448 [main] DEBUG org.hibernate.type.BasicTypeRegistry - Adding type registration imm_serializable -> org.hibernate.type.AdaptedImmutableType@73a0f2b
20:43:00.460 [main] DEBUG org.hibernate.boot.internal.BootstrapContextImpl - Injecting JPA temp ClassLoader [org.springframework.instrument.classloading.SimpleThrowawayClassLoader@50a13c2f] into BootstrapContext; was [null]
20:43:00.460 [main] DEBUG org.hibernate.boot.internal.ClassLoaderAccessImpl - ClassLoaderAccessImpl#injectTempClassLoader(org.springframework.instrument.classloading.SimpleThrowawayClassLoader@50a13c2f) [was null]
20:43:00.460 [main] DEBUG org.hibernate.boot.internal.BootstrapContextImpl - Injecting ScanEnvironment [org.hibernate.jpa.boot.internal.StandardJpaScanEnvironmentImpl@74606204] into BootstrapContext; was [null]
20:43:00.461 [main] DEBUG org.hibernate.boot.internal.BootstrapContextImpl - Injecting ScanOptions [org.hibernate.boot.archive.scan.internal.StandardScanOptions@6b6eae52] into BootstrapContext; was [org.hibernate.boot.archive.scan.internal.StandardScanOptions@d4df0e]
20:43:00.522 [main] DEBUG org.hibernate.boot.internal.BootstrapContextImpl - Injecting JPA temp ClassLoader [null] into BootstrapContext; was [org.springframework.instrument.classloading.SimpleThrowawayClassLoader@50a13c2f]
20:43:00.523 [main] DEBUG org.hibernate.boot.internal.ClassLoaderAccessImpl - ClassLoaderAccessImpl#injectTempClassLoader(null) [was org.springframework.instrument.classloading.SimpleThrowawayClassLoader@50a13c2f]
20:43:00.532 [main] DEBUG org.hibernate.id.factory.internal.DefaultIdentifierGeneratorFactory - Registering IdentifierGenerator strategy [uuid2] -> [org.hibernate.id.UUIDGenerator]
20:43:00.533 [main] DEBUG org.hibernate.id.factory.internal.DefaultIdentifierGeneratorFactory - Registering IdentifierGenerator strategy [guid] -> [org.hibernate.id.GUIDGenerator]
20:43:00.534 [main] DEBUG org.hibernate.id.factory.internal.DefaultIdentifierGeneratorFactory - Registering IdentifierGenerator strategy [uuid] -> [org.hibernate.id.UUIDHexGenerator]
20:43:00.534 [main] DEBUG org.hibernate.id.factory.internal.DefaultIdentifierGeneratorFactory - Registering IdentifierGenerator strategy [uuid.hex] -> [org.hibernate.id.UUIDHexGenerator]
20:43:00.534 [main] DEBUG org.hibernate.id.factory.internal.DefaultIdentifierGeneratorFactory - Registering IdentifierGenerator strategy [assigned] -> [org.hibernate.id.Assigned]
20:43:00.535 [main] DEBUG org.hibernate.id.factory.internal.DefaultIdentifierGeneratorFactory - Registering IdentifierGenerator strategy [identity] -> [org.hibernate.id.IdentityGenerator]
20:43:00.535 [main] DEBUG org.hibernate.id.factory.internal.DefaultIdentifierGeneratorFactory - Registering IdentifierGenerator strategy [select] -> [org.hibernate.id.SelectGenerator]
20:43:00.536 [main] DEBUG org.hibernate.id.factory.internal.DefaultIdentifierGeneratorFactory - Registering IdentifierGenerator strategy [sequence] -> [org.hibernate.id.enhanced.SequenceStyleGenerator]
20:43:00.537 [main] DEBUG org.hibernate.id.factory.internal.DefaultIdentifierGeneratorFactory - Registering IdentifierGenerator strategy [seqhilo] -> [org.hibernate.id.SequenceHiLoGenerator]
20:43:00.539 [main] DEBUG org.hibernate.id.factory.internal.DefaultIdentifierGeneratorFactory - Registering IdentifierGenerator strategy [increment] -> [org.hibernate.id.IncrementGenerator]
20:43:00.539 [main] DEBUG org.hibernate.id.factory.internal.DefaultIdentifierGeneratorFactory - Registering IdentifierGenerator strategy [foreign] -> [org.hibernate.id.ForeignGenerator]
20:43:00.540 [main] DEBUG org.hibernate.id.factory.internal.DefaultIdentifierGeneratorFactory - Registering IdentifierGenerator strategy [sequence-identity] -> [org.hibernate.id.SequenceIdentityGenerator]
20:43:00.540 [main] DEBUG org.hibernate.id.factory.internal.DefaultIdentifierGeneratorFactory - Registering IdentifierGenerator strategy [enhanced-sequence] -> [org.hibernate.id.enhanced.SequenceStyleGenerator]
20:43:00.541 [main] DEBUG org.hibernate.id.factory.internal.DefaultIdentifierGeneratorFactory - Registering IdentifierGenerator strategy [enhanced-table] -> [org.hibernate.id.enhanced.TableGenerator]
20:43:00.546 [main] DEBUG org.springframework.jdbc.datasource.DriverManagerDataSource - Creating new JDBC DriverManager Connection to [jdbc:postgresql://localhost:5432/Army]
20:43:00.745 [main] DEBUG org.hibernate.engine.jdbc.env.internal.JdbcEnvironmentInitiator - Database ->
       name : PostgreSQL
    version : 13.0
      major : 13
      minor : 0
20:43:00.745 [main] DEBUG org.hibernate.engine.jdbc.env.internal.JdbcEnvironmentInitiator - Driver ->
       name : PostgreSQL JDBC Driver
    version : 42.3.3
      major : 42
      minor : 3
20:43:00.745 [main] DEBUG org.hibernate.engine.jdbc.env.internal.JdbcEnvironmentInitiator - JDBC version : 4.2
20:43:00.757 [main] INFO org.hibernate.dialect.Dialect - HHH000400: Using dialect: org.hibernate.dialect.PostgreSQLDialect
20:43:00.770 [main] DEBUG org.hibernate.engine.jdbc.env.spi.IdentifierHelperBuilder - JDBC driver metadata reported database stores quoted identifiers in neither upper, lower nor mixed case
20:43:00.798 [main] DEBUG org.hibernate.type.BasicTypeRegistry - Adding type registration pg-uuid -> org.hibernate.type.PostgresUUIDType@16e99306
20:43:00.798 [main] DEBUG org.hibernate.type.BasicTypeRegistry - Adding type registration java.util.UUID -> org.hibernate.type.PostgresUUIDType@16e99306
20:43:00.798 [main] DEBUG org.hibernate.type.BasicTypeRegistry - HHH000270: Type registration [java.util.UUID] overrides previous : org.hibernate.type.UUIDBinaryType@71ed560f
20:43:00.800 [main] DEBUG org.hibernate.type.spi.TypeConfiguration$Scope - Scoping TypeConfiguration [org.hibernate.type.spi.TypeConfiguration@6da4feeb] to MetadataBuildingContext [org.hibernate.boot.internal.MetadataBuildingContextRootImpl@2c604965]
20:43:00.845 [main] DEBUG org.hibernate.boot.model.relational.Namespace - Created database namespace [logicalName=Name{catalog=null, schema=null}, physicalName=Name{catalog=null, schema=null}]
20:43:00.857 [main] DEBUG org.hibernate.cfg.AnnotationBinder - Binding entity from annotated class: kz.iitu.itse1907.saylau.entity.Captain
20:43:00.878 [main] DEBUG org.hibernate.cfg.Ejb3Column - Binding column: Ejb3DiscriminatorColumn{logicalColumnName'DTYPE', discriminatorTypeName='string'}
20:43:00.884 [main] DEBUG org.hibernate.cfg.annotations.EntityBinder - Import with entity name Captain
20:43:00.887 [main] DEBUG org.hibernate.cfg.annotations.EntityBinder - Bind entity kz.iitu.itse1907.saylau.entity.Captain on table captain
20:43:00.915 [main] DEBUG org.hibernate.cfg.Ejb3Column - Binding column: Ejb3Column{table=org.hibernate.mapping.Table(captain), mappingColumn=id, insertable=true, updatable=true, unique=false}
20:43:00.918 [main] DEBUG org.hibernate.boot.internal.ClassLoaderAccessImpl - Not known whether passed class name [kz.iitu.itse1907.saylau.entity.Captain] is safe
20:43:00.919 [main] DEBUG org.hibernate.boot.internal.ClassLoaderAccessImpl - No temp ClassLoader provided; using live ClassLoader for loading potentially unsafe class : kz.iitu.itse1907.saylau.entity.Captain
20:43:00.919 [main] DEBUG org.hibernate.cfg.annotations.PropertyBinder - MetadataSourceProcessor property id with lazy=false
20:43:00.921 [main] DEBUG org.hibernate.cfg.AbstractPropertyHolder - Attempting to locate auto-apply AttributeConverter for property [kz.iitu.itse1907.saylau.entity.Captain:id]
20:43:00.923 [main] DEBUG org.hibernate.cfg.annotations.SimpleValueBinder - building SimpleValue for id
20:43:00.926 [main] DEBUG org.hibernate.cfg.annotations.PropertyBinder - Building property id
20:43:00.929 [main] DEBUG org.hibernate.cfg.BinderHelper - #makeIdGenerator(org.hibernate.mapping.SimpleValue([org.hibernate.mapping.Column(id)]), id, identity, , ...)
20:43:00.930 [main] DEBUG org.hibernate.cfg.Ejb3Column - Binding column: Ejb3Column{table=org.hibernate.mapping.Table(captain), mappingColumn=Age, insertable=true, updatable=true, unique=false}
20:43:00.930 [main] DEBUG org.hibernate.cfg.annotations.PropertyBinder - MetadataSourceProcessor property age with lazy=false
20:43:00.930 [main] DEBUG org.hibernate.cfg.AbstractPropertyHolder - Attempting to locate auto-apply AttributeConverter for property [kz.iitu.itse1907.saylau.entity.Captain:age]
20:43:00.930 [main] DEBUG org.hibernate.cfg.annotations.SimpleValueBinder - building SimpleValue for age
20:43:00.930 [main] DEBUG org.hibernate.cfg.annotations.PropertyBinder - Building property age
20:43:00.931 [main] DEBUG org.hibernate.cfg.Ejb3Column - Binding column: Ejb3Column{table=org.hibernate.mapping.Table(captain), mappingColumn=FirstName, insertable=true, updatable=true, unique=false}
20:43:00.931 [main] DEBUG org.hibernate.cfg.annotations.PropertyBinder - MetadataSourceProcessor property first_name with lazy=false
20:43:00.932 [main] DEBUG org.hibernate.cfg.AbstractPropertyHolder - Attempting to locate auto-apply AttributeConverter for property [kz.iitu.itse1907.saylau.entity.Captain:first_name]
20:43:00.932 [main] DEBUG org.hibernate.cfg.annotations.SimpleValueBinder - building SimpleValue for first_name
20:43:00.932 [main] DEBUG org.hibernate.cfg.annotations.PropertyBinder - Building property first_name
20:43:00.932 [main] DEBUG org.hibernate.cfg.Ejb3Column - Binding column: Ejb3Column{table=org.hibernate.mapping.Table(captain), mappingColumn=LastName, insertable=true, updatable=true, unique=false}
20:43:00.933 [main] DEBUG org.hibernate.cfg.annotations.PropertyBinder - MetadataSourceProcessor property last_name with lazy=false
20:43:00.933 [main] DEBUG org.hibernate.cfg.AbstractPropertyHolder - Attempting to locate auto-apply AttributeConverter for property [kz.iitu.itse1907.saylau.entity.Captain:last_name]
20:43:00.933 [main] DEBUG org.hibernate.cfg.annotations.SimpleValueBinder - building SimpleValue for last_name
20:43:00.933 [main] DEBUG org.hibernate.cfg.annotations.PropertyBinder - Building property last_name
20:43:00.933 [main] DEBUG org.hibernate.cfg.Ejb3Column - Binding column: Ejb3Column{table=org.hibernate.mapping.Table(captain), mappingColumn=Rank, insertable=true, updatable=true, unique=false}
20:43:00.934 [main] DEBUG org.hibernate.cfg.annotations.PropertyBinder - MetadataSourceProcessor property rank with lazy=false
20:43:00.934 [main] DEBUG org.hibernate.cfg.AbstractPropertyHolder - Attempting to locate auto-apply AttributeConverter for property [kz.iitu.itse1907.saylau.entity.Captain:rank]
20:43:00.934 [main] DEBUG org.hibernate.cfg.annotations.SimpleValueBinder - building SimpleValue for rank
20:43:00.934 [main] DEBUG org.hibernate.cfg.annotations.PropertyBinder - Building property rank
20:43:00.940 [main] DEBUG org.hibernate.jpa.event.internal.CallbackDefinitionResolverLegacyImpl - Adding onPreUpdate as PreUpdate callback for entity kz.iitu.itse1907.saylau.entity.Captain
20:43:00.942 [main] DEBUG org.hibernate.jpa.event.internal.CallbackDefinitionResolverLegacyImpl - Adding onPrePersist as PrePersist callback for entity kz.iitu.itse1907.saylau.entity.Captain
20:43:00.943 [main] DEBUG org.hibernate.jpa.event.internal.CallbackDefinitionResolverLegacyImpl - Adding onPreRemove as PreRemove callback for entity kz.iitu.itse1907.saylau.entity.Captain
20:43:00.945 [main] DEBUG org.hibernate.cfg.AnnotationBinder - Binding entity from annotated class: kz.iitu.itse1907.saylau.entity.Soldier
20:43:00.945 [main] DEBUG org.hibernate.cfg.Ejb3Column - Binding column: Ejb3DiscriminatorColumn{logicalColumnName'DTYPE', discriminatorTypeName='string'}
20:43:00.945 [main] DEBUG org.hibernate.cfg.annotations.EntityBinder - Import with entity name Soldier
20:43:00.945 [main] DEBUG org.hibernate.cfg.annotations.EntityBinder - Bind entity kz.iitu.itse1907.saylau.entity.Soldier on table soldier
20:43:00.952 [main] DEBUG org.hibernate.cfg.Ejb3Column - Binding column: Ejb3Column{table=org.hibernate.mapping.Table(soldier), mappingColumn=id, insertable=true, updatable=true, unique=false}
20:43:00.952 [main] DEBUG org.hibernate.boot.internal.ClassLoaderAccessImpl - Not known whether passed class name [kz.iitu.itse1907.saylau.entity.Soldier] is safe
20:43:00.953 [main] DEBUG org.hibernate.boot.internal.ClassLoaderAccessImpl - No temp ClassLoader provided; using live ClassLoader for loading potentially unsafe class : kz.iitu.itse1907.saylau.entity.Soldier
20:43:00.953 [main] DEBUG org.hibernate.cfg.annotations.PropertyBinder - MetadataSourceProcessor property id with lazy=false
20:43:00.953 [main] DEBUG org.hibernate.cfg.AbstractPropertyHolder - Attempting to locate auto-apply AttributeConverter for property [kz.iitu.itse1907.saylau.entity.Soldier:id]
20:43:00.953 [main] DEBUG org.hibernate.cfg.annotations.SimpleValueBinder - building SimpleValue for id
20:43:00.953 [main] DEBUG org.hibernate.cfg.annotations.PropertyBinder - Building property id
20:43:00.953 [main] DEBUG org.hibernate.cfg.BinderHelper - #makeIdGenerator(org.hibernate.mapping.SimpleValue([org.hibernate.mapping.Column(id)]), id, identity, , ...)
20:43:00.954 [main] DEBUG org.hibernate.cfg.Ejb3Column - Binding column: Ejb3Column{table=org.hibernate.mapping.Table(soldier), mappingColumn=Age, insertable=true, updatable=true, unique=false}
20:43:00.954 [main] DEBUG org.hibernate.cfg.annotations.PropertyBinder - MetadataSourceProcessor property age with lazy=false
20:43:00.954 [main] DEBUG org.hibernate.cfg.AbstractPropertyHolder - Attempting to locate auto-apply AttributeConverter for property [kz.iitu.itse1907.saylau.entity.Soldier:age]
20:43:00.954 [main] DEBUG org.hibernate.cfg.annotations.SimpleValueBinder - building SimpleValue for age
20:43:00.954 [main] DEBUG org.hibernate.cfg.annotations.PropertyBinder - Building property age
20:43:00.954 [main] DEBUG org.hibernate.cfg.Ejb3Column - Binding column: Ejb3Column{table=org.hibernate.mapping.Table(soldier), mappingColumn=FirstName, insertable=true, updatable=true, unique=false}
20:43:00.954 [main] DEBUG org.hibernate.cfg.annotations.PropertyBinder - MetadataSourceProcessor property first_name with lazy=false
20:43:00.954 [main] DEBUG org.hibernate.cfg.AbstractPropertyHolder - Attempting to locate auto-apply AttributeConverter for property [kz.iitu.itse1907.saylau.entity.Soldier:first_name]
20:43:00.954 [main] DEBUG org.hibernate.cfg.annotations.SimpleValueBinder - building SimpleValue for first_name
20:43:00.955 [main] DEBUG org.hibernate.cfg.annotations.PropertyBinder - Building property first_name
20:43:00.955 [main] DEBUG org.hibernate.cfg.Ejb3Column - Binding column: Ejb3Column{table=org.hibernate.mapping.Table(soldier), mappingColumn=LastName, insertable=true, updatable=true, unique=false}
20:43:00.955 [main] DEBUG org.hibernate.cfg.annotations.PropertyBinder - MetadataSourceProcessor property last_name with lazy=false
20:43:00.955 [main] DEBUG org.hibernate.cfg.AbstractPropertyHolder - Attempting to locate auto-apply AttributeConverter for property [kz.iitu.itse1907.saylau.entity.Soldier:last_name]
20:43:00.955 [main] DEBUG org.hibernate.cfg.annotations.SimpleValueBinder - building SimpleValue for last_name
20:43:00.955 [main] DEBUG org.hibernate.cfg.annotations.PropertyBinder - Building property last_name
20:43:00.955 [main] DEBUG org.hibernate.cfg.Ejb3Column - Binding column: Ejb3Column{table=org.hibernate.mapping.Table(soldier), mappingColumn=Rank, insertable=true, updatable=true, unique=false}
20:43:00.955 [main] DEBUG org.hibernate.cfg.annotations.PropertyBinder - MetadataSourceProcessor property rank with lazy=false
20:43:00.955 [main] DEBUG org.hibernate.cfg.AbstractPropertyHolder - Attempting to locate auto-apply AttributeConverter for property [kz.iitu.itse1907.saylau.entity.Soldier:rank]
20:43:00.955 [main] DEBUG org.hibernate.cfg.annotations.SimpleValueBinder - building SimpleValue for rank
20:43:00.955 [main] DEBUG org.hibernate.cfg.annotations.PropertyBinder - Building property rank
20:43:00.958 [main] DEBUG org.hibernate.cfg.Ejb3Column - Binding column: Ejb3JoinColumn{logicalColumnName='SquadId', referencedColumn='', mappedBy=''}
20:43:00.960 [main] DEBUG org.hibernate.cfg.Ejb3Column - Binding column: Ejb3Column{table=org.hibernate.mapping.Table(soldier), mappingColumn=squad, insertable=true, updatable=true, unique=false}
20:43:00.964 [main] DEBUG org.hibernate.cfg.annotations.PropertyBinder - Building property squad
20:43:00.965 [main] DEBUG org.hibernate.cfg.AnnotationBinder - Binding entity from annotated class: kz.iitu.itse1907.saylau.entity.Squad
20:43:00.965 [main] DEBUG org.hibernate.cfg.Ejb3Column - Binding column: Ejb3DiscriminatorColumn{logicalColumnName'DTYPE', discriminatorTypeName='string'}
20:43:00.965 [main] DEBUG org.hibernate.cfg.annotations.EntityBinder - Import with entity name Squad
20:43:00.965 [main] DEBUG org.hibernate.cfg.annotations.EntityBinder - Bind entity kz.iitu.itse1907.saylau.entity.Squad on table squad
20:43:00.969 [main] DEBUG org.hibernate.cfg.Ejb3Column - Binding column: Ejb3Column{table=org.hibernate.mapping.Table(squad), mappingColumn=ID, insertable=true, updatable=true, unique=false}
20:43:00.970 [main] DEBUG org.hibernate.boot.internal.ClassLoaderAccessImpl - Not known whether passed class name [kz.iitu.itse1907.saylau.entity.Squad] is safe
20:43:00.970 [main] DEBUG org.hibernate.boot.internal.ClassLoaderAccessImpl - No temp ClassLoader provided; using live ClassLoader for loading potentially unsafe class : kz.iitu.itse1907.saylau.entity.Squad
20:43:00.970 [main] DEBUG org.hibernate.cfg.annotations.PropertyBinder - MetadataSourceProcessor property id with lazy=false
20:43:00.970 [main] DEBUG org.hibernate.cfg.AbstractPropertyHolder - Attempting to locate auto-apply AttributeConverter for property [kz.iitu.itse1907.saylau.entity.Squad:id]
20:43:00.970 [main] DEBUG org.hibernate.cfg.annotations.SimpleValueBinder - building SimpleValue for id
20:43:00.970 [main] DEBUG org.hibernate.cfg.annotations.PropertyBinder - Building property id
20:43:00.970 [main] DEBUG org.hibernate.cfg.BinderHelper - #makeIdGenerator(org.hibernate.mapping.SimpleValue([org.hibernate.mapping.Column(ID)]), id, identity, , ...)
20:43:00.970 [main] DEBUG org.hibernate.cfg.Ejb3Column - Binding column: Ejb3Column{table=org.hibernate.mapping.Table(squad), mappingColumn=SquadNumber, insertable=true, updatable=true, unique=false}
20:43:00.971 [main] DEBUG org.hibernate.cfg.annotations.PropertyBinder - MetadataSourceProcessor property SquadNumber with lazy=false
20:43:00.971 [main] DEBUG org.hibernate.cfg.AbstractPropertyHolder - Attempting to locate auto-apply AttributeConverter for property [kz.iitu.itse1907.saylau.entity.Squad:SquadNumber]
20:43:00.971 [main] DEBUG org.hibernate.cfg.annotations.SimpleValueBinder - building SimpleValue for SquadNumber
20:43:00.971 [main] DEBUG org.hibernate.cfg.annotations.PropertyBinder - Building property SquadNumber
20:43:00.971 [main] DEBUG org.hibernate.cfg.Ejb3Column - Binding column: Ejb3JoinColumn{logicalColumnName='CaptainID', referencedColumn='', mappedBy=''}
20:43:00.971 [main] DEBUG org.hibernate.cfg.Ejb3Column - Binding column: Ejb3Column{table=org.hibernate.mapping.Table(squad), mappingColumn=captain, insertable=true, updatable=true, unique=false}
20:43:00.971 [main] DEBUG org.hibernate.cfg.annotations.PropertyBinder - Building property captain
20:43:00.972 [main] DEBUG org.hibernate.cfg.Ejb3Column - Binding column: Ejb3JoinColumn{logicalColumnName='SquadId', referencedColumn='', mappedBy=''}
20:43:00.972 [main] DEBUG org.hibernate.cfg.Ejb3Column - Binding column: Ejb3Column{table=org.hibernate.mapping.Table(squad), mappingColumn=soldiers, insertable=true, updatable=true, unique=false}
20:43:00.974 [main] DEBUG org.hibernate.cfg.Ejb3Column - Binding column: Ejb3Column{table=org.hibernate.mapping.Table(squad), mappingColumn=null, insertable=true, updatable=true, unique=false}
20:43:00.985 [main] DEBUG org.hibernate.cfg.Ejb3Column - Binding column: Ejb3Column{table=org.hibernate.mapping.Table(squad), mappingColumn=element, insertable=true, updatable=true, unique=false}
20:43:00.986 [main] DEBUG org.hibernate.cfg.Ejb3Column - Binding column: Ejb3Column{table=org.hibernate.mapping.Table(squad), mappingColumn=soldiers_KEY, insertable=true, updatable=true, unique=false}
20:43:00.986 [main] DEBUG org.hibernate.cfg.Ejb3Column - Binding column: Ejb3JoinColumn{logicalColumnName='soldiers_KEY', referencedColumn='null', mappedBy='null'}
20:43:00.987 [main] DEBUG org.hibernate.cfg.Ejb3Column - Binding column: Ejb3JoinColumn{logicalColumnName='null', referencedColumn='null', mappedBy=''}
20:43:00.987 [main] DEBUG org.hibernate.cfg.Ejb3Column - Binding column: Ejb3JoinColumn{logicalColumnName='null', referencedColumn='null', mappedBy=''}
20:43:00.988 [main] DEBUG org.hibernate.cfg.annotations.CollectionBinder - Collection role: kz.iitu.itse1907.saylau.entity.Squad.soldiers
20:43:00.990 [main] DEBUG org.hibernate.cfg.annotations.PropertyBinder - Building property soldiers
20:43:00.993 [main] DEBUG org.hibernate.cfg.annotations.SimpleValueBinder - Starting fillSimpleValue for id
20:43:00.993 [main] DEBUG org.hibernate.cfg.annotations.SimpleValueBinder - Starting fillSimpleValue for age
20:43:00.993 [main] DEBUG org.hibernate.cfg.annotations.SimpleValueBinder - Starting fillSimpleValue for first_name
20:43:00.993 [main] DEBUG org.hibernate.cfg.annotations.SimpleValueBinder - Starting fillSimpleValue for last_name
20:43:00.993 [main] DEBUG org.hibernate.cfg.annotations.SimpleValueBinder - Starting fillSimpleValue for rank
20:43:00.994 [main] DEBUG org.hibernate.cfg.annotations.SimpleValueBinder - Starting fillSimpleValue for id
20:43:00.994 [main] DEBUG org.hibernate.cfg.annotations.SimpleValueBinder - Starting fillSimpleValue for age
20:43:00.994 [main] DEBUG org.hibernate.cfg.annotations.SimpleValueBinder - Starting fillSimpleValue for first_name
20:43:00.994 [main] DEBUG org.hibernate.cfg.annotations.SimpleValueBinder - Starting fillSimpleValue for last_name
20:43:00.994 [main] DEBUG org.hibernate.cfg.annotations.SimpleValueBinder - Starting fillSimpleValue for rank
20:43:00.994 [main] DEBUG org.hibernate.cfg.annotations.SimpleValueBinder - Starting fillSimpleValue for id
20:43:00.994 [main] DEBUG org.hibernate.cfg.annotations.SimpleValueBinder - Starting fillSimpleValue for SquadNumber
20:43:01.000 [main] DEBUG org.hibernate.mapping.PrimaryKey - Forcing column [id] to be non-null as it is part of the primary key for table [captain]
20:43:01.000 [main] DEBUG org.hibernate.mapping.PrimaryKey - Forcing column [id] to be non-null as it is part of the primary key for table [soldier]
20:43:01.000 [main] DEBUG org.hibernate.mapping.PrimaryKey - Forcing column [id] to be non-null as it is part of the primary key for table [squad]
20:43:01.000 [main] DEBUG org.hibernate.cfg.CollectionSecondPass - Second pass for collection: kz.iitu.itse1907.saylau.entity.Squad.soldiers
20:43:01.000 [main] DEBUG org.hibernate.cfg.annotations.CollectionBinder - Binding a OneToMany: kz.iitu.itse1907.saylau.entity.Squad.soldiers through a foreign key
20:43:01.001 [main] DEBUG org.hibernate.cfg.annotations.CollectionBinder - Mapping collection: kz.iitu.itse1907.saylau.entity.Squad.soldiers -> soldier
20:43:01.002 [main] DEBUG org.hibernate.cfg.CollectionSecondPass - Mapped collection key: SquadId, one-to-many: kz.iitu.itse1907.saylau.entity.Soldier
20:43:01.003 [main] DEBUG org.hibernate.boot.internal.InFlightMetadataCollectorImpl - Resolving reference to class: kz.iitu.itse1907.saylau.entity.Squad
20:43:01.006 [main] DEBUG org.hibernate.boot.internal.InFlightMetadataCollectorImpl - Resolving reference to class: kz.iitu.itse1907.saylau.entity.Captain
20:43:01.008 [main] DEBUG org.hibernate.boot.internal.InFlightMetadataCollectorImpl - Resolving reference to class: kz.iitu.itse1907.saylau.entity.Squad
20:43:01.008 [main] DEBUG org.hibernate.boot.internal.InFlightMetadataCollectorImpl - Resolving reference to class: kz.iitu.itse1907.saylau.entity.Captain
20:43:01.049 [main] DEBUG org.hibernate.internal.SessionFactoryImpl - Building session factory
20:43:01.050 [main] DEBUG org.hibernate.cfg.Settings - SessionFactory name : null
20:43:01.051 [main] DEBUG org.hibernate.cfg.Settings - Automatic flush during beforeCompletion(): enabled
20:43:01.051 [main] DEBUG org.hibernate.cfg.Settings - Automatic session close at end of transaction: disabled
20:43:01.051 [main] DEBUG org.hibernate.cfg.Settings - Statistics: disabled
20:43:01.051 [main] DEBUG org.hibernate.cfg.Settings - Deleted entity synthetic identifier rollback: disabled
20:43:01.051 [main] DEBUG org.hibernate.cfg.Settings - Default entity-mode: pojo
20:43:01.051 [main] DEBUG org.hibernate.cfg.Settings - Check Nullability in Core (should be disabled when Bean Validation is on): enabled
20:43:01.051 [main] DEBUG org.hibernate.cfg.Settings - Allow initialization of lazy state outside session : disabled
20:43:01.051 [main] DEBUG org.hibernate.cfg.Settings - Using BatchFetchStyle : LEGACY
20:43:01.051 [main] DEBUG org.hibernate.cfg.Settings - Default batch fetch size: -1
20:43:01.051 [main] DEBUG org.hibernate.cfg.Settings - Maximum outer join fetch depth: null
20:43:01.051 [main] DEBUG org.hibernate.cfg.Settings - Default null ordering: NONE
20:43:01.051 [main] DEBUG org.hibernate.cfg.Settings - Order SQL updates by primary key: disabled
20:43:01.051 [main] DEBUG org.hibernate.cfg.Settings - Order SQL inserts for batching: disabled
20:43:01.051 [main] DEBUG org.hibernate.cfg.Settings - multi-tenancy strategy : NONE
20:43:01.051 [main] DEBUG org.hibernate.cfg.Settings - JTA Track by Thread: enabled
20:43:01.052 [main] DEBUG org.hibernate.cfg.Settings - Query language substitutions: {}
20:43:01.052 [main] DEBUG org.hibernate.cfg.Settings - Named query checking : enabled
20:43:01.052 [main] DEBUG org.hibernate.cfg.Settings - Second-level cache: disabled
20:43:01.052 [main] DEBUG org.hibernate.cfg.Settings - Second-level query cache: disabled
20:43:01.052 [main] DEBUG org.hibernate.cfg.Settings - Second-level query cache factory: null
20:43:01.052 [main] DEBUG org.hibernate.cfg.Settings - Second-level cache region prefix: null
20:43:01.052 [main] DEBUG org.hibernate.cfg.Settings - Optimize second-level cache for minimal puts: disabled
20:43:01.052 [main] DEBUG org.hibernate.cfg.Settings - Structured second-level cache entries: disabled
20:43:01.052 [main] DEBUG org.hibernate.cfg.Settings - Second-level cache direct-reference entries: disabled
20:43:01.052 [main] DEBUG org.hibernate.cfg.Settings - Automatic eviction of collection cache: disabled
20:43:01.052 [main] DEBUG org.hibernate.cfg.Settings - JDBC batch size: 15
20:43:01.052 [main] DEBUG org.hibernate.cfg.Settings - JDBC batch updates for versioned data: enabled
20:43:01.053 [main] DEBUG org.hibernate.cfg.Settings - Scrollable result sets: enabled
20:43:01.053 [main] DEBUG org.hibernate.cfg.Settings - Wrap result sets: disabled
20:43:01.053 [main] DEBUG org.hibernate.cfg.Settings - JDBC3 getGeneratedKeys(): enabled
20:43:01.053 [main] DEBUG org.hibernate.cfg.Settings - JDBC result set fetch size: null
20:43:01.053 [main] DEBUG org.hibernate.cfg.Settings - Connection release mode: ON_CLOSE
20:43:01.053 [main] DEBUG org.hibernate.cfg.Settings - Generate SQL with comments: enabled
20:43:01.053 [main] DEBUG org.hibernate.cfg.Settings - JPA compliance - query : disabled
20:43:01.053 [main] DEBUG org.hibernate.cfg.Settings - JPA compliance - closed-handling : disabled
20:43:01.053 [main] DEBUG org.hibernate.cfg.Settings - JPA compliance - lists : disabled
20:43:01.053 [main] DEBUG org.hibernate.cfg.Settings - JPA compliance - transactions : disabled
20:43:01.122 [main] DEBUG org.hibernate.service.internal.SessionFactoryServiceRegistryImpl - EventListenerRegistry access via ServiceRegistry is deprecated.  Use `sessionFactory.getEventEngine().getListenerRegistry()` instead
20:43:01.123 [main] DEBUG org.hibernate.service.internal.SessionFactoryServiceRegistryImpl - EventListenerRegistry access via ServiceRegistry is deprecated.  Use `sessionFactory.getEventEngine().getListenerRegistry()` instead
20:43:01.139 [main] DEBUG org.hibernate.internal.SessionFactoryImpl - Session factory constructed with filter configurations : {}
20:43:01.139 [main] DEBUG org.hibernate.internal.SessionFactoryImpl - Instantiating session factory with properties: {sun.desktop=windows, awt.toolkit=sun.awt.windows.WToolkit, hibernate.format_sql=true, java.specification.version=11, sun.cpu.isalist=amd64, hibernate.connection.handling_mode=DELAYED_ACQUISITION_AND_HOLD, sun.jnu.encoding=Cp1251, hibernate.dialect=org.hibernate.dialect.PostgreSQLDialect, java.class.path=C:\Users\almaz\OneDrive\Рабочий стол\Lab8\target\test-classes;C:\Users\almaz\OneDrive\Рабочий стол\Lab8\target\classes;C:\Users\almaz\.m2\repository\org\springframework\boot\spring-boot-starter-batch\2.6.3\spring-boot-starter-batch-2.6.3.jar;C:\Users\almaz\.m2\repository\org\springframework\boot\spring-boot-starter-jdbc\2.6.3\spring-boot-starter-jdbc-2.6.3.jar;C:\Users\almaz\.m2\repository\com\zaxxer\HikariCP\4.0.3\HikariCP-4.0.3.jar;C:\Users\almaz\.m2\repository\org\springframework\spring-jdbc\5.3.15\spring-jdbc-5.3.15.jar;C:\Users\almaz\.m2\repository\org\springframework\boot\spring-boot-starter-data-jpa\2.6.3\spring-boot-starter-data-jpa-2.6.3.jar;C:\Users\almaz\.m2\repository\org\springframework\boot\spring-boot-starter-aop\2.6.3\spring-boot-starter-aop-2.6.3.jar;C:\Users\almaz\.m2\repository\jakarta\transaction\jakarta.transaction-api\1.3.3\jakarta.transaction-api-1.3.3.jar;C:\Users\almaz\.m2\repository\jakarta\persistence\jakarta.persistence-api\2.2.3\jakarta.persistence-api-2.2.3.jar;C:\Users\almaz\.m2\repository\org\springframework\spring-aspects\5.3.15\spring-aspects-5.3.15.jar;C:\Users\almaz\.m2\repository\org\projectlombok\lombok\1.18.22\lombok-1.18.22.jar;C:\Users\almaz\.m2\repository\org\springframework\data\spring-data-jpa\2.6.1\spring-data-jpa-2.6.1.jar;C:\Users\almaz\.m2\repository\org\springframework\data\spring-data-commons\2.6.1\spring-data-commons-2.6.1.jar;C:\Users\almaz\.m2\repository\org\springframework\spring-orm\5.3.15\spring-orm-5.3.15.jar;C:\Users\almaz\.m2\repository\org\springframework\spring-aop\5.3.15\spring-aop-5.3.15.jar;C:\Users\almaz\.m2\repository\org\springframework\spring-tx\5.3.15\spring-tx-5.3.15.jar;C:\Users\almaz\.m2\repository\org\slf4j\slf4j-api\1.7.33\slf4j-api-1.7.33.jar;C:\Users\almaz\.m2\repository\jakarta\validation\jakarta.validation-api\2.0.2\jakarta.validation-api-2.0.2.jar;C:\Users\almaz\.m2\repository\org\springframework\boot\spring-boot-starter\2.6.3\spring-boot-starter-2.6.3.jar;C:\Users\almaz\.m2\repository\org\springframework\boot\spring-boot\2.6.3\spring-boot-2.6.3.jar;C:\Users\almaz\.m2\repository\org\springframework\boot\spring-boot-autoconfigure\2.6.3\spring-boot-autoconfigure-2.6.3.jar;C:\Users\almaz\.m2\repository\org\springframework\boot\spring-boot-starter-logging\2.6.3\spring-boot-starter-logging-2.6.3.jar;C:\Users\almaz\.m2\repository\ch\qos\logback\logback-classic\1.2.10\logback-classic-1.2.10.jar;C:\Users\almaz\.m2\repository\ch\qos\logback\logback-core\1.2.10\logback-core-1.2.10.jar;C:\Users\almaz\.m2\repository\org\apache\logging\log4j\log4j-to-slf4j\2.17.1\log4j-to-slf4j-2.17.1.jar;C:\Users\almaz\.m2\repository\org\apache\logging\log4j\log4j-api\2.17.1\log4j-api-2.17.1.jar;C:\Users\almaz\.m2\repository\org\slf4j\jul-to-slf4j\1.7.33\jul-to-slf4j-1.7.33.jar;C:\Users\almaz\.m2\repository\jakarta\annotation\jakarta.annotation-api\1.3.5\jakarta.annotation-api-1.3.5.jar;C:\Users\almaz\.m2\repository\org\yaml\snakeyaml\1.29\snakeyaml-1.29.jar;C:\Users\almaz\.m2\repository\org\springframework\boot\spring-boot-starter-test\2.6.3\spring-boot-starter-test-2.6.3.jar;C:\Users\almaz\.m2\repository\org\springframework\boot\spring-boot-test\2.6.3\spring-boot-test-2.6.3.jar;C:\Users\almaz\.m2\repository\org\springframework\boot\spring-boot-test-autoconfigure\2.6.3\spring-boot-test-autoconfigure-2.6.3.jar;C:\Users\almaz\.m2\repository\com\jayway\jsonpath\json-path\2.6.0\json-path-2.6.0.jar;C:\Users\almaz\.m2\repository\net\minidev\json-smart\2.4.7\json-smart-2.4.7.jar;C:\Users\almaz\.m2\repository\net\minidev\accessors-smart\2.4.7\accessors-smart-2.4.7.jar;C:\Users\almaz\.m2\repository\org\ow2\asm\asm\9.1\asm-9.1.jar;C:\Users\almaz\.m2\repository\jakarta\xml\bind\jakarta.xml.bind-api\2.3.3\jakarta.xml.bind-api-2.3.3.jar;C:\Users\almaz\.m2\repository\jakarta\activation\jakarta.activation-api\1.2.2\jakarta.activation-api-1.2.2.jar;C:\Users\almaz\.m2\repository\org\assertj\assertj-core\3.21.0\assertj-core-3.21.0.jar;C:\Users\almaz\.m2\repository\org\hamcrest\hamcrest\2.2\hamcrest-2.2.jar;C:\Users\almaz\.m2\repository\org\junit\jupiter\junit-jupiter\5.8.2\junit-jupiter-5.8.2.jar;C:\Users\almaz\.m2\repository\org\junit\jupiter\junit-jupiter-api\5.8.2\junit-jupiter-api-5.8.2.jar;C:\Users\almaz\.m2\repository\org\opentest4j\opentest4j\1.2.0\opentest4j-1.2.0.jar;C:\Users\almaz\.m2\repository\org\junit\platform\junit-platform-commons\1.8.2\junit-platform-commons-1.8.2.jar;C:\Users\almaz\.m2\repository\org\apiguardian\apiguardian-api\1.1.2\apiguardian-api-1.1.2.jar;C:\Users\almaz\.m2\repository\org\junit\jupiter\junit-jupiter-params\5.8.2\junit-jupiter-params-5.8.2.jar;C:\Users\almaz\.m2\repository\org\junit\jupiter\junit-jupiter-engine\5.8.2\junit-jupiter-engine-5.8.2.jar;C:\Users\almaz\.m2\repository\org\junit\platform\junit-platform-engine\1.8.2\junit-platform-engine-1.8.2.jar;C:\Users\almaz\.m2\repository\org\mockito\mockito-core\4.0.0\mockito-core-4.0.0.jar;C:\Users\almaz\.m2\repository\net\bytebuddy\byte-buddy-agent\1.11.22\byte-buddy-agent-1.11.22.jar;C:\Users\almaz\.m2\repository\org\objenesis\objenesis\3.2\objenesis-3.2.jar;C:\Users\almaz\.m2\repository\org\mockito\mockito-junit-jupiter\4.0.0\mockito-junit-jupiter-4.0.0.jar;C:\Users\almaz\.m2\repository\org\skyscreamer\jsonassert\1.5.0\jsonassert-1.5.0.jar;C:\Users\almaz\.m2\repository\com\vaadin\external\google\android-json\0.0.20131108.vaadin1\android-json-0.0.20131108.vaadin1.jar;C:\Users\almaz\.m2\repository\org\xmlunit\xmlunit-core\2.8.4\xmlunit-core-2.8.4.jar;C:\Users\almaz\.m2\repository\org\springframework\spring-core\5.3.15\spring-core-5.3.15.jar;C:\Users\almaz\.m2\repository\org\springframework\spring-jcl\5.3.15\spring-jcl-5.3.15.jar;C:\Users\almaz\.m2\repository\org\springframework\spring-context\5.3.15\spring-context-5.3.15.jar;C:\Users\almaz\.m2\repository\org\springframework\spring-expression\5.3.15\spring-expression-5.3.15.jar;C:\Users\almaz\.m2\repository\org\springframework\spring-beans\5.3.15\spring-beans-5.3.15.jar;C:\Users\almaz\.m2\repository\org\aspectj\aspectjweaver\1.9.6\aspectjweaver-1.9.6.jar;C:\Users\almaz\.m2\repository\org\springframework\spring-test\5.3.15\spring-test-5.3.15.jar;C:\Users\almaz\.m2\repository\junit\junit\4.13.2\junit-4.13.2.jar;C:\Users\almaz\.m2\repository\org\hamcrest\hamcrest-core\2.2\hamcrest-core-2.2.jar;C:\Users\almaz\.m2\repository\org\postgresql\postgresql\42.3.3\postgresql-42.3.3.jar;C:\Users\almaz\.m2\repository\org\checkerframework\checker-qual\3.5.0\checker-qual-3.5.0.jar;C:\Users\almaz\.m2\repository\org\springframework\batch\spring-batch-core\4.3.4\spring-batch-core-4.3.4.jar;C:\Users\almaz\.m2\repository\com\fasterxml\jackson\core\jackson-databind\2.13.1\jackson-databind-2.13.1.jar;C:\Users\almaz\.m2\repository\com\fasterxml\jackson\core\jackson-annotations\2.13.1\jackson-annotations-2.13.1.jar;C:\Users\almaz\.m2\repository\com\fasterxml\jackson\core\jackson-core\2.13.1\jackson-core-2.13.1.jar;C:\Users\almaz\.m2\repository\io\micrometer\micrometer-core\1.8.2\micrometer-core-1.8.2.jar;C:\Users\almaz\.m2\repository\org\hdrhistogram\HdrHistogram\2.1.12\HdrHistogram-2.1.12.jar;C:\Users\almaz\.m2\repository\org\latencyutils\LatencyUtils\2.0.3\LatencyUtils-2.0.3.jar;C:\Users\almaz\.m2\repository\javax\batch\javax.batch-api\1.0\javax.batch-api-1.0.jar;C:\Users\almaz\.m2\repository\org\codehaus\jettison\jettison\1.2\jettison-1.2.jar;C:\Users\almaz\.m2\repository\org\springframework\batch\spring-batch-infrastructure\4.3.4\spring-batch-infrastructure-4.3.4.jar;C:\Users\almaz\.m2\repository\org\springframework\retry\spring-retry\1.3.1\spring-retry-1.3.1.jar;C:\Users\almaz\.m2\repository\javax\annotation\javax.annotation-api\1.3.2\javax.annotation-api-1.3.2.jar;C:\Users\almaz\.m2\repository\org\springframework\batch\spring-batch-test\4.3.4\spring-batch-test-4.3.4.jar;C:\Users\almaz\.m2\repository\org\hibernate\hibernate-core\5.6.5.Final\hibernate-core-5.6.5.Final.jar;C:\Users\almaz\.m2\repository\org\jboss\logging\jboss-logging\3.4.3.Final\jboss-logging-3.4.3.Final.jar;C:\Users\almaz\.m2\repository\javax\persistence\javax.persistence-api\2.2\javax.persistence-api-2.2.jar;C:\Users\almaz\.m2\repository\net\bytebuddy\byte-buddy\1.11.22\byte-buddy-1.11.22.jar;C:\Users\almaz\.m2\repository\antlr\antlr\2.7.7\antlr-2.7.7.jar;C:\Users\almaz\.m2\repository\org\jboss\spec\javax\transaction\jboss-transaction-api_1.2_spec\1.1.1.Final\jboss-transaction-api_1.2_spec-1.1.1.Final.jar;C:\Users\almaz\.m2\repository\org\jboss\jandex\2.4.2.Final\jandex-2.4.2.Final.jar;C:\Users\almaz\.m2\repository\com\fasterxml\classmate\1.5.1\classmate-1.5.1.jar;C:\Users\almaz\.m2\repository\javax\activation\javax.activation-api\1.2.0\javax.activation-api-1.2.0.jar;C:\Users\almaz\.m2\repository\javax\xml\bind\jaxb-api\2.3.1\jaxb-api-2.3.1.jar;C:\Users\almaz\.m2\repository\org\glassfish\jaxb\jaxb-runtime\2.3.5\jaxb-runtime-2.3.5.jar;C:\Users\almaz\.m2\repository\org\glassfish\jaxb\txw2\2.3.5\txw2-2.3.5.jar;C:\Users\almaz\.m2\repository\com\sun\istack\istack-commons-runtime\3.0.12\istack-commons-runtime-3.0.12.jar;C:\Users\almaz\.m2\repository\com\sun\activation\jakarta.activation\1.2.2\jakarta.activation-1.2.2.jar;C:\Users\almaz\.m2\repository\org\hibernate\common\hibernate-commons-annotations\5.1.2.Final\hibernate-commons-annotations-5.1.2.Final.jar;C:\Users\almaz\.m2\repository\org\springframework\boot\spring-boot-starter-web\2.6.3\spring-boot-starter-web-2.6.3.jar;C:\Users\almaz\.m2\repository\org\springframework\boot\spring-boot-starter-json\2.6.3\spring-boot-starter-json-2.6.3.jar;C:\Users\almaz\.m2\repository\com\fasterxml\jackson\datatype\jackson-datatype-jdk8\2.13.1\jackson-datatype-jdk8-2.13.1.jar;C:\Users\almaz\.m2\repository\com\fasterxml\jackson\datatype\jackson-datatype-jsr310\2.13.1\jackson-datatype-jsr310-2.13.1.jar;C:\Users\almaz\.m2\repository\com\fasterxml\jackson\module\jackson-module-parameter-names\2.13.1\jackson-module-parameter-names-2.13.1.jar;C:\Users\almaz\.m2\repository\org\springframework\boot\spring-boot-starter-tomcat\2.6.3\spring-boot-starter-tomcat-2.6.3.jar;C:\Users\almaz\.m2\repository\org\apache\tomcat\embed\tomcat-embed-core\9.0.56\tomcat-embed-core-9.0.56.jar;C:\Users\almaz\.m2\repository\org\apache\tomcat\embed\tomcat-embed-el\9.0.56\tomcat-embed-el-9.0.56.jar;C:\Users\almaz\.m2\repository\org\apache\tomcat\embed\tomcat-embed-websocket\9.0.56\tomcat-embed-websocket-9.0.56.jar;C:\Users\almaz\.m2\repository\org\springframework\spring-web\5.3.15\spring-web-5.3.15.jar;C:\Users\almaz\.m2\repository\org\springframework\spring-webmvc\5.3.15\spring-webmvc-5.3.15.jar;, java.vm.vendor=Amazon.com Inc., sun.arch.data.model=64, user.variant=, java.vendor.url=https://aws.amazon.com/corretto/, user.timezone=Asia/Almaty, jakarta.persistence.sharedCache.mode=UNSPECIFIED, user.country.format=KZ, os.name=Windows 10, java.vm.specification.version=11, javax.persistence.validation.mode=AUTO, jakarta.persistence.nonJtaDataSource=org.springframework.jdbc.datasource.DriverManagerDataSource@3db663d0, sun.java.launcher=SUN_STANDARD, user.country=RU, sun.boot.library.path=C:\Users\almaz\.jdks\corretto-11.0.15\bin, sun.java.command=C:\Users\almaz\AppData\Local\Temp\surefire10350569853015669685\surefirebooter5584954628051203214.jar C:\Users\almaz\AppData\Local\Temp\surefire10350569853015669685 2022-04-25T20-42-56_782-jvmRun1 surefire10456438356214907713tmp surefire_014128203095595137067tmp, javax.persistence.nonJtaDataSource=org.springframework.jdbc.datasource.DriverManagerDataSource@3db663d0, hibernate.use_sql_comments=true, javax.persistence.sharedCache.mode=UNSPECIFIED, jdk.debug=release, surefire.test.class.path=C:\Users\almaz\OneDrive\Рабочий стол\Lab8\target\test-classes;C:\Users\almaz\OneDrive\Рабочий стол\Lab8\target\classes;C:\Users\almaz\.m2\repository\org\springframework\boot\spring-boot-starter-batch\2.6.3\spring-boot-starter-batch-2.6.3.jar;C:\Users\almaz\.m2\repository\org\springframework\boot\spring-boot-starter-jdbc\2.6.3\spring-boot-starter-jdbc-2.6.3.jar;C:\Users\almaz\.m2\repository\com\zaxxer\HikariCP\4.0.3\HikariCP-4.0.3.jar;C:\Users\almaz\.m2\repository\org\springframework\spring-jdbc\5.3.15\spring-jdbc-5.3.15.jar;C:\Users\almaz\.m2\repository\org\springframework\boot\spring-boot-starter-data-jpa\2.6.3\spring-boot-starter-data-jpa-2.6.3.jar;C:\Users\almaz\.m2\repository\org\springframework\boot\spring-boot-starter-aop\2.6.3\spring-boot-starter-aop-2.6.3.jar;C:\Users\almaz\.m2\repository\jakarta\transaction\jakarta.transaction-api\1.3.3\jakarta.transaction-api-1.3.3.jar;C:\Users\almaz\.m2\repository\jakarta\persistence\jakarta.persistence-api\2.2.3\jakarta.persistence-api-2.2.3.jar;C:\Users\almaz\.m2\repository\org\springframework\spring-aspects\5.3.15\spring-aspects-5.3.15.jar;C:\Users\almaz\.m2\repository\org\projectlombok\lombok\1.18.22\lombok-1.18.22.jar;C:\Users\almaz\.m2\repository\org\springframework\data\spring-data-jpa\2.6.1\spring-data-jpa-2.6.1.jar;C:\Users\almaz\.m2\repository\org\springframework\data\spring-data-commons\2.6.1\spring-data-commons-2.6.1.jar;C:\Users\almaz\.m2\repository\org\springframework\spring-orm\5.3.15\spring-orm-5.3.15.jar;C:\Users\almaz\.m2\repository\org\springframework\spring-aop\5.3.15\spring-aop-5.3.15.jar;C:\Users\almaz\.m2\repository\org\springframework\spring-tx\5.3.15\spring-tx-5.3.15.jar;C:\Users\almaz\.m2\repository\org\slf4j\slf4j-api\1.7.33\slf4j-api-1.7.33.jar;C:\Users\almaz\.m2\repository\jakarta\validation\jakarta.validation-api\2.0.2\jakarta.validation-api-2.0.2.jar;C:\Users\almaz\.m2\repository\org\springframework\boot\spring-boot-starter\2.6.3\spring-boot-starter-2.6.3.jar;C:\Users\almaz\.m2\repository\org\springframework\boot\spring-boot\2.6.3\spring-boot-2.6.3.jar;C:\Users\almaz\.m2\repository\org\springframework\boot\spring-boot-autoconfigure\2.6.3\spring-boot-autoconfigure-2.6.3.jar;C:\Users\almaz\.m2\repository\org\springframework\boot\spring-boot-starter-logging\2.6.3\spring-boot-starter-logging-2.6.3.jar;C:\Users\almaz\.m2\repository\ch\qos\logback\logback-classic\1.2.10\logback-classic-1.2.10.jar;C:\Users\almaz\.m2\repository\ch\qos\logback\logback-core\1.2.10\logback-core-1.2.10.jar;C:\Users\almaz\.m2\repository\org\apache\logging\log4j\log4j-to-slf4j\2.17.1\log4j-to-slf4j-2.17.1.jar;C:\Users\almaz\.m2\repository\org\apache\logging\log4j\log4j-api\2.17.1\log4j-api-2.17.1.jar;C:\Users\almaz\.m2\repository\org\slf4j\jul-to-slf4j\1.7.33\jul-to-slf4j-1.7.33.jar;C:\Users\almaz\.m2\repository\jakarta\annotation\jakarta.annotation-api\1.3.5\jakarta.annotation-api-1.3.5.jar;C:\Users\almaz\.m2\repository\org\yaml\snakeyaml\1.29\snakeyaml-1.29.jar;C:\Users\almaz\.m2\repository\org\springframework\boot\spring-boot-starter-test\2.6.3\spring-boot-starter-test-2.6.3.jar;C:\Users\almaz\.m2\repository\org\springframework\boot\spring-boot-test\2.6.3\spring-boot-test-2.6.3.jar;C:\Users\almaz\.m2\repository\org\springframework\boot\spring-boot-test-autoconfigure\2.6.3\spring-boot-test-autoconfigure-2.6.3.jar;C:\Users\almaz\.m2\repository\com\jayway\jsonpath\json-path\2.6.0\json-path-2.6.0.jar;C:\Users\almaz\.m2\repository\net\minidev\json-smart\2.4.7\json-smart-2.4.7.jar;C:\Users\almaz\.m2\repository\net\minidev\accessors-smart\2.4.7\accessors-smart-2.4.7.jar;C:\Users\almaz\.m2\repository\org\ow2\asm\asm\9.1\asm-9.1.jar;C:\Users\almaz\.m2\repository\jakarta\xml\bind\jakarta.xml.bind-api\2.3.3\jakarta.xml.bind-api-2.3.3.jar;C:\Users\almaz\.m2\repository\jakarta\activation\jakarta.activation-api\1.2.2\jakarta.activation-api-1.2.2.jar;C:\Users\almaz\.m2\repository\org\assertj\assertj-core\3.21.0\assertj-core-3.21.0.jar;C:\Users\almaz\.m2\repository\org\hamcrest\hamcrest\2.2\hamcrest-2.2.jar;C:\Users\almaz\.m2\repository\org\junit\jupiter\junit-jupiter\5.8.2\junit-jupiter-5.8.2.jar;C:\Users\almaz\.m2\repository\org\junit\jupiter\junit-jupiter-api\5.8.2\junit-jupiter-api-5.8.2.jar;C:\Users\almaz\.m2\repository\org\opentest4j\opentest4j\1.2.0\opentest4j-1.2.0.jar;C:\Users\almaz\.m2\repository\org\junit\platform\junit-platform-commons\1.8.2\junit-platform-commons-1.8.2.jar;C:\Users\almaz\.m2\repository\org\apiguardian\apiguardian-api\1.1.2\apiguardian-api-1.1.2.jar;C:\Users\almaz\.m2\repository\org\junit\jupiter\junit-jupiter-params\5.8.2\junit-jupiter-params-5.8.2.jar;C:\Users\almaz\.m2\repository\org\junit\jupiter\junit-jupiter-engine\5.8.2\junit-jupiter-engine-5.8.2.jar;C:\Users\almaz\.m2\repository\org\junit\platform\junit-platform-engine\1.8.2\junit-platform-engine-1.8.2.jar;C:\Users\almaz\.m2\repository\org\mockito\mockito-core\4.0.0\mockito-core-4.0.0.jar;C:\Users\almaz\.m2\repository\net\bytebuddy\byte-buddy-agent\1.11.22\byte-buddy-agent-1.11.22.jar;C:\Users\almaz\.m2\repository\org\objenesis\objenesis\3.2\objenesis-3.2.jar;C:\Users\almaz\.m2\repository\org\mockito\mockito-junit-jupiter\4.0.0\mockito-junit-jupiter-4.0.0.jar;C:\Users\almaz\.m2\repository\org\skyscreamer\jsonassert\1.5.0\jsonassert-1.5.0.jar;C:\Users\almaz\.m2\repository\com\vaadin\external\google\android-json\0.0.20131108.vaadin1\android-json-0.0.20131108.vaadin1.jar;C:\Users\almaz\.m2\repository\org\xmlunit\xmlunit-core\2.8.4\xmlunit-core-2.8.4.jar;C:\Users\almaz\.m2\repository\org\springframework\spring-core\5.3.15\spring-core-5.3.15.jar;C:\Users\almaz\.m2\repository\org\springframework\spring-jcl\5.3.15\spring-jcl-5.3.15.jar;C:\Users\almaz\.m2\repository\org\springframework\spring-context\5.3.15\spring-context-5.3.15.jar;C:\Users\almaz\.m2\repository\org\springframework\spring-expression\5.3.15\spring-expression-5.3.15.jar;C:\Users\almaz\.m2\repository\org\springframework\spring-beans\5.3.15\spring-beans-5.3.15.jar;C:\Users\almaz\.m2\repository\org\aspectj\aspectjweaver\1.9.6\aspectjweaver-1.9.6.jar;C:\Users\almaz\.m2\repository\org\springframework\spring-test\5.3.15\spring-test-5.3.15.jar;C:\Users\almaz\.m2\repository\junit\junit\4.13.2\junit-4.13.2.jar;C:\Users\almaz\.m2\repository\org\hamcrest\hamcrest-core\2.2\hamcrest-core-2.2.jar;C:\Users\almaz\.m2\repository\org\postgresql\postgresql\42.3.3\postgresql-42.3.3.jar;C:\Users\almaz\.m2\repository\org\checkerframework\checker-qual\3.5.0\checker-qual-3.5.0.jar;C:\Users\almaz\.m2\repository\org\springframework\batch\spring-batch-core\4.3.4\spring-batch-core-4.3.4.jar;C:\Users\almaz\.m2\repository\com\fasterxml\jackson\core\jackson-databind\2.13.1\jackson-databind-2.13.1.jar;C:\Users\almaz\.m2\repository\com\fasterxml\jackson\core\jackson-annotations\2.13.1\jackson-annotations-2.13.1.jar;C:\Users\almaz\.m2\repository\com\fasterxml\jackson\core\jackson-core\2.13.1\jackson-core-2.13.1.jar;C:\Users\almaz\.m2\repository\io\micrometer\micrometer-core\1.8.2\micrometer-core-1.8.2.jar;C:\Users\almaz\.m2\repository\org\hdrhistogram\HdrHistogram\2.1.12\HdrHistogram-2.1.12.jar;C:\Users\almaz\.m2\repository\org\latencyutils\LatencyUtils\2.0.3\LatencyUtils-2.0.3.jar;C:\Users\almaz\.m2\repository\javax\batch\javax.batch-api\1.0\javax.batch-api-1.0.jar;C:\Users\almaz\.m2\repository\org\codehaus\jettison\jettison\1.2\jettison-1.2.jar;C:\Users\almaz\.m2\repository\org\springframework\batch\spring-batch-infrastructure\4.3.4\spring-batch-infrastructure-4.3.4.jar;C:\Users\almaz\.m2\repository\org\springframework\retry\spring-retry\1.3.1\spring-retry-1.3.1.jar;C:\Users\almaz\.m2\repository\javax\annotation\javax.annotation-api\1.3.2\javax.annotation-api-1.3.2.jar;C:\Users\almaz\.m2\repository\org\springframework\batch\spring-batch-test\4.3.4\spring-batch-test-4.3.4.jar;C:\Users\almaz\.m2\repository\org\hibernate\hibernate-core\5.6.5.Final\hibernate-core-5.6.5.Final.jar;C:\Users\almaz\.m2\repository\org\jboss\logging\jboss-logging\3.4.3.Final\jboss-logging-3.4.3.Final.jar;C:\Users\almaz\.m2\repository\javax\persistence\javax.persistence-api\2.2\javax.persistence-api-2.2.jar;C:\Users\almaz\.m2\repository\net\bytebuddy\byte-buddy\1.11.22\byte-buddy-1.11.22.jar;C:\Users\almaz\.m2\repository\antlr\antlr\2.7.7\antlr-2.7.7.jar;C:\Users\almaz\.m2\repository\org\jboss\spec\javax\transaction\jboss-transaction-api_1.2_spec\1.1.1.Final\jboss-transaction-api_1.2_spec-1.1.1.Final.jar;C:\Users\almaz\.m2\repository\org\jboss\jandex\2.4.2.Final\jandex-2.4.2.Final.jar;C:\Users\almaz\.m2\repository\com\fasterxml\classmate\1.5.1\classmate-1.5.1.jar;C:\Users\almaz\.m2\repository\javax\activation\javax.activation-api\1.2.0\javax.activation-api-1.2.0.jar;C:\Users\almaz\.m2\repository\javax\xml\bind\jaxb-api\2.3.1\jaxb-api-2.3.1.jar;C:\Users\almaz\.m2\repository\org\glassfish\jaxb\jaxb-runtime\2.3.5\jaxb-runtime-2.3.5.jar;C:\Users\almaz\.m2\repository\org\glassfish\jaxb\txw2\2.3.5\txw2-2.3.5.jar;C:\Users\almaz\.m2\repository\com\sun\istack\istack-commons-runtime\3.0.12\istack-commons-runtime-3.0.12.jar;C:\Users\almaz\.m2\repository\com\sun\activation\jakarta.activation\1.2.2\jakarta.activation-1.2.2.jar;C:\Users\almaz\.m2\repository\org\hibernate\common\hibernate-commons-annotations\5.1.2.Final\hibernate-commons-annotations-5.1.2.Final.jar;C:\Users\almaz\.m2\repository\org\springframework\boot\spring-boot-starter-web\2.6.3\spring-boot-starter-web-2.6.3.jar;C:\Users\almaz\.m2\repository\org\springframework\boot\spring-boot-starter-json\2.6.3\spring-boot-starter-json-2.6.3.jar;C:\Users\almaz\.m2\repository\com\fasterxml\jackson\datatype\jackson-datatype-jdk8\2.13.1\jackson-datatype-jdk8-2.13.1.jar;C:\Users\almaz\.m2\repository\com\fasterxml\jackson\datatype\jackson-datatype-jsr310\2.13.1\jackson-datatype-jsr310-2.13.1.jar;C:\Users\almaz\.m2\repository\com\fasterxml\jackson\module\jackson-module-parameter-names\2.13.1\jackson-module-parameter-names-2.13.1.jar;C:\Users\almaz\.m2\repository\org\springframework\boot\spring-boot-starter-tomcat\2.6.3\spring-boot-starter-tomcat-2.6.3.jar;C:\Users\almaz\.m2\repository\org\apache\tomcat\embed\tomcat-embed-core\9.0.56\tomcat-embed-core-9.0.56.jar;C:\Users\almaz\.m2\repository\org\apache\tomcat\embed\tomcat-embed-el\9.0.56\tomcat-embed-el-9.0.56.jar;C:\Users\almaz\.m2\repository\org\apache\tomcat\embed\tomcat-embed-websocket\9.0.56\tomcat-embed-websocket-9.0.56.jar;C:\Users\almaz\.m2\repository\org\springframework\spring-web\5.3.15\spring-web-5.3.15.jar;C:\Users\almaz\.m2\repository\org\springframework\spring-webmvc\5.3.15\spring-webmvc-5.3.15.jar;, sun.cpu.endian=little, user.home=C:\Users\almaz, user.language=ru, java.specification.vendor=Oracle Corporation, java.version.date=2022-04-19, java.home=C:\Users\almaz\.jdks\corretto-11.0.15, spring.profiles.active=config1, file.separator=\, basedir=C:\Users\almaz\OneDrive\Рабочий стол\Lab8, java.vm.compressedOopsMode=32-bit, line.separator=
, hibernate.persistenceUnitName=default, java.specification.name=Java Platform API Specification, java.vm.specification.vendor=Oracle Corporation, hibernate.transaction.coordinator_class=class org.hibernate.resource.transaction.backend.jdbc.internal.JdbcResourceLocalTransactionCoordinatorBuilderImpl, java.awt.graphicsenv=sun.awt.Win32GraphicsEnvironment, surefire.real.class.path=C:\Users\almaz\AppData\Local\Temp\surefire10350569853015669685\surefirebooter5584954628051203214.jar, jakarta.persistence.validation.mode=AUTO, user.script=, sun.management.compiler=HotSpot 64-Bit Tiered Compilers, java.runtime.version=11.0.15+9-LTS, user.name=almaz, path.separator=;, os.version=10.0, java.runtime.name=OpenJDK Runtime Environment, file.encoding=Cp1251, hibernate.ejb.persistenceUnitName=default, java.vm.name=OpenJDK 64-Bit Server VM, java.vendor.version=Corretto-11.0.15.9.1, localRepository=C:\Users\almaz\.m2\repository, java.vendor.url.bug=https://github.com/corretto/corretto-11/issues/, java.io.tmpdir=C:\Users\almaz\AppData\Local\Temp\, idea.version=2020.2.4, java.version=11.0.15, user.dir=C:\Users\almaz\OneDrive\Рабочий стол\Lab8, os.arch=amd64, java.vm.specification.name=Java Virtual Machine Specification, java.awt.printerjob=sun.awt.windows.WPrinterJob, sun.os.patch.level=, hibernate.boot.CfgXmlAccessService.key=org.hibernate.boot.registry.StandardServiceRegistryBuilder$1@1c1fa494, java.library.path=C:\Users\almaz\.jdks\corretto-11.0.15\bin;C:\Windows\Sun\Java\bin;C:\Windows\system32;C:\Windows;C:\Program Files\Common Files\Oracle\Java\javapath;C:\Program Files (x86)\Common Files\Intel\Shared Libraries\redist\intel64\compiler;C:\Program Files (x86)\Common Files\Oracle\Java\javapath;C:\Windows\system32;C:\Windows;C:\Windows\System32\Wbem;C:\Windows\System32\WindowsPowerShell\v1.0\;C:\Windows\System32\OpenSSH\;C:\Program Files\NVIDIA Corporation\NVIDIA NvDLISR;C:\Program Files (x86)\NVIDIA Corporation\PhysX\Common;C:\Program Files\Common Files\Autodesk Shared\;C:\Program Files\Microsoft SQL Server\120\Tools\Binn\;C:\Program Files\Git\cmd;;C:\Program Files\Docker\Docker\resources\bin;C:\ProgramData\DockerDesktop\version-bin;C:\Program Files\MySQL\MySQL Shell 8.0\bin\;C:\Users\almaz\AppData\Local\Programs\Python\Python39\Scripts\;C:\Users\almaz\AppData\Local\Programs\Python\Python39\;C:\Users\almaz\AppData\Local\Microsoft\WindowsApps;;C:\Program Files\JetBrains\IntelliJ IDEA 2020.2.2\bin;;C:\Program Files\JetBrains\PyCharm Community Edition 2020.2.3\bin;;C:\Users\almaz\spicetify-cli;., java.vendor=Amazon.com Inc., java.vm.info=mixed mode, java.vm.version=11.0.15+9-LTS, hibernate.bytecode.use_reflection_optimizer=false, sun.io.unicode.encoding=UnicodeLittle, hibernate.connection.datasource=org.springframework.jdbc.datasource.DriverManagerDataSource@3db663d0, java.class.version=55.0}
20:43:01.164 [main] DEBUG org.hibernate.cfg.beanvalidation.TypeSafeActivator - Unable to acquire Bean Validation ValidatorFactory, skipping activation
20:43:01.164 [main] DEBUG org.hibernate.secure.spi.JaccIntegrator - Skipping JACC integration as it was not enabled
20:43:01.165 [main] DEBUG org.hibernate.internal.SessionFactoryImpl - Instantiated session factory
20:43:01.166 [main] DEBUG org.hibernate.type.spi.TypeConfiguration$Scope - Scoping TypeConfiguration [org.hibernate.type.spi.TypeConfiguration@6da4feeb] to SessionFactoryImpl [org.hibernate.internal.SessionFactoryImpl@5f0f70c7]
20:43:01.241 [main] DEBUG org.hibernate.orm.bytecode.interceptor - To-one property `kz.iitu.itse1907.saylau.entity.Soldier#squad` was mapped with LAZY + NO_PROXY but the class was not enhanced
20:43:01.247 [main] DEBUG org.hibernate.orm.bytecode.interceptor - To-one property `kz.iitu.itse1907.saylau.entity.Soldier#squad` was mapped with LAZY + NO_PROXY but the class was not enhanced
20:43:01.247 [main] DEBUG org.hibernate.boot.internal.ClassLoaderAccessImpl - Not known whether passed class name [kz.iitu.itse1907.saylau.entity.Soldier] is safe
20:43:01.248 [main] DEBUG org.hibernate.boot.internal.ClassLoaderAccessImpl - No temp ClassLoader provided; using live ClassLoader for loading potentially unsafe class : kz.iitu.itse1907.saylau.entity.Soldier
20:43:01.481 [main] DEBUG org.hibernate.orm.bytecode.interceptor - To-one property `kz.iitu.itse1907.saylau.entity.Soldier#squad` was mapped with LAZY + NO_PROXY but the class was not enhanced
20:43:01.481 [main] DEBUG org.hibernate.orm.bytecode.interceptor - To-one property `kz.iitu.itse1907.saylau.entity.Soldier#squad` was mapped with LAZY + NO_PROXY but the class was not enhanced
20:43:01.485 [main] DEBUG org.hibernate.boot.internal.ClassLoaderAccessImpl - Not known whether passed class name [kz.iitu.itse1907.saylau.entity.Captain] is safe
20:43:01.485 [main] DEBUG org.hibernate.boot.internal.ClassLoaderAccessImpl - No temp ClassLoader provided; using live ClassLoader for loading potentially unsafe class : kz.iitu.itse1907.saylau.entity.Captain
20:43:01.507 [main] DEBUG org.hibernate.orm.bytecode.interceptor - To-one property `kz.iitu.itse1907.saylau.entity.Squad#captain` was mapped with LAZY + NO_PROXY but the class was not enhanced
20:43:01.507 [main] DEBUG org.hibernate.orm.bytecode.interceptor - To-one property `kz.iitu.itse1907.saylau.entity.Squad#captain` was mapped with LAZY + NO_PROXY but the class was not enhanced
20:43:01.510 [main] DEBUG org.hibernate.boot.internal.ClassLoaderAccessImpl - Not known whether passed class name [kz.iitu.itse1907.saylau.entity.Squad] is safe
20:43:01.510 [main] DEBUG org.hibernate.boot.internal.ClassLoaderAccessImpl - No temp ClassLoader provided; using live ClassLoader for loading potentially unsafe class : kz.iitu.itse1907.saylau.entity.Squad
20:43:01.534 [main] DEBUG org.hibernate.orm.bytecode.interceptor - To-one property `kz.iitu.itse1907.saylau.entity.Squad#captain` was mapped with LAZY + NO_PROXY but the class was not enhanced
20:43:01.534 [main] DEBUG org.hibernate.orm.bytecode.interceptor - To-one property `kz.iitu.itse1907.saylau.entity.Squad#captain` was mapped with LAZY + NO_PROXY but the class was not enhanced
20:43:01.547 [main] DEBUG org.hibernate.persister.collection.AbstractCollectionPersister - Static SQL for collection: kz.iitu.itse1907.saylau.entity.Squad.soldiers
20:43:01.547 [main] DEBUG org.hibernate.persister.collection.AbstractCollectionPersister -  Row insert: /* create one-to-many row kz.iitu.itse1907.saylau.entity.Squad.soldiers */ update soldier set SquadId=? where id=?
20:43:01.547 [main] DEBUG org.hibernate.persister.collection.AbstractCollectionPersister -  Row update: update soldier set  where id=?
20:43:01.547 [main] DEBUG org.hibernate.persister.collection.AbstractCollectionPersister -  Row delete: /* delete one-to-many row kz.iitu.itse1907.saylau.entity.Squad.soldiers */ update soldier set SquadId=null where SquadId=? and id=?
20:43:01.547 [main] DEBUG org.hibernate.persister.collection.AbstractCollectionPersister -  One-shot delete: /* delete one-to-many kz.iitu.itse1907.saylau.entity.Squad.soldiers */ update soldier set SquadId=null where SquadId=?
20:43:01.552 [main] DEBUG org.hibernate.persister.entity.AbstractEntityPersister - Static SQL for entity: kz.iitu.itse1907.saylau.entity.Soldier
20:43:01.552 [main] DEBUG org.hibernate.persister.entity.AbstractEntityPersister -  Version select: /* get version kz.iitu.itse1907.saylau.entity.Soldier */ select id from soldier where id =?
20:43:01.552 [main] DEBUG org.hibernate.persister.entity.AbstractEntityPersister -  Snapshot select: /* get current state kz.iitu.itse1907.saylau.entity.Soldier */ select soldier_.id, soldier_.Age as age2_1_, soldier_.FirstName as firstnam3_1_, soldier_.LastName as lastname4_1_, soldier_.Rank as rank5_1_, soldier_.SquadId as squadid6_1_ from soldier soldier_ where soldier_.id=?
20:43:01.552 [main] DEBUG org.hibernate.persister.entity.AbstractEntityPersister -  Insert 0: /* insert kz.iitu.itse1907.saylau.entity.Soldier */ insert into soldier (Age, FirstName, LastName, Rank, SquadId, id) values (?, ?, ?, ?, ?, ?)
20:43:01.552 [main] DEBUG org.hibernate.persister.entity.AbstractEntityPersister -  Update 0: /* update kz.iitu.itse1907.saylau.entity.Soldier */ update soldier set Age=?, FirstName=?, LastName=?, Rank=?, SquadId=? where id=?
20:43:01.552 [main] DEBUG org.hibernate.persister.entity.AbstractEntityPersister -  Delete 0: /* delete kz.iitu.itse1907.saylau.entity.Soldier */ delete from soldier where id=?
20:43:01.553 [main] DEBUG org.hibernate.persister.entity.AbstractEntityPersister -  Identity insert: /* insert kz.iitu.itse1907.saylau.entity.Soldier */ insert into soldier (Age, FirstName, LastName, Rank, SquadId) values (?, ?, ?, ?, ?)
20:43:01.594 [main] DEBUG org.hibernate.loader.plan.build.internal.spaces.QuerySpacesImpl - Adding QuerySpace : uid = <gen:0> -> org.hibernate.loader.plan.build.internal.spaces.EntityQuerySpaceImpl@7c0de229]
20:43:01.595 [main] DEBUG org.hibernate.persister.walking.spi.MetamodelGraphWalker - Visiting attribute path : age
20:43:01.596 [main] DEBUG org.hibernate.persister.walking.spi.MetamodelGraphWalker - Visiting attribute path : first_name
20:43:01.596 [main] DEBUG org.hibernate.persister.walking.spi.MetamodelGraphWalker - Visiting attribute path : last_name
20:43:01.596 [main] DEBUG org.hibernate.persister.walking.spi.MetamodelGraphWalker - Visiting attribute path : rank
20:43:01.596 [main] DEBUG org.hibernate.persister.walking.spi.MetamodelGraphWalker - Visiting attribute path : squad
20:43:01.600 [main] DEBUG org.hibernate.loader.plan.build.internal.spaces.QuerySpacesImpl - Adding QuerySpace : uid = <gen:1> -> org.hibernate.loader.plan.build.internal.spaces.EntityQuerySpaceImpl@2513155a]
20:43:01.602 [main] DEBUG org.hibernate.persister.walking.spi.MetamodelGraphWalker - Visiting attribute path : squad.SquadNumber
20:43:01.602 [main] DEBUG org.hibernate.persister.walking.spi.MetamodelGraphWalker - Visiting attribute path : squad.captain
20:43:01.602 [main] DEBUG org.hibernate.loader.plan.build.internal.spaces.QuerySpacesImpl - Adding QuerySpace : uid = <gen:2> -> org.hibernate.loader.plan.build.internal.spaces.EntityQuerySpaceImpl@4f402027]
20:43:01.602 [main] DEBUG org.hibernate.persister.walking.spi.MetamodelGraphWalker - Visiting attribute path : squad.captain.age
20:43:01.602 [main] DEBUG org.hibernate.persister.walking.spi.MetamodelGraphWalker - Visiting attribute path : squad.captain.first_name
20:43:01.602 [main] DEBUG org.hibernate.persister.walking.spi.MetamodelGraphWalker - Visiting attribute path : squad.captain.last_name
20:43:01.602 [main] DEBUG org.hibernate.persister.walking.spi.MetamodelGraphWalker - Visiting attribute path : squad.captain.rank
20:43:01.602 [main] DEBUG org.hibernate.persister.walking.spi.MetamodelGraphWalker - Visiting attribute path : squad.soldiers
20:43:01.602 [main] DEBUG org.hibernate.persister.walking.spi.MetamodelGraphWalker - Property path deemed to be circular : squad.soldiers
20:43:01.603 [main] DEBUG org.hibernate.loader.plan.build.internal.FetchStyleLoadPlanBuildingAssociationVisitationStrategy - Building LoadPlan...
20:43:01.616 [main] DEBUG org.hibernate.loader.plan.exec.internal.LoadQueryJoinAndFetchProcessor - processing queryspace <gen:0>
20:43:01.621 [main] DEBUG org.hibernate.loader.plan.build.spi.LoadPlanTreePrinter - LoadPlan(entity=kz.iitu.itse1907.saylau.entity.Soldier)
    - Returns
       - EntityReturnImpl(entity=kz.iitu.itse1907.saylau.entity.Soldier, querySpaceUid=<gen:0>, path=kz.iitu.itse1907.saylau.entity.Soldier)
          - EntityAttributeFetchImpl(entity=kz.iitu.itse1907.saylau.entity.Squad, querySpaceUid=<gen:1>, path=kz.iitu.itse1907.saylau.entity.Soldier.squad)
             - EntityAttributeFetchImpl(entity=kz.iitu.itse1907.saylau.entity.Captain, querySpaceUid=<gen:2>, path=kz.iitu.itse1907.saylau.entity.Soldier.squad.captain)
    - QuerySpaces
       - EntityQuerySpaceImpl(uid=<gen:0>, entity=kz.iitu.itse1907.saylau.entity.Soldier)
          - SQL table alias mapping - soldier0_
          - alias suffix - 0_
          - suffixed key columns - {id1_1_0_}
          - JOIN (JoinDefinedByMetadata(squad)) : <gen:0> -> <gen:1>
             - EntityQuerySpaceImpl(uid=<gen:1>, entity=kz.iitu.itse1907.saylau.entity.Squad)
                - SQL table alias mapping - squad1_
                - alias suffix - 1_
                - suffixed key columns - {id1_2_1_}
                - JOIN (JoinDefinedByMetadata(captain)) : <gen:1> -> <gen:2>
                   - EntityQuerySpaceImpl(uid=<gen:2>, entity=kz.iitu.itse1907.saylau.entity.Captain)
                      - SQL table alias mapping - captain2_
                      - alias suffix - 2_
                      - suffixed key columns - {id1_0_2_}

20:43:01.623 [main] DEBUG org.hibernate.loader.entity.plan.EntityLoader - Static select for entity kz.iitu.itse1907.saylau.entity.Soldier [NONE]: select soldier0_.id as id1_1_0_, soldier0_.Age as age2_1_0_, soldier0_.FirstName as firstnam3_1_0_, soldier0_.LastName as lastname4_1_0_, soldier0_.Rank as rank5_1_0_, soldier0_.SquadId as squadid6_1_0_, squad1_.ID as id1_2_1_, squad1_.SquadNumber as squadnum2_2_1_, squad1_.CaptainID as captaini3_2_1_, captain2_.id as id1_0_2_, captain2_.Age as age2_0_2_, captain2_.FirstName as firstnam3_0_2_, captain2_.LastName as lastname4_0_2_, captain2_.Rank as rank5_0_2_ from soldier soldier0_ left outer join squad squad1_ on soldier0_.SquadId=squad1_.ID left outer join captain captain2_ on squad1_.CaptainID=captain2_.id where soldier0_.id=?
20:43:01.624 [main] DEBUG org.hibernate.persister.entity.AbstractEntityPersister - Static SQL for entity: kz.iitu.itse1907.saylau.entity.Captain
20:43:01.624 [main] DEBUG org.hibernate.persister.entity.AbstractEntityPersister -  Version select: /* get version kz.iitu.itse1907.saylau.entity.Captain */ select id from captain where id =?
20:43:01.624 [main] DEBUG org.hibernate.persister.entity.AbstractEntityPersister -  Snapshot select: /* get current state kz.iitu.itse1907.saylau.entity.Captain */ select captain_.id, captain_.Age as age2_0_, captain_.FirstName as firstnam3_0_, captain_.LastName as lastname4_0_, captain_.Rank as rank5_0_ from captain captain_ where captain_.id=?
20:43:01.624 [main] DEBUG org.hibernate.persister.entity.AbstractEntityPersister -  Insert 0: /* insert kz.iitu.itse1907.saylau.entity.Captain */ insert into captain (Age, FirstName, LastName, Rank, id) values (?, ?, ?, ?, ?)
20:43:01.624 [main] DEBUG org.hibernate.persister.entity.AbstractEntityPersister -  Update 0: /* update kz.iitu.itse1907.saylau.entity.Captain */ update captain set Age=?, FirstName=?, LastName=?, Rank=? where id=?
20:43:01.624 [main] DEBUG org.hibernate.persister.entity.AbstractEntityPersister -  Delete 0: /* delete kz.iitu.itse1907.saylau.entity.Captain */ delete from captain where id=?
20:43:01.624 [main] DEBUG org.hibernate.persister.entity.AbstractEntityPersister -  Identity insert: /* insert kz.iitu.itse1907.saylau.entity.Captain */ insert into captain (Age, FirstName, LastName, Rank) values (?, ?, ?, ?)
20:43:01.624 [main] DEBUG org.hibernate.loader.plan.build.internal.spaces.QuerySpacesImpl - Adding QuerySpace : uid = <gen:0> -> org.hibernate.loader.plan.build.internal.spaces.EntityQuerySpaceImpl@483b7dc4]
20:43:01.624 [main] DEBUG org.hibernate.persister.walking.spi.MetamodelGraphWalker - Visiting attribute path : age
20:43:01.624 [main] DEBUG org.hibernate.persister.walking.spi.MetamodelGraphWalker - Visiting attribute path : first_name
20:43:01.624 [main] DEBUG org.hibernate.persister.walking.spi.MetamodelGraphWalker - Visiting attribute path : last_name
20:43:01.624 [main] DEBUG org.hibernate.persister.walking.spi.MetamodelGraphWalker - Visiting attribute path : rank
20:43:01.624 [main] DEBUG org.hibernate.loader.plan.build.internal.FetchStyleLoadPlanBuildingAssociationVisitationStrategy - Building LoadPlan...
20:43:01.624 [main] DEBUG org.hibernate.loader.plan.exec.internal.LoadQueryJoinAndFetchProcessor - processing queryspace <gen:0>
20:43:01.625 [main] DEBUG org.hibernate.loader.plan.build.spi.LoadPlanTreePrinter - LoadPlan(entity=kz.iitu.itse1907.saylau.entity.Captain)
    - Returns
       - EntityReturnImpl(entity=kz.iitu.itse1907.saylau.entity.Captain, querySpaceUid=<gen:0>, path=kz.iitu.itse1907.saylau.entity.Captain)
    - QuerySpaces
       - EntityQuerySpaceImpl(uid=<gen:0>, entity=kz.iitu.itse1907.saylau.entity.Captain)
          - SQL table alias mapping - captain0_
          - alias suffix - 0_
          - suffixed key columns - {id1_0_0_}

20:43:01.625 [main] DEBUG org.hibernate.loader.entity.plan.EntityLoader - Static select for entity kz.iitu.itse1907.saylau.entity.Captain [NONE]: select captain0_.id as id1_0_0_, captain0_.Age as age2_0_0_, captain0_.FirstName as firstnam3_0_0_, captain0_.LastName as lastname4_0_0_, captain0_.Rank as rank5_0_0_ from captain captain0_ where captain0_.id=?
20:43:01.626 [main] DEBUG org.hibernate.persister.entity.AbstractEntityPersister - Static SQL for entity: kz.iitu.itse1907.saylau.entity.Squad
20:43:01.626 [main] DEBUG org.hibernate.persister.entity.AbstractEntityPersister -  Version select: /* get version kz.iitu.itse1907.saylau.entity.Squad */ select ID from squad where ID =?
20:43:01.626 [main] DEBUG org.hibernate.persister.entity.AbstractEntityPersister -  Snapshot select: /* get current state kz.iitu.itse1907.saylau.entity.Squad */ select squad_.ID, squad_.SquadNumber as squadnum2_2_, squad_.CaptainID as captaini3_2_ from squad squad_ where squad_.ID=?
20:43:01.627 [main] DEBUG org.hibernate.persister.entity.AbstractEntityPersister -  Insert 0: /* insert kz.iitu.itse1907.saylau.entity.Squad */ insert into squad (SquadNumber, CaptainID, ID) values (?, ?, ?)
20:43:01.627 [main] DEBUG org.hibernate.persister.entity.AbstractEntityPersister -  Update 0: /* update kz.iitu.itse1907.saylau.entity.Squad */ update squad set SquadNumber=?, CaptainID=? where ID=?
20:43:01.627 [main] DEBUG org.hibernate.persister.entity.AbstractEntityPersister -  Delete 0: /* delete kz.iitu.itse1907.saylau.entity.Squad */ delete from squad where ID=?
20:43:01.627 [main] DEBUG org.hibernate.persister.entity.AbstractEntityPersister -  Identity insert: /* insert kz.iitu.itse1907.saylau.entity.Squad */ insert into squad (SquadNumber, CaptainID) values (?, ?)
20:43:01.627 [main] DEBUG org.hibernate.loader.plan.build.internal.spaces.QuerySpacesImpl - Adding QuerySpace : uid = <gen:0> -> org.hibernate.loader.plan.build.internal.spaces.EntityQuerySpaceImpl@213835b6]
20:43:01.627 [main] DEBUG org.hibernate.persister.walking.spi.MetamodelGraphWalker - Visiting attribute path : SquadNumber
20:43:01.627 [main] DEBUG org.hibernate.persister.walking.spi.MetamodelGraphWalker - Visiting attribute path : captain
20:43:01.627 [main] DEBUG org.hibernate.loader.plan.build.internal.spaces.QuerySpacesImpl - Adding QuerySpace : uid = <gen:1> -> org.hibernate.loader.plan.build.internal.spaces.EntityQuerySpaceImpl@37e55819]
20:43:01.628 [main] DEBUG org.hibernate.persister.walking.spi.MetamodelGraphWalker - Visiting attribute path : captain.age
20:43:01.628 [main] DEBUG org.hibernate.persister.walking.spi.MetamodelGraphWalker - Visiting attribute path : captain.first_name
20:43:01.628 [main] DEBUG org.hibernate.persister.walking.spi.MetamodelGraphWalker - Visiting attribute path : captain.last_name
20:43:01.628 [main] DEBUG org.hibernate.persister.walking.spi.MetamodelGraphWalker - Visiting attribute path : captain.rank
20:43:01.628 [main] DEBUG org.hibernate.persister.walking.spi.MetamodelGraphWalker - Visiting attribute path : soldiers
20:43:01.629 [main] DEBUG org.hibernate.loader.plan.build.internal.spaces.QuerySpacesImpl - Adding QuerySpace : uid = <gen:2> -> org.hibernate.loader.plan.build.internal.spaces.CollectionQuerySpaceImpl@58f7215c]
20:43:01.631 [main] DEBUG org.hibernate.loader.plan.build.internal.spaces.QuerySpacesImpl - Adding QuerySpace : uid = <gen:3> -> org.hibernate.loader.plan.build.internal.spaces.EntityQuerySpaceImpl@3d88ce0e]
20:43:01.633 [main] DEBUG org.hibernate.persister.walking.spi.MetamodelGraphWalker - Visiting attribute path : soldiers.age
20:43:01.633 [main] DEBUG org.hibernate.persister.walking.spi.MetamodelGraphWalker - Visiting attribute path : soldiers.first_name
20:43:01.634 [main] DEBUG org.hibernate.persister.walking.spi.MetamodelGraphWalker - Visiting attribute path : soldiers.last_name
20:43:01.634 [main] DEBUG org.hibernate.persister.walking.spi.MetamodelGraphWalker - Visiting attribute path : soldiers.rank
20:43:01.634 [main] DEBUG org.hibernate.persister.walking.spi.MetamodelGraphWalker - Visiting attribute path : soldiers.squad
20:43:01.634 [main] DEBUG org.hibernate.persister.walking.spi.MetamodelGraphWalker - Property path deemed to be circular : soldiers.squad
20:43:01.634 [main] DEBUG org.hibernate.loader.plan.build.internal.FetchStyleLoadPlanBuildingAssociationVisitationStrategy - Building LoadPlan...
20:43:01.635 [main] DEBUG org.hibernate.loader.plan.exec.internal.LoadQueryJoinAndFetchProcessor - processing queryspace <gen:0>
20:43:01.638 [main] DEBUG org.hibernate.loader.plan.build.spi.LoadPlanTreePrinter - LoadPlan(entity=kz.iitu.itse1907.saylau.entity.Squad)
    - Returns
       - EntityReturnImpl(entity=kz.iitu.itse1907.saylau.entity.Squad, querySpaceUid=<gen:0>, path=kz.iitu.itse1907.saylau.entity.Squad)
          - EntityAttributeFetchImpl(entity=kz.iitu.itse1907.saylau.entity.Captain, querySpaceUid=<gen:1>, path=kz.iitu.itse1907.saylau.entity.Squad.captain)
          - CollectionAttributeFetchImpl(collection=kz.iitu.itse1907.saylau.entity.Squad.soldiers, querySpaceUid=<gen:2>, path=kz.iitu.itse1907.saylau.entity.Squad.soldiers)
             - (collection element) CollectionFetchableElementEntityGraph(entity=kz.iitu.itse1907.saylau.entity.Soldier, querySpaceUid=<gen:3>, path=kz.iitu.itse1907.saylau.entity.Squad.soldiers.<elements>)
    - QuerySpaces
       - EntityQuerySpaceImpl(uid=<gen:0>, entity=kz.iitu.itse1907.saylau.entity.Squad)
          - SQL table alias mapping - squad0_
          - alias suffix - 0_
          - suffixed key columns - {id1_2_0_}
          - JOIN (JoinDefinedByMetadata(captain)) : <gen:0> -> <gen:1>
             - EntityQuerySpaceImpl(uid=<gen:1>, entity=kz.iitu.itse1907.saylau.entity.Captain)
                - SQL table alias mapping - captain1_
                - alias suffix - 1_
                - suffixed key columns - {id1_0_1_}
          - JOIN (JoinDefinedByMetadata(soldiers)) : <gen:0> -> <gen:2>
             - CollectionQuerySpaceImpl(uid=<gen:2>, collection=kz.iitu.itse1907.saylau.entity.Squad.soldiers)
                - SQL table alias mapping - soldiers2_
                - alias suffix - 2_
                - suffixed key columns - {squadid6_1_2_}
                - entity-element alias suffix - 3_
                - 3_entity-element suffixed key columns - id1_1_3_
                - JOIN (JoinDefinedByMetadata(elements)) : <gen:2> -> <gen:3>
                   - EntityQuerySpaceImpl(uid=<gen:3>, entity=kz.iitu.itse1907.saylau.entity.Soldier)
                      - SQL table alias mapping - soldiers2_
                      - alias suffix - 3_
                      - suffixed key columns - {id1_1_3_}

20:43:01.638 [main] DEBUG org.hibernate.loader.entity.plan.EntityLoader - Static select for entity kz.iitu.itse1907.saylau.entity.Squad [NONE]: select squad0_.ID as id1_2_0_, squad0_.SquadNumber as squadnum2_2_0_, squad0_.CaptainID as captaini3_2_0_, captain1_.id as id1_0_1_, captain1_.Age as age2_0_1_, captain1_.FirstName as firstnam3_0_1_, captain1_.LastName as lastname4_0_1_, captain1_.Rank as rank5_0_1_, soldiers2_.SquadId as squadid6_1_2_, soldiers2_.id as id1_1_2_, soldiers2_.id as id1_1_3_, soldiers2_.Age as age2_1_3_, soldiers2_.FirstName as firstnam3_1_3_, soldiers2_.LastName as lastname4_1_3_, soldiers2_.Rank as rank5_1_3_, soldiers2_.SquadId as squadid6_1_3_ from squad squad0_ left outer join captain captain1_ on squad0_.CaptainID=captain1_.id left outer join soldier soldiers2_ on squad0_.ID=soldiers2_.SquadId where squad0_.ID=?
20:43:01.645 [main] DEBUG org.hibernate.loader.plan.build.internal.spaces.QuerySpacesImpl - Adding QuerySpace : uid = <gen:0> -> org.hibernate.loader.plan.build.internal.spaces.CollectionQuerySpaceImpl@6df2af02]
20:43:01.645 [main] DEBUG org.hibernate.loader.plan.build.internal.spaces.QuerySpacesImpl - Adding QuerySpace : uid = <gen:1> -> org.hibernate.loader.plan.build.internal.spaces.EntityQuerySpaceImpl@779228dc]
20:43:01.645 [main] DEBUG org.hibernate.persister.walking.spi.MetamodelGraphWalker - Visiting attribute path : age
20:43:01.645 [main] DEBUG org.hibernate.persister.walking.spi.MetamodelGraphWalker - Visiting attribute path : first_name
20:43:01.646 [main] DEBUG org.hibernate.persister.walking.spi.MetamodelGraphWalker - Visiting attribute path : last_name
20:43:01.646 [main] DEBUG org.hibernate.persister.walking.spi.MetamodelGraphWalker - Visiting attribute path : rank
20:43:01.646 [main] DEBUG org.hibernate.persister.walking.spi.MetamodelGraphWalker - Visiting attribute path : squad
20:43:01.646 [main] DEBUG org.hibernate.persister.walking.spi.MetamodelGraphWalker - Property path deemed to be circular : squad
20:43:01.646 [main] DEBUG org.hibernate.loader.plan.build.internal.FetchStyleLoadPlanBuildingAssociationVisitationStrategy - Building LoadPlan...
20:43:01.649 [main] DEBUG org.hibernate.loader.plan.exec.internal.LoadQueryJoinAndFetchProcessor - processing queryspace <gen:0>
20:43:01.650 [main] DEBUG org.hibernate.loader.plan.build.spi.LoadPlanTreePrinter - LoadPlan(collection=kz.iitu.itse1907.saylau.entity.Squad.soldiers)
    - Returns
       - CollectionReturnImpl(collection=kz.iitu.itse1907.saylau.entity.Squad.soldiers, querySpaceUid=<gen:0>, path=[kz.iitu.itse1907.saylau.entity.Squad.soldiers])
          - (collection element) CollectionFetchableElementEntityGraph(entity=kz.iitu.itse1907.saylau.entity.Soldier, querySpaceUid=<gen:1>, path=[kz.iitu.itse1907.saylau.entity.Squad.soldiers].<elements>)
    - QuerySpaces
       - CollectionQuerySpaceImpl(uid=<gen:0>, collection=kz.iitu.itse1907.saylau.entity.Squad.soldiers)
          - SQL table alias mapping - soldiers0_
          - alias suffix - 0_
          - suffixed key columns - {squadid6_1_0_}
          - entity-element alias suffix - 1_
          - 1_entity-element suffixed key columns - id1_1_1_
          - JOIN (JoinDefinedByMetadata(elements)) : <gen:0> -> <gen:1>
             - EntityQuerySpaceImpl(uid=<gen:1>, entity=kz.iitu.itse1907.saylau.entity.Soldier)
                - SQL table alias mapping - soldiers0_
                - alias suffix - 1_
                - suffixed key columns - {id1_1_1_}

20:43:01.651 [main] DEBUG org.hibernate.loader.collection.plan.CollectionLoader - Static select for collection kz.iitu.itse1907.saylau.entity.Squad.soldiers: select soldiers0_.SquadId as squadid6_1_0_, soldiers0_.id as id1_1_0_, soldiers0_.id as id1_1_1_, soldiers0_.Age as age2_1_1_, soldiers0_.FirstName as firstnam3_1_1_, soldiers0_.LastName as lastname4_1_1_, soldiers0_.Rank as rank5_1_1_, soldiers0_.SquadId as squadid6_1_1_ from soldier soldiers0_ where soldiers0_.SquadId=?
20:43:01.701 [main] DEBUG org.hibernate.tool.schema.spi.SchemaManagementToolCoordinator - No actions specified; doing nothing
20:43:01.702 [main] DEBUG org.hibernate.engine.transaction.jta.platform.internal.JtaPlatformInitiator - No JtaPlatform was specified, checking resolver
20:43:01.702 [main] DEBUG org.hibernate.engine.transaction.jta.platform.internal.JtaPlatformResolverInitiator - No JtaPlatformResolver was specified, using default [org.hibernate.engine.transaction.jta.platform.internal.StandardJtaPlatformResolver]
20:43:01.710 [main] DEBUG org.hibernate.engine.transaction.jta.platform.internal.StandardJtaPlatformResolver - Could not resolve JtaPlatform, using default [org.hibernate.engine.transaction.jta.platform.internal.NoJtaPlatform]
20:43:01.711 [main] INFO org.hibernate.engine.transaction.jta.platform.internal.JtaPlatformInitiator - HHH000490: Using JtaPlatform implementation: [org.hibernate.engine.transaction.jta.platform.internal.NoJtaPlatform]
20:43:01.711 [main] DEBUG org.hibernate.query.spi.NamedQueryRepository - Checking 0 named HQL queries
20:43:01.711 [main] DEBUG org.hibernate.query.spi.NamedQueryRepository - Checking 0 named SQL queries
20:43:01.716 [main] DEBUG org.hibernate.service.internal.SessionFactoryServiceRegistryImpl - EventListenerRegistry access via ServiceRegistry is deprecated.  Use `sessionFactory.getEventEngine().getListenerRegistry()` instead
20:43:01.723 [main] DEBUG org.hibernate.internal.SessionFactoryRegistry - Initializing SessionFactoryRegistry : org.hibernate.internal.SessionFactoryRegistry@35e75f7a
20:43:01.723 [main] DEBUG org.hibernate.internal.SessionFactoryRegistry - Registering SessionFactory: 1a6056fc-457a-43d8-a777-bac214e9e7f8 (<unnamed>)
20:43:01.723 [main] DEBUG org.hibernate.internal.SessionFactoryRegistry - Not binding SessionFactory to JNDI, no JNDI name configured
20:43:01.723 [main] INFO org.springframework.orm.jpa.LocalContainerEntityManagerFactoryBean - Initialized JPA EntityManagerFactory for persistence unit 'default'
20:43:01.769 [main] DEBUG org.springframework.beans.factory.support.DefaultListableBeanFactory - Creating shared instance of singleton bean 'jpaMappingContext'
20:43:01.771 [main] DEBUG org.springframework.data.jpa.repository.config.JpaMetamodelMappingContextFactoryBean - Initializing JpaMetamodelMappingContext…
20:43:01.777 [main] DEBUG org.springframework.beans.factory.support.DefaultListableBeanFactory - Creating shared instance of singleton bean 'sessionFactory'
20:43:01.783 [main] DEBUG org.hibernate.integrator.internal.IntegratorServiceImpl - Adding Integrator [org.hibernate.cfg.beanvalidation.BeanValidationIntegrator].
20:43:01.783 [main] DEBUG org.hibernate.integrator.internal.IntegratorServiceImpl - Adding Integrator [org.hibernate.secure.spi.JaccIntegrator].
20:43:01.783 [main] DEBUG org.hibernate.integrator.internal.IntegratorServiceImpl - Adding Integrator [org.hibernate.cache.internal.CollectionCacheInvalidator].
20:43:01.794 [main] DEBUG org.hibernate.cfg.Configuration - Building session factory using internal StandardServiceRegistryBuilder
20:43:01.795 [main] DEBUG org.hibernate.service.spi.ServiceBinding - Overriding existing service binding [org.hibernate.secure.spi.JaccService]
20:43:01.795 [main] DEBUG org.hibernate.cfg.Configuration - Building session factory using provided StandardServiceRegistry
20:43:01.795 [main] DEBUG org.hibernate.cache.internal.RegionFactoryInitiator - Cannot default RegionFactory based on registered strategies as `[]` RegionFactory strategies were registered
20:43:01.795 [main] DEBUG org.hibernate.cache.internal.RegionFactoryInitiator - Cache region factory : org.hibernate.cache.internal.NoCachingRegionFactory
20:43:01.795 [main] DEBUG org.hibernate.type.BasicTypeRegistry - Adding type registration boolean -> org.hibernate.type.BooleanType@56e9a474
20:43:01.795 [main] DEBUG org.hibernate.type.BasicTypeRegistry - Adding type registration boolean -> org.hibernate.type.BooleanType@56e9a474
20:43:01.796 [main] DEBUG org.hibernate.type.BasicTypeRegistry - Adding type registration java.lang.Boolean -> org.hibernate.type.BooleanType@56e9a474
20:43:01.796 [main] DEBUG org.hibernate.type.BasicTypeRegistry - Adding type registration numeric_boolean -> org.hibernate.type.NumericBooleanType@38cedb7d
20:43:01.796 [main] DEBUG org.hibernate.type.BasicTypeRegistry - Adding type registration true_false -> org.hibernate.type.TrueFalseType@3f598450
20:43:01.796 [main] DEBUG org.hibernate.type.BasicTypeRegistry - Adding type registration yes_no -> org.hibernate.type.YesNoType@7ed3df3b
20:43:01.796 [main] DEBUG org.hibernate.type.BasicTypeRegistry - Adding type registration byte -> org.hibernate.type.ByteType@2ee48610
20:43:01.796 [main] DEBUG org.hibernate.type.BasicTypeRegistry - Adding type registration byte -> org.hibernate.type.ByteType@2ee48610
20:43:01.796 [main] DEBUG org.hibernate.type.BasicTypeRegistry - Adding type registration java.lang.Byte -> org.hibernate.type.ByteType@2ee48610
20:43:01.796 [main] DEBUG org.hibernate.type.BasicTypeRegistry - Adding type registration character -> org.hibernate.type.CharacterType@12b5736c
20:43:01.796 [main] DEBUG org.hibernate.type.BasicTypeRegistry - Adding type registration char -> org.hibernate.type.CharacterType@12b5736c
20:43:01.796 [main] DEBUG org.hibernate.type.BasicTypeRegistry - Adding type registration java.lang.Character -> org.hibernate.type.CharacterType@12b5736c
20:43:01.796 [main] DEBUG org.hibernate.type.BasicTypeRegistry - Adding type registration short -> org.hibernate.type.ShortType@33a55bd8
20:43:01.796 [main] DEBUG org.hibernate.type.BasicTypeRegistry - Adding type registration short -> org.hibernate.type.ShortType@33a55bd8
20:43:01.796 [main] DEBUG org.hibernate.type.BasicTypeRegistry - Adding type registration java.lang.Short -> org.hibernate.type.ShortType@33a55bd8
20:43:01.796 [main] DEBUG org.hibernate.type.BasicTypeRegistry - Adding type registration integer -> org.hibernate.type.IntegerType@7e83992
20:43:01.796 [main] DEBUG org.hibernate.type.BasicTypeRegistry - Adding type registration int -> org.hibernate.type.IntegerType@7e83992
20:43:01.796 [main] DEBUG org.hibernate.type.BasicTypeRegistry - Adding type registration java.lang.Integer -> org.hibernate.type.IntegerType@7e83992
20:43:01.796 [main] DEBUG org.hibernate.type.BasicTypeRegistry - Adding type registration long -> org.hibernate.type.LongType@d2e6b0b
20:43:01.796 [main] DEBUG org.hibernate.type.BasicTypeRegistry - Adding type registration long -> org.hibernate.type.LongType@d2e6b0b
20:43:01.796 [main] DEBUG org.hibernate.type.BasicTypeRegistry - Adding type registration java.lang.Long -> org.hibernate.type.LongType@d2e6b0b
20:43:01.796 [main] DEBUG org.hibernate.type.BasicTypeRegistry - Adding type registration float -> org.hibernate.type.FloatType@4d0e54e0
20:43:01.797 [main] DEBUG org.hibernate.type.BasicTypeRegistry - Adding type registration float -> org.hibernate.type.FloatType@4d0e54e0
20:43:01.797 [main] DEBUG org.hibernate.type.BasicTypeRegistry - Adding type registration java.lang.Float -> org.hibernate.type.FloatType@4d0e54e0
20:43:01.797 [main] DEBUG org.hibernate.type.BasicTypeRegistry - Adding type registration double -> org.hibernate.type.DoubleType@76ececd
20:43:01.797 [main] DEBUG org.hibernate.type.BasicTypeRegistry - Adding type registration double -> org.hibernate.type.DoubleType@76ececd
20:43:01.797 [main] DEBUG org.hibernate.type.BasicTypeRegistry - Adding type registration java.lang.Double -> org.hibernate.type.DoubleType@76ececd
20:43:01.797 [main] DEBUG org.hibernate.type.BasicTypeRegistry - Adding type registration big_decimal -> org.hibernate.type.BigDecimalType@77fa9381
20:43:01.797 [main] DEBUG org.hibernate.type.BasicTypeRegistry - Adding type registration java.math.BigDecimal -> org.hibernate.type.BigDecimalType@77fa9381
20:43:01.797 [main] DEBUG org.hibernate.type.BasicTypeRegistry - Adding type registration big_integer -> org.hibernate.type.BigIntegerType@2e32fc22
20:43:01.797 [main] DEBUG org.hibernate.type.BasicTypeRegistry - Adding type registration java.math.BigInteger -> org.hibernate.type.BigIntegerType@2e32fc22
20:43:01.797 [main] DEBUG org.hibernate.type.BasicTypeRegistry - Adding type registration string -> org.hibernate.type.StringType@2f14b0f6
20:43:01.797 [main] DEBUG org.hibernate.type.BasicTypeRegistry - Adding type registration java.lang.String -> org.hibernate.type.StringType@2f14b0f6
20:43:01.797 [main] DEBUG org.hibernate.type.BasicTypeRegistry - Adding type registration nstring -> org.hibernate.type.StringNVarcharType@6c479fdf
20:43:01.797 [main] DEBUG org.hibernate.type.BasicTypeRegistry - Adding type registration ncharacter -> org.hibernate.type.CharacterNCharType@5f1483fd
20:43:01.797 [main] DEBUG org.hibernate.type.BasicTypeRegistry - Adding type registration url -> org.hibernate.type.UrlType@630390b9
20:43:01.797 [main] DEBUG org.hibernate.type.BasicTypeRegistry - Adding type registration java.net.URL -> org.hibernate.type.UrlType@630390b9
20:43:01.797 [main] DEBUG org.hibernate.type.BasicTypeRegistry - Adding type registration Duration -> org.hibernate.type.DurationType@45adc393
20:43:01.797 [main] DEBUG org.hibernate.type.BasicTypeRegistry - Adding type registration java.time.Duration -> org.hibernate.type.DurationType@45adc393
20:43:01.797 [main] DEBUG org.hibernate.type.BasicTypeRegistry - Adding type registration Instant -> org.hibernate.type.InstantType@1823b9c4
20:43:01.797 [main] DEBUG org.hibernate.type.BasicTypeRegistry - Adding type registration java.time.Instant -> org.hibernate.type.InstantType@1823b9c4
20:43:01.797 [main] DEBUG org.hibernate.type.BasicTypeRegistry - Adding type registration LocalDateTime -> org.hibernate.type.LocalDateTimeType@10c47c79
20:43:01.797 [main] DEBUG org.hibernate.type.BasicTypeRegistry - Adding type registration java.time.LocalDateTime -> org.hibernate.type.LocalDateTimeType@10c47c79
20:43:01.797 [main] DEBUG org.hibernate.type.BasicTypeRegistry - Adding type registration LocalDate -> org.hibernate.type.LocalDateType@3bf54172
20:43:01.797 [main] DEBUG org.hibernate.type.BasicTypeRegistry - Adding type registration java.time.LocalDate -> org.hibernate.type.LocalDateType@3bf54172
20:43:01.797 [main] DEBUG org.hibernate.type.BasicTypeRegistry - Adding type registration LocalTime -> org.hibernate.type.LocalTimeType@3ba0ae41
20:43:01.798 [main] DEBUG org.hibernate.type.BasicTypeRegistry - Adding type registration java.time.LocalTime -> org.hibernate.type.LocalTimeType@3ba0ae41
20:43:01.798 [main] DEBUG org.hibernate.type.BasicTypeRegistry - Adding type registration OffsetDateTime -> org.hibernate.type.OffsetDateTimeType@32a2a6be
20:43:01.798 [main] DEBUG org.hibernate.type.BasicTypeRegistry - Adding type registration java.time.OffsetDateTime -> org.hibernate.type.OffsetDateTimeType@32a2a6be
20:43:01.798 [main] DEBUG org.hibernate.type.BasicTypeRegistry - Adding type registration OffsetTime -> org.hibernate.type.OffsetTimeType@6d0be7ab
20:43:01.798 [main] DEBUG org.hibernate.type.BasicTypeRegistry - Adding type registration java.time.OffsetTime -> org.hibernate.type.OffsetTimeType@6d0be7ab
20:43:01.798 [main] DEBUG org.hibernate.type.BasicTypeRegistry - Adding type registration ZonedDateTime -> org.hibernate.type.ZonedDateTimeType@9301672
20:43:01.798 [main] DEBUG org.hibernate.type.BasicTypeRegistry - Adding type registration java.time.ZonedDateTime -> org.hibernate.type.ZonedDateTimeType@9301672
20:43:01.798 [main] DEBUG org.hibernate.type.BasicTypeRegistry - Adding type registration date -> org.hibernate.type.DateType@45c9b3
20:43:01.798 [main] DEBUG org.hibernate.type.BasicTypeRegistry - Adding type registration java.sql.Date -> org.hibernate.type.DateType@45c9b3
20:43:01.798 [main] DEBUG org.hibernate.type.BasicTypeRegistry - Adding type registration time -> org.hibernate.type.TimeType@276cc8dc
20:43:01.798 [main] DEBUG org.hibernate.type.BasicTypeRegistry - Adding type registration java.sql.Time -> org.hibernate.type.TimeType@276cc8dc
20:43:01.798 [main] DEBUG org.hibernate.type.BasicTypeRegistry - Adding type registration timestamp -> org.hibernate.type.TimestampType@1c3259fa
20:43:01.798 [main] DEBUG org.hibernate.type.BasicTypeRegistry - Adding type registration java.sql.Timestamp -> org.hibernate.type.TimestampType@1c3259fa
20:43:01.798 [main] DEBUG org.hibernate.type.BasicTypeRegistry - Adding type registration java.util.Date -> org.hibernate.type.TimestampType@1c3259fa
20:43:01.798 [main] DEBUG org.hibernate.type.BasicTypeRegistry - Adding type registration dbtimestamp -> org.hibernate.type.DbTimestampType@73aeef7d
20:43:01.798 [main] DEBUG org.hibernate.type.BasicTypeRegistry - Adding type registration calendar -> org.hibernate.type.CalendarType@52b46d52
20:43:01.798 [main] DEBUG org.hibernate.type.BasicTypeRegistry - Adding type registration java.util.Calendar -> org.hibernate.type.CalendarType@52b46d52
20:43:01.798 [main] DEBUG org.hibernate.type.BasicTypeRegistry - Adding type registration java.util.GregorianCalendar -> org.hibernate.type.CalendarType@52b46d52
20:43:01.798 [main] DEBUG org.hibernate.type.BasicTypeRegistry - Adding type registration calendar_date -> org.hibernate.type.CalendarDateType@163042ea
20:43:01.798 [main] DEBUG org.hibernate.type.BasicTypeRegistry - Adding type registration calendar_time -> org.hibernate.type.CalendarTimeType@7ec95456
20:43:01.798 [main] DEBUG org.hibernate.type.BasicTypeRegistry - Adding type registration locale -> org.hibernate.type.LocaleType@748ac6f3
20:43:01.798 [main] DEBUG org.hibernate.type.BasicTypeRegistry - Adding type registration java.util.Locale -> org.hibernate.type.LocaleType@748ac6f3
20:43:01.798 [main] DEBUG org.hibernate.type.BasicTypeRegistry - Adding type registration currency -> org.hibernate.type.CurrencyType@46911148
20:43:01.798 [main] DEBUG org.hibernate.type.BasicTypeRegistry - Adding type registration java.util.Currency -> org.hibernate.type.CurrencyType@46911148
20:43:01.798 [main] DEBUG org.hibernate.type.BasicTypeRegistry - Adding type registration timezone -> org.hibernate.type.TimeZoneType@58658f63
20:43:01.799 [main] DEBUG org.hibernate.type.BasicTypeRegistry - Adding type registration java.util.TimeZone -> org.hibernate.type.TimeZoneType@58658f63
20:43:01.799 [main] DEBUG org.hibernate.type.BasicTypeRegistry - Adding type registration class -> org.hibernate.type.ClassType@21263314
20:43:01.799 [main] DEBUG org.hibernate.type.BasicTypeRegistry - Adding type registration java.lang.Class -> org.hibernate.type.ClassType@21263314
20:43:01.799 [main] DEBUG org.hibernate.type.BasicTypeRegistry - Adding type registration uuid-binary -> org.hibernate.type.UUIDBinaryType@71ed560f
20:43:01.799 [main] DEBUG org.hibernate.type.BasicTypeRegistry - Adding type registration java.util.UUID -> org.hibernate.type.UUIDBinaryType@71ed560f
20:43:01.799 [main] DEBUG org.hibernate.type.BasicTypeRegistry - Adding type registration uuid-char -> org.hibernate.type.UUIDCharType@1bf14704
20:43:01.799 [main] DEBUG org.hibernate.type.BasicTypeRegistry - Adding type registration binary -> org.hibernate.type.BinaryType@14c93774
20:43:01.799 [main] DEBUG org.hibernate.type.BasicTypeRegistry - Adding type registration byte[] -> org.hibernate.type.BinaryType@14c93774
20:43:01.799 [main] DEBUG org.hibernate.type.BasicTypeRegistry - Adding type registration [B -> org.hibernate.type.BinaryType@14c93774
20:43:01.799 [main] DEBUG org.hibernate.type.BasicTypeRegistry - Adding type registration wrapper-binary -> org.hibernate.type.WrapperBinaryType@430b2699
20:43:01.799 [main] DEBUG org.hibernate.type.BasicTypeRegistry - Adding type registration Byte[] -> org.hibernate.type.WrapperBinaryType@430b2699
20:43:01.799 [main] DEBUG org.hibernate.type.BasicTypeRegistry - Adding type registration [Ljava.lang.Byte; -> org.hibernate.type.WrapperBinaryType@430b2699
20:43:01.799 [main] DEBUG org.hibernate.type.BasicTypeRegistry - Adding type registration row_version -> org.hibernate.type.RowVersionType@29c17c3d
20:43:01.799 [main] DEBUG org.hibernate.type.BasicTypeRegistry - Adding type registration image -> org.hibernate.type.ImageType@4f654cee
20:43:01.799 [main] DEBUG org.hibernate.type.BasicTypeRegistry - Adding type registration characters -> org.hibernate.type.CharArrayType@7134b8a7
20:43:01.799 [main] DEBUG org.hibernate.type.BasicTypeRegistry - Adding type registration char[] -> org.hibernate.type.CharArrayType@7134b8a7
20:43:01.799 [main] DEBUG org.hibernate.type.BasicTypeRegistry - Adding type registration [C -> org.hibernate.type.CharArrayType@7134b8a7
20:43:01.799 [main] DEBUG org.hibernate.type.BasicTypeRegistry - Adding type registration wrapper-characters -> org.hibernate.type.CharacterArrayType@51b77cdf
20:43:01.800 [main] DEBUG org.hibernate.type.BasicTypeRegistry - Adding type registration [Ljava.lang.Character; -> org.hibernate.type.CharacterArrayType@51b77cdf
20:43:01.800 [main] DEBUG org.hibernate.type.BasicTypeRegistry - Adding type registration Character[] -> org.hibernate.type.CharacterArrayType@51b77cdf
20:43:01.800 [main] DEBUG org.hibernate.type.BasicTypeRegistry - Adding type registration text -> org.hibernate.type.TextType@2f10f633
20:43:01.800 [main] DEBUG org.hibernate.type.BasicTypeRegistry - Adding type registration ntext -> org.hibernate.type.NTextType@a09303
20:43:01.800 [main] DEBUG org.hibernate.type.BasicTypeRegistry - Adding type registration blob -> org.hibernate.type.BlobType@726934e2
20:43:01.800 [main] DEBUG org.hibernate.type.BasicTypeRegistry - Adding type registration java.sql.Blob -> org.hibernate.type.BlobType@726934e2
20:43:01.800 [main] DEBUG org.hibernate.type.BasicTypeRegistry - Adding type registration materialized_blob -> org.hibernate.type.MaterializedBlobType@798dad3d
20:43:01.800 [main] DEBUG org.hibernate.type.BasicTypeRegistry - Adding type registration clob -> org.hibernate.type.ClobType@5568c66f
20:43:01.800 [main] DEBUG org.hibernate.type.BasicTypeRegistry - Adding type registration java.sql.Clob -> org.hibernate.type.ClobType@5568c66f
20:43:01.800 [main] DEBUG org.hibernate.type.BasicTypeRegistry - Adding type registration nclob -> org.hibernate.type.NClobType@68e02f33
20:43:01.800 [main] DEBUG org.hibernate.type.BasicTypeRegistry - Adding type registration java.sql.NClob -> org.hibernate.type.NClobType@68e02f33
20:43:01.800 [main] DEBUG org.hibernate.type.BasicTypeRegistry - Adding type registration materialized_clob -> org.hibernate.type.MaterializedClobType@158ae284
20:43:01.801 [main] DEBUG org.hibernate.type.BasicTypeRegistry - Adding type registration materialized_nclob -> org.hibernate.type.MaterializedNClobType@7235f92b
20:43:01.801 [main] DEBUG org.hibernate.type.BasicTypeRegistry - Adding type registration serializable -> org.hibernate.type.SerializableType@3af58f76
20:43:01.801 [main] DEBUG org.hibernate.type.BasicTypeRegistry - Adding type registration object -> org.hibernate.type.ObjectType@1b410308
20:43:01.801 [main] DEBUG org.hibernate.type.BasicTypeRegistry - Adding type registration java.lang.Object -> org.hibernate.type.ObjectType@1b410308
20:43:01.801 [main] DEBUG org.hibernate.type.BasicTypeRegistry - Adding type registration imm_date -> org.hibernate.type.AdaptedImmutableType@144e36ae
20:43:01.801 [main] DEBUG org.hibernate.type.BasicTypeRegistry - Adding type registration imm_time -> org.hibernate.type.AdaptedImmutableType@24615687
20:43:01.801 [main] DEBUG org.hibernate.type.BasicTypeRegistry - Adding type registration imm_timestamp -> org.hibernate.type.AdaptedImmutableType@58636b50
20:43:01.801 [main] DEBUG org.hibernate.type.BasicTypeRegistry - Adding type registration imm_dbtimestamp -> org.hibernate.type.AdaptedImmutableType@7f4f1536
20:43:01.801 [main] DEBUG org.hibernate.type.BasicTypeRegistry - Adding type registration imm_calendar -> org.hibernate.type.AdaptedImmutableType@1ad1b737
20:43:01.801 [main] DEBUG org.hibernate.type.BasicTypeRegistry - Adding type registration imm_calendar_date -> org.hibernate.type.AdaptedImmutableType@342a1f84
20:43:01.801 [main] DEBUG org.hibernate.type.BasicTypeRegistry - Adding type registration imm_binary -> org.hibernate.type.AdaptedImmutableType@77d0dbba
20:43:01.801 [main] DEBUG org.hibernate.type.BasicTypeRegistry - Adding type registration imm_serializable -> org.hibernate.type.AdaptedImmutableType@70b196d3
20:43:01.806 [main] DEBUG org.hibernate.id.factory.internal.DefaultIdentifierGeneratorFactory - Registering IdentifierGenerator strategy [uuid2] -> [org.hibernate.id.UUIDGenerator]
20:43:01.806 [main] DEBUG org.hibernate.id.factory.internal.DefaultIdentifierGeneratorFactory - Registering IdentifierGenerator strategy [guid] -> [org.hibernate.id.GUIDGenerator]
20:43:01.806 [main] DEBUG org.hibernate.id.factory.internal.DefaultIdentifierGeneratorFactory - Registering IdentifierGenerator strategy [uuid] -> [org.hibernate.id.UUIDHexGenerator]
20:43:01.806 [main] DEBUG org.hibernate.id.factory.internal.DefaultIdentifierGeneratorFactory - Registering IdentifierGenerator strategy [uuid.hex] -> [org.hibernate.id.UUIDHexGenerator]
20:43:01.806 [main] DEBUG org.hibernate.id.factory.internal.DefaultIdentifierGeneratorFactory - Registering IdentifierGenerator strategy [assigned] -> [org.hibernate.id.Assigned]
20:43:01.806 [main] DEBUG org.hibernate.id.factory.internal.DefaultIdentifierGeneratorFactory - Registering IdentifierGenerator strategy [identity] -> [org.hibernate.id.IdentityGenerator]
20:43:01.806 [main] DEBUG org.hibernate.id.factory.internal.DefaultIdentifierGeneratorFactory - Registering IdentifierGenerator strategy [select] -> [org.hibernate.id.SelectGenerator]
20:43:01.806 [main] DEBUG org.hibernate.id.factory.internal.DefaultIdentifierGeneratorFactory - Registering IdentifierGenerator strategy [sequence] -> [org.hibernate.id.enhanced.SequenceStyleGenerator]
20:43:01.806 [main] DEBUG org.hibernate.id.factory.internal.DefaultIdentifierGeneratorFactory - Registering IdentifierGenerator strategy [seqhilo] -> [org.hibernate.id.SequenceHiLoGenerator]
20:43:01.806 [main] DEBUG org.hibernate.id.factory.internal.DefaultIdentifierGeneratorFactory - Registering IdentifierGenerator strategy [increment] -> [org.hibernate.id.IncrementGenerator]
20:43:01.806 [main] DEBUG org.hibernate.id.factory.internal.DefaultIdentifierGeneratorFactory - Registering IdentifierGenerator strategy [foreign] -> [org.hibernate.id.ForeignGenerator]
20:43:01.806 [main] DEBUG org.hibernate.id.factory.internal.DefaultIdentifierGeneratorFactory - Registering IdentifierGenerator strategy [sequence-identity] -> [org.hibernate.id.SequenceIdentityGenerator]
20:43:01.806 [main] DEBUG org.hibernate.id.factory.internal.DefaultIdentifierGeneratorFactory - Registering IdentifierGenerator strategy [enhanced-sequence] -> [org.hibernate.id.enhanced.SequenceStyleGenerator]
20:43:01.806 [main] DEBUG org.hibernate.id.factory.internal.DefaultIdentifierGeneratorFactory - Registering IdentifierGenerator strategy [enhanced-table] -> [org.hibernate.id.enhanced.TableGenerator]
20:43:01.807 [main] DEBUG org.springframework.jdbc.datasource.DriverManagerDataSource - Creating new JDBC DriverManager Connection to [jdbc:postgresql://localhost:5432/Army]
20:43:01.866 [main] DEBUG org.hibernate.engine.jdbc.env.internal.JdbcEnvironmentInitiator - Database ->
       name : PostgreSQL
    version : 13.0
      major : 13
      minor : 0
20:43:01.866 [main] DEBUG org.hibernate.engine.jdbc.env.internal.JdbcEnvironmentInitiator - Driver ->
       name : PostgreSQL JDBC Driver
    version : 42.3.3
      major : 42
      minor : 3
20:43:01.866 [main] DEBUG org.hibernate.engine.jdbc.env.internal.JdbcEnvironmentInitiator - JDBC version : 4.2
20:43:01.866 [main] INFO org.hibernate.dialect.Dialect - HHH000400: Using dialect: org.hibernate.dialect.PostgreSQLDialect
20:43:01.866 [main] DEBUG org.hibernate.engine.jdbc.env.spi.IdentifierHelperBuilder - JDBC driver metadata reported database stores quoted identifiers in neither upper, lower nor mixed case
20:43:01.868 [main] DEBUG org.hibernate.type.BasicTypeRegistry - Adding type registration pg-uuid -> org.hibernate.type.PostgresUUIDType@16e99306
20:43:01.868 [main] DEBUG org.hibernate.type.BasicTypeRegistry - Adding type registration java.util.UUID -> org.hibernate.type.PostgresUUIDType@16e99306
20:43:01.868 [main] DEBUG org.hibernate.type.BasicTypeRegistry - HHH000270: Type registration [java.util.UUID] overrides previous : org.hibernate.type.UUIDBinaryType@71ed560f
20:43:01.870 [main] DEBUG org.hibernate.type.spi.TypeConfiguration$Scope - Scoping TypeConfiguration [org.hibernate.type.spi.TypeConfiguration@72001c71] to MetadataBuildingContext [org.hibernate.boot.internal.MetadataBuildingContextRootImpl@e7b0bec]
20:43:01.870 [main] DEBUG org.hibernate.boot.model.relational.Namespace - Created database namespace [logicalName=Name{catalog=null, schema=null}, physicalName=Name{catalog=null, schema=null}]
20:43:01.871 [main] DEBUG org.hibernate.cfg.AnnotationBinder - Binding entity from annotated class: kz.iitu.itse1907.saylau.entity.Captain
20:43:01.871 [main] DEBUG org.hibernate.cfg.Ejb3Column - Binding column: Ejb3DiscriminatorColumn{logicalColumnName'DTYPE', discriminatorTypeName='string'}
20:43:01.871 [main] DEBUG org.hibernate.cfg.annotations.EntityBinder - Import with entity name Captain
20:43:01.871 [main] DEBUG org.hibernate.cfg.annotations.EntityBinder - Bind entity kz.iitu.itse1907.saylau.entity.Captain on table captain
20:43:01.872 [main] DEBUG org.hibernate.cfg.Ejb3Column - Binding column: Ejb3Column{table=org.hibernate.mapping.Table(captain), mappingColumn=id, insertable=true, updatable=true, unique=false}
20:43:01.872 [main] DEBUG org.hibernate.boot.internal.ClassLoaderAccessImpl - Not known whether passed class name [kz.iitu.itse1907.saylau.entity.Captain] is safe
20:43:01.872 [main] DEBUG org.hibernate.boot.internal.ClassLoaderAccessImpl - No temp ClassLoader provided; using live ClassLoader for loading potentially unsafe class : kz.iitu.itse1907.saylau.entity.Captain
20:43:01.872 [main] DEBUG org.hibernate.cfg.annotations.PropertyBinder - MetadataSourceProcessor property id with lazy=false
20:43:01.872 [main] DEBUG org.hibernate.cfg.AbstractPropertyHolder - Attempting to locate auto-apply AttributeConverter for property [kz.iitu.itse1907.saylau.entity.Captain:id]
20:43:01.872 [main] DEBUG org.hibernate.cfg.annotations.SimpleValueBinder - building SimpleValue for id
20:43:01.872 [main] DEBUG org.hibernate.cfg.annotations.PropertyBinder - Building property id
20:43:01.872 [main] DEBUG org.hibernate.cfg.BinderHelper - #makeIdGenerator(org.hibernate.mapping.SimpleValue([org.hibernate.mapping.Column(id)]), id, identity, , ...)
20:43:01.872 [main] DEBUG org.hibernate.cfg.Ejb3Column - Binding column: Ejb3Column{table=org.hibernate.mapping.Table(captain), mappingColumn=Age, insertable=true, updatable=true, unique=false}
20:43:01.872 [main] DEBUG org.hibernate.cfg.annotations.PropertyBinder - MetadataSourceProcessor property age with lazy=false
20:43:01.872 [main] DEBUG org.hibernate.cfg.AbstractPropertyHolder - Attempting to locate auto-apply AttributeConverter for property [kz.iitu.itse1907.saylau.entity.Captain:age]
20:43:01.873 [main] DEBUG org.hibernate.cfg.annotations.SimpleValueBinder - building SimpleValue for age
20:43:01.873 [main] DEBUG org.hibernate.cfg.annotations.PropertyBinder - Building property age
20:43:01.873 [main] DEBUG org.hibernate.cfg.Ejb3Column - Binding column: Ejb3Column{table=org.hibernate.mapping.Table(captain), mappingColumn=FirstName, insertable=true, updatable=true, unique=false}
20:43:01.873 [main] DEBUG org.hibernate.cfg.annotations.PropertyBinder - MetadataSourceProcessor property first_name with lazy=false
20:43:01.873 [main] DEBUG org.hibernate.cfg.AbstractPropertyHolder - Attempting to locate auto-apply AttributeConverter for property [kz.iitu.itse1907.saylau.entity.Captain:first_name]
20:43:01.873 [main] DEBUG org.hibernate.cfg.annotations.SimpleValueBinder - building SimpleValue for first_name
20:43:01.873 [main] DEBUG org.hibernate.cfg.annotations.PropertyBinder - Building property first_name
20:43:01.873 [main] DEBUG org.hibernate.cfg.Ejb3Column - Binding column: Ejb3Column{table=org.hibernate.mapping.Table(captain), mappingColumn=LastName, insertable=true, updatable=true, unique=false}
20:43:01.873 [main] DEBUG org.hibernate.cfg.annotations.PropertyBinder - MetadataSourceProcessor property last_name with lazy=false
20:43:01.873 [main] DEBUG org.hibernate.cfg.AbstractPropertyHolder - Attempting to locate auto-apply AttributeConverter for property [kz.iitu.itse1907.saylau.entity.Captain:last_name]
20:43:01.873 [main] DEBUG org.hibernate.cfg.annotations.SimpleValueBinder - building SimpleValue for last_name
20:43:01.873 [main] DEBUG org.hibernate.cfg.annotations.PropertyBinder - Building property last_name
20:43:01.873 [main] DEBUG org.hibernate.cfg.Ejb3Column - Binding column: Ejb3Column{table=org.hibernate.mapping.Table(captain), mappingColumn=Rank, insertable=true, updatable=true, unique=false}
20:43:01.873 [main] DEBUG org.hibernate.cfg.annotations.PropertyBinder - MetadataSourceProcessor property rank with lazy=false
20:43:01.873 [main] DEBUG org.hibernate.cfg.AbstractPropertyHolder - Attempting to locate auto-apply AttributeConverter for property [kz.iitu.itse1907.saylau.entity.Captain:rank]
20:43:01.873 [main] DEBUG org.hibernate.cfg.annotations.SimpleValueBinder - building SimpleValue for rank
20:43:01.874 [main] DEBUG org.hibernate.cfg.annotations.PropertyBinder - Building property rank
20:43:01.874 [main] DEBUG org.hibernate.jpa.event.internal.CallbackDefinitionResolverLegacyImpl - Adding onPreUpdate as PreUpdate callback for entity kz.iitu.itse1907.saylau.entity.Captain
20:43:01.874 [main] DEBUG org.hibernate.jpa.event.internal.CallbackDefinitionResolverLegacyImpl - Adding onPrePersist as PrePersist callback for entity kz.iitu.itse1907.saylau.entity.Captain
20:43:01.874 [main] DEBUG org.hibernate.jpa.event.internal.CallbackDefinitionResolverLegacyImpl - Adding onPreRemove as PreRemove callback for entity kz.iitu.itse1907.saylau.entity.Captain
20:43:01.875 [main] DEBUG org.hibernate.cfg.AnnotationBinder - Binding entity from annotated class: kz.iitu.itse1907.saylau.entity.Soldier
20:43:01.875 [main] DEBUG org.hibernate.cfg.Ejb3Column - Binding column: Ejb3DiscriminatorColumn{logicalColumnName'DTYPE', discriminatorTypeName='string'}
20:43:01.875 [main] DEBUG org.hibernate.cfg.annotations.EntityBinder - Import with entity name Soldier
20:43:01.876 [main] DEBUG org.hibernate.cfg.annotations.EntityBinder - Bind entity kz.iitu.itse1907.saylau.entity.Soldier on table soldier
20:43:01.876 [main] DEBUG org.hibernate.cfg.Ejb3Column - Binding column: Ejb3Column{table=org.hibernate.mapping.Table(soldier), mappingColumn=id, insertable=true, updatable=true, unique=false}
20:43:01.877 [main] DEBUG org.hibernate.boot.internal.ClassLoaderAccessImpl - Not known whether passed class name [kz.iitu.itse1907.saylau.entity.Soldier] is safe
20:43:01.877 [main] DEBUG org.hibernate.boot.internal.ClassLoaderAccessImpl - No temp ClassLoader provided; using live ClassLoader for loading potentially unsafe class : kz.iitu.itse1907.saylau.entity.Soldier
20:43:01.877 [main] DEBUG org.hibernate.cfg.annotations.PropertyBinder - MetadataSourceProcessor property id with lazy=false
20:43:01.877 [main] DEBUG org.hibernate.cfg.AbstractPropertyHolder - Attempting to locate auto-apply AttributeConverter for property [kz.iitu.itse1907.saylau.entity.Soldier:id]
20:43:01.877 [main] DEBUG org.hibernate.cfg.annotations.SimpleValueBinder - building SimpleValue for id
20:43:01.877 [main] DEBUG org.hibernate.cfg.annotations.PropertyBinder - Building property id
20:43:01.877 [main] DEBUG org.hibernate.cfg.BinderHelper - #makeIdGenerator(org.hibernate.mapping.SimpleValue([org.hibernate.mapping.Column(id)]), id, identity, , ...)
20:43:01.877 [main] DEBUG org.hibernate.cfg.Ejb3Column - Binding column: Ejb3Column{table=org.hibernate.mapping.Table(soldier), mappingColumn=Age, insertable=true, updatable=true, unique=false}
20:43:01.877 [main] DEBUG org.hibernate.cfg.annotations.PropertyBinder - MetadataSourceProcessor property age with lazy=false
20:43:01.877 [main] DEBUG org.hibernate.cfg.AbstractPropertyHolder - Attempting to locate auto-apply AttributeConverter for property [kz.iitu.itse1907.saylau.entity.Soldier:age]
20:43:01.878 [main] DEBUG org.hibernate.cfg.annotations.SimpleValueBinder - building SimpleValue for age
20:43:01.878 [main] DEBUG org.hibernate.cfg.annotations.PropertyBinder - Building property age
20:43:01.878 [main] DEBUG org.hibernate.cfg.Ejb3Column - Binding column: Ejb3Column{table=org.hibernate.mapping.Table(soldier), mappingColumn=FirstName, insertable=true, updatable=true, unique=false}
20:43:01.878 [main] DEBUG org.hibernate.cfg.annotations.PropertyBinder - MetadataSourceProcessor property first_name with lazy=false
20:43:01.878 [main] DEBUG org.hibernate.cfg.AbstractPropertyHolder - Attempting to locate auto-apply AttributeConverter for property [kz.iitu.itse1907.saylau.entity.Soldier:first_name]
20:43:01.878 [main] DEBUG org.hibernate.cfg.annotations.SimpleValueBinder - building SimpleValue for first_name
20:43:01.878 [main] DEBUG org.hibernate.cfg.annotations.PropertyBinder - Building property first_name
20:43:01.878 [main] DEBUG org.hibernate.cfg.Ejb3Column - Binding column: Ejb3Column{table=org.hibernate.mapping.Table(soldier), mappingColumn=LastName, insertable=true, updatable=true, unique=false}
20:43:01.878 [main] DEBUG org.hibernate.cfg.annotations.PropertyBinder - MetadataSourceProcessor property last_name with lazy=false
20:43:01.878 [main] DEBUG org.hibernate.cfg.AbstractPropertyHolder - Attempting to locate auto-apply AttributeConverter for property [kz.iitu.itse1907.saylau.entity.Soldier:last_name]
20:43:01.878 [main] DEBUG org.hibernate.cfg.annotations.SimpleValueBinder - building SimpleValue for last_name
20:43:01.878 [main] DEBUG org.hibernate.cfg.annotations.PropertyBinder - Building property last_name
20:43:01.878 [main] DEBUG org.hibernate.cfg.Ejb3Column - Binding column: Ejb3Column{table=org.hibernate.mapping.Table(soldier), mappingColumn=Rank, insertable=true, updatable=true, unique=false}
20:43:01.878 [main] DEBUG org.hibernate.cfg.annotations.PropertyBinder - MetadataSourceProcessor property rank with lazy=false
20:43:01.878 [main] DEBUG org.hibernate.cfg.AbstractPropertyHolder - Attempting to locate auto-apply AttributeConverter for property [kz.iitu.itse1907.saylau.entity.Soldier:rank]
20:43:01.878 [main] DEBUG org.hibernate.cfg.annotations.SimpleValueBinder - building SimpleValue for rank
20:43:01.879 [main] DEBUG org.hibernate.cfg.annotations.PropertyBinder - Building property rank
20:43:01.879 [main] DEBUG org.hibernate.cfg.Ejb3Column - Binding column: Ejb3JoinColumn{logicalColumnName='SquadId', referencedColumn='', mappedBy=''}
20:43:01.879 [main] DEBUG org.hibernate.cfg.Ejb3Column - Binding column: Ejb3Column{table=org.hibernate.mapping.Table(soldier), mappingColumn=squad, insertable=true, updatable=true, unique=false}
20:43:01.879 [main] DEBUG org.hibernate.cfg.annotations.PropertyBinder - Building property squad
20:43:01.879 [main] DEBUG org.hibernate.cfg.AnnotationBinder - Binding entity from annotated class: kz.iitu.itse1907.saylau.entity.Squad
20:43:01.880 [main] DEBUG org.hibernate.cfg.Ejb3Column - Binding column: Ejb3DiscriminatorColumn{logicalColumnName'DTYPE', discriminatorTypeName='string'}
20:43:01.880 [main] DEBUG org.hibernate.cfg.annotations.EntityBinder - Import with entity name Squad
20:43:01.880 [main] DEBUG org.hibernate.cfg.annotations.EntityBinder - Bind entity kz.iitu.itse1907.saylau.entity.Squad on table squad
20:43:01.881 [main] DEBUG org.hibernate.cfg.Ejb3Column - Binding column: Ejb3Column{table=org.hibernate.mapping.Table(squad), mappingColumn=ID, insertable=true, updatable=true, unique=false}
20:43:01.881 [main] DEBUG org.hibernate.boot.internal.ClassLoaderAccessImpl - Not known whether passed class name [kz.iitu.itse1907.saylau.entity.Squad] is safe
20:43:01.881 [main] DEBUG org.hibernate.boot.internal.ClassLoaderAccessImpl - No temp ClassLoader provided; using live ClassLoader for loading potentially unsafe class : kz.iitu.itse1907.saylau.entity.Squad
20:43:01.881 [main] DEBUG org.hibernate.cfg.annotations.PropertyBinder - MetadataSourceProcessor property id with lazy=false
20:43:01.881 [main] DEBUG org.hibernate.cfg.AbstractPropertyHolder - Attempting to locate auto-apply AttributeConverter for property [kz.iitu.itse1907.saylau.entity.Squad:id]
20:43:01.881 [main] DEBUG org.hibernate.cfg.annotations.SimpleValueBinder - building SimpleValue for id
20:43:01.881 [main] DEBUG org.hibernate.cfg.annotations.PropertyBinder - Building property id
20:43:01.881 [main] DEBUG org.hibernate.cfg.BinderHelper - #makeIdGenerator(org.hibernate.mapping.SimpleValue([org.hibernate.mapping.Column(ID)]), id, identity, , ...)
20:43:01.881 [main] DEBUG org.hibernate.cfg.Ejb3Column - Binding column: Ejb3Column{table=org.hibernate.mapping.Table(squad), mappingColumn=SquadNumber, insertable=true, updatable=true, unique=false}
20:43:01.882 [main] DEBUG org.hibernate.cfg.annotations.PropertyBinder - MetadataSourceProcessor property SquadNumber with lazy=false
20:43:01.882 [main] DEBUG org.hibernate.cfg.AbstractPropertyHolder - Attempting to locate auto-apply AttributeConverter for property [kz.iitu.itse1907.saylau.entity.Squad:SquadNumber]
20:43:01.882 [main] DEBUG org.hibernate.cfg.annotations.SimpleValueBinder - building SimpleValue for SquadNumber
20:43:01.882 [main] DEBUG org.hibernate.cfg.annotations.PropertyBinder - Building property SquadNumber
20:43:01.882 [main] DEBUG org.hibernate.cfg.Ejb3Column - Binding column: Ejb3JoinColumn{logicalColumnName='CaptainID', referencedColumn='', mappedBy=''}
20:43:01.882 [main] DEBUG org.hibernate.cfg.Ejb3Column - Binding column: Ejb3Column{table=org.hibernate.mapping.Table(squad), mappingColumn=captain, insertable=true, updatable=true, unique=false}
20:43:01.882 [main] DEBUG org.hibernate.cfg.annotations.PropertyBinder - Building property captain
20:43:01.882 [main] DEBUG org.hibernate.cfg.Ejb3Column - Binding column: Ejb3JoinColumn{logicalColumnName='SquadId', referencedColumn='', mappedBy=''}
20:43:01.882 [main] DEBUG org.hibernate.cfg.Ejb3Column - Binding column: Ejb3Column{table=org.hibernate.mapping.Table(squad), mappingColumn=soldiers, insertable=true, updatable=true, unique=false}
20:43:01.882 [main] DEBUG org.hibernate.cfg.Ejb3Column - Binding column: Ejb3Column{table=org.hibernate.mapping.Table(squad), mappingColumn=null, insertable=true, updatable=true, unique=false}
20:43:01.883 [main] DEBUG org.hibernate.cfg.Ejb3Column - Binding column: Ejb3Column{table=org.hibernate.mapping.Table(squad), mappingColumn=element, insertable=true, updatable=true, unique=false}
20:43:01.883 [main] DEBUG org.hibernate.cfg.Ejb3Column - Binding column: Ejb3Column{table=org.hibernate.mapping.Table(squad), mappingColumn=soldiers_KEY, insertable=true, updatable=true, unique=false}
20:43:01.883 [main] DEBUG org.hibernate.cfg.Ejb3Column - Binding column: Ejb3JoinColumn{logicalColumnName='soldiers_KEY', referencedColumn='null', mappedBy='null'}
20:43:01.883 [main] DEBUG org.hibernate.cfg.Ejb3Column - Binding column: Ejb3JoinColumn{logicalColumnName='null', referencedColumn='null', mappedBy=''}
20:43:01.883 [main] DEBUG org.hibernate.cfg.Ejb3Column - Binding column: Ejb3JoinColumn{logicalColumnName='null', referencedColumn='null', mappedBy=''}
20:43:01.883 [main] DEBUG org.hibernate.cfg.annotations.CollectionBinder - Collection role: kz.iitu.itse1907.saylau.entity.Squad.soldiers
20:43:01.883 [main] DEBUG org.hibernate.cfg.annotations.PropertyBinder - Building property soldiers
20:43:01.885 [main] DEBUG org.hibernate.cfg.annotations.SimpleValueBinder - Starting fillSimpleValue for id
20:43:01.885 [main] DEBUG org.hibernate.cfg.annotations.SimpleValueBinder - Starting fillSimpleValue for age
20:43:01.885 [main] DEBUG org.hibernate.cfg.annotations.SimpleValueBinder - Starting fillSimpleValue for first_name
20:43:01.885 [main] DEBUG org.hibernate.cfg.annotations.SimpleValueBinder - Starting fillSimpleValue for last_name
20:43:01.885 [main] DEBUG org.hibernate.cfg.annotations.SimpleValueBinder - Starting fillSimpleValue for rank
20:43:01.885 [main] DEBUG org.hibernate.cfg.annotations.SimpleValueBinder - Starting fillSimpleValue for id
20:43:01.885 [main] DEBUG org.hibernate.cfg.annotations.SimpleValueBinder - Starting fillSimpleValue for age
20:43:01.885 [main] DEBUG org.hibernate.cfg.annotations.SimpleValueBinder - Starting fillSimpleValue for first_name
20:43:01.885 [main] DEBUG org.hibernate.cfg.annotations.SimpleValueBinder - Starting fillSimpleValue for last_name
20:43:01.885 [main] DEBUG org.hibernate.cfg.annotations.SimpleValueBinder - Starting fillSimpleValue for rank
20:43:01.886 [main] DEBUG org.hibernate.cfg.annotations.SimpleValueBinder - Starting fillSimpleValue for id
20:43:01.886 [main] DEBUG org.hibernate.cfg.annotations.SimpleValueBinder - Starting fillSimpleValue for SquadNumber
20:43:01.886 [main] DEBUG org.hibernate.mapping.PrimaryKey - Forcing column [id] to be non-null as it is part of the primary key for table [captain]
20:43:01.886 [main] DEBUG org.hibernate.mapping.PrimaryKey - Forcing column [id] to be non-null as it is part of the primary key for table [soldier]
20:43:01.886 [main] DEBUG org.hibernate.mapping.PrimaryKey - Forcing column [id] to be non-null as it is part of the primary key for table [squad]
20:43:01.886 [main] DEBUG org.hibernate.cfg.CollectionSecondPass - Second pass for collection: kz.iitu.itse1907.saylau.entity.Squad.soldiers
20:43:01.886 [main] DEBUG org.hibernate.cfg.annotations.CollectionBinder - Binding a OneToMany: kz.iitu.itse1907.saylau.entity.Squad.soldiers through a foreign key
20:43:01.886 [main] DEBUG org.hibernate.cfg.annotations.CollectionBinder - Mapping collection: kz.iitu.itse1907.saylau.entity.Squad.soldiers -> soldier
20:43:01.886 [main] DEBUG org.hibernate.cfg.CollectionSecondPass - Mapped collection key: SquadId, one-to-many: kz.iitu.itse1907.saylau.entity.Soldier
20:43:01.886 [main] DEBUG org.hibernate.boot.internal.InFlightMetadataCollectorImpl - Resolving reference to class: kz.iitu.itse1907.saylau.entity.Squad
20:43:01.887 [main] DEBUG org.hibernate.boot.internal.InFlightMetadataCollectorImpl - Resolving reference to class: kz.iitu.itse1907.saylau.entity.Captain
20:43:01.889 [main] DEBUG org.hibernate.boot.internal.InFlightMetadataCollectorImpl - Resolving reference to class: kz.iitu.itse1907.saylau.entity.Squad
20:43:01.889 [main] DEBUG org.hibernate.boot.internal.InFlightMetadataCollectorImpl - Resolving reference to class: kz.iitu.itse1907.saylau.entity.Captain
20:43:01.891 [main] DEBUG org.hibernate.internal.SessionFactoryImpl - Building session factory
20:43:01.891 [main] DEBUG org.hibernate.cfg.Settings - SessionFactory name : null
20:43:01.891 [main] DEBUG org.hibernate.cfg.Settings - Automatic flush during beforeCompletion(): enabled
20:43:01.891 [main] DEBUG org.hibernate.cfg.Settings - Automatic session close at end of transaction: disabled
20:43:01.891 [main] DEBUG org.hibernate.cfg.Settings - Statistics: disabled
20:43:01.891 [main] DEBUG org.hibernate.cfg.Settings - Deleted entity synthetic identifier rollback: disabled
20:43:01.891 [main] DEBUG org.hibernate.cfg.Settings - Default entity-mode: pojo
20:43:01.891 [main] DEBUG org.hibernate.cfg.Settings - Check Nullability in Core (should be disabled when Bean Validation is on): enabled
20:43:01.891 [main] DEBUG org.hibernate.cfg.Settings - Allow initialization of lazy state outside session : disabled
20:43:01.891 [main] DEBUG org.hibernate.cfg.Settings - Using BatchFetchStyle : LEGACY
20:43:01.891 [main] DEBUG org.hibernate.cfg.Settings - Default batch fetch size: -1
20:43:01.891 [main] DEBUG org.hibernate.cfg.Settings - Maximum outer join fetch depth: null
20:43:01.891 [main] DEBUG org.hibernate.cfg.Settings - Default null ordering: NONE
20:43:01.891 [main] DEBUG org.hibernate.cfg.Settings - Order SQL updates by primary key: disabled
20:43:01.891 [main] DEBUG org.hibernate.cfg.Settings - Order SQL inserts for batching: disabled
20:43:01.891 [main] DEBUG org.hibernate.cfg.Settings - multi-tenancy strategy : NONE
20:43:01.891 [main] DEBUG org.hibernate.cfg.Settings - JTA Track by Thread: enabled
20:43:01.891 [main] DEBUG org.hibernate.cfg.Settings - Query language substitutions: {}
20:43:01.891 [main] DEBUG org.hibernate.cfg.Settings - Named query checking : enabled
20:43:01.891 [main] DEBUG org.hibernate.cfg.Settings - Second-level cache: disabled
20:43:01.891 [main] DEBUG org.hibernate.cfg.Settings - Second-level query cache: disabled
20:43:01.891 [main] DEBUG org.hibernate.cfg.Settings - Second-level query cache factory: null
20:43:01.891 [main] DEBUG org.hibernate.cfg.Settings - Second-level cache region prefix: null
20:43:01.891 [main] DEBUG org.hibernate.cfg.Settings - Optimize second-level cache for minimal puts: disabled
20:43:01.891 [main] DEBUG org.hibernate.cfg.Settings - Structured second-level cache entries: disabled
20:43:01.891 [main] DEBUG org.hibernate.cfg.Settings - Second-level cache direct-reference entries: disabled
20:43:01.891 [main] DEBUG org.hibernate.cfg.Settings - Automatic eviction of collection cache: disabled
20:43:01.891 [main] DEBUG org.hibernate.cfg.Settings - JDBC batch size: 15
20:43:01.891 [main] DEBUG org.hibernate.cfg.Settings - JDBC batch updates for versioned data: enabled
20:43:01.891 [main] DEBUG org.hibernate.cfg.Settings - Scrollable result sets: enabled
20:43:01.891 [main] DEBUG org.hibernate.cfg.Settings - Wrap result sets: disabled
20:43:01.891 [main] DEBUG org.hibernate.cfg.Settings - JDBC3 getGeneratedKeys(): enabled
20:43:01.891 [main] DEBUG org.hibernate.cfg.Settings - JDBC result set fetch size: null
20:43:01.891 [main] DEBUG org.hibernate.cfg.Settings - Connection release mode: ON_CLOSE
20:43:01.891 [main] DEBUG org.hibernate.cfg.Settings - Generate SQL with comments: enabled
20:43:01.891 [main] DEBUG org.hibernate.cfg.Settings - JPA compliance - query : disabled
20:43:01.891 [main] DEBUG org.hibernate.cfg.Settings - JPA compliance - closed-handling : disabled
20:43:01.891 [main] DEBUG org.hibernate.cfg.Settings - JPA compliance - lists : disabled
20:43:01.892 [main] DEBUG org.hibernate.cfg.Settings - JPA compliance - transactions : disabled
20:43:01.895 [main] DEBUG org.hibernate.service.internal.SessionFactoryServiceRegistryImpl - EventListenerRegistry access via ServiceRegistry is deprecated.  Use `sessionFactory.getEventEngine().getListenerRegistry()` instead
20:43:01.895 [main] DEBUG org.hibernate.service.internal.SessionFactoryServiceRegistryImpl - EventListenerRegistry access via ServiceRegistry is deprecated.  Use `sessionFactory.getEventEngine().getListenerRegistry()` instead
20:43:01.895 [main] DEBUG org.hibernate.internal.SessionFactoryImpl - Session factory constructed with filter configurations : {}
20:43:01.896 [main] DEBUG org.hibernate.internal.SessionFactoryImpl - Instantiating session factory with properties: {sun.desktop=windows, awt.toolkit=sun.awt.windows.WToolkit, hibernate.format_sql=true, java.specification.version=11, sun.cpu.isalist=amd64, hibernate.resource.beans.container=org.springframework.orm.hibernate5.SpringBeanContainer@59f3426f, hibernate.connection.handling_mode=DELAYED_ACQUISITION_AND_HOLD, sun.jnu.encoding=Cp1251, hibernate.dialect=org.hibernate.dialect.PostgreSQLDialect, java.class.path=C:\Users\almaz\OneDrive\Рабочий стол\Lab8\target\test-classes;C:\Users\almaz\OneDrive\Рабочий стол\Lab8\target\classes;C:\Users\almaz\.m2\repository\org\springframework\boot\spring-boot-starter-batch\2.6.3\spring-boot-starter-batch-2.6.3.jar;C:\Users\almaz\.m2\repository\org\springframework\boot\spring-boot-starter-jdbc\2.6.3\spring-boot-starter-jdbc-2.6.3.jar;C:\Users\almaz\.m2\repository\com\zaxxer\HikariCP\4.0.3\HikariCP-4.0.3.jar;C:\Users\almaz\.m2\repository\org\springframework\spring-jdbc\5.3.15\spring-jdbc-5.3.15.jar;C:\Users\almaz\.m2\repository\org\springframework\boot\spring-boot-starter-data-jpa\2.6.3\spring-boot-starter-data-jpa-2.6.3.jar;C:\Users\almaz\.m2\repository\org\springframework\boot\spring-boot-starter-aop\2.6.3\spring-boot-starter-aop-2.6.3.jar;C:\Users\almaz\.m2\repository\jakarta\transaction\jakarta.transaction-api\1.3.3\jakarta.transaction-api-1.3.3.jar;C:\Users\almaz\.m2\repository\jakarta\persistence\jakarta.persistence-api\2.2.3\jakarta.persistence-api-2.2.3.jar;C:\Users\almaz\.m2\repository\org\springframework\spring-aspects\5.3.15\spring-aspects-5.3.15.jar;C:\Users\almaz\.m2\repository\org\projectlombok\lombok\1.18.22\lombok-1.18.22.jar;C:\Users\almaz\.m2\repository\org\springframework\data\spring-data-jpa\2.6.1\spring-data-jpa-2.6.1.jar;C:\Users\almaz\.m2\repository\org\springframework\data\spring-data-commons\2.6.1\spring-data-commons-2.6.1.jar;C:\Users\almaz\.m2\repository\org\springframework\spring-orm\5.3.15\spring-orm-5.3.15.jar;C:\Users\almaz\.m2\repository\org\springframework\spring-aop\5.3.15\spring-aop-5.3.15.jar;C:\Users\almaz\.m2\repository\org\springframework\spring-tx\5.3.15\spring-tx-5.3.15.jar;C:\Users\almaz\.m2\repository\org\slf4j\slf4j-api\1.7.33\slf4j-api-1.7.33.jar;C:\Users\almaz\.m2\repository\jakarta\validation\jakarta.validation-api\2.0.2\jakarta.validation-api-2.0.2.jar;C:\Users\almaz\.m2\repository\org\springframework\boot\spring-boot-starter\2.6.3\spring-boot-starter-2.6.3.jar;C:\Users\almaz\.m2\repository\org\springframework\boot\spring-boot\2.6.3\spring-boot-2.6.3.jar;C:\Users\almaz\.m2\repository\org\springframework\boot\spring-boot-autoconfigure\2.6.3\spring-boot-autoconfigure-2.6.3.jar;C:\Users\almaz\.m2\repository\org\springframework\boot\spring-boot-starter-logging\2.6.3\spring-boot-starter-logging-2.6.3.jar;C:\Users\almaz\.m2\repository\ch\qos\logback\logback-classic\1.2.10\logback-classic-1.2.10.jar;C:\Users\almaz\.m2\repository\ch\qos\logback\logback-core\1.2.10\logback-core-1.2.10.jar;C:\Users\almaz\.m2\repository\org\apache\logging\log4j\log4j-to-slf4j\2.17.1\log4j-to-slf4j-2.17.1.jar;C:\Users\almaz\.m2\repository\org\apache\logging\log4j\log4j-api\2.17.1\log4j-api-2.17.1.jar;C:\Users\almaz\.m2\repository\org\slf4j\jul-to-slf4j\1.7.33\jul-to-slf4j-1.7.33.jar;C:\Users\almaz\.m2\repository\jakarta\annotation\jakarta.annotation-api\1.3.5\jakarta.annotation-api-1.3.5.jar;C:\Users\almaz\.m2\repository\org\yaml\snakeyaml\1.29\snakeyaml-1.29.jar;C:\Users\almaz\.m2\repository\org\springframework\boot\spring-boot-starter-test\2.6.3\spring-boot-starter-test-2.6.3.jar;C:\Users\almaz\.m2\repository\org\springframework\boot\spring-boot-test\2.6.3\spring-boot-test-2.6.3.jar;C:\Users\almaz\.m2\repository\org\springframework\boot\spring-boot-test-autoconfigure\2.6.3\spring-boot-test-autoconfigure-2.6.3.jar;C:\Users\almaz\.m2\repository\com\jayway\jsonpath\json-path\2.6.0\json-path-2.6.0.jar;C:\Users\almaz\.m2\repository\net\minidev\json-smart\2.4.7\json-smart-2.4.7.jar;C:\Users\almaz\.m2\repository\net\minidev\accessors-smart\2.4.7\accessors-smart-2.4.7.jar;C:\Users\almaz\.m2\repository\org\ow2\asm\asm\9.1\asm-9.1.jar;C:\Users\almaz\.m2\repository\jakarta\xml\bind\jakarta.xml.bind-api\2.3.3\jakarta.xml.bind-api-2.3.3.jar;C:\Users\almaz\.m2\repository\jakarta\activation\jakarta.activation-api\1.2.2\jakarta.activation-api-1.2.2.jar;C:\Users\almaz\.m2\repository\org\assertj\assertj-core\3.21.0\assertj-core-3.21.0.jar;C:\Users\almaz\.m2\repository\org\hamcrest\hamcrest\2.2\hamcrest-2.2.jar;C:\Users\almaz\.m2\repository\org\junit\jupiter\junit-jupiter\5.8.2\junit-jupiter-5.8.2.jar;C:\Users\almaz\.m2\repository\org\junit\jupiter\junit-jupiter-api\5.8.2\junit-jupiter-api-5.8.2.jar;C:\Users\almaz\.m2\repository\org\opentest4j\opentest4j\1.2.0\opentest4j-1.2.0.jar;C:\Users\almaz\.m2\repository\org\junit\platform\junit-platform-commons\1.8.2\junit-platform-commons-1.8.2.jar;C:\Users\almaz\.m2\repository\org\apiguardian\apiguardian-api\1.1.2\apiguardian-api-1.1.2.jar;C:\Users\almaz\.m2\repository\org\junit\jupiter\junit-jupiter-params\5.8.2\junit-jupiter-params-5.8.2.jar;C:\Users\almaz\.m2\repository\org\junit\jupiter\junit-jupiter-engine\5.8.2\junit-jupiter-engine-5.8.2.jar;C:\Users\almaz\.m2\repository\org\junit\platform\junit-platform-engine\1.8.2\junit-platform-engine-1.8.2.jar;C:\Users\almaz\.m2\repository\org\mockito\mockito-core\4.0.0\mockito-core-4.0.0.jar;C:\Users\almaz\.m2\repository\net\bytebuddy\byte-buddy-agent\1.11.22\byte-buddy-agent-1.11.22.jar;C:\Users\almaz\.m2\repository\org\objenesis\objenesis\3.2\objenesis-3.2.jar;C:\Users\almaz\.m2\repository\org\mockito\mockito-junit-jupiter\4.0.0\mockito-junit-jupiter-4.0.0.jar;C:\Users\almaz\.m2\repository\org\skyscreamer\jsonassert\1.5.0\jsonassert-1.5.0.jar;C:\Users\almaz\.m2\repository\com\vaadin\external\google\android-json\0.0.20131108.vaadin1\android-json-0.0.20131108.vaadin1.jar;C:\Users\almaz\.m2\repository\org\xmlunit\xmlunit-core\2.8.4\xmlunit-core-2.8.4.jar;C:\Users\almaz\.m2\repository\org\springframework\spring-core\5.3.15\spring-core-5.3.15.jar;C:\Users\almaz\.m2\repository\org\springframework\spring-jcl\5.3.15\spring-jcl-5.3.15.jar;C:\Users\almaz\.m2\repository\org\springframework\spring-context\5.3.15\spring-context-5.3.15.jar;C:\Users\almaz\.m2\repository\org\springframework\spring-expression\5.3.15\spring-expression-5.3.15.jar;C:\Users\almaz\.m2\repository\org\springframework\spring-beans\5.3.15\spring-beans-5.3.15.jar;C:\Users\almaz\.m2\repository\org\aspectj\aspectjweaver\1.9.6\aspectjweaver-1.9.6.jar;C:\Users\almaz\.m2\repository\org\springframework\spring-test\5.3.15\spring-test-5.3.15.jar;C:\Users\almaz\.m2\repository\junit\junit\4.13.2\junit-4.13.2.jar;C:\Users\almaz\.m2\repository\org\hamcrest\hamcrest-core\2.2\hamcrest-core-2.2.jar;C:\Users\almaz\.m2\repository\org\postgresql\postgresql\42.3.3\postgresql-42.3.3.jar;C:\Users\almaz\.m2\repository\org\checkerframework\checker-qual\3.5.0\checker-qual-3.5.0.jar;C:\Users\almaz\.m2\repository\org\springframework\batch\spring-batch-core\4.3.4\spring-batch-core-4.3.4.jar;C:\Users\almaz\.m2\repository\com\fasterxml\jackson\core\jackson-databind\2.13.1\jackson-databind-2.13.1.jar;C:\Users\almaz\.m2\repository\com\fasterxml\jackson\core\jackson-annotations\2.13.1\jackson-annotations-2.13.1.jar;C:\Users\almaz\.m2\repository\com\fasterxml\jackson\core\jackson-core\2.13.1\jackson-core-2.13.1.jar;C:\Users\almaz\.m2\repository\io\micrometer\micrometer-core\1.8.2\micrometer-core-1.8.2.jar;C:\Users\almaz\.m2\repository\org\hdrhistogram\HdrHistogram\2.1.12\HdrHistogram-2.1.12.jar;C:\Users\almaz\.m2\repository\org\latencyutils\LatencyUtils\2.0.3\LatencyUtils-2.0.3.jar;C:\Users\almaz\.m2\repository\javax\batch\javax.batch-api\1.0\javax.batch-api-1.0.jar;C:\Users\almaz\.m2\repository\org\codehaus\jettison\jettison\1.2\jettison-1.2.jar;C:\Users\almaz\.m2\repository\org\springframework\batch\spring-batch-infrastructure\4.3.4\spring-batch-infrastructure-4.3.4.jar;C:\Users\almaz\.m2\repository\org\springframework\retry\spring-retry\1.3.1\spring-retry-1.3.1.jar;C:\Users\almaz\.m2\repository\javax\annotation\javax.annotation-api\1.3.2\javax.annotation-api-1.3.2.jar;C:\Users\almaz\.m2\repository\org\springframework\batch\spring-batch-test\4.3.4\spring-batch-test-4.3.4.jar;C:\Users\almaz\.m2\repository\org\hibernate\hibernate-core\5.6.5.Final\hibernate-core-5.6.5.Final.jar;C:\Users\almaz\.m2\repository\org\jboss\logging\jboss-logging\3.4.3.Final\jboss-logging-3.4.3.Final.jar;C:\Users\almaz\.m2\repository\javax\persistence\javax.persistence-api\2.2\javax.persistence-api-2.2.jar;C:\Users\almaz\.m2\repository\net\bytebuddy\byte-buddy\1.11.22\byte-buddy-1.11.22.jar;C:\Users\almaz\.m2\repository\antlr\antlr\2.7.7\antlr-2.7.7.jar;C:\Users\almaz\.m2\repository\org\jboss\spec\javax\transaction\jboss-transaction-api_1.2_spec\1.1.1.Final\jboss-transaction-api_1.2_spec-1.1.1.Final.jar;C:\Users\almaz\.m2\repository\org\jboss\jandex\2.4.2.Final\jandex-2.4.2.Final.jar;C:\Users\almaz\.m2\repository\com\fasterxml\classmate\1.5.1\classmate-1.5.1.jar;C:\Users\almaz\.m2\repository\javax\activation\javax.activation-api\1.2.0\javax.activation-api-1.2.0.jar;C:\Users\almaz\.m2\repository\javax\xml\bind\jaxb-api\2.3.1\jaxb-api-2.3.1.jar;C:\Users\almaz\.m2\repository\org\glassfish\jaxb\jaxb-runtime\2.3.5\jaxb-runtime-2.3.5.jar;C:\Users\almaz\.m2\repository\org\glassfish\jaxb\txw2\2.3.5\txw2-2.3.5.jar;C:\Users\almaz\.m2\repository\com\sun\istack\istack-commons-runtime\3.0.12\istack-commons-runtime-3.0.12.jar;C:\Users\almaz\.m2\repository\com\sun\activation\jakarta.activation\1.2.2\jakarta.activation-1.2.2.jar;C:\Users\almaz\.m2\repository\org\hibernate\common\hibernate-commons-annotations\5.1.2.Final\hibernate-commons-annotations-5.1.2.Final.jar;C:\Users\almaz\.m2\repository\org\springframework\boot\spring-boot-starter-web\2.6.3\spring-boot-starter-web-2.6.3.jar;C:\Users\almaz\.m2\repository\org\springframework\boot\spring-boot-starter-json\2.6.3\spring-boot-starter-json-2.6.3.jar;C:\Users\almaz\.m2\repository\com\fasterxml\jackson\datatype\jackson-datatype-jdk8\2.13.1\jackson-datatype-jdk8-2.13.1.jar;C:\Users\almaz\.m2\repository\com\fasterxml\jackson\datatype\jackson-datatype-jsr310\2.13.1\jackson-datatype-jsr310-2.13.1.jar;C:\Users\almaz\.m2\repository\com\fasterxml\jackson\module\jackson-module-parameter-names\2.13.1\jackson-module-parameter-names-2.13.1.jar;C:\Users\almaz\.m2\repository\org\springframework\boot\spring-boot-starter-tomcat\2.6.3\spring-boot-starter-tomcat-2.6.3.jar;C:\Users\almaz\.m2\repository\org\apache\tomcat\embed\tomcat-embed-core\9.0.56\tomcat-embed-core-9.0.56.jar;C:\Users\almaz\.m2\repository\org\apache\tomcat\embed\tomcat-embed-el\9.0.56\tomcat-embed-el-9.0.56.jar;C:\Users\almaz\.m2\repository\org\apache\tomcat\embed\tomcat-embed-websocket\9.0.56\tomcat-embed-websocket-9.0.56.jar;C:\Users\almaz\.m2\repository\org\springframework\spring-web\5.3.15\spring-web-5.3.15.jar;C:\Users\almaz\.m2\repository\org\springframework\spring-webmvc\5.3.15\spring-webmvc-5.3.15.jar;, java.vm.vendor=Amazon.com Inc., sun.arch.data.model=64, user.variant=, java.vendor.url=https://aws.amazon.com/corretto/, user.timezone=Asia/Almaty, user.country.format=KZ, os.name=Windows 10, java.vm.specification.version=11, sun.java.launcher=SUN_STANDARD, user.country=RU, sun.boot.library.path=C:\Users\almaz\.jdks\corretto-11.0.15\bin, sun.java.command=C:\Users\almaz\AppData\Local\Temp\surefire10350569853015669685\surefirebooter5584954628051203214.jar C:\Users\almaz\AppData\Local\Temp\surefire10350569853015669685 2022-04-25T20-42-56_782-jvmRun1 surefire10456438356214907713tmp surefire_014128203095595137067tmp, hibernate.use_sql_comments=true, jdk.debug=release, surefire.test.class.path=C:\Users\almaz\OneDrive\Рабочий стол\Lab8\target\test-classes;C:\Users\almaz\OneDrive\Рабочий стол\Lab8\target\classes;C:\Users\almaz\.m2\repository\org\springframework\boot\spring-boot-starter-batch\2.6.3\spring-boot-starter-batch-2.6.3.jar;C:\Users\almaz\.m2\repository\org\springframework\boot\spring-boot-starter-jdbc\2.6.3\spring-boot-starter-jdbc-2.6.3.jar;C:\Users\almaz\.m2\repository\com\zaxxer\HikariCP\4.0.3\HikariCP-4.0.3.jar;C:\Users\almaz\.m2\repository\org\springframework\spring-jdbc\5.3.15\spring-jdbc-5.3.15.jar;C:\Users\almaz\.m2\repository\org\springframework\boot\spring-boot-starter-data-jpa\2.6.3\spring-boot-starter-data-jpa-2.6.3.jar;C:\Users\almaz\.m2\repository\org\springframework\boot\spring-boot-starter-aop\2.6.3\spring-boot-starter-aop-2.6.3.jar;C:\Users\almaz\.m2\repository\jakarta\transaction\jakarta.transaction-api\1.3.3\jakarta.transaction-api-1.3.3.jar;C:\Users\almaz\.m2\repository\jakarta\persistence\jakarta.persistence-api\2.2.3\jakarta.persistence-api-2.2.3.jar;C:\Users\almaz\.m2\repository\org\springframework\spring-aspects\5.3.15\spring-aspects-5.3.15.jar;C:\Users\almaz\.m2\repository\org\projectlombok\lombok\1.18.22\lombok-1.18.22.jar;C:\Users\almaz\.m2\repository\org\springframework\data\spring-data-jpa\2.6.1\spring-data-jpa-2.6.1.jar;C:\Users\almaz\.m2\repository\org\springframework\data\spring-data-commons\2.6.1\spring-data-commons-2.6.1.jar;C:\Users\almaz\.m2\repository\org\springframework\spring-orm\5.3.15\spring-orm-5.3.15.jar;C:\Users\almaz\.m2\repository\org\springframework\spring-aop\5.3.15\spring-aop-5.3.15.jar;C:\Users\almaz\.m2\repository\org\springframework\spring-tx\5.3.15\spring-tx-5.3.15.jar;C:\Users\almaz\.m2\repository\org\slf4j\slf4j-api\1.7.33\slf4j-api-1.7.33.jar;C:\Users\almaz\.m2\repository\jakarta\validation\jakarta.validation-api\2.0.2\jakarta.validation-api-2.0.2.jar;C:\Users\almaz\.m2\repository\org\springframework\boot\spring-boot-starter\2.6.3\spring-boot-starter-2.6.3.jar;C:\Users\almaz\.m2\repository\org\springframework\boot\spring-boot\2.6.3\spring-boot-2.6.3.jar;C:\Users\almaz\.m2\repository\org\springframework\boot\spring-boot-autoconfigure\2.6.3\spring-boot-autoconfigure-2.6.3.jar;C:\Users\almaz\.m2\repository\org\springframework\boot\spring-boot-starter-logging\2.6.3\spring-boot-starter-logging-2.6.3.jar;C:\Users\almaz\.m2\repository\ch\qos\logback\logback-classic\1.2.10\logback-classic-1.2.10.jar;C:\Users\almaz\.m2\repository\ch\qos\logback\logback-core\1.2.10\logback-core-1.2.10.jar;C:\Users\almaz\.m2\repository\org\apache\logging\log4j\log4j-to-slf4j\2.17.1\log4j-to-slf4j-2.17.1.jar;C:\Users\almaz\.m2\repository\org\apache\logging\log4j\log4j-api\2.17.1\log4j-api-2.17.1.jar;C:\Users\almaz\.m2\repository\org\slf4j\jul-to-slf4j\1.7.33\jul-to-slf4j-1.7.33.jar;C:\Users\almaz\.m2\repository\jakarta\annotation\jakarta.annotation-api\1.3.5\jakarta.annotation-api-1.3.5.jar;C:\Users\almaz\.m2\repository\org\yaml\snakeyaml\1.29\snakeyaml-1.29.jar;C:\Users\almaz\.m2\repository\org\springframework\boot\spring-boot-starter-test\2.6.3\spring-boot-starter-test-2.6.3.jar;C:\Users\almaz\.m2\repository\org\springframework\boot\spring-boot-test\2.6.3\spring-boot-test-2.6.3.jar;C:\Users\almaz\.m2\repository\org\springframework\boot\spring-boot-test-autoconfigure\2.6.3\spring-boot-test-autoconfigure-2.6.3.jar;C:\Users\almaz\.m2\repository\com\jayway\jsonpath\json-path\2.6.0\json-path-2.6.0.jar;C:\Users\almaz\.m2\repository\net\minidev\json-smart\2.4.7\json-smart-2.4.7.jar;C:\Users\almaz\.m2\repository\net\minidev\accessors-smart\2.4.7\accessors-smart-2.4.7.jar;C:\Users\almaz\.m2\repository\org\ow2\asm\asm\9.1\asm-9.1.jar;C:\Users\almaz\.m2\repository\jakarta\xml\bind\jakarta.xml.bind-api\2.3.3\jakarta.xml.bind-api-2.3.3.jar;C:\Users\almaz\.m2\repository\jakarta\activation\jakarta.activation-api\1.2.2\jakarta.activation-api-1.2.2.jar;C:\Users\almaz\.m2\repository\org\assertj\assertj-core\3.21.0\assertj-core-3.21.0.jar;C:\Users\almaz\.m2\repository\org\hamcrest\hamcrest\2.2\hamcrest-2.2.jar;C:\Users\almaz\.m2\repository\org\junit\jupiter\junit-jupiter\5.8.2\junit-jupiter-5.8.2.jar;C:\Users\almaz\.m2\repository\org\junit\jupiter\junit-jupiter-api\5.8.2\junit-jupiter-api-5.8.2.jar;C:\Users\almaz\.m2\repository\org\opentest4j\opentest4j\1.2.0\opentest4j-1.2.0.jar;C:\Users\almaz\.m2\repository\org\junit\platform\junit-platform-commons\1.8.2\junit-platform-commons-1.8.2.jar;C:\Users\almaz\.m2\repository\org\apiguardian\apiguardian-api\1.1.2\apiguardian-api-1.1.2.jar;C:\Users\almaz\.m2\repository\org\junit\jupiter\junit-jupiter-params\5.8.2\junit-jupiter-params-5.8.2.jar;C:\Users\almaz\.m2\repository\org\junit\jupiter\junit-jupiter-engine\5.8.2\junit-jupiter-engine-5.8.2.jar;C:\Users\almaz\.m2\repository\org\junit\platform\junit-platform-engine\1.8.2\junit-platform-engine-1.8.2.jar;C:\Users\almaz\.m2\repository\org\mockito\mockito-core\4.0.0\mockito-core-4.0.0.jar;C:\Users\almaz\.m2\repository\net\bytebuddy\byte-buddy-agent\1.11.22\byte-buddy-agent-1.11.22.jar;C:\Users\almaz\.m2\repository\org\objenesis\objenesis\3.2\objenesis-3.2.jar;C:\Users\almaz\.m2\repository\org\mockito\mockito-junit-jupiter\4.0.0\mockito-junit-jupiter-4.0.0.jar;C:\Users\almaz\.m2\repository\org\skyscreamer\jsonassert\1.5.0\jsonassert-1.5.0.jar;C:\Users\almaz\.m2\repository\com\vaadin\external\google\android-json\0.0.20131108.vaadin1\android-json-0.0.20131108.vaadin1.jar;C:\Users\almaz\.m2\repository\org\xmlunit\xmlunit-core\2.8.4\xmlunit-core-2.8.4.jar;C:\Users\almaz\.m2\repository\org\springframework\spring-core\5.3.15\spring-core-5.3.15.jar;C:\Users\almaz\.m2\repository\org\springframework\spring-jcl\5.3.15\spring-jcl-5.3.15.jar;C:\Users\almaz\.m2\repository\org\springframework\spring-context\5.3.15\spring-context-5.3.15.jar;C:\Users\almaz\.m2\repository\org\springframework\spring-expression\5.3.15\spring-expression-5.3.15.jar;C:\Users\almaz\.m2\repository\org\springframework\spring-beans\5.3.15\spring-beans-5.3.15.jar;C:\Users\almaz\.m2\repository\org\aspectj\aspectjweaver\1.9.6\aspectjweaver-1.9.6.jar;C:\Users\almaz\.m2\repository\org\springframework\spring-test\5.3.15\spring-test-5.3.15.jar;C:\Users\almaz\.m2\repository\junit\junit\4.13.2\junit-4.13.2.jar;C:\Users\almaz\.m2\repository\org\hamcrest\hamcrest-core\2.2\hamcrest-core-2.2.jar;C:\Users\almaz\.m2\repository\org\postgresql\postgresql\42.3.3\postgresql-42.3.3.jar;C:\Users\almaz\.m2\repository\org\checkerframework\checker-qual\3.5.0\checker-qual-3.5.0.jar;C:\Users\almaz\.m2\repository\org\springframework\batch\spring-batch-core\4.3.4\spring-batch-core-4.3.4.jar;C:\Users\almaz\.m2\repository\com\fasterxml\jackson\core\jackson-databind\2.13.1\jackson-databind-2.13.1.jar;C:\Users\almaz\.m2\repository\com\fasterxml\jackson\core\jackson-annotations\2.13.1\jackson-annotations-2.13.1.jar;C:\Users\almaz\.m2\repository\com\fasterxml\jackson\core\jackson-core\2.13.1\jackson-core-2.13.1.jar;C:\Users\almaz\.m2\repository\io\micrometer\micrometer-core\1.8.2\micrometer-core-1.8.2.jar;C:\Users\almaz\.m2\repository\org\hdrhistogram\HdrHistogram\2.1.12\HdrHistogram-2.1.12.jar;C:\Users\almaz\.m2\repository\org\latencyutils\LatencyUtils\2.0.3\LatencyUtils-2.0.3.jar;C:\Users\almaz\.m2\repository\javax\batch\javax.batch-api\1.0\javax.batch-api-1.0.jar;C:\Users\almaz\.m2\repository\org\codehaus\jettison\jettison\1.2\jettison-1.2.jar;C:\Users\almaz\.m2\repository\org\springframework\batch\spring-batch-infrastructure\4.3.4\spring-batch-infrastructure-4.3.4.jar;C:\Users\almaz\.m2\repository\org\springframework\retry\spring-retry\1.3.1\spring-retry-1.3.1.jar;C:\Users\almaz\.m2\repository\javax\annotation\javax.annotation-api\1.3.2\javax.annotation-api-1.3.2.jar;C:\Users\almaz\.m2\repository\org\springframework\batch\spring-batch-test\4.3.4\spring-batch-test-4.3.4.jar;C:\Users\almaz\.m2\repository\org\hibernate\hibernate-core\5.6.5.Final\hibernate-core-5.6.5.Final.jar;C:\Users\almaz\.m2\repository\org\jboss\logging\jboss-logging\3.4.3.Final\jboss-logging-3.4.3.Final.jar;C:\Users\almaz\.m2\repository\javax\persistence\javax.persistence-api\2.2\javax.persistence-api-2.2.jar;C:\Users\almaz\.m2\repository\net\bytebuddy\byte-buddy\1.11.22\byte-buddy-1.11.22.jar;C:\Users\almaz\.m2\repository\antlr\antlr\2.7.7\antlr-2.7.7.jar;C:\Users\almaz\.m2\repository\org\jboss\spec\javax\transaction\jboss-transaction-api_1.2_spec\1.1.1.Final\jboss-transaction-api_1.2_spec-1.1.1.Final.jar;C:\Users\almaz\.m2\repository\org\jboss\jandex\2.4.2.Final\jandex-2.4.2.Final.jar;C:\Users\almaz\.m2\repository\com\fasterxml\classmate\1.5.1\classmate-1.5.1.jar;C:\Users\almaz\.m2\repository\javax\activation\javax.activation-api\1.2.0\javax.activation-api-1.2.0.jar;C:\Users\almaz\.m2\repository\javax\xml\bind\jaxb-api\2.3.1\jaxb-api-2.3.1.jar;C:\Users\almaz\.m2\repository\org\glassfish\jaxb\jaxb-runtime\2.3.5\jaxb-runtime-2.3.5.jar;C:\Users\almaz\.m2\repository\org\glassfish\jaxb\txw2\2.3.5\txw2-2.3.5.jar;C:\Users\almaz\.m2\repository\com\sun\istack\istack-commons-runtime\3.0.12\istack-commons-runtime-3.0.12.jar;C:\Users\almaz\.m2\repository\com\sun\activation\jakarta.activation\1.2.2\jakarta.activation-1.2.2.jar;C:\Users\almaz\.m2\repository\org\hibernate\common\hibernate-commons-annotations\5.1.2.Final\hibernate-commons-annotations-5.1.2.Final.jar;C:\Users\almaz\.m2\repository\org\springframework\boot\spring-boot-starter-web\2.6.3\spring-boot-starter-web-2.6.3.jar;C:\Users\almaz\.m2\repository\org\springframework\boot\spring-boot-starter-json\2.6.3\spring-boot-starter-json-2.6.3.jar;C:\Users\almaz\.m2\repository\com\fasterxml\jackson\datatype\jackson-datatype-jdk8\2.13.1\jackson-datatype-jdk8-2.13.1.jar;C:\Users\almaz\.m2\repository\com\fasterxml\jackson\datatype\jackson-datatype-jsr310\2.13.1\jackson-datatype-jsr310-2.13.1.jar;C:\Users\almaz\.m2\repository\com\fasterxml\jackson\module\jackson-module-parameter-names\2.13.1\jackson-module-parameter-names-2.13.1.jar;C:\Users\almaz\.m2\repository\org\springframework\boot\spring-boot-starter-tomcat\2.6.3\spring-boot-starter-tomcat-2.6.3.jar;C:\Users\almaz\.m2\repository\org\apache\tomcat\embed\tomcat-embed-core\9.0.56\tomcat-embed-core-9.0.56.jar;C:\Users\almaz\.m2\repository\org\apache\tomcat\embed\tomcat-embed-el\9.0.56\tomcat-embed-el-9.0.56.jar;C:\Users\almaz\.m2\repository\org\apache\tomcat\embed\tomcat-embed-websocket\9.0.56\tomcat-embed-websocket-9.0.56.jar;C:\Users\almaz\.m2\repository\org\springframework\spring-web\5.3.15\spring-web-5.3.15.jar;C:\Users\almaz\.m2\repository\org\springframework\spring-webmvc\5.3.15\spring-webmvc-5.3.15.jar;, sun.cpu.endian=little, user.home=C:\Users\almaz, user.language=ru, java.specification.vendor=Oracle Corporation, java.version.date=2022-04-19, java.home=C:\Users\almaz\.jdks\corretto-11.0.15, spring.profiles.active=config1, file.separator=\, basedir=C:\Users\almaz\OneDrive\Рабочий стол\Lab8, java.vm.compressedOopsMode=32-bit, line.separator=
, java.specification.name=Java Platform API Specification, java.vm.specification.vendor=Oracle Corporation, java.awt.graphicsenv=sun.awt.Win32GraphicsEnvironment, surefire.real.class.path=C:\Users\almaz\AppData\Local\Temp\surefire10350569853015669685\surefirebooter5584954628051203214.jar, user.script=, sun.management.compiler=HotSpot 64-Bit Tiered Compilers, java.runtime.version=11.0.15+9-LTS, user.name=almaz, path.separator=;, os.version=10.0, java.runtime.name=OpenJDK Runtime Environment, file.encoding=Cp1251, java.vm.name=OpenJDK 64-Bit Server VM, hibernate.classLoaders=[jdk.internal.loader.ClassLoaders$AppClassLoader@5b37e0d2], java.vendor.version=Corretto-11.0.15.9.1, hibernate.current_session_context_class=org.springframework.orm.hibernate5.SpringSessionContext, localRepository=C:\Users\almaz\.m2\repository, java.vendor.url.bug=https://github.com/corretto/corretto-11/issues/, java.io.tmpdir=C:\Users\almaz\AppData\Local\Temp\, idea.version=2020.2.4, java.version=11.0.15, user.dir=C:\Users\almaz\OneDrive\Рабочий стол\Lab8, os.arch=amd64, java.vm.specification.name=Java Virtual Machine Specification, java.awt.printerjob=sun.awt.windows.WPrinterJob, sun.os.patch.level=, hibernate.boot.CfgXmlAccessService.key=org.hibernate.boot.cfgxml.spi.LoadedConfig@120411ec, java.library.path=C:\Users\almaz\.jdks\corretto-11.0.15\bin;C:\Windows\Sun\Java\bin;C:\Windows\system32;C:\Windows;C:\Program Files\Common Files\Oracle\Java\javapath;C:\Program Files (x86)\Common Files\Intel\Shared Libraries\redist\intel64\compiler;C:\Program Files (x86)\Common Files\Oracle\Java\javapath;C:\Windows\system32;C:\Windows;C:\Windows\System32\Wbem;C:\Windows\System32\WindowsPowerShell\v1.0\;C:\Windows\System32\OpenSSH\;C:\Program Files\NVIDIA Corporation\NVIDIA NvDLISR;C:\Program Files (x86)\NVIDIA Corporation\PhysX\Common;C:\Program Files\Common Files\Autodesk Shared\;C:\Program Files\Microsoft SQL Server\120\Tools\Binn\;C:\Program Files\Git\cmd;;C:\Program Files\Docker\Docker\resources\bin;C:\ProgramData\DockerDesktop\version-bin;C:\Program Files\MySQL\MySQL Shell 8.0\bin\;C:\Users\almaz\AppData\Local\Programs\Python\Python39\Scripts\;C:\Users\almaz\AppData\Local\Programs\Python\Python39\;C:\Users\almaz\AppData\Local\Microsoft\WindowsApps;;C:\Program Files\JetBrains\IntelliJ IDEA 2020.2.2\bin;;C:\Program Files\JetBrains\PyCharm Community Edition 2020.2.3\bin;;C:\Users\almaz\spicetify-cli;., java.vendor=Amazon.com Inc., java.vm.info=mixed mode, java.vm.version=11.0.15+9-LTS, hibernate.bytecode.use_reflection_optimizer=false, sun.io.unicode.encoding=UnicodeLittle, hibernate.connection.datasource=org.springframework.jdbc.datasource.DriverManagerDataSource@3db663d0, java.class.version=55.0}
20:43:01.901 [main] DEBUG org.hibernate.cfg.beanvalidation.TypeSafeActivator - Unable to acquire Bean Validation ValidatorFactory, skipping activation
20:43:01.901 [main] DEBUG org.hibernate.secure.spi.JaccIntegrator - Skipping JACC integration as it was not enabled
20:43:01.901 [main] DEBUG org.hibernate.internal.SessionFactoryImpl - Instantiated session factory
20:43:01.901 [main] DEBUG org.hibernate.type.spi.TypeConfiguration$Scope - Scoping TypeConfiguration [org.hibernate.type.spi.TypeConfiguration@72001c71] to SessionFactoryImpl [org.hibernate.internal.SessionFactoryImpl@6cc8adff]
20:43:01.902 [main] DEBUG org.hibernate.orm.bytecode.interceptor - To-one property `kz.iitu.itse1907.saylau.entity.Soldier#squad` was mapped with LAZY + NO_PROXY but the class was not enhanced
20:43:01.902 [main] DEBUG org.hibernate.orm.bytecode.interceptor - To-one property `kz.iitu.itse1907.saylau.entity.Soldier#squad` was mapped with LAZY + NO_PROXY but the class was not enhanced
20:43:01.902 [main] DEBUG org.hibernate.boot.internal.ClassLoaderAccessImpl - Not known whether passed class name [kz.iitu.itse1907.saylau.entity.Soldier] is safe
20:43:01.902 [main] DEBUG org.hibernate.boot.internal.ClassLoaderAccessImpl - No temp ClassLoader provided; using live ClassLoader for loading potentially unsafe class : kz.iitu.itse1907.saylau.entity.Soldier
20:43:01.921 [main] DEBUG org.hibernate.orm.bytecode.interceptor - To-one property `kz.iitu.itse1907.saylau.entity.Soldier#squad` was mapped with LAZY + NO_PROXY but the class was not enhanced
20:43:01.922 [main] DEBUG org.hibernate.orm.bytecode.interceptor - To-one property `kz.iitu.itse1907.saylau.entity.Soldier#squad` was mapped with LAZY + NO_PROXY but the class was not enhanced
20:43:01.922 [main] DEBUG org.hibernate.boot.internal.ClassLoaderAccessImpl - Not known whether passed class name [kz.iitu.itse1907.saylau.entity.Captain] is safe
20:43:01.923 [main] DEBUG org.hibernate.boot.internal.ClassLoaderAccessImpl - No temp ClassLoader provided; using live ClassLoader for loading potentially unsafe class : kz.iitu.itse1907.saylau.entity.Captain
20:43:01.944 [main] DEBUG org.hibernate.orm.bytecode.interceptor - To-one property `kz.iitu.itse1907.saylau.entity.Squad#captain` was mapped with LAZY + NO_PROXY but the class was not enhanced
20:43:01.944 [main] DEBUG org.hibernate.orm.bytecode.interceptor - To-one property `kz.iitu.itse1907.saylau.entity.Squad#captain` was mapped with LAZY + NO_PROXY but the class was not enhanced
20:43:01.945 [main] DEBUG org.hibernate.boot.internal.ClassLoaderAccessImpl - Not known whether passed class name [kz.iitu.itse1907.saylau.entity.Squad] is safe
20:43:01.945 [main] DEBUG org.hibernate.boot.internal.ClassLoaderAccessImpl - No temp ClassLoader provided; using live ClassLoader for loading potentially unsafe class : kz.iitu.itse1907.saylau.entity.Squad
20:43:01.971 [main] DEBUG org.hibernate.orm.bytecode.interceptor - To-one property `kz.iitu.itse1907.saylau.entity.Squad#captain` was mapped with LAZY + NO_PROXY but the class was not enhanced
20:43:01.972 [main] DEBUG org.hibernate.orm.bytecode.interceptor - To-one property `kz.iitu.itse1907.saylau.entity.Squad#captain` was mapped with LAZY + NO_PROXY but the class was not enhanced
20:43:01.972 [main] DEBUG org.hibernate.persister.collection.AbstractCollectionPersister - Static SQL for collection: kz.iitu.itse1907.saylau.entity.Squad.soldiers
20:43:01.972 [main] DEBUG org.hibernate.persister.collection.AbstractCollectionPersister -  Row insert: /* create one-to-many row kz.iitu.itse1907.saylau.entity.Squad.soldiers */ update soldier set SquadId=? where id=?
20:43:01.972 [main] DEBUG org.hibernate.persister.collection.AbstractCollectionPersister -  Row update: update soldier set  where id=?
20:43:01.972 [main] DEBUG org.hibernate.persister.collection.AbstractCollectionPersister -  Row delete: /* delete one-to-many row kz.iitu.itse1907.saylau.entity.Squad.soldiers */ update soldier set SquadId=null where SquadId=? and id=?
20:43:01.973 [main] DEBUG org.hibernate.persister.collection.AbstractCollectionPersister -  One-shot delete: /* delete one-to-many kz.iitu.itse1907.saylau.entity.Squad.soldiers */ update soldier set SquadId=null where SquadId=?
20:43:01.974 [main] DEBUG org.hibernate.persister.entity.AbstractEntityPersister - Static SQL for entity: kz.iitu.itse1907.saylau.entity.Soldier
20:43:01.974 [main] DEBUG org.hibernate.persister.entity.AbstractEntityPersister -  Version select: /* get version kz.iitu.itse1907.saylau.entity.Soldier */ select id from soldier where id =?
20:43:01.974 [main] DEBUG org.hibernate.persister.entity.AbstractEntityPersister -  Snapshot select: /* get current state kz.iitu.itse1907.saylau.entity.Soldier */ select soldier_.id, soldier_.Age as age2_1_, soldier_.FirstName as firstnam3_1_, soldier_.LastName as lastname4_1_, soldier_.Rank as rank5_1_, soldier_.SquadId as squadid6_1_ from soldier soldier_ where soldier_.id=?
20:43:01.974 [main] DEBUG org.hibernate.persister.entity.AbstractEntityPersister -  Insert 0: /* insert kz.iitu.itse1907.saylau.entity.Soldier */ insert into soldier (Age, FirstName, LastName, Rank, SquadId, id) values (?, ?, ?, ?, ?, ?)
20:43:01.974 [main] DEBUG org.hibernate.persister.entity.AbstractEntityPersister -  Update 0: /* update kz.iitu.itse1907.saylau.entity.Soldier */ update soldier set Age=?, FirstName=?, LastName=?, Rank=?, SquadId=? where id=?
20:43:01.974 [main] DEBUG org.hibernate.persister.entity.AbstractEntityPersister -  Delete 0: /* delete kz.iitu.itse1907.saylau.entity.Soldier */ delete from soldier where id=?
20:43:01.974 [main] DEBUG org.hibernate.persister.entity.AbstractEntityPersister -  Identity insert: /* insert kz.iitu.itse1907.saylau.entity.Soldier */ insert into soldier (Age, FirstName, LastName, Rank, SquadId) values (?, ?, ?, ?, ?)
20:43:01.974 [main] DEBUG org.hibernate.loader.plan.build.internal.spaces.QuerySpacesImpl - Adding QuerySpace : uid = <gen:0> -> org.hibernate.loader.plan.build.internal.spaces.EntityQuerySpaceImpl@716ae973]
20:43:01.975 [main] DEBUG org.hibernate.persister.walking.spi.MetamodelGraphWalker - Visiting attribute path : age
20:43:01.975 [main] DEBUG org.hibernate.persister.walking.spi.MetamodelGraphWalker - Visiting attribute path : first_name
20:43:01.975 [main] DEBUG org.hibernate.persister.walking.spi.MetamodelGraphWalker - Visiting attribute path : last_name
20:43:01.975 [main] DEBUG org.hibernate.persister.walking.spi.MetamodelGraphWalker - Visiting attribute path : rank
20:43:01.976 [main] DEBUG org.hibernate.persister.walking.spi.MetamodelGraphWalker - Visiting attribute path : squad
20:43:01.976 [main] DEBUG org.hibernate.loader.plan.build.internal.spaces.QuerySpacesImpl - Adding QuerySpace : uid = <gen:1> -> org.hibernate.loader.plan.build.internal.spaces.EntityQuerySpaceImpl@56872fcb]
20:43:01.976 [main] DEBUG org.hibernate.persister.walking.spi.MetamodelGraphWalker - Visiting attribute path : squad.SquadNumber
20:43:01.976 [main] DEBUG org.hibernate.persister.walking.spi.MetamodelGraphWalker - Visiting attribute path : squad.captain
20:43:01.977 [main] DEBUG org.hibernate.loader.plan.build.internal.spaces.QuerySpacesImpl - Adding QuerySpace : uid = <gen:2> -> org.hibernate.loader.plan.build.internal.spaces.EntityQuerySpaceImpl@5d3b6585]
20:43:01.977 [main] DEBUG org.hibernate.persister.walking.spi.MetamodelGraphWalker - Visiting attribute path : squad.captain.age
20:43:01.977 [main] DEBUG org.hibernate.persister.walking.spi.MetamodelGraphWalker - Visiting attribute path : squad.captain.first_name
20:43:01.977 [main] DEBUG org.hibernate.persister.walking.spi.MetamodelGraphWalker - Visiting attribute path : squad.captain.last_name
20:43:01.977 [main] DEBUG org.hibernate.persister.walking.spi.MetamodelGraphWalker - Visiting attribute path : squad.captain.rank
20:43:01.977 [main] DEBUG org.hibernate.persister.walking.spi.MetamodelGraphWalker - Visiting attribute path : squad.soldiers
20:43:01.977 [main] DEBUG org.hibernate.persister.walking.spi.MetamodelGraphWalker - Property path deemed to be circular : squad.soldiers
20:43:01.977 [main] DEBUG org.hibernate.loader.plan.build.internal.FetchStyleLoadPlanBuildingAssociationVisitationStrategy - Building LoadPlan...
20:43:01.978 [main] DEBUG org.hibernate.loader.plan.exec.internal.LoadQueryJoinAndFetchProcessor - processing queryspace <gen:0>
20:43:01.979 [main] DEBUG org.hibernate.loader.plan.build.spi.LoadPlanTreePrinter - LoadPlan(entity=kz.iitu.itse1907.saylau.entity.Soldier)
    - Returns
       - EntityReturnImpl(entity=kz.iitu.itse1907.saylau.entity.Soldier, querySpaceUid=<gen:0>, path=kz.iitu.itse1907.saylau.entity.Soldier)
          - EntityAttributeFetchImpl(entity=kz.iitu.itse1907.saylau.entity.Squad, querySpaceUid=<gen:1>, path=kz.iitu.itse1907.saylau.entity.Soldier.squad)
             - EntityAttributeFetchImpl(entity=kz.iitu.itse1907.saylau.entity.Captain, querySpaceUid=<gen:2>, path=kz.iitu.itse1907.saylau.entity.Soldier.squad.captain)
    - QuerySpaces
       - EntityQuerySpaceImpl(uid=<gen:0>, entity=kz.iitu.itse1907.saylau.entity.Soldier)
          - SQL table alias mapping - soldier0_
          - alias suffix - 0_
          - suffixed key columns - {id1_1_0_}
          - JOIN (JoinDefinedByMetadata(squad)) : <gen:0> -> <gen:1>
             - EntityQuerySpaceImpl(uid=<gen:1>, entity=kz.iitu.itse1907.saylau.entity.Squad)
                - SQL table alias mapping - squad1_
                - alias suffix - 1_
                - suffixed key columns - {id1_2_1_}
                - JOIN (JoinDefinedByMetadata(captain)) : <gen:1> -> <gen:2>
                   - EntityQuerySpaceImpl(uid=<gen:2>, entity=kz.iitu.itse1907.saylau.entity.Captain)
                      - SQL table alias mapping - captain2_
                      - alias suffix - 2_
                      - suffixed key columns - {id1_0_2_}

20:43:01.980 [main] DEBUG org.hibernate.loader.entity.plan.EntityLoader - Static select for entity kz.iitu.itse1907.saylau.entity.Soldier [NONE]: select soldier0_.id as id1_1_0_, soldier0_.Age as age2_1_0_, soldier0_.FirstName as firstnam3_1_0_, soldier0_.LastName as lastname4_1_0_, soldier0_.Rank as rank5_1_0_, soldier0_.SquadId as squadid6_1_0_, squad1_.ID as id1_2_1_, squad1_.SquadNumber as squadnum2_2_1_, squad1_.CaptainID as captaini3_2_1_, captain2_.id as id1_0_2_, captain2_.Age as age2_0_2_, captain2_.FirstName as firstnam3_0_2_, captain2_.LastName as lastname4_0_2_, captain2_.Rank as rank5_0_2_ from soldier soldier0_ left outer join squad squad1_ on soldier0_.SquadId=squad1_.ID left outer join captain captain2_ on squad1_.CaptainID=captain2_.id where soldier0_.id=?
20:43:01.980 [main] DEBUG org.hibernate.persister.entity.AbstractEntityPersister - Static SQL for entity: kz.iitu.itse1907.saylau.entity.Captain
20:43:01.980 [main] DEBUG org.hibernate.persister.entity.AbstractEntityPersister -  Version select: /* get version kz.iitu.itse1907.saylau.entity.Captain */ select id from captain where id =?
20:43:01.981 [main] DEBUG org.hibernate.persister.entity.AbstractEntityPersister -  Snapshot select: /* get current state kz.iitu.itse1907.saylau.entity.Captain */ select captain_.id, captain_.Age as age2_0_, captain_.FirstName as firstnam3_0_, captain_.LastName as lastname4_0_, captain_.Rank as rank5_0_ from captain captain_ where captain_.id=?
20:43:01.981 [main] DEBUG org.hibernate.persister.entity.AbstractEntityPersister -  Insert 0: /* insert kz.iitu.itse1907.saylau.entity.Captain */ insert into captain (Age, FirstName, LastName, Rank, id) values (?, ?, ?, ?, ?)
20:43:01.981 [main] DEBUG org.hibernate.persister.entity.AbstractEntityPersister -  Update 0: /* update kz.iitu.itse1907.saylau.entity.Captain */ update captain set Age=?, FirstName=?, LastName=?, Rank=? where id=?
20:43:01.981 [main] DEBUG org.hibernate.persister.entity.AbstractEntityPersister -  Delete 0: /* delete kz.iitu.itse1907.saylau.entity.Captain */ delete from captain where id=?
20:43:01.981 [main] DEBUG org.hibernate.persister.entity.AbstractEntityPersister -  Identity insert: /* insert kz.iitu.itse1907.saylau.entity.Captain */ insert into captain (Age, FirstName, LastName, Rank) values (?, ?, ?, ?)
20:43:01.981 [main] DEBUG org.hibernate.loader.plan.build.internal.spaces.QuerySpacesImpl - Adding QuerySpace : uid = <gen:0> -> org.hibernate.loader.plan.build.internal.spaces.EntityQuerySpaceImpl@2e93108a]
20:43:01.982 [main] DEBUG org.hibernate.persister.walking.spi.MetamodelGraphWalker - Visiting attribute path : age
20:43:01.982 [main] DEBUG org.hibernate.persister.walking.spi.MetamodelGraphWalker - Visiting attribute path : first_name
20:43:01.982 [main] DEBUG org.hibernate.persister.walking.spi.MetamodelGraphWalker - Visiting attribute path : last_name
20:43:01.982 [main] DEBUG org.hibernate.persister.walking.spi.MetamodelGraphWalker - Visiting attribute path : rank
20:43:01.982 [main] DEBUG org.hibernate.loader.plan.build.internal.FetchStyleLoadPlanBuildingAssociationVisitationStrategy - Building LoadPlan...
20:43:01.982 [main] DEBUG org.hibernate.loader.plan.exec.internal.LoadQueryJoinAndFetchProcessor - processing queryspace <gen:0>
20:43:01.982 [main] DEBUG org.hibernate.loader.plan.build.spi.LoadPlanTreePrinter - LoadPlan(entity=kz.iitu.itse1907.saylau.entity.Captain)
    - Returns
       - EntityReturnImpl(entity=kz.iitu.itse1907.saylau.entity.Captain, querySpaceUid=<gen:0>, path=kz.iitu.itse1907.saylau.entity.Captain)
    - QuerySpaces
       - EntityQuerySpaceImpl(uid=<gen:0>, entity=kz.iitu.itse1907.saylau.entity.Captain)
          - SQL table alias mapping - captain0_
          - alias suffix - 0_
          - suffixed key columns - {id1_0_0_}

20:43:01.982 [main] DEBUG org.hibernate.loader.entity.plan.EntityLoader - Static select for entity kz.iitu.itse1907.saylau.entity.Captain [NONE]: select captain0_.id as id1_0_0_, captain0_.Age as age2_0_0_, captain0_.FirstName as firstnam3_0_0_, captain0_.LastName as lastname4_0_0_, captain0_.Rank as rank5_0_0_ from captain captain0_ where captain0_.id=?
20:43:01.983 [main] DEBUG org.hibernate.persister.entity.AbstractEntityPersister - Static SQL for entity: kz.iitu.itse1907.saylau.entity.Squad
20:43:01.983 [main] DEBUG org.hibernate.persister.entity.AbstractEntityPersister -  Version select: /* get version kz.iitu.itse1907.saylau.entity.Squad */ select ID from squad where ID =?
20:43:01.983 [main] DEBUG org.hibernate.persister.entity.AbstractEntityPersister -  Snapshot select: /* get current state kz.iitu.itse1907.saylau.entity.Squad */ select squad_.ID, squad_.SquadNumber as squadnum2_2_, squad_.CaptainID as captaini3_2_ from squad squad_ where squad_.ID=?
20:43:01.983 [main] DEBUG org.hibernate.persister.entity.AbstractEntityPersister -  Insert 0: /* insert kz.iitu.itse1907.saylau.entity.Squad */ insert into squad (SquadNumber, CaptainID, ID) values (?, ?, ?)
20:43:01.983 [main] DEBUG org.hibernate.persister.entity.AbstractEntityPersister -  Update 0: /* update kz.iitu.itse1907.saylau.entity.Squad */ update squad set SquadNumber=?, CaptainID=? where ID=?
20:43:01.983 [main] DEBUG org.hibernate.persister.entity.AbstractEntityPersister -  Delete 0: /* delete kz.iitu.itse1907.saylau.entity.Squad */ delete from squad where ID=?
20:43:01.983 [main] DEBUG org.hibernate.persister.entity.AbstractEntityPersister -  Identity insert: /* insert kz.iitu.itse1907.saylau.entity.Squad */ insert into squad (SquadNumber, CaptainID) values (?, ?)
20:43:01.983 [main] DEBUG org.hibernate.loader.plan.build.internal.spaces.QuerySpacesImpl - Adding QuerySpace : uid = <gen:0> -> org.hibernate.loader.plan.build.internal.spaces.EntityQuerySpaceImpl@32f308c6]
20:43:01.983 [main] DEBUG org.hibernate.persister.walking.spi.MetamodelGraphWalker - Visiting attribute path : SquadNumber
20:43:01.983 [main] DEBUG org.hibernate.persister.walking.spi.MetamodelGraphWalker - Visiting attribute path : captain
20:43:01.983 [main] DEBUG org.hibernate.loader.plan.build.internal.spaces.QuerySpacesImpl - Adding QuerySpace : uid = <gen:1> -> org.hibernate.loader.plan.build.internal.spaces.EntityQuerySpaceImpl@698ac187]
20:43:01.983 [main] DEBUG org.hibernate.persister.walking.spi.MetamodelGraphWalker - Visiting attribute path : captain.age
20:43:01.983 [main] DEBUG org.hibernate.persister.walking.spi.MetamodelGraphWalker - Visiting attribute path : captain.first_name
20:43:01.983 [main] DEBUG org.hibernate.persister.walking.spi.MetamodelGraphWalker - Visiting attribute path : captain.last_name
20:43:01.983 [main] DEBUG org.hibernate.persister.walking.spi.MetamodelGraphWalker - Visiting attribute path : captain.rank
20:43:01.983 [main] DEBUG org.hibernate.persister.walking.spi.MetamodelGraphWalker - Visiting attribute path : soldiers
20:43:01.984 [main] DEBUG org.hibernate.loader.plan.build.internal.spaces.QuerySpacesImpl - Adding QuerySpace : uid = <gen:2> -> org.hibernate.loader.plan.build.internal.spaces.CollectionQuerySpaceImpl@65f5cae3]
20:43:01.984 [main] DEBUG org.hibernate.loader.plan.build.internal.spaces.QuerySpacesImpl - Adding QuerySpace : uid = <gen:3> -> org.hibernate.loader.plan.build.internal.spaces.EntityQuerySpaceImpl@6630dd28]
20:43:01.984 [main] DEBUG org.hibernate.persister.walking.spi.MetamodelGraphWalker - Visiting attribute path : soldiers.age
20:43:01.984 [main] DEBUG org.hibernate.persister.walking.spi.MetamodelGraphWalker - Visiting attribute path : soldiers.first_name
20:43:01.984 [main] DEBUG org.hibernate.persister.walking.spi.MetamodelGraphWalker - Visiting attribute path : soldiers.last_name
20:43:01.984 [main] DEBUG org.hibernate.persister.walking.spi.MetamodelGraphWalker - Visiting attribute path : soldiers.rank
20:43:01.984 [main] DEBUG org.hibernate.persister.walking.spi.MetamodelGraphWalker - Visiting attribute path : soldiers.squad
20:43:01.984 [main] DEBUG org.hibernate.persister.walking.spi.MetamodelGraphWalker - Property path deemed to be circular : soldiers.squad
20:43:01.984 [main] DEBUG org.hibernate.loader.plan.build.internal.FetchStyleLoadPlanBuildingAssociationVisitationStrategy - Building LoadPlan...
20:43:01.984 [main] DEBUG org.hibernate.loader.plan.exec.internal.LoadQueryJoinAndFetchProcessor - processing queryspace <gen:0>
20:43:01.986 [main] DEBUG org.hibernate.loader.plan.build.spi.LoadPlanTreePrinter - LoadPlan(entity=kz.iitu.itse1907.saylau.entity.Squad)
    - Returns
       - EntityReturnImpl(entity=kz.iitu.itse1907.saylau.entity.Squad, querySpaceUid=<gen:0>, path=kz.iitu.itse1907.saylau.entity.Squad)
          - EntityAttributeFetchImpl(entity=kz.iitu.itse1907.saylau.entity.Captain, querySpaceUid=<gen:1>, path=kz.iitu.itse1907.saylau.entity.Squad.captain)
          - CollectionAttributeFetchImpl(collection=kz.iitu.itse1907.saylau.entity.Squad.soldiers, querySpaceUid=<gen:2>, path=kz.iitu.itse1907.saylau.entity.Squad.soldiers)
             - (collection element) CollectionFetchableElementEntityGraph(entity=kz.iitu.itse1907.saylau.entity.Soldier, querySpaceUid=<gen:3>, path=kz.iitu.itse1907.saylau.entity.Squad.soldiers.<elements>)
    - QuerySpaces
       - EntityQuerySpaceImpl(uid=<gen:0>, entity=kz.iitu.itse1907.saylau.entity.Squad)
          - SQL table alias mapping - squad0_
          - alias suffix - 0_
          - suffixed key columns - {id1_2_0_}
          - JOIN (JoinDefinedByMetadata(captain)) : <gen:0> -> <gen:1>
             - EntityQuerySpaceImpl(uid=<gen:1>, entity=kz.iitu.itse1907.saylau.entity.Captain)
                - SQL table alias mapping - captain1_
                - alias suffix - 1_
                - suffixed key columns - {id1_0_1_}
          - JOIN (JoinDefinedByMetadata(soldiers)) : <gen:0> -> <gen:2>
             - CollectionQuerySpaceImpl(uid=<gen:2>, collection=kz.iitu.itse1907.saylau.entity.Squad.soldiers)
                - SQL table alias mapping - soldiers2_
                - alias suffix - 2_
                - suffixed key columns - {squadid6_1_2_}
                - entity-element alias suffix - 3_
                - 3_entity-element suffixed key columns - id1_1_3_
                - JOIN (JoinDefinedByMetadata(elements)) : <gen:2> -> <gen:3>
                   - EntityQuerySpaceImpl(uid=<gen:3>, entity=kz.iitu.itse1907.saylau.entity.Soldier)
                      - SQL table alias mapping - soldiers2_
                      - alias suffix - 3_
                      - suffixed key columns - {id1_1_3_}

20:43:01.986 [main] DEBUG org.hibernate.loader.entity.plan.EntityLoader - Static select for entity kz.iitu.itse1907.saylau.entity.Squad [NONE]: select squad0_.ID as id1_2_0_, squad0_.SquadNumber as squadnum2_2_0_, squad0_.CaptainID as captaini3_2_0_, captain1_.id as id1_0_1_, captain1_.Age as age2_0_1_, captain1_.FirstName as firstnam3_0_1_, captain1_.LastName as lastname4_0_1_, captain1_.Rank as rank5_0_1_, soldiers2_.SquadId as squadid6_1_2_, soldiers2_.id as id1_1_2_, soldiers2_.id as id1_1_3_, soldiers2_.Age as age2_1_3_, soldiers2_.FirstName as firstnam3_1_3_, soldiers2_.LastName as lastname4_1_3_, soldiers2_.Rank as rank5_1_3_, soldiers2_.SquadId as squadid6_1_3_ from squad squad0_ left outer join captain captain1_ on squad0_.CaptainID=captain1_.id left outer join soldier soldiers2_ on squad0_.ID=soldiers2_.SquadId where squad0_.ID=?
20:43:01.986 [main] DEBUG org.hibernate.loader.plan.build.internal.spaces.QuerySpacesImpl - Adding QuerySpace : uid = <gen:0> -> org.hibernate.loader.plan.build.internal.spaces.CollectionQuerySpaceImpl@fe08eaf]
20:43:01.986 [main] DEBUG org.hibernate.loader.plan.build.internal.spaces.QuerySpacesImpl - Adding QuerySpace : uid = <gen:1> -> org.hibernate.loader.plan.build.internal.spaces.EntityQuerySpaceImpl@6fd9dbe6]
20:43:01.986 [main] DEBUG org.hibernate.persister.walking.spi.MetamodelGraphWalker - Visiting attribute path : age
20:43:01.986 [main] DEBUG org.hibernate.persister.walking.spi.MetamodelGraphWalker - Visiting attribute path : first_name
20:43:01.986 [main] DEBUG org.hibernate.persister.walking.spi.MetamodelGraphWalker - Visiting attribute path : last_name
20:43:01.986 [main] DEBUG org.hibernate.persister.walking.spi.MetamodelGraphWalker - Visiting attribute path : rank
20:43:01.986 [main] DEBUG org.hibernate.persister.walking.spi.MetamodelGraphWalker - Visiting attribute path : squad
20:43:01.986 [main] DEBUG org.hibernate.persister.walking.spi.MetamodelGraphWalker - Property path deemed to be circular : squad
20:43:01.986 [main] DEBUG org.hibernate.loader.plan.build.internal.FetchStyleLoadPlanBuildingAssociationVisitationStrategy - Building LoadPlan...
20:43:01.986 [main] DEBUG org.hibernate.loader.plan.exec.internal.LoadQueryJoinAndFetchProcessor - processing queryspace <gen:0>
20:43:01.987 [main] DEBUG org.hibernate.loader.plan.build.spi.LoadPlanTreePrinter - LoadPlan(collection=kz.iitu.itse1907.saylau.entity.Squad.soldiers)
    - Returns
       - CollectionReturnImpl(collection=kz.iitu.itse1907.saylau.entity.Squad.soldiers, querySpaceUid=<gen:0>, path=[kz.iitu.itse1907.saylau.entity.Squad.soldiers])
          - (collection element) CollectionFetchableElementEntityGraph(entity=kz.iitu.itse1907.saylau.entity.Soldier, querySpaceUid=<gen:1>, path=[kz.iitu.itse1907.saylau.entity.Squad.soldiers].<elements>)
    - QuerySpaces
       - CollectionQuerySpaceImpl(uid=<gen:0>, collection=kz.iitu.itse1907.saylau.entity.Squad.soldiers)
          - SQL table alias mapping - soldiers0_
          - alias suffix - 0_
          - suffixed key columns - {squadid6_1_0_}
          - entity-element alias suffix - 1_
          - 1_entity-element suffixed key columns - id1_1_1_
          - JOIN (JoinDefinedByMetadata(elements)) : <gen:0> -> <gen:1>
             - EntityQuerySpaceImpl(uid=<gen:1>, entity=kz.iitu.itse1907.saylau.entity.Soldier)
                - SQL table alias mapping - soldiers0_
                - alias suffix - 1_
                - suffixed key columns - {id1_1_1_}

20:43:01.987 [main] DEBUG org.hibernate.loader.collection.plan.CollectionLoader - Static select for collection kz.iitu.itse1907.saylau.entity.Squad.soldiers: select soldiers0_.SquadId as squadid6_1_0_, soldiers0_.id as id1_1_0_, soldiers0_.id as id1_1_1_, soldiers0_.Age as age2_1_1_, soldiers0_.FirstName as firstnam3_1_1_, soldiers0_.LastName as lastname4_1_1_, soldiers0_.Rank as rank5_1_1_, soldiers0_.SquadId as squadid6_1_1_ from soldier soldiers0_ where soldiers0_.SquadId=?
20:43:01.992 [main] DEBUG org.hibernate.tool.schema.spi.SchemaManagementToolCoordinator - No actions specified; doing nothing
20:43:01.993 [main] DEBUG org.hibernate.engine.transaction.jta.platform.internal.JtaPlatformInitiator - No JtaPlatform was specified, checking resolver
20:43:01.994 [main] DEBUG org.hibernate.engine.transaction.jta.platform.internal.JtaPlatformResolverInitiator - No JtaPlatformResolver was specified, using default [org.hibernate.engine.transaction.jta.platform.internal.StandardJtaPlatformResolver]
20:43:02.004 [main] DEBUG org.hibernate.engine.transaction.jta.platform.internal.StandardJtaPlatformResolver - Could not resolve JtaPlatform, using default [org.hibernate.engine.transaction.jta.platform.internal.NoJtaPlatform]
20:43:02.004 [main] INFO org.hibernate.engine.transaction.jta.platform.internal.JtaPlatformInitiator - HHH000490: Using JtaPlatform implementation: [org.hibernate.engine.transaction.jta.platform.internal.NoJtaPlatform]
20:43:02.004 [main] DEBUG org.hibernate.query.spi.NamedQueryRepository - Checking 0 named HQL queries
20:43:02.004 [main] DEBUG org.hibernate.query.spi.NamedQueryRepository - Checking 0 named SQL queries
20:43:02.004 [main] DEBUG org.hibernate.service.internal.SessionFactoryServiceRegistryImpl - EventListenerRegistry access via ServiceRegistry is deprecated.  Use `sessionFactory.getEventEngine().getListenerRegistry()` instead
20:43:02.004 [main] DEBUG org.hibernate.internal.SessionFactoryRegistry - Registering SessionFactory: 42ed94a8-bea1-488a-b06c-66f09fac3ba7 (<unnamed>)
20:43:02.004 [main] DEBUG org.hibernate.internal.SessionFactoryRegistry - Not binding SessionFactory to JNDI, no JNDI name configured
20:43:02.027 [main] DEBUG org.springframework.data.jpa.repository.config.JpaMetamodelMappingContextFactoryBean - Finished initializing JpaMetamodelMappingContext!
20:43:02.074 [main] DEBUG org.springframework.orm.jpa.SharedEntityManagerCreator$SharedEntityManagerInvocationHandler - Creating new EntityManager for shared EntityManager invocation
20:43:02.161 [main] DEBUG org.hibernate.stat.internal.StatisticsInitiator - Statistics initialized [enabled=false]
20:43:02.170 [main] DEBUG org.springframework.orm.jpa.SharedEntityManagerCreator$SharedEntityManagerInvocationHandler - Creating new EntityManager for shared EntityManager invocation
20:43:02.232 [main] DEBUG org.springframework.data.repository.core.support.RepositoryFactorySupport - Initializing repository instance for kz.iitu.itse1907.saylau.repository.CaptainRepository…
20:43:02.267 [main] DEBUG org.springframework.orm.jpa.SharedEntityManagerCreator$SharedEntityManagerInvocationHandler - Creating new EntityManager for shared EntityManager invocation
20:43:02.409 [main] DEBUG org.hibernate.engine.transaction.internal.TransactionImpl - On TransactionImpl creation, JpaCompliance#isJpaTransactionComplianceEnabled == false
20:43:02.409 [main] DEBUG org.springframework.data.jpa.repository.query.NamedQuery - Did not find named query Captain.findCaptainById.count
20:43:02.412 [main] DEBUG org.springframework.orm.jpa.SharedEntityManagerCreator$SharedEntityManagerInvocationHandler - Creating new EntityManager for shared EntityManager invocation
20:43:02.462 [main] DEBUG org.hibernate.hql.internal.QueryTranslatorFactoryInitiator - QueryTranslatorFactory: org.hibernate.hql.internal.ast.ASTQueryTranslatorFactory@213ceb4e
20:43:02.491 [main] DEBUG org.hibernate.hql.internal.ast.QueryTranslatorImpl - parse() - HQL: select c from kz.iitu.itse1907.saylau.entity.Captain c where c.id = :id
20:43:02.497 [main] DEBUG org.hibernate.hql.internal.ast.ErrorTracker - throwQueryException() : no errors
20:43:02.505 [main] DEBUG org.hibernate.hql.internal.ast.QueryTranslatorImpl - --- HQL AST ---
 \-[QUERY] Node: 'query'
    +-[SELECT_FROM] Node: 'SELECT_FROM'
    |  +-[FROM] Node: 'from'
    |  |  \-[RANGE] Node: 'RANGE'
    |  |     +-[DOT] Node: '.'
    |  |     |  +-[DOT] Node: '.'
    |  |     |  |  +-[DOT] Node: '.'
    |  |     |  |  |  +-[DOT] Node: '.'
    |  |     |  |  |  |  +-[DOT] Node: '.'
    |  |     |  |  |  |  |  +-[IDENT] Node: 'kz'
    |  |     |  |  |  |  |  \-[IDENT] Node: 'iitu'
    |  |     |  |  |  |  \-[IDENT] Node: 'itse1907'
    |  |     |  |  |  \-[IDENT] Node: 'saylau'
    |  |     |  |  \-[IDENT] Node: 'entity'
    |  |     |  \-[IDENT] Node: 'Captain'
    |  |     \-[ALIAS] Node: 'c'
    |  \-[SELECT] Node: 'select'
    |     \-[IDENT] Node: 'c'
    \-[WHERE] Node: 'where'
       \-[EQ] Node: '='
          +-[DOT] Node: '.'
          |  +-[IDENT] Node: 'c'
          |  \-[IDENT] Node: 'id'
          \-[COLON] Node: ':'
             \-[IDENT] Node: 'id'

20:43:02.539 [main] DEBUG org.hibernate.hql.internal.antlr.HqlSqlBaseWalker - select << begin [level=1, statement=select]
20:43:02.556 [main] DEBUG org.hibernate.hql.internal.ast.tree.FromElement - FromClause{level=1} : kz.iitu.itse1907.saylau.entity.Captain (c) -> captain0_
20:43:02.558 [main] DEBUG org.hibernate.hql.internal.ast.tree.FromReferenceNode - Resolved : c -> captain0_.id
20:43:02.568 [main] DEBUG org.hibernate.hql.internal.ast.tree.FromReferenceNode - Resolved : c -> captain0_.id
20:43:02.571 [main] DEBUG org.hibernate.hql.internal.ast.tree.DotNode - getDataType() : id -> org.hibernate.type.IntegerType@7e83992
20:43:02.573 [main] DEBUG org.hibernate.hql.internal.ast.tree.FromReferenceNode - Resolved : c.id -> captain0_.id
20:43:02.576 [main] DEBUG org.hibernate.hql.internal.antlr.HqlSqlBaseWalker - select : finishing up [level=1, statement=select]
20:43:02.577 [main] DEBUG org.hibernate.hql.internal.ast.HqlSqlWalker - processQuery() :  ( SELECT ( {select clause} captain0_.id ) ( FromClause{level=1} captain captain0_ ) ( where ( = ( captain0_.id captain0_.id id ) ? ) ) )
20:43:02.588 [main] DEBUG org.hibernate.hql.internal.ast.util.JoinProcessor - Tables referenced from query nodes:
 \-QueryNode
    +-SelectClause
    | referencedTables(entity Captain): [captain]
    |  +-IdentNode
    |  | persister: SingleTableEntityPersister(kz.iitu.itse1907.saylau.entity.Captain)
    |  | originalText: c
    |  \-SqlFragment
    +-FromClause
    |  \-FromElement
    \-SqlNode
       \-BinaryLogicOperatorNode
          +-DotNode
          | persister: SingleTableEntityPersister(kz.iitu.itse1907.saylau.entity.Captain)
          | path: c.id
          |  +-IdentNode
          |  | persister: SingleTableEntityPersister(kz.iitu.itse1907.saylau.entity.Captain)
          |  | originalText: c
          |  \-IdentNode
          |    persister: null
          |    originalText: id
          \-ParameterNode

20:43:02.595 [main] DEBUG org.hibernate.hql.internal.ast.util.JoinProcessor - Using FROM fragment [captain captain0_]
20:43:02.595 [main] DEBUG org.hibernate.hql.internal.antlr.HqlSqlBaseWalker - select >> end [level=1, statement=select]
20:43:02.596 [main] DEBUG org.hibernate.hql.internal.ast.QueryTranslatorImpl - --- SQL AST ---
 \-[SELECT] QueryNode: 'SELECT'  querySpaces (captain)
    +-[SELECT_CLAUSE] SelectClause: '{select clause}'
    |  +-[ALIAS_REF] IdentNode: 'captain0_.id as id1_0_' {alias=c, className=kz.iitu.itse1907.saylau.entity.Captain, tableAlias=captain0_}
    |  \-[SQL_TOKEN] SqlFragment: 'captain0_.Age as age2_0_, captain0_.FirstName as firstnam3_0_, captain0_.LastName as lastname4_0_, captain0_.Rank as rank5_0_'
    +-[FROM] FromClause: 'from' FromClause{level=1, fromElementCounter=1, fromElements=1, fromElementByClassAlias=[c], fromElementByTableAlias=[captain0_], fromElementsByPath=[], collectionJoinFromElementsByPath=[], impliedElements=[]}
    |  \-[FROM_FRAGMENT] FromElement: 'captain captain0_' FromElement{explicit,not a collection join,not a fetch join,fetch non-lazy properties,classAlias=c,role=null,tableName=captain,tableAlias=captain0_,origin=null,columns={,className=kz.iitu.itse1907.saylau.entity.Captain}}
    \-[WHERE] SqlNode: 'where'
       \-[EQ] BinaryLogicOperatorNode: '='
          +-[DOT] DotNode: 'captain0_.id' {propertyName=id,dereferenceType=PRIMITIVE,getPropertyPath=id,path=c.id,tableAlias=captain0_,className=kz.iitu.itse1907.saylau.entity.Captain,classAlias=c}
          |  +-[ALIAS_REF] IdentNode: 'captain0_.id' {alias=c, className=kz.iitu.itse1907.saylau.entity.Captain, tableAlias=captain0_}
          |  \-[IDENT] IdentNode: 'id' {originalText=id}
          \-[NAMED_PARAM] ParameterNode: '?' {name=id, expectedType=org.hibernate.type.IntegerType@7e83992}

20:43:02.596 [main] DEBUG org.hibernate.hql.internal.ast.ErrorTracker - throwQueryException() : no errors
20:43:02.605 [main] DEBUG org.hibernate.hql.internal.ast.QueryTranslatorImpl - HQL: select c from kz.iitu.itse1907.saylau.entity.Captain c where c.id = :id
20:43:02.609 [main] DEBUG org.hibernate.hql.internal.ast.QueryTranslatorImpl - SQL: select captain0_.id as id1_0_, captain0_.Age as age2_0_, captain0_.FirstName as firstnam3_0_, captain0_.LastName as lastname4_0_, captain0_.Rank as rank5_0_ from captain captain0_ where captain0_.id=?
20:43:02.609 [main] DEBUG org.hibernate.hql.internal.ast.ErrorTracker - throwQueryException() : no errors
20:43:02.638 [main] DEBUG org.springframework.data.repository.core.support.RepositoryFactorySupport - Finished creation of repository instance for kz.iitu.itse1907.saylau.repository.CaptainRepository.
20:43:02.662 [main] DEBUG org.springframework.beans.factory.support.DefaultListableBeanFactory - Creating shared instance of singleton bean 'captainController'
20:43:02.671 [main] DEBUG org.springframework.beans.factory.support.DefaultListableBeanFactory - Creating shared instance of singleton bean 'captainRep'
20:43:02.674 [main] DEBUG org.hibernate.integrator.internal.IntegratorServiceImpl - Adding Integrator [org.hibernate.cfg.beanvalidation.BeanValidationIntegrator].
20:43:02.674 [main] DEBUG org.hibernate.integrator.internal.IntegratorServiceImpl - Adding Integrator [org.hibernate.secure.spi.JaccIntegrator].
20:43:02.674 [main] DEBUG org.hibernate.integrator.internal.IntegratorServiceImpl - Adding Integrator [org.hibernate.cache.internal.CollectionCacheInvalidator].
20:43:02.707 [main] DEBUG org.hibernate.boot.jaxb.internal.stax.LocalXmlResourceResolver - Interpreting public/system identifier : [-//Hibernate/Hibernate Configuration DTD 3.0//EN] - [http://www.hibernate.org/dtd/hibernate-configuration-3.0.dtd]
20:43:02.708 [main] DEBUG org.hibernate.boot.jaxb.internal.stax.LocalXmlResourceResolver - Recognized hibernate-configuration identifier; attempting to resolve on classpath under org/hibernate/
20:43:02.715 [main] DEBUG org.hibernate.boot.cfgxml.internal.JaxbCfgProcessor - cfg.xml document did not define namespaces; wrapping in custom event reader to introduce namespace information
20:43:03.059 [main] DEBUG org.hibernate.cfg.Configuration - Building session factory using internal StandardServiceRegistryBuilder
20:43:03.060 [main] DEBUG org.hibernate.service.spi.ServiceBinding - Overriding existing service binding [org.hibernate.secure.spi.JaccService]
20:43:03.060 [main] DEBUG org.hibernate.cfg.Configuration - Building session factory using provided StandardServiceRegistry
20:43:03.060 [main] DEBUG org.hibernate.cache.internal.RegionFactoryInitiator - Cannot default RegionFactory based on registered strategies as `[]` RegionFactory strategies were registered
20:43:03.060 [main] DEBUG org.hibernate.cache.internal.RegionFactoryInitiator - Cache region factory : org.hibernate.cache.internal.NoCachingRegionFactory
20:43:03.060 [main] DEBUG org.hibernate.type.BasicTypeRegistry - Adding type registration boolean -> org.hibernate.type.BooleanType@56e9a474
20:43:03.061 [main] DEBUG org.hibernate.type.BasicTypeRegistry - Adding type registration boolean -> org.hibernate.type.BooleanType@56e9a474
20:43:03.061 [main] DEBUG org.hibernate.type.BasicTypeRegistry - Adding type registration java.lang.Boolean -> org.hibernate.type.BooleanType@56e9a474
20:43:03.061 [main] DEBUG org.hibernate.type.BasicTypeRegistry - Adding type registration numeric_boolean -> org.hibernate.type.NumericBooleanType@38cedb7d
20:43:03.061 [main] DEBUG org.hibernate.type.BasicTypeRegistry - Adding type registration true_false -> org.hibernate.type.TrueFalseType@3f598450
20:43:03.061 [main] DEBUG org.hibernate.type.BasicTypeRegistry - Adding type registration yes_no -> org.hibernate.type.YesNoType@7ed3df3b
20:43:03.061 [main] DEBUG org.hibernate.type.BasicTypeRegistry - Adding type registration byte -> org.hibernate.type.ByteType@2ee48610
20:43:03.061 [main] DEBUG org.hibernate.type.BasicTypeRegistry - Adding type registration byte -> org.hibernate.type.ByteType@2ee48610
20:43:03.061 [main] DEBUG org.hibernate.type.BasicTypeRegistry - Adding type registration java.lang.Byte -> org.hibernate.type.ByteType@2ee48610
20:43:03.061 [main] DEBUG org.hibernate.type.BasicTypeRegistry - Adding type registration character -> org.hibernate.type.CharacterType@12b5736c
20:43:03.061 [main] DEBUG org.hibernate.type.BasicTypeRegistry - Adding type registration char -> org.hibernate.type.CharacterType@12b5736c
20:43:03.061 [main] DEBUG org.hibernate.type.BasicTypeRegistry - Adding type registration java.lang.Character -> org.hibernate.type.CharacterType@12b5736c
20:43:03.061 [main] DEBUG org.hibernate.type.BasicTypeRegistry - Adding type registration short -> org.hibernate.type.ShortType@33a55bd8
20:43:03.061 [main] DEBUG org.hibernate.type.BasicTypeRegistry - Adding type registration short -> org.hibernate.type.ShortType@33a55bd8
20:43:03.061 [main] DEBUG org.hibernate.type.BasicTypeRegistry - Adding type registration java.lang.Short -> org.hibernate.type.ShortType@33a55bd8
20:43:03.061 [main] DEBUG org.hibernate.type.BasicTypeRegistry - Adding type registration integer -> org.hibernate.type.IntegerType@7e83992
20:43:03.061 [main] DEBUG org.hibernate.type.BasicTypeRegistry - Adding type registration int -> org.hibernate.type.IntegerType@7e83992
20:43:03.061 [main] DEBUG org.hibernate.type.BasicTypeRegistry - Adding type registration java.lang.Integer -> org.hibernate.type.IntegerType@7e83992
20:43:03.061 [main] DEBUG org.hibernate.type.BasicTypeRegistry - Adding type registration long -> org.hibernate.type.LongType@d2e6b0b
20:43:03.061 [main] DEBUG org.hibernate.type.BasicTypeRegistry - Adding type registration long -> org.hibernate.type.LongType@d2e6b0b
20:43:03.061 [main] DEBUG org.hibernate.type.BasicTypeRegistry - Adding type registration java.lang.Long -> org.hibernate.type.LongType@d2e6b0b
20:43:03.061 [main] DEBUG org.hibernate.type.BasicTypeRegistry - Adding type registration float -> org.hibernate.type.FloatType@4d0e54e0
20:43:03.061 [main] DEBUG org.hibernate.type.BasicTypeRegistry - Adding type registration float -> org.hibernate.type.FloatType@4d0e54e0
20:43:03.061 [main] DEBUG org.hibernate.type.BasicTypeRegistry - Adding type registration java.lang.Float -> org.hibernate.type.FloatType@4d0e54e0
20:43:03.061 [main] DEBUG org.hibernate.type.BasicTypeRegistry - Adding type registration double -> org.hibernate.type.DoubleType@76ececd
20:43:03.061 [main] DEBUG org.hibernate.type.BasicTypeRegistry - Adding type registration double -> org.hibernate.type.DoubleType@76ececd
20:43:03.061 [main] DEBUG org.hibernate.type.BasicTypeRegistry - Adding type registration java.lang.Double -> org.hibernate.type.DoubleType@76ececd
20:43:03.062 [main] DEBUG org.hibernate.type.BasicTypeRegistry - Adding type registration big_decimal -> org.hibernate.type.BigDecimalType@77fa9381
20:43:03.062 [main] DEBUG org.hibernate.type.BasicTypeRegistry - Adding type registration java.math.BigDecimal -> org.hibernate.type.BigDecimalType@77fa9381
20:43:03.062 [main] DEBUG org.hibernate.type.BasicTypeRegistry - Adding type registration big_integer -> org.hibernate.type.BigIntegerType@2e32fc22
20:43:03.062 [main] DEBUG org.hibernate.type.BasicTypeRegistry - Adding type registration java.math.BigInteger -> org.hibernate.type.BigIntegerType@2e32fc22
20:43:03.062 [main] DEBUG org.hibernate.type.BasicTypeRegistry - Adding type registration string -> org.hibernate.type.StringType@2f14b0f6
20:43:03.062 [main] DEBUG org.hibernate.type.BasicTypeRegistry - Adding type registration java.lang.String -> org.hibernate.type.StringType@2f14b0f6
20:43:03.062 [main] DEBUG org.hibernate.type.BasicTypeRegistry - Adding type registration nstring -> org.hibernate.type.StringNVarcharType@6c479fdf
20:43:03.062 [main] DEBUG org.hibernate.type.BasicTypeRegistry - Adding type registration ncharacter -> org.hibernate.type.CharacterNCharType@5f1483fd
20:43:03.062 [main] DEBUG org.hibernate.type.BasicTypeRegistry - Adding type registration url -> org.hibernate.type.UrlType@630390b9
20:43:03.062 [main] DEBUG org.hibernate.type.BasicTypeRegistry - Adding type registration java.net.URL -> org.hibernate.type.UrlType@630390b9
20:43:03.062 [main] DEBUG org.hibernate.type.BasicTypeRegistry - Adding type registration Duration -> org.hibernate.type.DurationType@45adc393
20:43:03.062 [main] DEBUG org.hibernate.type.BasicTypeRegistry - Adding type registration java.time.Duration -> org.hibernate.type.DurationType@45adc393
20:43:03.062 [main] DEBUG org.hibernate.type.BasicTypeRegistry - Adding type registration Instant -> org.hibernate.type.InstantType@1823b9c4
20:43:03.062 [main] DEBUG org.hibernate.type.BasicTypeRegistry - Adding type registration java.time.Instant -> org.hibernate.type.InstantType@1823b9c4
20:43:03.062 [main] DEBUG org.hibernate.type.BasicTypeRegistry - Adding type registration LocalDateTime -> org.hibernate.type.LocalDateTimeType@10c47c79
20:43:03.062 [main] DEBUG org.hibernate.type.BasicTypeRegistry - Adding type registration java.time.LocalDateTime -> org.hibernate.type.LocalDateTimeType@10c47c79
20:43:03.062 [main] DEBUG org.hibernate.type.BasicTypeRegistry - Adding type registration LocalDate -> org.hibernate.type.LocalDateType@3bf54172
20:43:03.062 [main] DEBUG org.hibernate.type.BasicTypeRegistry - Adding type registration java.time.LocalDate -> org.hibernate.type.LocalDateType@3bf54172
20:43:03.062 [main] DEBUG org.hibernate.type.BasicTypeRegistry - Adding type registration LocalTime -> org.hibernate.type.LocalTimeType@3ba0ae41
20:43:03.062 [main] DEBUG org.hibernate.type.BasicTypeRegistry - Adding type registration java.time.LocalTime -> org.hibernate.type.LocalTimeType@3ba0ae41
20:43:03.062 [main] DEBUG org.hibernate.type.BasicTypeRegistry - Adding type registration OffsetDateTime -> org.hibernate.type.OffsetDateTimeType@32a2a6be
20:43:03.062 [main] DEBUG org.hibernate.type.BasicTypeRegistry - Adding type registration java.time.OffsetDateTime -> org.hibernate.type.OffsetDateTimeType@32a2a6be
20:43:03.062 [main] DEBUG org.hibernate.type.BasicTypeRegistry - Adding type registration OffsetTime -> org.hibernate.type.OffsetTimeType@6d0be7ab
20:43:03.062 [main] DEBUG org.hibernate.type.BasicTypeRegistry - Adding type registration java.time.OffsetTime -> org.hibernate.type.OffsetTimeType@6d0be7ab
20:43:03.062 [main] DEBUG org.hibernate.type.BasicTypeRegistry - Adding type registration ZonedDateTime -> org.hibernate.type.ZonedDateTimeType@9301672
20:43:03.062 [main] DEBUG org.hibernate.type.BasicTypeRegistry - Adding type registration java.time.ZonedDateTime -> org.hibernate.type.ZonedDateTimeType@9301672
20:43:03.062 [main] DEBUG org.hibernate.type.BasicTypeRegistry - Adding type registration date -> org.hibernate.type.DateType@45c9b3
20:43:03.063 [main] DEBUG org.hibernate.type.BasicTypeRegistry - Adding type registration java.sql.Date -> org.hibernate.type.DateType@45c9b3
20:43:03.063 [main] DEBUG org.hibernate.type.BasicTypeRegistry - Adding type registration time -> org.hibernate.type.TimeType@276cc8dc
20:43:03.063 [main] DEBUG org.hibernate.type.BasicTypeRegistry - Adding type registration java.sql.Time -> org.hibernate.type.TimeType@276cc8dc
20:43:03.063 [main] DEBUG org.hibernate.type.BasicTypeRegistry - Adding type registration timestamp -> org.hibernate.type.TimestampType@1c3259fa
20:43:03.063 [main] DEBUG org.hibernate.type.BasicTypeRegistry - Adding type registration java.sql.Timestamp -> org.hibernate.type.TimestampType@1c3259fa
20:43:03.063 [main] DEBUG org.hibernate.type.BasicTypeRegistry - Adding type registration java.util.Date -> org.hibernate.type.TimestampType@1c3259fa
20:43:03.063 [main] DEBUG org.hibernate.type.BasicTypeRegistry - Adding type registration dbtimestamp -> org.hibernate.type.DbTimestampType@73aeef7d
20:43:03.063 [main] DEBUG org.hibernate.type.BasicTypeRegistry - Adding type registration calendar -> org.hibernate.type.CalendarType@52b46d52
20:43:03.063 [main] DEBUG org.hibernate.type.BasicTypeRegistry - Adding type registration java.util.Calendar -> org.hibernate.type.CalendarType@52b46d52
20:43:03.063 [main] DEBUG org.hibernate.type.BasicTypeRegistry - Adding type registration java.util.GregorianCalendar -> org.hibernate.type.CalendarType@52b46d52
20:43:03.063 [main] DEBUG org.hibernate.type.BasicTypeRegistry - Adding type registration calendar_date -> org.hibernate.type.CalendarDateType@163042ea
20:43:03.063 [main] DEBUG org.hibernate.type.BasicTypeRegistry - Adding type registration calendar_time -> org.hibernate.type.CalendarTimeType@7ec95456
20:43:03.063 [main] DEBUG org.hibernate.type.BasicTypeRegistry - Adding type registration locale -> org.hibernate.type.LocaleType@748ac6f3
20:43:03.063 [main] DEBUG org.hibernate.type.BasicTypeRegistry - Adding type registration java.util.Locale -> org.hibernate.type.LocaleType@748ac6f3
20:43:03.063 [main] DEBUG org.hibernate.type.BasicTypeRegistry - Adding type registration currency -> org.hibernate.type.CurrencyType@46911148
20:43:03.063 [main] DEBUG org.hibernate.type.BasicTypeRegistry - Adding type registration java.util.Currency -> org.hibernate.type.CurrencyType@46911148
20:43:03.064 [main] DEBUG org.hibernate.type.BasicTypeRegistry - Adding type registration timezone -> org.hibernate.type.TimeZoneType@58658f63
20:43:03.064 [main] DEBUG org.hibernate.type.BasicTypeRegistry - Adding type registration java.util.TimeZone -> org.hibernate.type.TimeZoneType@58658f63
20:43:03.064 [main] DEBUG org.hibernate.type.BasicTypeRegistry - Adding type registration class -> org.hibernate.type.ClassType@21263314
20:43:03.064 [main] DEBUG org.hibernate.type.BasicTypeRegistry - Adding type registration java.lang.Class -> org.hibernate.type.ClassType@21263314
20:43:03.064 [main] DEBUG org.hibernate.type.BasicTypeRegistry - Adding type registration uuid-binary -> org.hibernate.type.UUIDBinaryType@71ed560f
20:43:03.064 [main] DEBUG org.hibernate.type.BasicTypeRegistry - Adding type registration java.util.UUID -> org.hibernate.type.UUIDBinaryType@71ed560f
20:43:03.064 [main] DEBUG org.hibernate.type.BasicTypeRegistry - Adding type registration uuid-char -> org.hibernate.type.UUIDCharType@1bf14704
20:43:03.064 [main] DEBUG org.hibernate.type.BasicTypeRegistry - Adding type registration binary -> org.hibernate.type.BinaryType@14c93774
20:43:03.064 [main] DEBUG org.hibernate.type.BasicTypeRegistry - Adding type registration byte[] -> org.hibernate.type.BinaryType@14c93774
20:43:03.064 [main] DEBUG org.hibernate.type.BasicTypeRegistry - Adding type registration [B -> org.hibernate.type.BinaryType@14c93774
20:43:03.064 [main] DEBUG org.hibernate.type.BasicTypeRegistry - Adding type registration wrapper-binary -> org.hibernate.type.WrapperBinaryType@430b2699
20:43:03.064 [main] DEBUG org.hibernate.type.BasicTypeRegistry - Adding type registration Byte[] -> org.hibernate.type.WrapperBinaryType@430b2699
20:43:03.064 [main] DEBUG org.hibernate.type.BasicTypeRegistry - Adding type registration [Ljava.lang.Byte; -> org.hibernate.type.WrapperBinaryType@430b2699
20:43:03.064 [main] DEBUG org.hibernate.type.BasicTypeRegistry - Adding type registration row_version -> org.hibernate.type.RowVersionType@29c17c3d
20:43:03.064 [main] DEBUG org.hibernate.type.BasicTypeRegistry - Adding type registration image -> org.hibernate.type.ImageType@4f654cee
20:43:03.064 [main] DEBUG org.hibernate.type.BasicTypeRegistry - Adding type registration characters -> org.hibernate.type.CharArrayType@7134b8a7
20:43:03.064 [main] DEBUG org.hibernate.type.BasicTypeRegistry - Adding type registration char[] -> org.hibernate.type.CharArrayType@7134b8a7
20:43:03.064 [main] DEBUG org.hibernate.type.BasicTypeRegistry - Adding type registration [C -> org.hibernate.type.CharArrayType@7134b8a7
20:43:03.065 [main] DEBUG org.hibernate.type.BasicTypeRegistry - Adding type registration wrapper-characters -> org.hibernate.type.CharacterArrayType@51b77cdf
20:43:03.065 [main] DEBUG org.hibernate.type.BasicTypeRegistry - Adding type registration [Ljava.lang.Character; -> org.hibernate.type.CharacterArrayType@51b77cdf
20:43:03.065 [main] DEBUG org.hibernate.type.BasicTypeRegistry - Adding type registration Character[] -> org.hibernate.type.CharacterArrayType@51b77cdf
20:43:03.065 [main] DEBUG org.hibernate.type.BasicTypeRegistry - Adding type registration text -> org.hibernate.type.TextType@2f10f633
20:43:03.065 [main] DEBUG org.hibernate.type.BasicTypeRegistry - Adding type registration ntext -> org.hibernate.type.NTextType@a09303
20:43:03.065 [main] DEBUG org.hibernate.type.BasicTypeRegistry - Adding type registration blob -> org.hibernate.type.BlobType@726934e2
20:43:03.065 [main] DEBUG org.hibernate.type.BasicTypeRegistry - Adding type registration java.sql.Blob -> org.hibernate.type.BlobType@726934e2
20:43:03.065 [main] DEBUG org.hibernate.type.BasicTypeRegistry - Adding type registration materialized_blob -> org.hibernate.type.MaterializedBlobType@798dad3d
20:43:03.065 [main] DEBUG org.hibernate.type.BasicTypeRegistry - Adding type registration clob -> org.hibernate.type.ClobType@5568c66f
20:43:03.065 [main] DEBUG org.hibernate.type.BasicTypeRegistry - Adding type registration java.sql.Clob -> org.hibernate.type.ClobType@5568c66f
20:43:03.065 [main] DEBUG org.hibernate.type.BasicTypeRegistry - Adding type registration nclob -> org.hibernate.type.NClobType@68e02f33
20:43:03.065 [main] DEBUG org.hibernate.type.BasicTypeRegistry - Adding type registration java.sql.NClob -> org.hibernate.type.NClobType@68e02f33
20:43:03.066 [main] DEBUG org.hibernate.type.BasicTypeRegistry - Adding type registration materialized_clob -> org.hibernate.type.MaterializedClobType@158ae284
20:43:03.066 [main] DEBUG org.hibernate.type.BasicTypeRegistry - Adding type registration materialized_nclob -> org.hibernate.type.MaterializedNClobType@7235f92b
20:43:03.066 [main] DEBUG org.hibernate.type.BasicTypeRegistry - Adding type registration serializable -> org.hibernate.type.SerializableType@3af58f76
20:43:03.066 [main] DEBUG org.hibernate.type.BasicTypeRegistry - Adding type registration object -> org.hibernate.type.ObjectType@1b410308
20:43:03.066 [main] DEBUG org.hibernate.type.BasicTypeRegistry - Adding type registration java.lang.Object -> org.hibernate.type.ObjectType@1b410308
20:43:03.066 [main] DEBUG org.hibernate.type.BasicTypeRegistry - Adding type registration imm_date -> org.hibernate.type.AdaptedImmutableType@3c68e82
20:43:03.066 [main] DEBUG org.hibernate.type.BasicTypeRegistry - Adding type registration imm_time -> org.hibernate.type.AdaptedImmutableType@1e66bf2d
20:43:03.066 [main] DEBUG org.hibernate.type.BasicTypeRegistry - Adding type registration imm_timestamp -> org.hibernate.type.AdaptedImmutableType@7112fa5
20:43:03.067 [main] DEBUG org.hibernate.type.BasicTypeRegistry - Adding type registration imm_dbtimestamp -> org.hibernate.type.AdaptedImmutableType@342dc040
20:43:03.067 [main] DEBUG org.hibernate.type.BasicTypeRegistry - Adding type registration imm_calendar -> org.hibernate.type.AdaptedImmutableType@3a8ead9
20:43:03.067 [main] DEBUG org.hibernate.type.BasicTypeRegistry - Adding type registration imm_calendar_date -> org.hibernate.type.AdaptedImmutableType@281ca256
20:43:03.067 [main] DEBUG org.hibernate.type.BasicTypeRegistry - Adding type registration imm_binary -> org.hibernate.type.AdaptedImmutableType@26feccf7
20:43:03.067 [main] DEBUG org.hibernate.type.BasicTypeRegistry - Adding type registration imm_serializable -> org.hibernate.type.AdaptedImmutableType@7c8b37a8
20:43:03.071 [main] DEBUG org.hibernate.id.factory.internal.DefaultIdentifierGeneratorFactory - Registering IdentifierGenerator strategy [uuid2] -> [org.hibernate.id.UUIDGenerator]
20:43:03.071 [main] DEBUG org.hibernate.id.factory.internal.DefaultIdentifierGeneratorFactory - Registering IdentifierGenerator strategy [guid] -> [org.hibernate.id.GUIDGenerator]
20:43:03.071 [main] DEBUG org.hibernate.id.factory.internal.DefaultIdentifierGeneratorFactory - Registering IdentifierGenerator strategy [uuid] -> [org.hibernate.id.UUIDHexGenerator]
20:43:03.071 [main] DEBUG org.hibernate.id.factory.internal.DefaultIdentifierGeneratorFactory - Registering IdentifierGenerator strategy [uuid.hex] -> [org.hibernate.id.UUIDHexGenerator]
20:43:03.071 [main] DEBUG org.hibernate.id.factory.internal.DefaultIdentifierGeneratorFactory - Registering IdentifierGenerator strategy [assigned] -> [org.hibernate.id.Assigned]
20:43:03.072 [main] DEBUG org.hibernate.id.factory.internal.DefaultIdentifierGeneratorFactory - Registering IdentifierGenerator strategy [identity] -> [org.hibernate.id.IdentityGenerator]
20:43:03.072 [main] DEBUG org.hibernate.id.factory.internal.DefaultIdentifierGeneratorFactory - Registering IdentifierGenerator strategy [select] -> [org.hibernate.id.SelectGenerator]
20:43:03.072 [main] DEBUG org.hibernate.id.factory.internal.DefaultIdentifierGeneratorFactory - Registering IdentifierGenerator strategy [sequence] -> [org.hibernate.id.enhanced.SequenceStyleGenerator]
20:43:03.072 [main] DEBUG org.hibernate.id.factory.internal.DefaultIdentifierGeneratorFactory - Registering IdentifierGenerator strategy [seqhilo] -> [org.hibernate.id.SequenceHiLoGenerator]
20:43:03.072 [main] DEBUG org.hibernate.id.factory.internal.DefaultIdentifierGeneratorFactory - Registering IdentifierGenerator strategy [increment] -> [org.hibernate.id.IncrementGenerator]
20:43:03.072 [main] DEBUG org.hibernate.id.factory.internal.DefaultIdentifierGeneratorFactory - Registering IdentifierGenerator strategy [foreign] -> [org.hibernate.id.ForeignGenerator]
20:43:03.072 [main] DEBUG org.hibernate.id.factory.internal.DefaultIdentifierGeneratorFactory - Registering IdentifierGenerator strategy [sequence-identity] -> [org.hibernate.id.SequenceIdentityGenerator]
20:43:03.072 [main] DEBUG org.hibernate.id.factory.internal.DefaultIdentifierGeneratorFactory - Registering IdentifierGenerator strategy [enhanced-sequence] -> [org.hibernate.id.enhanced.SequenceStyleGenerator]
20:43:03.072 [main] DEBUG org.hibernate.id.factory.internal.DefaultIdentifierGeneratorFactory - Registering IdentifierGenerator strategy [enhanced-table] -> [org.hibernate.id.enhanced.TableGenerator]
20:43:03.075 [main] WARN org.hibernate.orm.connections.pooling - HHH10001002: Using Hibernate built-in connection pool (not for production use!)
20:43:03.077 [main] INFO org.hibernate.orm.connections.pooling - HHH10001005: using driver [org.postgresql.Driver] at URL [jdbc:postgresql://localhost:5432/Army]
20:43:03.078 [main] INFO org.hibernate.orm.connections.pooling - HHH10001001: Connection properties: {password=Almaz123, user=postgres}
20:43:03.078 [main] INFO org.hibernate.orm.connections.pooling - HHH10001003: Autocommit mode: false
20:43:03.082 [main] DEBUG org.hibernate.engine.jdbc.connections.internal.DriverManagerConnectionProviderImpl - Initializing Connection pool with 1 Connections
20:43:03.082 [main] INFO org.hibernate.engine.jdbc.connections.internal.DriverManagerConnectionProviderImpl - HHH000115: Hibernate connection pool size: 20 (min=1)
20:43:03.128 [main] DEBUG org.hibernate.engine.jdbc.env.internal.JdbcEnvironmentInitiator - Database ->
       name : PostgreSQL
    version : 13.0
      major : 13
      minor : 0
20:43:03.128 [main] DEBUG org.hibernate.engine.jdbc.env.internal.JdbcEnvironmentInitiator - Driver ->
       name : PostgreSQL JDBC Driver
    version : 42.3.3
      major : 42
      minor : 3
20:43:03.128 [main] DEBUG org.hibernate.engine.jdbc.env.internal.JdbcEnvironmentInitiator - JDBC version : 4.2
20:43:03.128 [main] INFO org.hibernate.dialect.Dialect - HHH000400: Using dialect: org.hibernate.dialect.PostgreSQLDialect
20:43:03.128 [main] DEBUG org.hibernate.engine.jdbc.env.spi.IdentifierHelperBuilder - JDBC driver metadata reported database stores quoted identifiers in neither upper, lower nor mixed case
20:43:03.132 [main] DEBUG org.hibernate.type.BasicTypeRegistry - Adding type registration pg-uuid -> org.hibernate.type.PostgresUUIDType@16e99306
20:43:03.132 [main] DEBUG org.hibernate.type.BasicTypeRegistry - Adding type registration java.util.UUID -> org.hibernate.type.PostgresUUIDType@16e99306
20:43:03.132 [main] DEBUG org.hibernate.type.BasicTypeRegistry - HHH000270: Type registration [java.util.UUID] overrides previous : org.hibernate.type.UUIDBinaryType@71ed560f
20:43:03.133 [main] DEBUG org.hibernate.type.spi.TypeConfiguration$Scope - Scoping TypeConfiguration [org.hibernate.type.spi.TypeConfiguration@59929ac] to MetadataBuildingContext [org.hibernate.boot.internal.MetadataBuildingContextRootImpl@4e9bd2c8]
20:43:03.133 [main] DEBUG org.hibernate.boot.model.relational.Namespace - Created database namespace [logicalName=Name{catalog=null, schema=null}, physicalName=Name{catalog=null, schema=null}]
20:43:03.133 [main] DEBUG org.hibernate.cfg.AnnotationBinder - Binding entity from annotated class: kz.iitu.itse1907.saylau.entity.Captain
20:43:03.133 [main] DEBUG org.hibernate.cfg.Ejb3Column - Binding column: Ejb3DiscriminatorColumn{logicalColumnName'DTYPE', discriminatorTypeName='string'}
20:43:03.134 [main] DEBUG org.hibernate.cfg.annotations.EntityBinder - Import with entity name Captain
20:43:03.134 [main] DEBUG org.hibernate.cfg.annotations.EntityBinder - Bind entity kz.iitu.itse1907.saylau.entity.Captain on table captain
20:43:03.134 [main] DEBUG org.hibernate.cfg.Ejb3Column - Binding column: Ejb3Column{table=org.hibernate.mapping.Table(captain), mappingColumn=id, insertable=true, updatable=true, unique=false}
20:43:03.134 [main] DEBUG org.hibernate.boot.internal.ClassLoaderAccessImpl - Not known whether passed class name [kz.iitu.itse1907.saylau.entity.Captain] is safe
20:43:03.134 [main] DEBUG org.hibernate.boot.internal.ClassLoaderAccessImpl - No temp ClassLoader provided; using live ClassLoader for loading potentially unsafe class : kz.iitu.itse1907.saylau.entity.Captain
20:43:03.134 [main] DEBUG org.hibernate.cfg.annotations.PropertyBinder - MetadataSourceProcessor property id with lazy=false
20:43:03.134 [main] DEBUG org.hibernate.cfg.AbstractPropertyHolder - Attempting to locate auto-apply AttributeConverter for property [kz.iitu.itse1907.saylau.entity.Captain:id]
20:43:03.135 [main] DEBUG org.hibernate.cfg.annotations.SimpleValueBinder - building SimpleValue for id
20:43:03.135 [main] DEBUG org.hibernate.cfg.annotations.PropertyBinder - Building property id
20:43:03.135 [main] DEBUG org.hibernate.cfg.BinderHelper - #makeIdGenerator(org.hibernate.mapping.SimpleValue([org.hibernate.mapping.Column(id)]), id, identity, , ...)
20:43:03.135 [main] DEBUG org.hibernate.cfg.Ejb3Column - Binding column: Ejb3Column{table=org.hibernate.mapping.Table(captain), mappingColumn=Age, insertable=true, updatable=true, unique=false}
20:43:03.135 [main] DEBUG org.hibernate.cfg.annotations.PropertyBinder - MetadataSourceProcessor property age with lazy=false
20:43:03.135 [main] DEBUG org.hibernate.cfg.AbstractPropertyHolder - Attempting to locate auto-apply AttributeConverter for property [kz.iitu.itse1907.saylau.entity.Captain:age]
20:43:03.135 [main] DEBUG org.hibernate.cfg.annotations.SimpleValueBinder - building SimpleValue for age
20:43:03.135 [main] DEBUG org.hibernate.cfg.annotations.PropertyBinder - Building property age
20:43:03.135 [main] DEBUG org.hibernate.cfg.Ejb3Column - Binding column: Ejb3Column{table=org.hibernate.mapping.Table(captain), mappingColumn=FirstName, insertable=true, updatable=true, unique=false}
20:43:03.135 [main] DEBUG org.hibernate.cfg.annotations.PropertyBinder - MetadataSourceProcessor property first_name with lazy=false
20:43:03.135 [main] DEBUG org.hibernate.cfg.AbstractPropertyHolder - Attempting to locate auto-apply AttributeConverter for property [kz.iitu.itse1907.saylau.entity.Captain:first_name]
20:43:03.135 [main] DEBUG org.hibernate.cfg.annotations.SimpleValueBinder - building SimpleValue for first_name
20:43:03.135 [main] DEBUG org.hibernate.cfg.annotations.PropertyBinder - Building property first_name
20:43:03.136 [main] DEBUG org.hibernate.cfg.Ejb3Column - Binding column: Ejb3Column{table=org.hibernate.mapping.Table(captain), mappingColumn=LastName, insertable=true, updatable=true, unique=false}
20:43:03.136 [main] DEBUG org.hibernate.cfg.annotations.PropertyBinder - MetadataSourceProcessor property last_name with lazy=false
20:43:03.136 [main] DEBUG org.hibernate.cfg.AbstractPropertyHolder - Attempting to locate auto-apply AttributeConverter for property [kz.iitu.itse1907.saylau.entity.Captain:last_name]
20:43:03.136 [main] DEBUG org.hibernate.cfg.annotations.SimpleValueBinder - building SimpleValue for last_name
20:43:03.136 [main] DEBUG org.hibernate.cfg.annotations.PropertyBinder - Building property last_name
20:43:03.136 [main] DEBUG org.hibernate.cfg.Ejb3Column - Binding column: Ejb3Column{table=org.hibernate.mapping.Table(captain), mappingColumn=Rank, insertable=true, updatable=true, unique=false}
20:43:03.136 [main] DEBUG org.hibernate.cfg.annotations.PropertyBinder - MetadataSourceProcessor property rank with lazy=false
20:43:03.136 [main] DEBUG org.hibernate.cfg.AbstractPropertyHolder - Attempting to locate auto-apply AttributeConverter for property [kz.iitu.itse1907.saylau.entity.Captain:rank]
20:43:03.136 [main] DEBUG org.hibernate.cfg.annotations.SimpleValueBinder - building SimpleValue for rank
20:43:03.136 [main] DEBUG org.hibernate.cfg.annotations.PropertyBinder - Building property rank
20:43:03.136 [main] DEBUG org.hibernate.jpa.event.internal.CallbackDefinitionResolverLegacyImpl - Adding onPreUpdate as PreUpdate callback for entity kz.iitu.itse1907.saylau.entity.Captain
20:43:03.136 [main] DEBUG org.hibernate.jpa.event.internal.CallbackDefinitionResolverLegacyImpl - Adding onPrePersist as PrePersist callback for entity kz.iitu.itse1907.saylau.entity.Captain
20:43:03.137 [main] DEBUG org.hibernate.jpa.event.internal.CallbackDefinitionResolverLegacyImpl - Adding onPreRemove as PreRemove callback for entity kz.iitu.itse1907.saylau.entity.Captain
20:43:03.138 [main] DEBUG org.hibernate.cfg.annotations.SimpleValueBinder - Starting fillSimpleValue for id
20:43:03.138 [main] DEBUG org.hibernate.cfg.annotations.SimpleValueBinder - Starting fillSimpleValue for age
20:43:03.138 [main] DEBUG org.hibernate.cfg.annotations.SimpleValueBinder - Starting fillSimpleValue for first_name
20:43:03.138 [main] DEBUG org.hibernate.cfg.annotations.SimpleValueBinder - Starting fillSimpleValue for last_name
20:43:03.138 [main] DEBUG org.hibernate.cfg.annotations.SimpleValueBinder - Starting fillSimpleValue for rank
20:43:03.138 [main] DEBUG org.hibernate.mapping.PrimaryKey - Forcing column [id] to be non-null as it is part of the primary key for table [captain]
20:43:03.141 [main] DEBUG org.hibernate.internal.SessionFactoryImpl - Building session factory
20:43:03.141 [main] DEBUG org.hibernate.cfg.Settings - SessionFactory name : null
20:43:03.141 [main] DEBUG org.hibernate.cfg.Settings - Automatic flush during beforeCompletion(): enabled
20:43:03.141 [main] DEBUG org.hibernate.cfg.Settings - Automatic session close at end of transaction: disabled
20:43:03.141 [main] DEBUG org.hibernate.cfg.Settings - Statistics: disabled
20:43:03.141 [main] DEBUG org.hibernate.cfg.Settings - Deleted entity synthetic identifier rollback: disabled
20:43:03.141 [main] DEBUG org.hibernate.cfg.Settings - Default entity-mode: pojo
20:43:03.141 [main] DEBUG org.hibernate.cfg.Settings - Check Nullability in Core (should be disabled when Bean Validation is on): enabled
20:43:03.141 [main] DEBUG org.hibernate.cfg.Settings - Allow initialization of lazy state outside session : disabled
20:43:03.141 [main] DEBUG org.hibernate.cfg.Settings - Using BatchFetchStyle : LEGACY
20:43:03.141 [main] DEBUG org.hibernate.cfg.Settings - Default batch fetch size: -1
20:43:03.141 [main] DEBUG org.hibernate.cfg.Settings - Maximum outer join fetch depth: null
20:43:03.141 [main] DEBUG org.hibernate.cfg.Settings - Default null ordering: NONE
20:43:03.141 [main] DEBUG org.hibernate.cfg.Settings - Order SQL updates by primary key: disabled
20:43:03.141 [main] DEBUG org.hibernate.cfg.Settings - Order SQL inserts for batching: disabled
20:43:03.141 [main] DEBUG org.hibernate.cfg.Settings - multi-tenancy strategy : NONE
20:43:03.141 [main] DEBUG org.hibernate.cfg.Settings - JTA Track by Thread: enabled
20:43:03.141 [main] DEBUG org.hibernate.cfg.Settings - Query language substitutions: {}
20:43:03.141 [main] DEBUG org.hibernate.cfg.Settings - Named query checking : enabled
20:43:03.141 [main] DEBUG org.hibernate.cfg.Settings - Second-level cache: disabled
20:43:03.141 [main] DEBUG org.hibernate.cfg.Settings - Second-level query cache: disabled
20:43:03.141 [main] DEBUG org.hibernate.cfg.Settings - Second-level query cache factory: null
20:43:03.142 [main] DEBUG org.hibernate.cfg.Settings - Second-level cache region prefix: null
20:43:03.142 [main] DEBUG org.hibernate.cfg.Settings - Optimize second-level cache for minimal puts: disabled
20:43:03.142 [main] DEBUG org.hibernate.cfg.Settings - Structured second-level cache entries: disabled
20:43:03.142 [main] DEBUG org.hibernate.cfg.Settings - Second-level cache direct-reference entries: disabled
20:43:03.142 [main] DEBUG org.hibernate.cfg.Settings - Automatic eviction of collection cache: disabled
20:43:03.142 [main] DEBUG org.hibernate.cfg.Settings - JDBC batch size: 15
20:43:03.142 [main] DEBUG org.hibernate.cfg.Settings - JDBC batch updates for versioned data: enabled
20:43:03.142 [main] DEBUG org.hibernate.cfg.Settings - Scrollable result sets: enabled
20:43:03.142 [main] DEBUG org.hibernate.cfg.Settings - Wrap result sets: disabled
20:43:03.142 [main] DEBUG org.hibernate.cfg.Settings - JDBC3 getGeneratedKeys(): enabled
20:43:03.142 [main] DEBUG org.hibernate.cfg.Settings - JDBC result set fetch size: null
20:43:03.142 [main] DEBUG org.hibernate.cfg.Settings - Connection release mode: AFTER_TRANSACTION
20:43:03.142 [main] DEBUG org.hibernate.cfg.Settings - Generate SQL with comments: disabled
20:43:03.142 [main] DEBUG org.hibernate.cfg.Settings - JPA compliance - query : disabled
20:43:03.142 [main] DEBUG org.hibernate.cfg.Settings - JPA compliance - closed-handling : disabled
20:43:03.142 [main] DEBUG org.hibernate.cfg.Settings - JPA compliance - lists : disabled
20:43:03.142 [main] DEBUG org.hibernate.cfg.Settings - JPA compliance - transactions : disabled
20:43:03.145 [main] DEBUG org.hibernate.service.internal.SessionFactoryServiceRegistryImpl - EventListenerRegistry access via ServiceRegistry is deprecated.  Use `sessionFactory.getEventEngine().getListenerRegistry()` instead
20:43:03.145 [main] DEBUG org.hibernate.service.internal.SessionFactoryServiceRegistryImpl - EventListenerRegistry access via ServiceRegistry is deprecated.  Use `sessionFactory.getEventEngine().getListenerRegistry()` instead
20:43:03.145 [main] DEBUG org.hibernate.internal.SessionFactoryImpl - Session factory constructed with filter configurations : {}
20:43:03.146 [main] DEBUG org.hibernate.internal.SessionFactoryImpl - Instantiating session factory with properties: {sun.desktop=windows, awt.toolkit=sun.awt.windows.WToolkit, java.specification.version=11, sun.cpu.isalist=amd64, sun.jnu.encoding=Cp1251, hibernate.dialect=org.hibernate.dialect.PostgreSQLDialect, java.class.path=C:\Users\almaz\OneDrive\Рабочий стол\Lab8\target\test-classes;C:\Users\almaz\OneDrive\Рабочий стол\Lab8\target\classes;C:\Users\almaz\.m2\repository\org\springframework\boot\spring-boot-starter-batch\2.6.3\spring-boot-starter-batch-2.6.3.jar;C:\Users\almaz\.m2\repository\org\springframework\boot\spring-boot-starter-jdbc\2.6.3\spring-boot-starter-jdbc-2.6.3.jar;C:\Users\almaz\.m2\repository\com\zaxxer\HikariCP\4.0.3\HikariCP-4.0.3.jar;C:\Users\almaz\.m2\repository\org\springframework\spring-jdbc\5.3.15\spring-jdbc-5.3.15.jar;C:\Users\almaz\.m2\repository\org\springframework\boot\spring-boot-starter-data-jpa\2.6.3\spring-boot-starter-data-jpa-2.6.3.jar;C:\Users\almaz\.m2\repository\org\springframework\boot\spring-boot-starter-aop\2.6.3\spring-boot-starter-aop-2.6.3.jar;C:\Users\almaz\.m2\repository\jakarta\transaction\jakarta.transaction-api\1.3.3\jakarta.transaction-api-1.3.3.jar;C:\Users\almaz\.m2\repository\jakarta\persistence\jakarta.persistence-api\2.2.3\jakarta.persistence-api-2.2.3.jar;C:\Users\almaz\.m2\repository\org\springframework\spring-aspects\5.3.15\spring-aspects-5.3.15.jar;C:\Users\almaz\.m2\repository\org\projectlombok\lombok\1.18.22\lombok-1.18.22.jar;C:\Users\almaz\.m2\repository\org\springframework\data\spring-data-jpa\2.6.1\spring-data-jpa-2.6.1.jar;C:\Users\almaz\.m2\repository\org\springframework\data\spring-data-commons\2.6.1\spring-data-commons-2.6.1.jar;C:\Users\almaz\.m2\repository\org\springframework\spring-orm\5.3.15\spring-orm-5.3.15.jar;C:\Users\almaz\.m2\repository\org\springframework\spring-aop\5.3.15\spring-aop-5.3.15.jar;C:\Users\almaz\.m2\repository\org\springframework\spring-tx\5.3.15\spring-tx-5.3.15.jar;C:\Users\almaz\.m2\repository\org\slf4j\slf4j-api\1.7.33\slf4j-api-1.7.33.jar;C:\Users\almaz\.m2\repository\jakarta\validation\jakarta.validation-api\2.0.2\jakarta.validation-api-2.0.2.jar;C:\Users\almaz\.m2\repository\org\springframework\boot\spring-boot-starter\2.6.3\spring-boot-starter-2.6.3.jar;C:\Users\almaz\.m2\repository\org\springframework\boot\spring-boot\2.6.3\spring-boot-2.6.3.jar;C:\Users\almaz\.m2\repository\org\springframework\boot\spring-boot-autoconfigure\2.6.3\spring-boot-autoconfigure-2.6.3.jar;C:\Users\almaz\.m2\repository\org\springframework\boot\spring-boot-starter-logging\2.6.3\spring-boot-starter-logging-2.6.3.jar;C:\Users\almaz\.m2\repository\ch\qos\logback\logback-classic\1.2.10\logback-classic-1.2.10.jar;C:\Users\almaz\.m2\repository\ch\qos\logback\logback-core\1.2.10\logback-core-1.2.10.jar;C:\Users\almaz\.m2\repository\org\apache\logging\log4j\log4j-to-slf4j\2.17.1\log4j-to-slf4j-2.17.1.jar;C:\Users\almaz\.m2\repository\org\apache\logging\log4j\log4j-api\2.17.1\log4j-api-2.17.1.jar;C:\Users\almaz\.m2\repository\org\slf4j\jul-to-slf4j\1.7.33\jul-to-slf4j-1.7.33.jar;C:\Users\almaz\.m2\repository\jakarta\annotation\jakarta.annotation-api\1.3.5\jakarta.annotation-api-1.3.5.jar;C:\Users\almaz\.m2\repository\org\yaml\snakeyaml\1.29\snakeyaml-1.29.jar;C:\Users\almaz\.m2\repository\org\springframework\boot\spring-boot-starter-test\2.6.3\spring-boot-starter-test-2.6.3.jar;C:\Users\almaz\.m2\repository\org\springframework\boot\spring-boot-test\2.6.3\spring-boot-test-2.6.3.jar;C:\Users\almaz\.m2\repository\org\springframework\boot\spring-boot-test-autoconfigure\2.6.3\spring-boot-test-autoconfigure-2.6.3.jar;C:\Users\almaz\.m2\repository\com\jayway\jsonpath\json-path\2.6.0\json-path-2.6.0.jar;C:\Users\almaz\.m2\repository\net\minidev\json-smart\2.4.7\json-smart-2.4.7.jar;C:\Users\almaz\.m2\repository\net\minidev\accessors-smart\2.4.7\accessors-smart-2.4.7.jar;C:\Users\almaz\.m2\repository\org\ow2\asm\asm\9.1\asm-9.1.jar;C:\Users\almaz\.m2\repository\jakarta\xml\bind\jakarta.xml.bind-api\2.3.3\jakarta.xml.bind-api-2.3.3.jar;C:\Users\almaz\.m2\repository\jakarta\activation\jakarta.activation-api\1.2.2\jakarta.activation-api-1.2.2.jar;C:\Users\almaz\.m2\repository\org\assertj\assertj-core\3.21.0\assertj-core-3.21.0.jar;C:\Users\almaz\.m2\repository\org\hamcrest\hamcrest\2.2\hamcrest-2.2.jar;C:\Users\almaz\.m2\repository\org\junit\jupiter\junit-jupiter\5.8.2\junit-jupiter-5.8.2.jar;C:\Users\almaz\.m2\repository\org\junit\jupiter\junit-jupiter-api\5.8.2\junit-jupiter-api-5.8.2.jar;C:\Users\almaz\.m2\repository\org\opentest4j\opentest4j\1.2.0\opentest4j-1.2.0.jar;C:\Users\almaz\.m2\repository\org\junit\platform\junit-platform-commons\1.8.2\junit-platform-commons-1.8.2.jar;C:\Users\almaz\.m2\repository\org\apiguardian\apiguardian-api\1.1.2\apiguardian-api-1.1.2.jar;C:\Users\almaz\.m2\repository\org\junit\jupiter\junit-jupiter-params\5.8.2\junit-jupiter-params-5.8.2.jar;C:\Users\almaz\.m2\repository\org\junit\jupiter\junit-jupiter-engine\5.8.2\junit-jupiter-engine-5.8.2.jar;C:\Users\almaz\.m2\repository\org\junit\platform\junit-platform-engine\1.8.2\junit-platform-engine-1.8.2.jar;C:\Users\almaz\.m2\repository\org\mockito\mockito-core\4.0.0\mockito-core-4.0.0.jar;C:\Users\almaz\.m2\repository\net\bytebuddy\byte-buddy-agent\1.11.22\byte-buddy-agent-1.11.22.jar;C:\Users\almaz\.m2\repository\org\objenesis\objenesis\3.2\objenesis-3.2.jar;C:\Users\almaz\.m2\repository\org\mockito\mockito-junit-jupiter\4.0.0\mockito-junit-jupiter-4.0.0.jar;C:\Users\almaz\.m2\repository\org\skyscreamer\jsonassert\1.5.0\jsonassert-1.5.0.jar;C:\Users\almaz\.m2\repository\com\vaadin\external\google\android-json\0.0.20131108.vaadin1\android-json-0.0.20131108.vaadin1.jar;C:\Users\almaz\.m2\repository\org\xmlunit\xmlunit-core\2.8.4\xmlunit-core-2.8.4.jar;C:\Users\almaz\.m2\repository\org\springframework\spring-core\5.3.15\spring-core-5.3.15.jar;C:\Users\almaz\.m2\repository\org\springframework\spring-jcl\5.3.15\spring-jcl-5.3.15.jar;C:\Users\almaz\.m2\repository\org\springframework\spring-context\5.3.15\spring-context-5.3.15.jar;C:\Users\almaz\.m2\repository\org\springframework\spring-expression\5.3.15\spring-expression-5.3.15.jar;C:\Users\almaz\.m2\repository\org\springframework\spring-beans\5.3.15\spring-beans-5.3.15.jar;C:\Users\almaz\.m2\repository\org\aspectj\aspectjweaver\1.9.6\aspectjweaver-1.9.6.jar;C:\Users\almaz\.m2\repository\org\springframework\spring-test\5.3.15\spring-test-5.3.15.jar;C:\Users\almaz\.m2\repository\junit\junit\4.13.2\junit-4.13.2.jar;C:\Users\almaz\.m2\repository\org\hamcrest\hamcrest-core\2.2\hamcrest-core-2.2.jar;C:\Users\almaz\.m2\repository\org\postgresql\postgresql\42.3.3\postgresql-42.3.3.jar;C:\Users\almaz\.m2\repository\org\checkerframework\checker-qual\3.5.0\checker-qual-3.5.0.jar;C:\Users\almaz\.m2\repository\org\springframework\batch\spring-batch-core\4.3.4\spring-batch-core-4.3.4.jar;C:\Users\almaz\.m2\repository\com\fasterxml\jackson\core\jackson-databind\2.13.1\jackson-databind-2.13.1.jar;C:\Users\almaz\.m2\repository\com\fasterxml\jackson\core\jackson-annotations\2.13.1\jackson-annotations-2.13.1.jar;C:\Users\almaz\.m2\repository\com\fasterxml\jackson\core\jackson-core\2.13.1\jackson-core-2.13.1.jar;C:\Users\almaz\.m2\repository\io\micrometer\micrometer-core\1.8.2\micrometer-core-1.8.2.jar;C:\Users\almaz\.m2\repository\org\hdrhistogram\HdrHistogram\2.1.12\HdrHistogram-2.1.12.jar;C:\Users\almaz\.m2\repository\org\latencyutils\LatencyUtils\2.0.3\LatencyUtils-2.0.3.jar;C:\Users\almaz\.m2\repository\javax\batch\javax.batch-api\1.0\javax.batch-api-1.0.jar;C:\Users\almaz\.m2\repository\org\codehaus\jettison\jettison\1.2\jettison-1.2.jar;C:\Users\almaz\.m2\repository\org\springframework\batch\spring-batch-infrastructure\4.3.4\spring-batch-infrastructure-4.3.4.jar;C:\Users\almaz\.m2\repository\org\springframework\retry\spring-retry\1.3.1\spring-retry-1.3.1.jar;C:\Users\almaz\.m2\repository\javax\annotation\javax.annotation-api\1.3.2\javax.annotation-api-1.3.2.jar;C:\Users\almaz\.m2\repository\org\springframework\batch\spring-batch-test\4.3.4\spring-batch-test-4.3.4.jar;C:\Users\almaz\.m2\repository\org\hibernate\hibernate-core\5.6.5.Final\hibernate-core-5.6.5.Final.jar;C:\Users\almaz\.m2\repository\org\jboss\logging\jboss-logging\3.4.3.Final\jboss-logging-3.4.3.Final.jar;C:\Users\almaz\.m2\repository\javax\persistence\javax.persistence-api\2.2\javax.persistence-api-2.2.jar;C:\Users\almaz\.m2\repository\net\bytebuddy\byte-buddy\1.11.22\byte-buddy-1.11.22.jar;C:\Users\almaz\.m2\repository\antlr\antlr\2.7.7\antlr-2.7.7.jar;C:\Users\almaz\.m2\repository\org\jboss\spec\javax\transaction\jboss-transaction-api_1.2_spec\1.1.1.Final\jboss-transaction-api_1.2_spec-1.1.1.Final.jar;C:\Users\almaz\.m2\repository\org\jboss\jandex\2.4.2.Final\jandex-2.4.2.Final.jar;C:\Users\almaz\.m2\repository\com\fasterxml\classmate\1.5.1\classmate-1.5.1.jar;C:\Users\almaz\.m2\repository\javax\activation\javax.activation-api\1.2.0\javax.activation-api-1.2.0.jar;C:\Users\almaz\.m2\repository\javax\xml\bind\jaxb-api\2.3.1\jaxb-api-2.3.1.jar;C:\Users\almaz\.m2\repository\org\glassfish\jaxb\jaxb-runtime\2.3.5\jaxb-runtime-2.3.5.jar;C:\Users\almaz\.m2\repository\org\glassfish\jaxb\txw2\2.3.5\txw2-2.3.5.jar;C:\Users\almaz\.m2\repository\com\sun\istack\istack-commons-runtime\3.0.12\istack-commons-runtime-3.0.12.jar;C:\Users\almaz\.m2\repository\com\sun\activation\jakarta.activation\1.2.2\jakarta.activation-1.2.2.jar;C:\Users\almaz\.m2\repository\org\hibernate\common\hibernate-commons-annotations\5.1.2.Final\hibernate-commons-annotations-5.1.2.Final.jar;C:\Users\almaz\.m2\repository\org\springframework\boot\spring-boot-starter-web\2.6.3\spring-boot-starter-web-2.6.3.jar;C:\Users\almaz\.m2\repository\org\springframework\boot\spring-boot-starter-json\2.6.3\spring-boot-starter-json-2.6.3.jar;C:\Users\almaz\.m2\repository\com\fasterxml\jackson\datatype\jackson-datatype-jdk8\2.13.1\jackson-datatype-jdk8-2.13.1.jar;C:\Users\almaz\.m2\repository\com\fasterxml\jackson\datatype\jackson-datatype-jsr310\2.13.1\jackson-datatype-jsr310-2.13.1.jar;C:\Users\almaz\.m2\repository\com\fasterxml\jackson\module\jackson-module-parameter-names\2.13.1\jackson-module-parameter-names-2.13.1.jar;C:\Users\almaz\.m2\repository\org\springframework\boot\spring-boot-starter-tomcat\2.6.3\spring-boot-starter-tomcat-2.6.3.jar;C:\Users\almaz\.m2\repository\org\apache\tomcat\embed\tomcat-embed-core\9.0.56\tomcat-embed-core-9.0.56.jar;C:\Users\almaz\.m2\repository\org\apache\tomcat\embed\tomcat-embed-el\9.0.56\tomcat-embed-el-9.0.56.jar;C:\Users\almaz\.m2\repository\org\apache\tomcat\embed\tomcat-embed-websocket\9.0.56\tomcat-embed-websocket-9.0.56.jar;C:\Users\almaz\.m2\repository\org\springframework\spring-web\5.3.15\spring-web-5.3.15.jar;C:\Users\almaz\.m2\repository\org\springframework\spring-webmvc\5.3.15\spring-webmvc-5.3.15.jar;, java.vm.vendor=Amazon.com Inc., sun.arch.data.model=64, user.variant=, java.vendor.url=https://aws.amazon.com/corretto/, user.timezone=Asia/Almaty, user.country.format=KZ, os.name=Windows 10, java.vm.specification.version=11, current_session_context_class=thread, sun.java.launcher=SUN_STANDARD, user.country=RU, sun.boot.library.path=C:\Users\almaz\.jdks\corretto-11.0.15\bin, sun.java.command=C:\Users\almaz\AppData\Local\Temp\surefire10350569853015669685\surefirebooter5584954628051203214.jar C:\Users\almaz\AppData\Local\Temp\surefire10350569853015669685 2022-04-25T20-42-56_782-jvmRun1 surefire10456438356214907713tmp surefire_014128203095595137067tmp, jdk.debug=release, surefire.test.class.path=C:\Users\almaz\OneDrive\Рабочий стол\Lab8\target\test-classes;C:\Users\almaz\OneDrive\Рабочий стол\Lab8\target\classes;C:\Users\almaz\.m2\repository\org\springframework\boot\spring-boot-starter-batch\2.6.3\spring-boot-starter-batch-2.6.3.jar;C:\Users\almaz\.m2\repository\org\springframework\boot\spring-boot-starter-jdbc\2.6.3\spring-boot-starter-jdbc-2.6.3.jar;C:\Users\almaz\.m2\repository\com\zaxxer\HikariCP\4.0.3\HikariCP-4.0.3.jar;C:\Users\almaz\.m2\repository\org\springframework\spring-jdbc\5.3.15\spring-jdbc-5.3.15.jar;C:\Users\almaz\.m2\repository\org\springframework\boot\spring-boot-starter-data-jpa\2.6.3\spring-boot-starter-data-jpa-2.6.3.jar;C:\Users\almaz\.m2\repository\org\springframework\boot\spring-boot-starter-aop\2.6.3\spring-boot-starter-aop-2.6.3.jar;C:\Users\almaz\.m2\repository\jakarta\transaction\jakarta.transaction-api\1.3.3\jakarta.transaction-api-1.3.3.jar;C:\Users\almaz\.m2\repository\jakarta\persistence\jakarta.persistence-api\2.2.3\jakarta.persistence-api-2.2.3.jar;C:\Users\almaz\.m2\repository\org\springframework\spring-aspects\5.3.15\spring-aspects-5.3.15.jar;C:\Users\almaz\.m2\repository\org\projectlombok\lombok\1.18.22\lombok-1.18.22.jar;C:\Users\almaz\.m2\repository\org\springframework\data\spring-data-jpa\2.6.1\spring-data-jpa-2.6.1.jar;C:\Users\almaz\.m2\repository\org\springframework\data\spring-data-commons\2.6.1\spring-data-commons-2.6.1.jar;C:\Users\almaz\.m2\repository\org\springframework\spring-orm\5.3.15\spring-orm-5.3.15.jar;C:\Users\almaz\.m2\repository\org\springframework\spring-aop\5.3.15\spring-aop-5.3.15.jar;C:\Users\almaz\.m2\repository\org\springframework\spring-tx\5.3.15\spring-tx-5.3.15.jar;C:\Users\almaz\.m2\repository\org\slf4j\slf4j-api\1.7.33\slf4j-api-1.7.33.jar;C:\Users\almaz\.m2\repository\jakarta\validation\jakarta.validation-api\2.0.2\jakarta.validation-api-2.0.2.jar;C:\Users\almaz\.m2\repository\org\springframework\boot\spring-boot-starter\2.6.3\spring-boot-starter-2.6.3.jar;C:\Users\almaz\.m2\repository\org\springframework\boot\spring-boot\2.6.3\spring-boot-2.6.3.jar;C:\Users\almaz\.m2\repository\org\springframework\boot\spring-boot-autoconfigure\2.6.3\spring-boot-autoconfigure-2.6.3.jar;C:\Users\almaz\.m2\repository\org\springframework\boot\spring-boot-starter-logging\2.6.3\spring-boot-starter-logging-2.6.3.jar;C:\Users\almaz\.m2\repository\ch\qos\logback\logback-classic\1.2.10\logback-classic-1.2.10.jar;C:\Users\almaz\.m2\repository\ch\qos\logback\logback-core\1.2.10\logback-core-1.2.10.jar;C:\Users\almaz\.m2\repository\org\apache\logging\log4j\log4j-to-slf4j\2.17.1\log4j-to-slf4j-2.17.1.jar;C:\Users\almaz\.m2\repository\org\apache\logging\log4j\log4j-api\2.17.1\log4j-api-2.17.1.jar;C:\Users\almaz\.m2\repository\org\slf4j\jul-to-slf4j\1.7.33\jul-to-slf4j-1.7.33.jar;C:\Users\almaz\.m2\repository\jakarta\annotation\jakarta.annotation-api\1.3.5\jakarta.annotation-api-1.3.5.jar;C:\Users\almaz\.m2\repository\org\yaml\snakeyaml\1.29\snakeyaml-1.29.jar;C:\Users\almaz\.m2\repository\org\springframework\boot\spring-boot-starter-test\2.6.3\spring-boot-starter-test-2.6.3.jar;C:\Users\almaz\.m2\repository\org\springframework\boot\spring-boot-test\2.6.3\spring-boot-test-2.6.3.jar;C:\Users\almaz\.m2\repository\org\springframework\boot\spring-boot-test-autoconfigure\2.6.3\spring-boot-test-autoconfigure-2.6.3.jar;C:\Users\almaz\.m2\repository\com\jayway\jsonpath\json-path\2.6.0\json-path-2.6.0.jar;C:\Users\almaz\.m2\repository\net\minidev\json-smart\2.4.7\json-smart-2.4.7.jar;C:\Users\almaz\.m2\repository\net\minidev\accessors-smart\2.4.7\accessors-smart-2.4.7.jar;C:\Users\almaz\.m2\repository\org\ow2\asm\asm\9.1\asm-9.1.jar;C:\Users\almaz\.m2\repository\jakarta\xml\bind\jakarta.xml.bind-api\2.3.3\jakarta.xml.bind-api-2.3.3.jar;C:\Users\almaz\.m2\repository\jakarta\activation\jakarta.activation-api\1.2.2\jakarta.activation-api-1.2.2.jar;C:\Users\almaz\.m2\repository\org\assertj\assertj-core\3.21.0\assertj-core-3.21.0.jar;C:\Users\almaz\.m2\repository\org\hamcrest\hamcrest\2.2\hamcrest-2.2.jar;C:\Users\almaz\.m2\repository\org\junit\jupiter\junit-jupiter\5.8.2\junit-jupiter-5.8.2.jar;C:\Users\almaz\.m2\repository\org\junit\jupiter\junit-jupiter-api\5.8.2\junit-jupiter-api-5.8.2.jar;C:\Users\almaz\.m2\repository\org\opentest4j\opentest4j\1.2.0\opentest4j-1.2.0.jar;C:\Users\almaz\.m2\repository\org\junit\platform\junit-platform-commons\1.8.2\junit-platform-commons-1.8.2.jar;C:\Users\almaz\.m2\repository\org\apiguardian\apiguardian-api\1.1.2\apiguardian-api-1.1.2.jar;C:\Users\almaz\.m2\repository\org\junit\jupiter\junit-jupiter-params\5.8.2\junit-jupiter-params-5.8.2.jar;C:\Users\almaz\.m2\repository\org\junit\jupiter\junit-jupiter-engine\5.8.2\junit-jupiter-engine-5.8.2.jar;C:\Users\almaz\.m2\repository\org\junit\platform\junit-platform-engine\1.8.2\junit-platform-engine-1.8.2.jar;C:\Users\almaz\.m2\repository\org\mockito\mockito-core\4.0.0\mockito-core-4.0.0.jar;C:\Users\almaz\.m2\repository\net\bytebuddy\byte-buddy-agent\1.11.22\byte-buddy-agent-1.11.22.jar;C:\Users\almaz\.m2\repository\org\objenesis\objenesis\3.2\objenesis-3.2.jar;C:\Users\almaz\.m2\repository\org\mockito\mockito-junit-jupiter\4.0.0\mockito-junit-jupiter-4.0.0.jar;C:\Users\almaz\.m2\repository\org\skyscreamer\jsonassert\1.5.0\jsonassert-1.5.0.jar;C:\Users\almaz\.m2\repository\com\vaadin\external\google\android-json\0.0.20131108.vaadin1\android-json-0.0.20131108.vaadin1.jar;C:\Users\almaz\.m2\repository\org\xmlunit\xmlunit-core\2.8.4\xmlunit-core-2.8.4.jar;C:\Users\almaz\.m2\repository\org\springframework\spring-core\5.3.15\spring-core-5.3.15.jar;C:\Users\almaz\.m2\repository\org\springframework\spring-jcl\5.3.15\spring-jcl-5.3.15.jar;C:\Users\almaz\.m2\repository\org\springframework\spring-context\5.3.15\spring-context-5.3.15.jar;C:\Users\almaz\.m2\repository\org\springframework\spring-expression\5.3.15\spring-expression-5.3.15.jar;C:\Users\almaz\.m2\repository\org\springframework\spring-beans\5.3.15\spring-beans-5.3.15.jar;C:\Users\almaz\.m2\repository\org\aspectj\aspectjweaver\1.9.6\aspectjweaver-1.9.6.jar;C:\Users\almaz\.m2\repository\org\springframework\spring-test\5.3.15\spring-test-5.3.15.jar;C:\Users\almaz\.m2\repository\junit\junit\4.13.2\junit-4.13.2.jar;C:\Users\almaz\.m2\repository\org\hamcrest\hamcrest-core\2.2\hamcrest-core-2.2.jar;C:\Users\almaz\.m2\repository\org\postgresql\postgresql\42.3.3\postgresql-42.3.3.jar;C:\Users\almaz\.m2\repository\org\checkerframework\checker-qual\3.5.0\checker-qual-3.5.0.jar;C:\Users\almaz\.m2\repository\org\springframework\batch\spring-batch-core\4.3.4\spring-batch-core-4.3.4.jar;C:\Users\almaz\.m2\repository\com\fasterxml\jackson\core\jackson-databind\2.13.1\jackson-databind-2.13.1.jar;C:\Users\almaz\.m2\repository\com\fasterxml\jackson\core\jackson-annotations\2.13.1\jackson-annotations-2.13.1.jar;C:\Users\almaz\.m2\repository\com\fasterxml\jackson\core\jackson-core\2.13.1\jackson-core-2.13.1.jar;C:\Users\almaz\.m2\repository\io\micrometer\micrometer-core\1.8.2\micrometer-core-1.8.2.jar;C:\Users\almaz\.m2\repository\org\hdrhistogram\HdrHistogram\2.1.12\HdrHistogram-2.1.12.jar;C:\Users\almaz\.m2\repository\org\latencyutils\LatencyUtils\2.0.3\LatencyUtils-2.0.3.jar;C:\Users\almaz\.m2\repository\javax\batch\javax.batch-api\1.0\javax.batch-api-1.0.jar;C:\Users\almaz\.m2\repository\org\codehaus\jettison\jettison\1.2\jettison-1.2.jar;C:\Users\almaz\.m2\repository\org\springframework\batch\spring-batch-infrastructure\4.3.4\spring-batch-infrastructure-4.3.4.jar;C:\Users\almaz\.m2\repository\org\springframework\retry\spring-retry\1.3.1\spring-retry-1.3.1.jar;C:\Users\almaz\.m2\repository\javax\annotation\javax.annotation-api\1.3.2\javax.annotation-api-1.3.2.jar;C:\Users\almaz\.m2\repository\org\springframework\batch\spring-batch-test\4.3.4\spring-batch-test-4.3.4.jar;C:\Users\almaz\.m2\repository\org\hibernate\hibernate-core\5.6.5.Final\hibernate-core-5.6.5.Final.jar;C:\Users\almaz\.m2\repository\org\jboss\logging\jboss-logging\3.4.3.Final\jboss-logging-3.4.3.Final.jar;C:\Users\almaz\.m2\repository\javax\persistence\javax.persistence-api\2.2\javax.persistence-api-2.2.jar;C:\Users\almaz\.m2\repository\net\bytebuddy\byte-buddy\1.11.22\byte-buddy-1.11.22.jar;C:\Users\almaz\.m2\repository\antlr\antlr\2.7.7\antlr-2.7.7.jar;C:\Users\almaz\.m2\repository\org\jboss\spec\javax\transaction\jboss-transaction-api_1.2_spec\1.1.1.Final\jboss-transaction-api_1.2_spec-1.1.1.Final.jar;C:\Users\almaz\.m2\repository\org\jboss\jandex\2.4.2.Final\jandex-2.4.2.Final.jar;C:\Users\almaz\.m2\repository\com\fasterxml\classmate\1.5.1\classmate-1.5.1.jar;C:\Users\almaz\.m2\repository\javax\activation\javax.activation-api\1.2.0\javax.activation-api-1.2.0.jar;C:\Users\almaz\.m2\repository\javax\xml\bind\jaxb-api\2.3.1\jaxb-api-2.3.1.jar;C:\Users\almaz\.m2\repository\org\glassfish\jaxb\jaxb-runtime\2.3.5\jaxb-runtime-2.3.5.jar;C:\Users\almaz\.m2\repository\org\glassfish\jaxb\txw2\2.3.5\txw2-2.3.5.jar;C:\Users\almaz\.m2\repository\com\sun\istack\istack-commons-runtime\3.0.12\istack-commons-runtime-3.0.12.jar;C:\Users\almaz\.m2\repository\com\sun\activation\jakarta.activation\1.2.2\jakarta.activation-1.2.2.jar;C:\Users\almaz\.m2\repository\org\hibernate\common\hibernate-commons-annotations\5.1.2.Final\hibernate-commons-annotations-5.1.2.Final.jar;C:\Users\almaz\.m2\repository\org\springframework\boot\spring-boot-starter-web\2.6.3\spring-boot-starter-web-2.6.3.jar;C:\Users\almaz\.m2\repository\org\springframework\boot\spring-boot-starter-json\2.6.3\spring-boot-starter-json-2.6.3.jar;C:\Users\almaz\.m2\repository\com\fasterxml\jackson\datatype\jackson-datatype-jdk8\2.13.1\jackson-datatype-jdk8-2.13.1.jar;C:\Users\almaz\.m2\repository\com\fasterxml\jackson\datatype\jackson-datatype-jsr310\2.13.1\jackson-datatype-jsr310-2.13.1.jar;C:\Users\almaz\.m2\repository\com\fasterxml\jackson\module\jackson-module-parameter-names\2.13.1\jackson-module-parameter-names-2.13.1.jar;C:\Users\almaz\.m2\repository\org\springframework\boot\spring-boot-starter-tomcat\2.6.3\spring-boot-starter-tomcat-2.6.3.jar;C:\Users\almaz\.m2\repository\org\apache\tomcat\embed\tomcat-embed-core\9.0.56\tomcat-embed-core-9.0.56.jar;C:\Users\almaz\.m2\repository\org\apache\tomcat\embed\tomcat-embed-el\9.0.56\tomcat-embed-el-9.0.56.jar;C:\Users\almaz\.m2\repository\org\apache\tomcat\embed\tomcat-embed-websocket\9.0.56\tomcat-embed-websocket-9.0.56.jar;C:\Users\almaz\.m2\repository\org\springframework\spring-web\5.3.15\spring-web-5.3.15.jar;C:\Users\almaz\.m2\repository\org\springframework\spring-webmvc\5.3.15\spring-webmvc-5.3.15.jar;, sun.cpu.endian=little, user.home=C:\Users\almaz, user.language=ru, java.specification.vendor=Oracle Corporation, java.version.date=2022-04-19, java.home=C:\Users\almaz\.jdks\corretto-11.0.15, spring.profiles.active=config1, file.separator=\, basedir=C:\Users\almaz\OneDrive\Рабочий стол\Lab8, java.vm.compressedOopsMode=32-bit, line.separator=
, java.specification.name=Java Platform API Specification, java.vm.specification.vendor=Oracle Corporation, java.awt.graphicsenv=sun.awt.Win32GraphicsEnvironment, surefire.real.class.path=C:\Users\almaz\AppData\Local\Temp\surefire10350569853015669685\surefirebooter5584954628051203214.jar, user.script=, sun.management.compiler=HotSpot 64-Bit Tiered Compilers, java.runtime.version=11.0.15+9-LTS, user.name=almaz, path.separator=;, hibernate.connection.username=****, os.version=10.0, java.runtime.name=OpenJDK Runtime Environment, hibernate.connection.url=jdbc:postgresql://localhost:5432/Army, file.encoding=Cp1251, java.vm.name=OpenJDK 64-Bit Server VM, java.vendor.version=Corretto-11.0.15.9.1, hibernate.current_session_context_class=thread, localRepository=C:\Users\almaz\.m2\repository, hibernate.connection.driver_class=org.postgresql.Driver, java.vendor.url.bug=https://github.com/corretto/corretto-11/issues/, java.io.tmpdir=C:\Users\almaz\AppData\Local\Temp\, idea.version=2020.2.4, java.version=11.0.15, user.dir=C:\Users\almaz\OneDrive\Рабочий стол\Lab8, os.arch=amd64, java.vm.specification.name=Java Virtual Machine Specification, java.awt.printerjob=sun.awt.windows.WPrinterJob, hibernate.connection.password=****, sun.os.patch.level=, hibernate.boot.CfgXmlAccessService.key=org.hibernate.boot.cfgxml.spi.LoadedConfig@665b441e, java.library.path=C:\Users\almaz\.jdks\corretto-11.0.15\bin;C:\Windows\Sun\Java\bin;C:\Windows\system32;C:\Windows;C:\Program Files\Common Files\Oracle\Java\javapath;C:\Program Files (x86)\Common Files\Intel\Shared Libraries\redist\intel64\compiler;C:\Program Files (x86)\Common Files\Oracle\Java\javapath;C:\Windows\system32;C:\Windows;C:\Windows\System32\Wbem;C:\Windows\System32\WindowsPowerShell\v1.0\;C:\Windows\System32\OpenSSH\;C:\Program Files\NVIDIA Corporation\NVIDIA NvDLISR;C:\Program Files (x86)\NVIDIA Corporation\PhysX\Common;C:\Program Files\Common Files\Autodesk Shared\;C:\Program Files\Microsoft SQL Server\120\Tools\Binn\;C:\Program Files\Git\cmd;;C:\Program Files\Docker\Docker\resources\bin;C:\ProgramData\DockerDesktop\version-bin;C:\Program Files\MySQL\MySQL Shell 8.0\bin\;C:\Users\almaz\AppData\Local\Programs\Python\Python39\Scripts\;C:\Users\almaz\AppData\Local\Programs\Python\Python39\;C:\Users\almaz\AppData\Local\Microsoft\WindowsApps;;C:\Program Files\JetBrains\IntelliJ IDEA 2020.2.2\bin;;C:\Program Files\JetBrains\PyCharm Community Edition 2020.2.3\bin;;C:\Users\almaz\spicetify-cli;., java.vendor=Amazon.com Inc., java.vm.info=mixed mode, java.vm.version=11.0.15+9-LTS, hibernate.bytecode.use_reflection_optimizer=false, sun.io.unicode.encoding=UnicodeLittle, java.class.version=55.0}
20:43:03.147 [main] DEBUG org.hibernate.cfg.beanvalidation.TypeSafeActivator - Unable to acquire Bean Validation ValidatorFactory, skipping activation
20:43:03.147 [main] DEBUG org.hibernate.secure.spi.JaccIntegrator - Skipping JACC integration as it was not enabled
20:43:03.147 [main] DEBUG org.hibernate.internal.SessionFactoryImpl - Instantiated session factory
20:43:03.147 [main] DEBUG org.hibernate.type.spi.TypeConfiguration$Scope - Scoping TypeConfiguration [org.hibernate.type.spi.TypeConfiguration@59929ac] to SessionFactoryImpl [org.hibernate.internal.SessionFactoryImpl@2ac3d530]
20:43:03.147 [main] DEBUG org.hibernate.boot.internal.ClassLoaderAccessImpl - Not known whether passed class name [kz.iitu.itse1907.saylau.entity.Captain] is safe
20:43:03.147 [main] DEBUG org.hibernate.boot.internal.ClassLoaderAccessImpl - No temp ClassLoader provided; using live ClassLoader for loading potentially unsafe class : kz.iitu.itse1907.saylau.entity.Captain
20:43:03.164 [main] DEBUG org.hibernate.persister.entity.AbstractEntityPersister - Static SQL for entity: kz.iitu.itse1907.saylau.entity.Captain
20:43:03.165 [main] DEBUG org.hibernate.persister.entity.AbstractEntityPersister -  Version select: select id from captain where id =?
20:43:03.165 [main] DEBUG org.hibernate.persister.entity.AbstractEntityPersister -  Snapshot select: select captain_.id, captain_.Age as age2_0_, captain_.FirstName as firstnam3_0_, captain_.LastName as lastname4_0_, captain_.Rank as rank5_0_ from captain captain_ where captain_.id=?
20:43:03.165 [main] DEBUG org.hibernate.persister.entity.AbstractEntityPersister -  Insert 0: insert into captain (Age, FirstName, LastName, Rank, id) values (?, ?, ?, ?, ?)
20:43:03.165 [main] DEBUG org.hibernate.persister.entity.AbstractEntityPersister -  Update 0: update captain set Age=?, FirstName=?, LastName=?, Rank=? where id=?
20:43:03.165 [main] DEBUG org.hibernate.persister.entity.AbstractEntityPersister -  Delete 0: delete from captain where id=?
20:43:03.165 [main] DEBUG org.hibernate.persister.entity.AbstractEntityPersister -  Identity insert: insert into captain (Age, FirstName, LastName, Rank) values (?, ?, ?, ?)
20:43:03.165 [main] DEBUG org.hibernate.loader.plan.build.internal.spaces.QuerySpacesImpl - Adding QuerySpace : uid = <gen:0> -> org.hibernate.loader.plan.build.internal.spaces.EntityQuerySpaceImpl@350e3fb4]
20:43:03.166 [main] DEBUG org.hibernate.persister.walking.spi.MetamodelGraphWalker - Visiting attribute path : age
20:43:03.166 [main] DEBUG org.hibernate.persister.walking.spi.MetamodelGraphWalker - Visiting attribute path : first_name
20:43:03.166 [main] DEBUG org.hibernate.persister.walking.spi.MetamodelGraphWalker - Visiting attribute path : last_name
20:43:03.166 [main] DEBUG org.hibernate.persister.walking.spi.MetamodelGraphWalker - Visiting attribute path : rank
20:43:03.166 [main] DEBUG org.hibernate.loader.plan.build.internal.FetchStyleLoadPlanBuildingAssociationVisitationStrategy - Building LoadPlan...
20:43:03.166 [main] DEBUG org.hibernate.loader.plan.exec.internal.LoadQueryJoinAndFetchProcessor - processing queryspace <gen:0>
20:43:03.166 [main] DEBUG org.hibernate.loader.plan.build.spi.LoadPlanTreePrinter - LoadPlan(entity=kz.iitu.itse1907.saylau.entity.Captain)
    - Returns
       - EntityReturnImpl(entity=kz.iitu.itse1907.saylau.entity.Captain, querySpaceUid=<gen:0>, path=kz.iitu.itse1907.saylau.entity.Captain)
    - QuerySpaces
       - EntityQuerySpaceImpl(uid=<gen:0>, entity=kz.iitu.itse1907.saylau.entity.Captain)
          - SQL table alias mapping - captain0_
          - alias suffix - 0_
          - suffixed key columns - {id1_0_0_}

20:43:03.167 [main] DEBUG org.hibernate.loader.entity.plan.EntityLoader - Static select for entity kz.iitu.itse1907.saylau.entity.Captain [NONE]: select captain0_.id as id1_0_0_, captain0_.Age as age2_0_0_, captain0_.FirstName as firstnam3_0_0_, captain0_.LastName as lastname4_0_0_, captain0_.Rank as rank5_0_0_ from captain captain0_ where captain0_.id=?
20:43:03.167 [main] DEBUG org.hibernate.tool.schema.spi.SchemaManagementToolCoordinator - No actions specified; doing nothing
20:43:03.171 [main] DEBUG org.hibernate.query.spi.NamedQueryRepository - Checking 0 named HQL queries
20:43:03.171 [main] DEBUG org.hibernate.query.spi.NamedQueryRepository - Checking 0 named SQL queries
20:43:03.171 [main] DEBUG org.hibernate.service.internal.SessionFactoryServiceRegistryImpl - EventListenerRegistry access via ServiceRegistry is deprecated.  Use `sessionFactory.getEventEngine().getListenerRegistry()` instead
20:43:03.171 [main] DEBUG org.hibernate.internal.SessionFactoryRegistry - Registering SessionFactory: d15beb4b-2be5-429e-b5f5-ba7bb8d47774 (<unnamed>)
20:43:03.171 [main] DEBUG org.hibernate.internal.SessionFactoryRegistry - Not binding SessionFactory to JNDI, no JNDI name configured
20:43:03.209 [main] DEBUG org.springframework.beans.factory.support.DefaultListableBeanFactory - Autowiring by type from bean name 'captainController' via constructor to bean named 'captainRep'
20:43:03.213 [main] DEBUG org.springframework.beans.factory.support.DefaultListableBeanFactory - Creating shared instance of singleton bean 'soldierController'
20:43:03.213 [main] DEBUG org.hibernate.integrator.internal.IntegratorServiceImpl - Adding Integrator [org.hibernate.cfg.beanvalidation.BeanValidationIntegrator].
20:43:03.213 [main] DEBUG org.hibernate.integrator.internal.IntegratorServiceImpl - Adding Integrator [org.hibernate.secure.spi.JaccIntegrator].
20:43:03.213 [main] DEBUG org.hibernate.integrator.internal.IntegratorServiceImpl - Adding Integrator [org.hibernate.cache.internal.CollectionCacheInvalidator].
20:43:03.216 [main] DEBUG org.hibernate.boot.jaxb.internal.stax.LocalXmlResourceResolver - Interpreting public/system identifier : [-//Hibernate/Hibernate Configuration DTD 3.0//EN] - [http://www.hibernate.org/dtd/hibernate-configuration-3.0.dtd]
20:43:03.216 [main] DEBUG org.hibernate.boot.jaxb.internal.stax.LocalXmlResourceResolver - Recognized hibernate-configuration identifier; attempting to resolve on classpath under org/hibernate/
20:43:03.218 [main] DEBUG org.hibernate.boot.cfgxml.internal.JaxbCfgProcessor - cfg.xml document did not define namespaces; wrapping in custom event reader to introduce namespace information
20:43:03.260 [main] DEBUG org.hibernate.cfg.Configuration - Building session factory using internal StandardServiceRegistryBuilder
20:43:03.261 [main] DEBUG org.hibernate.service.spi.ServiceBinding - Overriding existing service binding [org.hibernate.secure.spi.JaccService]
20:43:03.261 [main] DEBUG org.hibernate.cfg.Configuration - Building session factory using provided StandardServiceRegistry
20:43:03.261 [main] DEBUG org.hibernate.cache.internal.RegionFactoryInitiator - Cannot default RegionFactory based on registered strategies as `[]` RegionFactory strategies were registered
20:43:03.261 [main] DEBUG org.hibernate.cache.internal.RegionFactoryInitiator - Cache region factory : org.hibernate.cache.internal.NoCachingRegionFactory
20:43:03.261 [main] DEBUG org.hibernate.type.BasicTypeRegistry - Adding type registration boolean -> org.hibernate.type.BooleanType@56e9a474
20:43:03.262 [main] DEBUG org.hibernate.type.BasicTypeRegistry - Adding type registration boolean -> org.hibernate.type.BooleanType@56e9a474
20:43:03.262 [main] DEBUG org.hibernate.type.BasicTypeRegistry - Adding type registration java.lang.Boolean -> org.hibernate.type.BooleanType@56e9a474
20:43:03.262 [main] DEBUG org.hibernate.type.BasicTypeRegistry - Adding type registration numeric_boolean -> org.hibernate.type.NumericBooleanType@38cedb7d
20:43:03.262 [main] DEBUG org.hibernate.type.BasicTypeRegistry - Adding type registration true_false -> org.hibernate.type.TrueFalseType@3f598450
20:43:03.262 [main] DEBUG org.hibernate.type.BasicTypeRegistry - Adding type registration yes_no -> org.hibernate.type.YesNoType@7ed3df3b
20:43:03.262 [main] DEBUG org.hibernate.type.BasicTypeRegistry - Adding type registration byte -> org.hibernate.type.ByteType@2ee48610
20:43:03.262 [main] DEBUG org.hibernate.type.BasicTypeRegistry - Adding type registration byte -> org.hibernate.type.ByteType@2ee48610
20:43:03.262 [main] DEBUG org.hibernate.type.BasicTypeRegistry - Adding type registration java.lang.Byte -> org.hibernate.type.ByteType@2ee48610
20:43:03.262 [main] DEBUG org.hibernate.type.BasicTypeRegistry - Adding type registration character -> org.hibernate.type.CharacterType@12b5736c
20:43:03.262 [main] DEBUG org.hibernate.type.BasicTypeRegistry - Adding type registration char -> org.hibernate.type.CharacterType@12b5736c
20:43:03.262 [main] DEBUG org.hibernate.type.BasicTypeRegistry - Adding type registration java.lang.Character -> org.hibernate.type.CharacterType@12b5736c
20:43:03.262 [main] DEBUG org.hibernate.type.BasicTypeRegistry - Adding type registration short -> org.hibernate.type.ShortType@33a55bd8
20:43:03.262 [main] DEBUG org.hibernate.type.BasicTypeRegistry - Adding type registration short -> org.hibernate.type.ShortType@33a55bd8
20:43:03.262 [main] DEBUG org.hibernate.type.BasicTypeRegistry - Adding type registration java.lang.Short -> org.hibernate.type.ShortType@33a55bd8
20:43:03.262 [main] DEBUG org.hibernate.type.BasicTypeRegistry - Adding type registration integer -> org.hibernate.type.IntegerType@7e83992
20:43:03.262 [main] DEBUG org.hibernate.type.BasicTypeRegistry - Adding type registration int -> org.hibernate.type.IntegerType@7e83992
20:43:03.262 [main] DEBUG org.hibernate.type.BasicTypeRegistry - Adding type registration java.lang.Integer -> org.hibernate.type.IntegerType@7e83992
20:43:03.262 [main] DEBUG org.hibernate.type.BasicTypeRegistry - Adding type registration long -> org.hibernate.type.LongType@d2e6b0b
20:43:03.262 [main] DEBUG org.hibernate.type.BasicTypeRegistry - Adding type registration long -> org.hibernate.type.LongType@d2e6b0b
20:43:03.262 [main] DEBUG org.hibernate.type.BasicTypeRegistry - Adding type registration java.lang.Long -> org.hibernate.type.LongType@d2e6b0b
20:43:03.262 [main] DEBUG org.hibernate.type.BasicTypeRegistry - Adding type registration float -> org.hibernate.type.FloatType@4d0e54e0
20:43:03.262 [main] DEBUG org.hibernate.type.BasicTypeRegistry - Adding type registration float -> org.hibernate.type.FloatType@4d0e54e0
20:43:03.262 [main] DEBUG org.hibernate.type.BasicTypeRegistry - Adding type registration java.lang.Float -> org.hibernate.type.FloatType@4d0e54e0
20:43:03.262 [main] DEBUG org.hibernate.type.BasicTypeRegistry - Adding type registration double -> org.hibernate.type.DoubleType@76ececd
20:43:03.262 [main] DEBUG org.hibernate.type.BasicTypeRegistry - Adding type registration double -> org.hibernate.type.DoubleType@76ececd
20:43:03.262 [main] DEBUG org.hibernate.type.BasicTypeRegistry - Adding type registration java.lang.Double -> org.hibernate.type.DoubleType@76ececd
20:43:03.262 [main] DEBUG org.hibernate.type.BasicTypeRegistry - Adding type registration big_decimal -> org.hibernate.type.BigDecimalType@77fa9381
20:43:03.262 [main] DEBUG org.hibernate.type.BasicTypeRegistry - Adding type registration java.math.BigDecimal -> org.hibernate.type.BigDecimalType@77fa9381
20:43:03.262 [main] DEBUG org.hibernate.type.BasicTypeRegistry - Adding type registration big_integer -> org.hibernate.type.BigIntegerType@2e32fc22
20:43:03.262 [main] DEBUG org.hibernate.type.BasicTypeRegistry - Adding type registration java.math.BigInteger -> org.hibernate.type.BigIntegerType@2e32fc22
20:43:03.262 [main] DEBUG org.hibernate.type.BasicTypeRegistry - Adding type registration string -> org.hibernate.type.StringType@2f14b0f6
20:43:03.262 [main] DEBUG org.hibernate.type.BasicTypeRegistry - Adding type registration java.lang.String -> org.hibernate.type.StringType@2f14b0f6
20:43:03.263 [main] DEBUG org.hibernate.type.BasicTypeRegistry - Adding type registration nstring -> org.hibernate.type.StringNVarcharType@6c479fdf
20:43:03.263 [main] DEBUG org.hibernate.type.BasicTypeRegistry - Adding type registration ncharacter -> org.hibernate.type.CharacterNCharType@5f1483fd
20:43:03.263 [main] DEBUG org.hibernate.type.BasicTypeRegistry - Adding type registration url -> org.hibernate.type.UrlType@630390b9
20:43:03.263 [main] DEBUG org.hibernate.type.BasicTypeRegistry - Adding type registration java.net.URL -> org.hibernate.type.UrlType@630390b9
20:43:03.263 [main] DEBUG org.hibernate.type.BasicTypeRegistry - Adding type registration Duration -> org.hibernate.type.DurationType@45adc393
20:43:03.263 [main] DEBUG org.hibernate.type.BasicTypeRegistry - Adding type registration java.time.Duration -> org.hibernate.type.DurationType@45adc393
20:43:03.263 [main] DEBUG org.hibernate.type.BasicTypeRegistry - Adding type registration Instant -> org.hibernate.type.InstantType@1823b9c4
20:43:03.263 [main] DEBUG org.hibernate.type.BasicTypeRegistry - Adding type registration java.time.Instant -> org.hibernate.type.InstantType@1823b9c4
20:43:03.263 [main] DEBUG org.hibernate.type.BasicTypeRegistry - Adding type registration LocalDateTime -> org.hibernate.type.LocalDateTimeType@10c47c79
20:43:03.263 [main] DEBUG org.hibernate.type.BasicTypeRegistry - Adding type registration java.time.LocalDateTime -> org.hibernate.type.LocalDateTimeType@10c47c79
20:43:03.263 [main] DEBUG org.hibernate.type.BasicTypeRegistry - Adding type registration LocalDate -> org.hibernate.type.LocalDateType@3bf54172
20:43:03.263 [main] DEBUG org.hibernate.type.BasicTypeRegistry - Adding type registration java.time.LocalDate -> org.hibernate.type.LocalDateType@3bf54172
20:43:03.263 [main] DEBUG org.hibernate.type.BasicTypeRegistry - Adding type registration LocalTime -> org.hibernate.type.LocalTimeType@3ba0ae41
20:43:03.263 [main] DEBUG org.hibernate.type.BasicTypeRegistry - Adding type registration java.time.LocalTime -> org.hibernate.type.LocalTimeType@3ba0ae41
20:43:03.263 [main] DEBUG org.hibernate.type.BasicTypeRegistry - Adding type registration OffsetDateTime -> org.hibernate.type.OffsetDateTimeType@32a2a6be
20:43:03.263 [main] DEBUG org.hibernate.type.BasicTypeRegistry - Adding type registration java.time.OffsetDateTime -> org.hibernate.type.OffsetDateTimeType@32a2a6be
20:43:03.264 [main] DEBUG org.hibernate.type.BasicTypeRegistry - Adding type registration OffsetTime -> org.hibernate.type.OffsetTimeType@6d0be7ab
20:43:03.264 [main] DEBUG org.hibernate.type.BasicTypeRegistry - Adding type registration java.time.OffsetTime -> org.hibernate.type.OffsetTimeType@6d0be7ab
20:43:03.264 [main] DEBUG org.hibernate.type.BasicTypeRegistry - Adding type registration ZonedDateTime -> org.hibernate.type.ZonedDateTimeType@9301672
20:43:03.264 [main] DEBUG org.hibernate.type.BasicTypeRegistry - Adding type registration java.time.ZonedDateTime -> org.hibernate.type.ZonedDateTimeType@9301672
20:43:03.264 [main] DEBUG org.hibernate.type.BasicTypeRegistry - Adding type registration date -> org.hibernate.type.DateType@45c9b3
20:43:03.264 [main] DEBUG org.hibernate.type.BasicTypeRegistry - Adding type registration java.sql.Date -> org.hibernate.type.DateType@45c9b3
20:43:03.264 [main] DEBUG org.hibernate.type.BasicTypeRegistry - Adding type registration time -> org.hibernate.type.TimeType@276cc8dc
20:43:03.264 [main] DEBUG org.hibernate.type.BasicTypeRegistry - Adding type registration java.sql.Time -> org.hibernate.type.TimeType@276cc8dc
20:43:03.264 [main] DEBUG org.hibernate.type.BasicTypeRegistry - Adding type registration timestamp -> org.hibernate.type.TimestampType@1c3259fa
20:43:03.264 [main] DEBUG org.hibernate.type.BasicTypeRegistry - Adding type registration java.sql.Timestamp -> org.hibernate.type.TimestampType@1c3259fa
20:43:03.264 [main] DEBUG org.hibernate.type.BasicTypeRegistry - Adding type registration java.util.Date -> org.hibernate.type.TimestampType@1c3259fa
20:43:03.264 [main] DEBUG org.hibernate.type.BasicTypeRegistry - Adding type registration dbtimestamp -> org.hibernate.type.DbTimestampType@73aeef7d
20:43:03.264 [main] DEBUG org.hibernate.type.BasicTypeRegistry - Adding type registration calendar -> org.hibernate.type.CalendarType@52b46d52
20:43:03.264 [main] DEBUG org.hibernate.type.BasicTypeRegistry - Adding type registration java.util.Calendar -> org.hibernate.type.CalendarType@52b46d52
20:43:03.264 [main] DEBUG org.hibernate.type.BasicTypeRegistry - Adding type registration java.util.GregorianCalendar -> org.hibernate.type.CalendarType@52b46d52
20:43:03.264 [main] DEBUG org.hibernate.type.BasicTypeRegistry - Adding type registration calendar_date -> org.hibernate.type.CalendarDateType@163042ea
20:43:03.264 [main] DEBUG org.hibernate.type.BasicTypeRegistry - Adding type registration calendar_time -> org.hibernate.type.CalendarTimeType@7ec95456
20:43:03.264 [main] DEBUG org.hibernate.type.BasicTypeRegistry - Adding type registration locale -> org.hibernate.type.LocaleType@748ac6f3
20:43:03.264 [main] DEBUG org.hibernate.type.BasicTypeRegistry - Adding type registration java.util.Locale -> org.hibernate.type.LocaleType@748ac6f3
20:43:03.264 [main] DEBUG org.hibernate.type.BasicTypeRegistry - Adding type registration currency -> org.hibernate.type.CurrencyType@46911148
20:43:03.264 [main] DEBUG org.hibernate.type.BasicTypeRegistry - Adding type registration java.util.Currency -> org.hibernate.type.CurrencyType@46911148
20:43:03.264 [main] DEBUG org.hibernate.type.BasicTypeRegistry - Adding type registration timezone -> org.hibernate.type.TimeZoneType@58658f63
20:43:03.264 [main] DEBUG org.hibernate.type.BasicTypeRegistry - Adding type registration java.util.TimeZone -> org.hibernate.type.TimeZoneType@58658f63
20:43:03.264 [main] DEBUG org.hibernate.type.BasicTypeRegistry - Adding type registration class -> org.hibernate.type.ClassType@21263314
20:43:03.265 [main] DEBUG org.hibernate.type.BasicTypeRegistry - Adding type registration java.lang.Class -> org.hibernate.type.ClassType@21263314
20:43:03.265 [main] DEBUG org.hibernate.type.BasicTypeRegistry - Adding type registration uuid-binary -> org.hibernate.type.UUIDBinaryType@71ed560f
20:43:03.265 [main] DEBUG org.hibernate.type.BasicTypeRegistry - Adding type registration java.util.UUID -> org.hibernate.type.UUIDBinaryType@71ed560f
20:43:03.265 [main] DEBUG org.hibernate.type.BasicTypeRegistry - Adding type registration uuid-char -> org.hibernate.type.UUIDCharType@1bf14704
20:43:03.265 [main] DEBUG org.hibernate.type.BasicTypeRegistry - Adding type registration binary -> org.hibernate.type.BinaryType@14c93774
20:43:03.265 [main] DEBUG org.hibernate.type.BasicTypeRegistry - Adding type registration byte[] -> org.hibernate.type.BinaryType@14c93774
20:43:03.265 [main] DEBUG org.hibernate.type.BasicTypeRegistry - Adding type registration [B -> org.hibernate.type.BinaryType@14c93774
20:43:03.265 [main] DEBUG org.hibernate.type.BasicTypeRegistry - Adding type registration wrapper-binary -> org.hibernate.type.WrapperBinaryType@430b2699
20:43:03.265 [main] DEBUG org.hibernate.type.BasicTypeRegistry - Adding type registration Byte[] -> org.hibernate.type.WrapperBinaryType@430b2699
20:43:03.265 [main] DEBUG org.hibernate.type.BasicTypeRegistry - Adding type registration [Ljava.lang.Byte; -> org.hibernate.type.WrapperBinaryType@430b2699
20:43:03.265 [main] DEBUG org.hibernate.type.BasicTypeRegistry - Adding type registration row_version -> org.hibernate.type.RowVersionType@29c17c3d
20:43:03.265 [main] DEBUG org.hibernate.type.BasicTypeRegistry - Adding type registration image -> org.hibernate.type.ImageType@4f654cee
20:43:03.265 [main] DEBUG org.hibernate.type.BasicTypeRegistry - Adding type registration characters -> org.hibernate.type.CharArrayType@7134b8a7
20:43:03.265 [main] DEBUG org.hibernate.type.BasicTypeRegistry - Adding type registration char[] -> org.hibernate.type.CharArrayType@7134b8a7
20:43:03.265 [main] DEBUG org.hibernate.type.BasicTypeRegistry - Adding type registration [C -> org.hibernate.type.CharArrayType@7134b8a7
20:43:03.265 [main] DEBUG org.hibernate.type.BasicTypeRegistry - Adding type registration wrapper-characters -> org.hibernate.type.CharacterArrayType@51b77cdf
20:43:03.265 [main] DEBUG org.hibernate.type.BasicTypeRegistry - Adding type registration [Ljava.lang.Character; -> org.hibernate.type.CharacterArrayType@51b77cdf
20:43:03.265 [main] DEBUG org.hibernate.type.BasicTypeRegistry - Adding type registration Character[] -> org.hibernate.type.CharacterArrayType@51b77cdf
20:43:03.265 [main] DEBUG org.hibernate.type.BasicTypeRegistry - Adding type registration text -> org.hibernate.type.TextType@2f10f633
20:43:03.265 [main] DEBUG org.hibernate.type.BasicTypeRegistry - Adding type registration ntext -> org.hibernate.type.NTextType@a09303
20:43:03.265 [main] DEBUG org.hibernate.type.BasicTypeRegistry - Adding type registration blob -> org.hibernate.type.BlobType@726934e2
20:43:03.265 [main] DEBUG org.hibernate.type.BasicTypeRegistry - Adding type registration java.sql.Blob -> org.hibernate.type.BlobType@726934e2
20:43:03.265 [main] DEBUG org.hibernate.type.BasicTypeRegistry - Adding type registration materialized_blob -> org.hibernate.type.MaterializedBlobType@798dad3d
20:43:03.265 [main] DEBUG org.hibernate.type.BasicTypeRegistry - Adding type registration clob -> org.hibernate.type.ClobType@5568c66f
20:43:03.265 [main] DEBUG org.hibernate.type.BasicTypeRegistry - Adding type registration java.sql.Clob -> org.hibernate.type.ClobType@5568c66f
20:43:03.265 [main] DEBUG org.hibernate.type.BasicTypeRegistry - Adding type registration nclob -> org.hibernate.type.NClobType@68e02f33
20:43:03.265 [main] DEBUG org.hibernate.type.BasicTypeRegistry - Adding type registration java.sql.NClob -> org.hibernate.type.NClobType@68e02f33
20:43:03.265 [main] DEBUG org.hibernate.type.BasicTypeRegistry - Adding type registration materialized_clob -> org.hibernate.type.MaterializedClobType@158ae284
20:43:03.265 [main] DEBUG org.hibernate.type.BasicTypeRegistry - Adding type registration materialized_nclob -> org.hibernate.type.MaterializedNClobType@7235f92b
20:43:03.265 [main] DEBUG org.hibernate.type.BasicTypeRegistry - Adding type registration serializable -> org.hibernate.type.SerializableType@3af58f76
20:43:03.265 [main] DEBUG org.hibernate.type.BasicTypeRegistry - Adding type registration object -> org.hibernate.type.ObjectType@1b410308
20:43:03.266 [main] DEBUG org.hibernate.type.BasicTypeRegistry - Adding type registration java.lang.Object -> org.hibernate.type.ObjectType@1b410308
20:43:03.266 [main] DEBUG org.hibernate.type.BasicTypeRegistry - Adding type registration imm_date -> org.hibernate.type.AdaptedImmutableType@7836c79
20:43:03.266 [main] DEBUG org.hibernate.type.BasicTypeRegistry - Adding type registration imm_time -> org.hibernate.type.AdaptedImmutableType@5ccc971e
20:43:03.266 [main] DEBUG org.hibernate.type.BasicTypeRegistry - Adding type registration imm_timestamp -> org.hibernate.type.AdaptedImmutableType@28269c65
20:43:03.266 [main] DEBUG org.hibernate.type.BasicTypeRegistry - Adding type registration imm_dbtimestamp -> org.hibernate.type.AdaptedImmutableType@4c9d833
20:43:03.266 [main] DEBUG org.hibernate.type.BasicTypeRegistry - Adding type registration imm_calendar -> org.hibernate.type.AdaptedImmutableType@18b58c77
20:43:03.266 [main] DEBUG org.hibernate.type.BasicTypeRegistry - Adding type registration imm_calendar_date -> org.hibernate.type.AdaptedImmutableType@20f99c18
20:43:03.266 [main] DEBUG org.hibernate.type.BasicTypeRegistry - Adding type registration imm_binary -> org.hibernate.type.AdaptedImmutableType@3c20e9d6
20:43:03.266 [main] DEBUG org.hibernate.type.BasicTypeRegistry - Adding type registration imm_serializable -> org.hibernate.type.AdaptedImmutableType@76e2a621
20:43:03.270 [main] DEBUG org.hibernate.id.factory.internal.DefaultIdentifierGeneratorFactory - Registering IdentifierGenerator strategy [uuid2] -> [org.hibernate.id.UUIDGenerator]
20:43:03.270 [main] DEBUG org.hibernate.id.factory.internal.DefaultIdentifierGeneratorFactory - Registering IdentifierGenerator strategy [guid] -> [org.hibernate.id.GUIDGenerator]
20:43:03.270 [main] DEBUG org.hibernate.id.factory.internal.DefaultIdentifierGeneratorFactory - Registering IdentifierGenerator strategy [uuid] -> [org.hibernate.id.UUIDHexGenerator]
20:43:03.270 [main] DEBUG org.hibernate.id.factory.internal.DefaultIdentifierGeneratorFactory - Registering IdentifierGenerator strategy [uuid.hex] -> [org.hibernate.id.UUIDHexGenerator]
20:43:03.270 [main] DEBUG org.hibernate.id.factory.internal.DefaultIdentifierGeneratorFactory - Registering IdentifierGenerator strategy [assigned] -> [org.hibernate.id.Assigned]
20:43:03.270 [main] DEBUG org.hibernate.id.factory.internal.DefaultIdentifierGeneratorFactory - Registering IdentifierGenerator strategy [identity] -> [org.hibernate.id.IdentityGenerator]
20:43:03.270 [main] DEBUG org.hibernate.id.factory.internal.DefaultIdentifierGeneratorFactory - Registering IdentifierGenerator strategy [select] -> [org.hibernate.id.SelectGenerator]
20:43:03.270 [main] DEBUG org.hibernate.id.factory.internal.DefaultIdentifierGeneratorFactory - Registering IdentifierGenerator strategy [sequence] -> [org.hibernate.id.enhanced.SequenceStyleGenerator]
20:43:03.270 [main] DEBUG org.hibernate.id.factory.internal.DefaultIdentifierGeneratorFactory - Registering IdentifierGenerator strategy [seqhilo] -> [org.hibernate.id.SequenceHiLoGenerator]
20:43:03.270 [main] DEBUG org.hibernate.id.factory.internal.DefaultIdentifierGeneratorFactory - Registering IdentifierGenerator strategy [increment] -> [org.hibernate.id.IncrementGenerator]
20:43:03.270 [main] DEBUG org.hibernate.id.factory.internal.DefaultIdentifierGeneratorFactory - Registering IdentifierGenerator strategy [foreign] -> [org.hibernate.id.ForeignGenerator]
20:43:03.270 [main] DEBUG org.hibernate.id.factory.internal.DefaultIdentifierGeneratorFactory - Registering IdentifierGenerator strategy [sequence-identity] -> [org.hibernate.id.SequenceIdentityGenerator]
20:43:03.270 [main] DEBUG org.hibernate.id.factory.internal.DefaultIdentifierGeneratorFactory - Registering IdentifierGenerator strategy [enhanced-sequence] -> [org.hibernate.id.enhanced.SequenceStyleGenerator]
20:43:03.270 [main] DEBUG org.hibernate.id.factory.internal.DefaultIdentifierGeneratorFactory - Registering IdentifierGenerator strategy [enhanced-table] -> [org.hibernate.id.enhanced.TableGenerator]
20:43:03.271 [main] WARN org.hibernate.orm.connections.pooling - HHH10001002: Using Hibernate built-in connection pool (not for production use!)
20:43:03.271 [main] INFO org.hibernate.orm.connections.pooling - HHH10001005: using driver [org.postgresql.Driver] at URL [jdbc:postgresql://localhost:5432/Army]
20:43:03.271 [main] INFO org.hibernate.orm.connections.pooling - HHH10001001: Connection properties: {password=Almaz123, user=postgres}
20:43:03.271 [main] INFO org.hibernate.orm.connections.pooling - HHH10001003: Autocommit mode: false
20:43:03.271 [main] DEBUG org.hibernate.engine.jdbc.connections.internal.DriverManagerConnectionProviderImpl - Initializing Connection pool with 1 Connections
20:43:03.271 [main] INFO org.hibernate.engine.jdbc.connections.internal.DriverManagerConnectionProviderImpl - HHH000115: Hibernate connection pool size: 20 (min=1)
20:43:03.322 [main] DEBUG org.hibernate.engine.jdbc.env.internal.JdbcEnvironmentInitiator - Database ->
       name : PostgreSQL
    version : 13.0
      major : 13
      minor : 0
20:43:03.322 [main] DEBUG org.hibernate.engine.jdbc.env.internal.JdbcEnvironmentInitiator - Driver ->
       name : PostgreSQL JDBC Driver
    version : 42.3.3
      major : 42
      minor : 3
20:43:03.322 [main] DEBUG org.hibernate.engine.jdbc.env.internal.JdbcEnvironmentInitiator - JDBC version : 4.2
20:43:03.322 [main] INFO org.hibernate.dialect.Dialect - HHH000400: Using dialect: org.hibernate.dialect.PostgreSQLDialect
20:43:03.323 [main] DEBUG org.hibernate.engine.jdbc.env.spi.IdentifierHelperBuilder - JDBC driver metadata reported database stores quoted identifiers in neither upper, lower nor mixed case
20:43:03.325 [main] DEBUG org.hibernate.type.BasicTypeRegistry - Adding type registration pg-uuid -> org.hibernate.type.PostgresUUIDType@16e99306
20:43:03.325 [main] DEBUG org.hibernate.type.BasicTypeRegistry - Adding type registration java.util.UUID -> org.hibernate.type.PostgresUUIDType@16e99306
20:43:03.325 [main] DEBUG org.hibernate.type.BasicTypeRegistry - HHH000270: Type registration [java.util.UUID] overrides previous : org.hibernate.type.UUIDBinaryType@71ed560f
20:43:03.326 [main] DEBUG org.hibernate.type.spi.TypeConfiguration$Scope - Scoping TypeConfiguration [org.hibernate.type.spi.TypeConfiguration@3605ab16] to MetadataBuildingContext [org.hibernate.boot.internal.MetadataBuildingContextRootImpl@30cb223b]
20:43:03.326 [main] DEBUG org.hibernate.boot.model.relational.Namespace - Created database namespace [logicalName=Name{catalog=null, schema=null}, physicalName=Name{catalog=null, schema=null}]
20:43:03.326 [main] DEBUG org.hibernate.cfg.AnnotationBinder - Binding entity from annotated class: kz.iitu.itse1907.saylau.entity.Squad
20:43:03.326 [main] DEBUG org.hibernate.cfg.Ejb3Column - Binding column: Ejb3DiscriminatorColumn{logicalColumnName'DTYPE', discriminatorTypeName='string'}
20:43:03.327 [main] DEBUG org.hibernate.cfg.annotations.EntityBinder - Import with entity name Squad
20:43:03.327 [main] DEBUG org.hibernate.cfg.annotations.EntityBinder - Bind entity kz.iitu.itse1907.saylau.entity.Squad on table squad
20:43:03.327 [main] DEBUG org.hibernate.cfg.Ejb3Column - Binding column: Ejb3Column{table=org.hibernate.mapping.Table(squad), mappingColumn=ID, insertable=true, updatable=true, unique=false}
20:43:03.327 [main] DEBUG org.hibernate.boot.internal.ClassLoaderAccessImpl - Not known whether passed class name [kz.iitu.itse1907.saylau.entity.Squad] is safe
20:43:03.327 [main] DEBUG org.hibernate.boot.internal.ClassLoaderAccessImpl - No temp ClassLoader provided; using live ClassLoader for loading potentially unsafe class : kz.iitu.itse1907.saylau.entity.Squad
20:43:03.327 [main] DEBUG org.hibernate.cfg.annotations.PropertyBinder - MetadataSourceProcessor property id with lazy=false
20:43:03.327 [main] DEBUG org.hibernate.cfg.AbstractPropertyHolder - Attempting to locate auto-apply AttributeConverter for property [kz.iitu.itse1907.saylau.entity.Squad:id]
20:43:03.328 [main] DEBUG org.hibernate.cfg.annotations.SimpleValueBinder - building SimpleValue for id
20:43:03.328 [main] DEBUG org.hibernate.cfg.annotations.PropertyBinder - Building property id
20:43:03.328 [main] DEBUG org.hibernate.cfg.BinderHelper - #makeIdGenerator(org.hibernate.mapping.SimpleValue([org.hibernate.mapping.Column(ID)]), id, identity, , ...)
20:43:03.328 [main] DEBUG org.hibernate.cfg.Ejb3Column - Binding column: Ejb3Column{table=org.hibernate.mapping.Table(squad), mappingColumn=SquadNumber, insertable=true, updatable=true, unique=false}
20:43:03.328 [main] DEBUG org.hibernate.cfg.annotations.PropertyBinder - MetadataSourceProcessor property SquadNumber with lazy=false
20:43:03.328 [main] DEBUG org.hibernate.cfg.AbstractPropertyHolder - Attempting to locate auto-apply AttributeConverter for property [kz.iitu.itse1907.saylau.entity.Squad:SquadNumber]
20:43:03.328 [main] DEBUG org.hibernate.cfg.annotations.SimpleValueBinder - building SimpleValue for SquadNumber
20:43:03.328 [main] DEBUG org.hibernate.cfg.annotations.PropertyBinder - Building property SquadNumber
20:43:03.328 [main] DEBUG org.hibernate.cfg.Ejb3Column - Binding column: Ejb3JoinColumn{logicalColumnName='CaptainID', referencedColumn='', mappedBy=''}
20:43:03.328 [main] DEBUG org.hibernate.cfg.Ejb3Column - Binding column: Ejb3Column{table=org.hibernate.mapping.Table(squad), mappingColumn=captain, insertable=true, updatable=true, unique=false}
20:43:03.328 [main] DEBUG org.hibernate.cfg.annotations.PropertyBinder - Building property captain
20:43:03.328 [main] DEBUG org.hibernate.cfg.Ejb3Column - Binding column: Ejb3JoinColumn{logicalColumnName='SquadId', referencedColumn='', mappedBy=''}
20:43:03.328 [main] DEBUG org.hibernate.cfg.Ejb3Column - Binding column: Ejb3Column{table=org.hibernate.mapping.Table(squad), mappingColumn=soldiers, insertable=true, updatable=true, unique=false}
20:43:03.329 [main] DEBUG org.hibernate.cfg.Ejb3Column - Binding column: Ejb3Column{table=org.hibernate.mapping.Table(squad), mappingColumn=null, insertable=true, updatable=true, unique=false}
20:43:03.329 [main] DEBUG org.hibernate.cfg.Ejb3Column - Binding column: Ejb3Column{table=org.hibernate.mapping.Table(squad), mappingColumn=element, insertable=true, updatable=true, unique=false}
20:43:03.329 [main] DEBUG org.hibernate.cfg.Ejb3Column - Binding column: Ejb3Column{table=org.hibernate.mapping.Table(squad), mappingColumn=soldiers_KEY, insertable=true, updatable=true, unique=false}
20:43:03.329 [main] DEBUG org.hibernate.cfg.Ejb3Column - Binding column: Ejb3JoinColumn{logicalColumnName='soldiers_KEY', referencedColumn='null', mappedBy='null'}
20:43:03.329 [main] DEBUG org.hibernate.cfg.Ejb3Column - Binding column: Ejb3JoinColumn{logicalColumnName='null', referencedColumn='null', mappedBy=''}
20:43:03.329 [main] DEBUG org.hibernate.cfg.Ejb3Column - Binding column: Ejb3JoinColumn{logicalColumnName='null', referencedColumn='null', mappedBy=''}
20:43:03.329 [main] DEBUG org.hibernate.cfg.annotations.CollectionBinder - Collection role: kz.iitu.itse1907.saylau.entity.Squad.soldiers
20:43:03.329 [main] DEBUG org.hibernate.cfg.annotations.PropertyBinder - Building property soldiers
20:43:03.330 [main] DEBUG org.hibernate.cfg.AnnotationBinder - Binding entity from annotated class: kz.iitu.itse1907.saylau.entity.Soldier
20:43:03.330 [main] DEBUG org.hibernate.cfg.Ejb3Column - Binding column: Ejb3DiscriminatorColumn{logicalColumnName'DTYPE', discriminatorTypeName='string'}
20:43:03.330 [main] DEBUG org.hibernate.cfg.annotations.EntityBinder - Import with entity name Soldier
20:43:03.330 [main] DEBUG org.hibernate.cfg.annotations.EntityBinder - Bind entity kz.iitu.itse1907.saylau.entity.Soldier on table soldier
20:43:03.330 [main] DEBUG org.hibernate.cfg.Ejb3Column - Binding column: Ejb3Column{table=org.hibernate.mapping.Table(soldier), mappingColumn=id, insertable=true, updatable=true, unique=false}
20:43:03.330 [main] DEBUG org.hibernate.boot.internal.ClassLoaderAccessImpl - Not known whether passed class name [kz.iitu.itse1907.saylau.entity.Soldier] is safe
20:43:03.330 [main] DEBUG org.hibernate.boot.internal.ClassLoaderAccessImpl - No temp ClassLoader provided; using live ClassLoader for loading potentially unsafe class : kz.iitu.itse1907.saylau.entity.Soldier
20:43:03.331 [main] DEBUG org.hibernate.cfg.annotations.PropertyBinder - MetadataSourceProcessor property id with lazy=false
20:43:03.331 [main] DEBUG org.hibernate.cfg.AbstractPropertyHolder - Attempting to locate auto-apply AttributeConverter for property [kz.iitu.itse1907.saylau.entity.Soldier:id]
20:43:03.331 [main] DEBUG org.hibernate.cfg.annotations.SimpleValueBinder - building SimpleValue for id
20:43:03.331 [main] DEBUG org.hibernate.cfg.annotations.PropertyBinder - Building property id
20:43:03.331 [main] DEBUG org.hibernate.cfg.BinderHelper - #makeIdGenerator(org.hibernate.mapping.SimpleValue([org.hibernate.mapping.Column(id)]), id, identity, , ...)
20:43:03.331 [main] DEBUG org.hibernate.cfg.Ejb3Column - Binding column: Ejb3Column{table=org.hibernate.mapping.Table(soldier), mappingColumn=Age, insertable=true, updatable=true, unique=false}
20:43:03.331 [main] DEBUG org.hibernate.cfg.annotations.PropertyBinder - MetadataSourceProcessor property age with lazy=false
20:43:03.331 [main] DEBUG org.hibernate.cfg.AbstractPropertyHolder - Attempting to locate auto-apply AttributeConverter for property [kz.iitu.itse1907.saylau.entity.Soldier:age]
20:43:03.331 [main] DEBUG org.hibernate.cfg.annotations.SimpleValueBinder - building SimpleValue for age
20:43:03.331 [main] DEBUG org.hibernate.cfg.annotations.PropertyBinder - Building property age
20:43:03.331 [main] DEBUG org.hibernate.cfg.Ejb3Column - Binding column: Ejb3Column{table=org.hibernate.mapping.Table(soldier), mappingColumn=FirstName, insertable=true, updatable=true, unique=false}
20:43:03.331 [main] DEBUG org.hibernate.cfg.annotations.PropertyBinder - MetadataSourceProcessor property first_name with lazy=false
20:43:03.331 [main] DEBUG org.hibernate.cfg.AbstractPropertyHolder - Attempting to locate auto-apply AttributeConverter for property [kz.iitu.itse1907.saylau.entity.Soldier:first_name]
20:43:03.331 [main] DEBUG org.hibernate.cfg.annotations.SimpleValueBinder - building SimpleValue for first_name
20:43:03.331 [main] DEBUG org.hibernate.cfg.annotations.PropertyBinder - Building property first_name
20:43:03.331 [main] DEBUG org.hibernate.cfg.Ejb3Column - Binding column: Ejb3Column{table=org.hibernate.mapping.Table(soldier), mappingColumn=LastName, insertable=true, updatable=true, unique=false}
20:43:03.331 [main] DEBUG org.hibernate.cfg.annotations.PropertyBinder - MetadataSourceProcessor property last_name with lazy=false
20:43:03.332 [main] DEBUG org.hibernate.cfg.AbstractPropertyHolder - Attempting to locate auto-apply AttributeConverter for property [kz.iitu.itse1907.saylau.entity.Soldier:last_name]
20:43:03.332 [main] DEBUG org.hibernate.cfg.annotations.SimpleValueBinder - building SimpleValue for last_name
20:43:03.332 [main] DEBUG org.hibernate.cfg.annotations.PropertyBinder - Building property last_name
20:43:03.332 [main] DEBUG org.hibernate.cfg.Ejb3Column - Binding column: Ejb3Column{table=org.hibernate.mapping.Table(soldier), mappingColumn=Rank, insertable=true, updatable=true, unique=false}
20:43:03.332 [main] DEBUG org.hibernate.cfg.annotations.PropertyBinder - MetadataSourceProcessor property rank with lazy=false
20:43:03.332 [main] DEBUG org.hibernate.cfg.AbstractPropertyHolder - Attempting to locate auto-apply AttributeConverter for property [kz.iitu.itse1907.saylau.entity.Soldier:rank]
20:43:03.332 [main] DEBUG org.hibernate.cfg.annotations.SimpleValueBinder - building SimpleValue for rank
20:43:03.332 [main] DEBUG org.hibernate.cfg.annotations.PropertyBinder - Building property rank
20:43:03.332 [main] DEBUG org.hibernate.cfg.Ejb3Column - Binding column: Ejb3JoinColumn{logicalColumnName='SquadId', referencedColumn='', mappedBy=''}
20:43:03.332 [main] DEBUG org.hibernate.cfg.Ejb3Column - Binding column: Ejb3Column{table=org.hibernate.mapping.Table(soldier), mappingColumn=squad, insertable=true, updatable=true, unique=false}
20:43:03.332 [main] DEBUG org.hibernate.cfg.annotations.PropertyBinder - Building property squad
20:43:03.332 [main] DEBUG org.hibernate.cfg.AnnotationBinder - Binding entity from annotated class: kz.iitu.itse1907.saylau.entity.Captain
20:43:03.333 [main] DEBUG org.hibernate.cfg.Ejb3Column - Binding column: Ejb3DiscriminatorColumn{logicalColumnName'DTYPE', discriminatorTypeName='string'}
20:43:03.333 [main] DEBUG org.hibernate.cfg.annotations.EntityBinder - Import with entity name Captain
20:43:03.333 [main] DEBUG org.hibernate.cfg.annotations.EntityBinder - Bind entity kz.iitu.itse1907.saylau.entity.Captain on table captain
20:43:03.333 [main] DEBUG org.hibernate.cfg.Ejb3Column - Binding column: Ejb3Column{table=org.hibernate.mapping.Table(captain), mappingColumn=id, insertable=true, updatable=true, unique=false}
20:43:03.333 [main] DEBUG org.hibernate.boot.internal.ClassLoaderAccessImpl - Not known whether passed class name [kz.iitu.itse1907.saylau.entity.Captain] is safe
20:43:03.333 [main] DEBUG org.hibernate.boot.internal.ClassLoaderAccessImpl - No temp ClassLoader provided; using live ClassLoader for loading potentially unsafe class : kz.iitu.itse1907.saylau.entity.Captain
20:43:03.333 [main] DEBUG org.hibernate.cfg.annotations.PropertyBinder - MetadataSourceProcessor property id with lazy=false
20:43:03.333 [main] DEBUG org.hibernate.cfg.AbstractPropertyHolder - Attempting to locate auto-apply AttributeConverter for property [kz.iitu.itse1907.saylau.entity.Captain:id]
20:43:03.333 [main] DEBUG org.hibernate.cfg.annotations.SimpleValueBinder - building SimpleValue for id
20:43:03.333 [main] DEBUG org.hibernate.cfg.annotations.PropertyBinder - Building property id
20:43:03.334 [main] DEBUG org.hibernate.cfg.BinderHelper - #makeIdGenerator(org.hibernate.mapping.SimpleValue([org.hibernate.mapping.Column(id)]), id, identity, , ...)
20:43:03.334 [main] DEBUG org.hibernate.cfg.Ejb3Column - Binding column: Ejb3Column{table=org.hibernate.mapping.Table(captain), mappingColumn=Age, insertable=true, updatable=true, unique=false}
20:43:03.334 [main] DEBUG org.hibernate.cfg.annotations.PropertyBinder - MetadataSourceProcessor property age with lazy=false
20:43:03.334 [main] DEBUG org.hibernate.cfg.AbstractPropertyHolder - Attempting to locate auto-apply AttributeConverter for property [kz.iitu.itse1907.saylau.entity.Captain:age]
20:43:03.334 [main] DEBUG org.hibernate.cfg.annotations.SimpleValueBinder - building SimpleValue for age
20:43:03.334 [main] DEBUG org.hibernate.cfg.annotations.PropertyBinder - Building property age
20:43:03.334 [main] DEBUG org.hibernate.cfg.Ejb3Column - Binding column: Ejb3Column{table=org.hibernate.mapping.Table(captain), mappingColumn=FirstName, insertable=true, updatable=true, unique=false}
20:43:03.334 [main] DEBUG org.hibernate.cfg.annotations.PropertyBinder - MetadataSourceProcessor property first_name with lazy=false
20:43:03.334 [main] DEBUG org.hibernate.cfg.AbstractPropertyHolder - Attempting to locate auto-apply AttributeConverter for property [kz.iitu.itse1907.saylau.entity.Captain:first_name]
20:43:03.334 [main] DEBUG org.hibernate.cfg.annotations.SimpleValueBinder - building SimpleValue for first_name
20:43:03.334 [main] DEBUG org.hibernate.cfg.annotations.PropertyBinder - Building property first_name
20:43:03.334 [main] DEBUG org.hibernate.cfg.Ejb3Column - Binding column: Ejb3Column{table=org.hibernate.mapping.Table(captain), mappingColumn=LastName, insertable=true, updatable=true, unique=false}
20:43:03.334 [main] DEBUG org.hibernate.cfg.annotations.PropertyBinder - MetadataSourceProcessor property last_name with lazy=false
20:43:03.334 [main] DEBUG org.hibernate.cfg.AbstractPropertyHolder - Attempting to locate auto-apply AttributeConverter for property [kz.iitu.itse1907.saylau.entity.Captain:last_name]
20:43:03.334 [main] DEBUG org.hibernate.cfg.annotations.SimpleValueBinder - building SimpleValue for last_name
20:43:03.334 [main] DEBUG org.hibernate.cfg.annotations.PropertyBinder - Building property last_name
20:43:03.335 [main] DEBUG org.hibernate.cfg.Ejb3Column - Binding column: Ejb3Column{table=org.hibernate.mapping.Table(captain), mappingColumn=Rank, insertable=true, updatable=true, unique=false}
20:43:03.335 [main] DEBUG org.hibernate.cfg.annotations.PropertyBinder - MetadataSourceProcessor property rank with lazy=false
20:43:03.335 [main] DEBUG org.hibernate.cfg.AbstractPropertyHolder - Attempting to locate auto-apply AttributeConverter for property [kz.iitu.itse1907.saylau.entity.Captain:rank]
20:43:03.335 [main] DEBUG org.hibernate.cfg.annotations.SimpleValueBinder - building SimpleValue for rank
20:43:03.335 [main] DEBUG org.hibernate.cfg.annotations.PropertyBinder - Building property rank
20:43:03.335 [main] DEBUG org.hibernate.jpa.event.internal.CallbackDefinitionResolverLegacyImpl - Adding onPreUpdate as PreUpdate callback for entity kz.iitu.itse1907.saylau.entity.Captain
20:43:03.335 [main] DEBUG org.hibernate.jpa.event.internal.CallbackDefinitionResolverLegacyImpl - Adding onPrePersist as PrePersist callback for entity kz.iitu.itse1907.saylau.entity.Captain
20:43:03.335 [main] DEBUG org.hibernate.jpa.event.internal.CallbackDefinitionResolverLegacyImpl - Adding onPreRemove as PreRemove callback for entity kz.iitu.itse1907.saylau.entity.Captain
20:43:03.337 [main] DEBUG org.hibernate.cfg.annotations.SimpleValueBinder - Starting fillSimpleValue for id
20:43:03.337 [main] DEBUG org.hibernate.cfg.annotations.SimpleValueBinder - Starting fillSimpleValue for SquadNumber
20:43:03.337 [main] DEBUG org.hibernate.cfg.annotations.SimpleValueBinder - Starting fillSimpleValue for id
20:43:03.337 [main] DEBUG org.hibernate.cfg.annotations.SimpleValueBinder - Starting fillSimpleValue for age
20:43:03.337 [main] DEBUG org.hibernate.cfg.annotations.SimpleValueBinder - Starting fillSimpleValue for first_name
20:43:03.337 [main] DEBUG org.hibernate.cfg.annotations.SimpleValueBinder - Starting fillSimpleValue for last_name
20:43:03.337 [main] DEBUG org.hibernate.cfg.annotations.SimpleValueBinder - Starting fillSimpleValue for rank
20:43:03.337 [main] DEBUG org.hibernate.cfg.annotations.SimpleValueBinder - Starting fillSimpleValue for id
20:43:03.337 [main] DEBUG org.hibernate.cfg.annotations.SimpleValueBinder - Starting fillSimpleValue for age
20:43:03.337 [main] DEBUG org.hibernate.cfg.annotations.SimpleValueBinder - Starting fillSimpleValue for first_name
20:43:03.337 [main] DEBUG org.hibernate.cfg.annotations.SimpleValueBinder - Starting fillSimpleValue for last_name
20:43:03.337 [main] DEBUG org.hibernate.cfg.annotations.SimpleValueBinder - Starting fillSimpleValue for rank
20:43:03.338 [main] DEBUG org.hibernate.mapping.PrimaryKey - Forcing column [id] to be non-null as it is part of the primary key for table [squad]
20:43:03.338 [main] DEBUG org.hibernate.mapping.PrimaryKey - Forcing column [id] to be non-null as it is part of the primary key for table [soldier]
20:43:03.338 [main] DEBUG org.hibernate.mapping.PrimaryKey - Forcing column [id] to be non-null as it is part of the primary key for table [captain]
20:43:03.338 [main] DEBUG org.hibernate.cfg.CollectionSecondPass - Second pass for collection: kz.iitu.itse1907.saylau.entity.Squad.soldiers
20:43:03.338 [main] DEBUG org.hibernate.cfg.annotations.CollectionBinder - Binding a OneToMany: kz.iitu.itse1907.saylau.entity.Squad.soldiers through a foreign key
20:43:03.338 [main] DEBUG org.hibernate.cfg.annotations.CollectionBinder - Mapping collection: kz.iitu.itse1907.saylau.entity.Squad.soldiers -> soldier
20:43:03.338 [main] DEBUG org.hibernate.cfg.CollectionSecondPass - Mapped collection key: SquadId, one-to-many: kz.iitu.itse1907.saylau.entity.Soldier
20:43:03.338 [main] DEBUG org.hibernate.boot.internal.InFlightMetadataCollectorImpl - Resolving reference to class: kz.iitu.itse1907.saylau.entity.Squad
20:43:03.338 [main] DEBUG org.hibernate.boot.internal.InFlightMetadataCollectorImpl - Resolving reference to class: kz.iitu.itse1907.saylau.entity.Captain
20:43:03.340 [main] DEBUG org.hibernate.boot.internal.InFlightMetadataCollectorImpl - Resolving reference to class: kz.iitu.itse1907.saylau.entity.Squad
20:43:03.340 [main] DEBUG org.hibernate.boot.internal.InFlightMetadataCollectorImpl - Resolving reference to class: kz.iitu.itse1907.saylau.entity.Captain
20:43:03.341 [main] DEBUG org.hibernate.internal.SessionFactoryImpl - Building session factory
20:43:03.342 [main] DEBUG org.hibernate.cfg.Settings - SessionFactory name : null
20:43:03.342 [main] DEBUG org.hibernate.cfg.Settings - Automatic flush during beforeCompletion(): enabled
20:43:03.342 [main] DEBUG org.hibernate.cfg.Settings - Automatic session close at end of transaction: disabled
20:43:03.342 [main] DEBUG org.hibernate.cfg.Settings - Statistics: disabled
20:43:03.342 [main] DEBUG org.hibernate.cfg.Settings - Deleted entity synthetic identifier rollback: disabled
20:43:03.342 [main] DEBUG org.hibernate.cfg.Settings - Default entity-mode: pojo
20:43:03.342 [main] DEBUG org.hibernate.cfg.Settings - Check Nullability in Core (should be disabled when Bean Validation is on): enabled
20:43:03.342 [main] DEBUG org.hibernate.cfg.Settings - Allow initialization of lazy state outside session : disabled
20:43:03.342 [main] DEBUG org.hibernate.cfg.Settings - Using BatchFetchStyle : LEGACY
20:43:03.342 [main] DEBUG org.hibernate.cfg.Settings - Default batch fetch size: -1
20:43:03.342 [main] DEBUG org.hibernate.cfg.Settings - Maximum outer join fetch depth: null
20:43:03.342 [main] DEBUG org.hibernate.cfg.Settings - Default null ordering: NONE
20:43:03.342 [main] DEBUG org.hibernate.cfg.Settings - Order SQL updates by primary key: disabled
20:43:03.342 [main] DEBUG org.hibernate.cfg.Settings - Order SQL inserts for batching: disabled
20:43:03.342 [main] DEBUG org.hibernate.cfg.Settings - multi-tenancy strategy : NONE
20:43:03.342 [main] DEBUG org.hibernate.cfg.Settings - JTA Track by Thread: enabled
20:43:03.342 [main] DEBUG org.hibernate.cfg.Settings - Query language substitutions: {}
20:43:03.342 [main] DEBUG org.hibernate.cfg.Settings - Named query checking : enabled
20:43:03.342 [main] DEBUG org.hibernate.cfg.Settings - Second-level cache: disabled
20:43:03.342 [main] DEBUG org.hibernate.cfg.Settings - Second-level query cache: disabled
20:43:03.342 [main] DEBUG org.hibernate.cfg.Settings - Second-level query cache factory: null
20:43:03.342 [main] DEBUG org.hibernate.cfg.Settings - Second-level cache region prefix: null
20:43:03.342 [main] DEBUG org.hibernate.cfg.Settings - Optimize second-level cache for minimal puts: disabled
20:43:03.342 [main] DEBUG org.hibernate.cfg.Settings - Structured second-level cache entries: disabled
20:43:03.342 [main] DEBUG org.hibernate.cfg.Settings - Second-level cache direct-reference entries: disabled
20:43:03.342 [main] DEBUG org.hibernate.cfg.Settings - Automatic eviction of collection cache: disabled
20:43:03.342 [main] DEBUG org.hibernate.cfg.Settings - JDBC batch size: 15
20:43:03.342 [main] DEBUG org.hibernate.cfg.Settings - JDBC batch updates for versioned data: enabled
20:43:03.342 [main] DEBUG org.hibernate.cfg.Settings - Scrollable result sets: enabled
20:43:03.342 [main] DEBUG org.hibernate.cfg.Settings - Wrap result sets: disabled
20:43:03.342 [main] DEBUG org.hibernate.cfg.Settings - JDBC3 getGeneratedKeys(): enabled
20:43:03.343 [main] DEBUG org.hibernate.cfg.Settings - JDBC result set fetch size: null
20:43:03.343 [main] DEBUG org.hibernate.cfg.Settings - Connection release mode: AFTER_TRANSACTION
20:43:03.343 [main] DEBUG org.hibernate.cfg.Settings - Generate SQL with comments: disabled
20:43:03.343 [main] DEBUG org.hibernate.cfg.Settings - JPA compliance - query : disabled
20:43:03.343 [main] DEBUG org.hibernate.cfg.Settings - JPA compliance - closed-handling : disabled
20:43:03.343 [main] DEBUG org.hibernate.cfg.Settings - JPA compliance - lists : disabled
20:43:03.343 [main] DEBUG org.hibernate.cfg.Settings - JPA compliance - transactions : disabled
20:43:03.346 [main] DEBUG org.hibernate.service.internal.SessionFactoryServiceRegistryImpl - EventListenerRegistry access via ServiceRegistry is deprecated.  Use `sessionFactory.getEventEngine().getListenerRegistry()` instead
20:43:03.346 [main] DEBUG org.hibernate.service.internal.SessionFactoryServiceRegistryImpl - EventListenerRegistry access via ServiceRegistry is deprecated.  Use `sessionFactory.getEventEngine().getListenerRegistry()` instead
20:43:03.347 [main] DEBUG org.hibernate.internal.SessionFactoryImpl - Session factory constructed with filter configurations : {}
20:43:03.347 [main] DEBUG org.hibernate.internal.SessionFactoryImpl - Instantiating session factory with properties: {sun.desktop=windows, awt.toolkit=sun.awt.windows.WToolkit, java.specification.version=11, sun.cpu.isalist=amd64, sun.jnu.encoding=Cp1251, hibernate.dialect=org.hibernate.dialect.PostgreSQLDialect, java.class.path=C:\Users\almaz\OneDrive\Рабочий стол\Lab8\target\test-classes;C:\Users\almaz\OneDrive\Рабочий стол\Lab8\target\classes;C:\Users\almaz\.m2\repository\org\springframework\boot\spring-boot-starter-batch\2.6.3\spring-boot-starter-batch-2.6.3.jar;C:\Users\almaz\.m2\repository\org\springframework\boot\spring-boot-starter-jdbc\2.6.3\spring-boot-starter-jdbc-2.6.3.jar;C:\Users\almaz\.m2\repository\com\zaxxer\HikariCP\4.0.3\HikariCP-4.0.3.jar;C:\Users\almaz\.m2\repository\org\springframework\spring-jdbc\5.3.15\spring-jdbc-5.3.15.jar;C:\Users\almaz\.m2\repository\org\springframework\boot\spring-boot-starter-data-jpa\2.6.3\spring-boot-starter-data-jpa-2.6.3.jar;C:\Users\almaz\.m2\repository\org\springframework\boot\spring-boot-starter-aop\2.6.3\spring-boot-starter-aop-2.6.3.jar;C:\Users\almaz\.m2\repository\jakarta\transaction\jakarta.transaction-api\1.3.3\jakarta.transaction-api-1.3.3.jar;C:\Users\almaz\.m2\repository\jakarta\persistence\jakarta.persistence-api\2.2.3\jakarta.persistence-api-2.2.3.jar;C:\Users\almaz\.m2\repository\org\springframework\spring-aspects\5.3.15\spring-aspects-5.3.15.jar;C:\Users\almaz\.m2\repository\org\projectlombok\lombok\1.18.22\lombok-1.18.22.jar;C:\Users\almaz\.m2\repository\org\springframework\data\spring-data-jpa\2.6.1\spring-data-jpa-2.6.1.jar;C:\Users\almaz\.m2\repository\org\springframework\data\spring-data-commons\2.6.1\spring-data-commons-2.6.1.jar;C:\Users\almaz\.m2\repository\org\springframework\spring-orm\5.3.15\spring-orm-5.3.15.jar;C:\Users\almaz\.m2\repository\org\springframework\spring-aop\5.3.15\spring-aop-5.3.15.jar;C:\Users\almaz\.m2\repository\org\springframework\spring-tx\5.3.15\spring-tx-5.3.15.jar;C:\Users\almaz\.m2\repository\org\slf4j\slf4j-api\1.7.33\slf4j-api-1.7.33.jar;C:\Users\almaz\.m2\repository\jakarta\validation\jakarta.validation-api\2.0.2\jakarta.validation-api-2.0.2.jar;C:\Users\almaz\.m2\repository\org\springframework\boot\spring-boot-starter\2.6.3\spring-boot-starter-2.6.3.jar;C:\Users\almaz\.m2\repository\org\springframework\boot\spring-boot\2.6.3\spring-boot-2.6.3.jar;C:\Users\almaz\.m2\repository\org\springframework\boot\spring-boot-autoconfigure\2.6.3\spring-boot-autoconfigure-2.6.3.jar;C:\Users\almaz\.m2\repository\org\springframework\boot\spring-boot-starter-logging\2.6.3\spring-boot-starter-logging-2.6.3.jar;C:\Users\almaz\.m2\repository\ch\qos\logback\logback-classic\1.2.10\logback-classic-1.2.10.jar;C:\Users\almaz\.m2\repository\ch\qos\logback\logback-core\1.2.10\logback-core-1.2.10.jar;C:\Users\almaz\.m2\repository\org\apache\logging\log4j\log4j-to-slf4j\2.17.1\log4j-to-slf4j-2.17.1.jar;C:\Users\almaz\.m2\repository\org\apache\logging\log4j\log4j-api\2.17.1\log4j-api-2.17.1.jar;C:\Users\almaz\.m2\repository\org\slf4j\jul-to-slf4j\1.7.33\jul-to-slf4j-1.7.33.jar;C:\Users\almaz\.m2\repository\jakarta\annotation\jakarta.annotation-api\1.3.5\jakarta.annotation-api-1.3.5.jar;C:\Users\almaz\.m2\repository\org\yaml\snakeyaml\1.29\snakeyaml-1.29.jar;C:\Users\almaz\.m2\repository\org\springframework\boot\spring-boot-starter-test\2.6.3\spring-boot-starter-test-2.6.3.jar;C:\Users\almaz\.m2\repository\org\springframework\boot\spring-boot-test\2.6.3\spring-boot-test-2.6.3.jar;C:\Users\almaz\.m2\repository\org\springframework\boot\spring-boot-test-autoconfigure\2.6.3\spring-boot-test-autoconfigure-2.6.3.jar;C:\Users\almaz\.m2\repository\com\jayway\jsonpath\json-path\2.6.0\json-path-2.6.0.jar;C:\Users\almaz\.m2\repository\net\minidev\json-smart\2.4.7\json-smart-2.4.7.jar;C:\Users\almaz\.m2\repository\net\minidev\accessors-smart\2.4.7\accessors-smart-2.4.7.jar;C:\Users\almaz\.m2\repository\org\ow2\asm\asm\9.1\asm-9.1.jar;C:\Users\almaz\.m2\repository\jakarta\xml\bind\jakarta.xml.bind-api\2.3.3\jakarta.xml.bind-api-2.3.3.jar;C:\Users\almaz\.m2\repository\jakarta\activation\jakarta.activation-api\1.2.2\jakarta.activation-api-1.2.2.jar;C:\Users\almaz\.m2\repository\org\assertj\assertj-core\3.21.0\assertj-core-3.21.0.jar;C:\Users\almaz\.m2\repository\org\hamcrest\hamcrest\2.2\hamcrest-2.2.jar;C:\Users\almaz\.m2\repository\org\junit\jupiter\junit-jupiter\5.8.2\junit-jupiter-5.8.2.jar;C:\Users\almaz\.m2\repository\org\junit\jupiter\junit-jupiter-api\5.8.2\junit-jupiter-api-5.8.2.jar;C:\Users\almaz\.m2\repository\org\opentest4j\opentest4j\1.2.0\opentest4j-1.2.0.jar;C:\Users\almaz\.m2\repository\org\junit\platform\junit-platform-commons\1.8.2\junit-platform-commons-1.8.2.jar;C:\Users\almaz\.m2\repository\org\apiguardian\apiguardian-api\1.1.2\apiguardian-api-1.1.2.jar;C:\Users\almaz\.m2\repository\org\junit\jupiter\junit-jupiter-params\5.8.2\junit-jupiter-params-5.8.2.jar;C:\Users\almaz\.m2\repository\org\junit\jupiter\junit-jupiter-engine\5.8.2\junit-jupiter-engine-5.8.2.jar;C:\Users\almaz\.m2\repository\org\junit\platform\junit-platform-engine\1.8.2\junit-platform-engine-1.8.2.jar;C:\Users\almaz\.m2\repository\org\mockito\mockito-core\4.0.0\mockito-core-4.0.0.jar;C:\Users\almaz\.m2\repository\net\bytebuddy\byte-buddy-agent\1.11.22\byte-buddy-agent-1.11.22.jar;C:\Users\almaz\.m2\repository\org\objenesis\objenesis\3.2\objenesis-3.2.jar;C:\Users\almaz\.m2\repository\org\mockito\mockito-junit-jupiter\4.0.0\mockito-junit-jupiter-4.0.0.jar;C:\Users\almaz\.m2\repository\org\skyscreamer\jsonassert\1.5.0\jsonassert-1.5.0.jar;C:\Users\almaz\.m2\repository\com\vaadin\external\google\android-json\0.0.20131108.vaadin1\android-json-0.0.20131108.vaadin1.jar;C:\Users\almaz\.m2\repository\org\xmlunit\xmlunit-core\2.8.4\xmlunit-core-2.8.4.jar;C:\Users\almaz\.m2\repository\org\springframework\spring-core\5.3.15\spring-core-5.3.15.jar;C:\Users\almaz\.m2\repository\org\springframework\spring-jcl\5.3.15\spring-jcl-5.3.15.jar;C:\Users\almaz\.m2\repository\org\springframework\spring-context\5.3.15\spring-context-5.3.15.jar;C:\Users\almaz\.m2\repository\org\springframework\spring-expression\5.3.15\spring-expression-5.3.15.jar;C:\Users\almaz\.m2\repository\org\springframework\spring-beans\5.3.15\spring-beans-5.3.15.jar;C:\Users\almaz\.m2\repository\org\aspectj\aspectjweaver\1.9.6\aspectjweaver-1.9.6.jar;C:\Users\almaz\.m2\repository\org\springframework\spring-test\5.3.15\spring-test-5.3.15.jar;C:\Users\almaz\.m2\repository\junit\junit\4.13.2\junit-4.13.2.jar;C:\Users\almaz\.m2\repository\org\hamcrest\hamcrest-core\2.2\hamcrest-core-2.2.jar;C:\Users\almaz\.m2\repository\org\postgresql\postgresql\42.3.3\postgresql-42.3.3.jar;C:\Users\almaz\.m2\repository\org\checkerframework\checker-qual\3.5.0\checker-qual-3.5.0.jar;C:\Users\almaz\.m2\repository\org\springframework\batch\spring-batch-core\4.3.4\spring-batch-core-4.3.4.jar;C:\Users\almaz\.m2\repository\com\fasterxml\jackson\core\jackson-databind\2.13.1\jackson-databind-2.13.1.jar;C:\Users\almaz\.m2\repository\com\fasterxml\jackson\core\jackson-annotations\2.13.1\jackson-annotations-2.13.1.jar;C:\Users\almaz\.m2\repository\com\fasterxml\jackson\core\jackson-core\2.13.1\jackson-core-2.13.1.jar;C:\Users\almaz\.m2\repository\io\micrometer\micrometer-core\1.8.2\micrometer-core-1.8.2.jar;C:\Users\almaz\.m2\repository\org\hdrhistogram\HdrHistogram\2.1.12\HdrHistogram-2.1.12.jar;C:\Users\almaz\.m2\repository\org\latencyutils\LatencyUtils\2.0.3\LatencyUtils-2.0.3.jar;C:\Users\almaz\.m2\repository\javax\batch\javax.batch-api\1.0\javax.batch-api-1.0.jar;C:\Users\almaz\.m2\repository\org\codehaus\jettison\jettison\1.2\jettison-1.2.jar;C:\Users\almaz\.m2\repository\org\springframework\batch\spring-batch-infrastructure\4.3.4\spring-batch-infrastructure-4.3.4.jar;C:\Users\almaz\.m2\repository\org\springframework\retry\spring-retry\1.3.1\spring-retry-1.3.1.jar;C:\Users\almaz\.m2\repository\javax\annotation\javax.annotation-api\1.3.2\javax.annotation-api-1.3.2.jar;C:\Users\almaz\.m2\repository\org\springframework\batch\spring-batch-test\4.3.4\spring-batch-test-4.3.4.jar;C:\Users\almaz\.m2\repository\org\hibernate\hibernate-core\5.6.5.Final\hibernate-core-5.6.5.Final.jar;C:\Users\almaz\.m2\repository\org\jboss\logging\jboss-logging\3.4.3.Final\jboss-logging-3.4.3.Final.jar;C:\Users\almaz\.m2\repository\javax\persistence\javax.persistence-api\2.2\javax.persistence-api-2.2.jar;C:\Users\almaz\.m2\repository\net\bytebuddy\byte-buddy\1.11.22\byte-buddy-1.11.22.jar;C:\Users\almaz\.m2\repository\antlr\antlr\2.7.7\antlr-2.7.7.jar;C:\Users\almaz\.m2\repository\org\jboss\spec\javax\transaction\jboss-transaction-api_1.2_spec\1.1.1.Final\jboss-transaction-api_1.2_spec-1.1.1.Final.jar;C:\Users\almaz\.m2\repository\org\jboss\jandex\2.4.2.Final\jandex-2.4.2.Final.jar;C:\Users\almaz\.m2\repository\com\fasterxml\classmate\1.5.1\classmate-1.5.1.jar;C:\Users\almaz\.m2\repository\javax\activation\javax.activation-api\1.2.0\javax.activation-api-1.2.0.jar;C:\Users\almaz\.m2\repository\javax\xml\bind\jaxb-api\2.3.1\jaxb-api-2.3.1.jar;C:\Users\almaz\.m2\repository\org\glassfish\jaxb\jaxb-runtime\2.3.5\jaxb-runtime-2.3.5.jar;C:\Users\almaz\.m2\repository\org\glassfish\jaxb\txw2\2.3.5\txw2-2.3.5.jar;C:\Users\almaz\.m2\repository\com\sun\istack\istack-commons-runtime\3.0.12\istack-commons-runtime-3.0.12.jar;C:\Users\almaz\.m2\repository\com\sun\activation\jakarta.activation\1.2.2\jakarta.activation-1.2.2.jar;C:\Users\almaz\.m2\repository\org\hibernate\common\hibernate-commons-annotations\5.1.2.Final\hibernate-commons-annotations-5.1.2.Final.jar;C:\Users\almaz\.m2\repository\org\springframework\boot\spring-boot-starter-web\2.6.3\spring-boot-starter-web-2.6.3.jar;C:\Users\almaz\.m2\repository\org\springframework\boot\spring-boot-starter-json\2.6.3\spring-boot-starter-json-2.6.3.jar;C:\Users\almaz\.m2\repository\com\fasterxml\jackson\datatype\jackson-datatype-jdk8\2.13.1\jackson-datatype-jdk8-2.13.1.jar;C:\Users\almaz\.m2\repository\com\fasterxml\jackson\datatype\jackson-datatype-jsr310\2.13.1\jackson-datatype-jsr310-2.13.1.jar;C:\Users\almaz\.m2\repository\com\fasterxml\jackson\module\jackson-module-parameter-names\2.13.1\jackson-module-parameter-names-2.13.1.jar;C:\Users\almaz\.m2\repository\org\springframework\boot\spring-boot-starter-tomcat\2.6.3\spring-boot-starter-tomcat-2.6.3.jar;C:\Users\almaz\.m2\repository\org\apache\tomcat\embed\tomcat-embed-core\9.0.56\tomcat-embed-core-9.0.56.jar;C:\Users\almaz\.m2\repository\org\apache\tomcat\embed\tomcat-embed-el\9.0.56\tomcat-embed-el-9.0.56.jar;C:\Users\almaz\.m2\repository\org\apache\tomcat\embed\tomcat-embed-websocket\9.0.56\tomcat-embed-websocket-9.0.56.jar;C:\Users\almaz\.m2\repository\org\springframework\spring-web\5.3.15\spring-web-5.3.15.jar;C:\Users\almaz\.m2\repository\org\springframework\spring-webmvc\5.3.15\spring-webmvc-5.3.15.jar;, java.vm.vendor=Amazon.com Inc., sun.arch.data.model=64, user.variant=, java.vendor.url=https://aws.amazon.com/corretto/, user.timezone=Asia/Almaty, user.country.format=KZ, os.name=Windows 10, java.vm.specification.version=11, current_session_context_class=thread, sun.java.launcher=SUN_STANDARD, user.country=RU, sun.boot.library.path=C:\Users\almaz\.jdks\corretto-11.0.15\bin, sun.java.command=C:\Users\almaz\AppData\Local\Temp\surefire10350569853015669685\surefirebooter5584954628051203214.jar C:\Users\almaz\AppData\Local\Temp\surefire10350569853015669685 2022-04-25T20-42-56_782-jvmRun1 surefire10456438356214907713tmp surefire_014128203095595137067tmp, jdk.debug=release, surefire.test.class.path=C:\Users\almaz\OneDrive\Рабочий стол\Lab8\target\test-classes;C:\Users\almaz\OneDrive\Рабочий стол\Lab8\target\classes;C:\Users\almaz\.m2\repository\org\springframework\boot\spring-boot-starter-batch\2.6.3\spring-boot-starter-batch-2.6.3.jar;C:\Users\almaz\.m2\repository\org\springframework\boot\spring-boot-starter-jdbc\2.6.3\spring-boot-starter-jdbc-2.6.3.jar;C:\Users\almaz\.m2\repository\com\zaxxer\HikariCP\4.0.3\HikariCP-4.0.3.jar;C:\Users\almaz\.m2\repository\org\springframework\spring-jdbc\5.3.15\spring-jdbc-5.3.15.jar;C:\Users\almaz\.m2\repository\org\springframework\boot\spring-boot-starter-data-jpa\2.6.3\spring-boot-starter-data-jpa-2.6.3.jar;C:\Users\almaz\.m2\repository\org\springframework\boot\spring-boot-starter-aop\2.6.3\spring-boot-starter-aop-2.6.3.jar;C:\Users\almaz\.m2\repository\jakarta\transaction\jakarta.transaction-api\1.3.3\jakarta.transaction-api-1.3.3.jar;C:\Users\almaz\.m2\repository\jakarta\persistence\jakarta.persistence-api\2.2.3\jakarta.persistence-api-2.2.3.jar;C:\Users\almaz\.m2\repository\org\springframework\spring-aspects\5.3.15\spring-aspects-5.3.15.jar;C:\Users\almaz\.m2\repository\org\projectlombok\lombok\1.18.22\lombok-1.18.22.jar;C:\Users\almaz\.m2\repository\org\springframework\data\spring-data-jpa\2.6.1\spring-data-jpa-2.6.1.jar;C:\Users\almaz\.m2\repository\org\springframework\data\spring-data-commons\2.6.1\spring-data-commons-2.6.1.jar;C:\Users\almaz\.m2\repository\org\springframework\spring-orm\5.3.15\spring-orm-5.3.15.jar;C:\Users\almaz\.m2\repository\org\springframework\spring-aop\5.3.15\spring-aop-5.3.15.jar;C:\Users\almaz\.m2\repository\org\springframework\spring-tx\5.3.15\spring-tx-5.3.15.jar;C:\Users\almaz\.m2\repository\org\slf4j\slf4j-api\1.7.33\slf4j-api-1.7.33.jar;C:\Users\almaz\.m2\repository\jakarta\validation\jakarta.validation-api\2.0.2\jakarta.validation-api-2.0.2.jar;C:\Users\almaz\.m2\repository\org\springframework\boot\spring-boot-starter\2.6.3\spring-boot-starter-2.6.3.jar;C:\Users\almaz\.m2\repository\org\springframework\boot\spring-boot\2.6.3\spring-boot-2.6.3.jar;C:\Users\almaz\.m2\repository\org\springframework\boot\spring-boot-autoconfigure\2.6.3\spring-boot-autoconfigure-2.6.3.jar;C:\Users\almaz\.m2\repository\org\springframework\boot\spring-boot-starter-logging\2.6.3\spring-boot-starter-logging-2.6.3.jar;C:\Users\almaz\.m2\repository\ch\qos\logback\logback-classic\1.2.10\logback-classic-1.2.10.jar;C:\Users\almaz\.m2\repository\ch\qos\logback\logback-core\1.2.10\logback-core-1.2.10.jar;C:\Users\almaz\.m2\repository\org\apache\logging\log4j\log4j-to-slf4j\2.17.1\log4j-to-slf4j-2.17.1.jar;C:\Users\almaz\.m2\repository\org\apache\logging\log4j\log4j-api\2.17.1\log4j-api-2.17.1.jar;C:\Users\almaz\.m2\repository\org\slf4j\jul-to-slf4j\1.7.33\jul-to-slf4j-1.7.33.jar;C:\Users\almaz\.m2\repository\jakarta\annotation\jakarta.annotation-api\1.3.5\jakarta.annotation-api-1.3.5.jar;C:\Users\almaz\.m2\repository\org\yaml\snakeyaml\1.29\snakeyaml-1.29.jar;C:\Users\almaz\.m2\repository\org\springframework\boot\spring-boot-starter-test\2.6.3\spring-boot-starter-test-2.6.3.jar;C:\Users\almaz\.m2\repository\org\springframework\boot\spring-boot-test\2.6.3\spring-boot-test-2.6.3.jar;C:\Users\almaz\.m2\repository\org\springframework\boot\spring-boot-test-autoconfigure\2.6.3\spring-boot-test-autoconfigure-2.6.3.jar;C:\Users\almaz\.m2\repository\com\jayway\jsonpath\json-path\2.6.0\json-path-2.6.0.jar;C:\Users\almaz\.m2\repository\net\minidev\json-smart\2.4.7\json-smart-2.4.7.jar;C:\Users\almaz\.m2\repository\net\minidev\accessors-smart\2.4.7\accessors-smart-2.4.7.jar;C:\Users\almaz\.m2\repository\org\ow2\asm\asm\9.1\asm-9.1.jar;C:\Users\almaz\.m2\repository\jakarta\xml\bind\jakarta.xml.bind-api\2.3.3\jakarta.xml.bind-api-2.3.3.jar;C:\Users\almaz\.m2\repository\jakarta\activation\jakarta.activation-api\1.2.2\jakarta.activation-api-1.2.2.jar;C:\Users\almaz\.m2\repository\org\assertj\assertj-core\3.21.0\assertj-core-3.21.0.jar;C:\Users\almaz\.m2\repository\org\hamcrest\hamcrest\2.2\hamcrest-2.2.jar;C:\Users\almaz\.m2\repository\org\junit\jupiter\junit-jupiter\5.8.2\junit-jupiter-5.8.2.jar;C:\Users\almaz\.m2\repository\org\junit\jupiter\junit-jupiter-api\5.8.2\junit-jupiter-api-5.8.2.jar;C:\Users\almaz\.m2\repository\org\opentest4j\opentest4j\1.2.0\opentest4j-1.2.0.jar;C:\Users\almaz\.m2\repository\org\junit\platform\junit-platform-commons\1.8.2\junit-platform-commons-1.8.2.jar;C:\Users\almaz\.m2\repository\org\apiguardian\apiguardian-api\1.1.2\apiguardian-api-1.1.2.jar;C:\Users\almaz\.m2\repository\org\junit\jupiter\junit-jupiter-params\5.8.2\junit-jupiter-params-5.8.2.jar;C:\Users\almaz\.m2\repository\org\junit\jupiter\junit-jupiter-engine\5.8.2\junit-jupiter-engine-5.8.2.jar;C:\Users\almaz\.m2\repository\org\junit\platform\junit-platform-engine\1.8.2\junit-platform-engine-1.8.2.jar;C:\Users\almaz\.m2\repository\org\mockito\mockito-core\4.0.0\mockito-core-4.0.0.jar;C:\Users\almaz\.m2\repository\net\bytebuddy\byte-buddy-agent\1.11.22\byte-buddy-agent-1.11.22.jar;C:\Users\almaz\.m2\repository\org\objenesis\objenesis\3.2\objenesis-3.2.jar;C:\Users\almaz\.m2\repository\org\mockito\mockito-junit-jupiter\4.0.0\mockito-junit-jupiter-4.0.0.jar;C:\Users\almaz\.m2\repository\org\skyscreamer\jsonassert\1.5.0\jsonassert-1.5.0.jar;C:\Users\almaz\.m2\repository\com\vaadin\external\google\android-json\0.0.20131108.vaadin1\android-json-0.0.20131108.vaadin1.jar;C:\Users\almaz\.m2\repository\org\xmlunit\xmlunit-core\2.8.4\xmlunit-core-2.8.4.jar;C:\Users\almaz\.m2\repository\org\springframework\spring-core\5.3.15\spring-core-5.3.15.jar;C:\Users\almaz\.m2\repository\org\springframework\spring-jcl\5.3.15\spring-jcl-5.3.15.jar;C:\Users\almaz\.m2\repository\org\springframework\spring-context\5.3.15\spring-context-5.3.15.jar;C:\Users\almaz\.m2\repository\org\springframework\spring-expression\5.3.15\spring-expression-5.3.15.jar;C:\Users\almaz\.m2\repository\org\springframework\spring-beans\5.3.15\spring-beans-5.3.15.jar;C:\Users\almaz\.m2\repository\org\aspectj\aspectjweaver\1.9.6\aspectjweaver-1.9.6.jar;C:\Users\almaz\.m2\repository\org\springframework\spring-test\5.3.15\spring-test-5.3.15.jar;C:\Users\almaz\.m2\repository\junit\junit\4.13.2\junit-4.13.2.jar;C:\Users\almaz\.m2\repository\org\hamcrest\hamcrest-core\2.2\hamcrest-core-2.2.jar;C:\Users\almaz\.m2\repository\org\postgresql\postgresql\42.3.3\postgresql-42.3.3.jar;C:\Users\almaz\.m2\repository\org\checkerframework\checker-qual\3.5.0\checker-qual-3.5.0.jar;C:\Users\almaz\.m2\repository\org\springframework\batch\spring-batch-core\4.3.4\spring-batch-core-4.3.4.jar;C:\Users\almaz\.m2\repository\com\fasterxml\jackson\core\jackson-databind\2.13.1\jackson-databind-2.13.1.jar;C:\Users\almaz\.m2\repository\com\fasterxml\jackson\core\jackson-annotations\2.13.1\jackson-annotations-2.13.1.jar;C:\Users\almaz\.m2\repository\com\fasterxml\jackson\core\jackson-core\2.13.1\jackson-core-2.13.1.jar;C:\Users\almaz\.m2\repository\io\micrometer\micrometer-core\1.8.2\micrometer-core-1.8.2.jar;C:\Users\almaz\.m2\repository\org\hdrhistogram\HdrHistogram\2.1.12\HdrHistogram-2.1.12.jar;C:\Users\almaz\.m2\repository\org\latencyutils\LatencyUtils\2.0.3\LatencyUtils-2.0.3.jar;C:\Users\almaz\.m2\repository\javax\batch\javax.batch-api\1.0\javax.batch-api-1.0.jar;C:\Users\almaz\.m2\repository\org\codehaus\jettison\jettison\1.2\jettison-1.2.jar;C:\Users\almaz\.m2\repository\org\springframework\batch\spring-batch-infrastructure\4.3.4\spring-batch-infrastructure-4.3.4.jar;C:\Users\almaz\.m2\repository\org\springframework\retry\spring-retry\1.3.1\spring-retry-1.3.1.jar;C:\Users\almaz\.m2\repository\javax\annotation\javax.annotation-api\1.3.2\javax.annotation-api-1.3.2.jar;C:\Users\almaz\.m2\repository\org\springframework\batch\spring-batch-test\4.3.4\spring-batch-test-4.3.4.jar;C:\Users\almaz\.m2\repository\org\hibernate\hibernate-core\5.6.5.Final\hibernate-core-5.6.5.Final.jar;C:\Users\almaz\.m2\repository\org\jboss\logging\jboss-logging\3.4.3.Final\jboss-logging-3.4.3.Final.jar;C:\Users\almaz\.m2\repository\javax\persistence\javax.persistence-api\2.2\javax.persistence-api-2.2.jar;C:\Users\almaz\.m2\repository\net\bytebuddy\byte-buddy\1.11.22\byte-buddy-1.11.22.jar;C:\Users\almaz\.m2\repository\antlr\antlr\2.7.7\antlr-2.7.7.jar;C:\Users\almaz\.m2\repository\org\jboss\spec\javax\transaction\jboss-transaction-api_1.2_spec\1.1.1.Final\jboss-transaction-api_1.2_spec-1.1.1.Final.jar;C:\Users\almaz\.m2\repository\org\jboss\jandex\2.4.2.Final\jandex-2.4.2.Final.jar;C:\Users\almaz\.m2\repository\com\fasterxml\classmate\1.5.1\classmate-1.5.1.jar;C:\Users\almaz\.m2\repository\javax\activation\javax.activation-api\1.2.0\javax.activation-api-1.2.0.jar;C:\Users\almaz\.m2\repository\javax\xml\bind\jaxb-api\2.3.1\jaxb-api-2.3.1.jar;C:\Users\almaz\.m2\repository\org\glassfish\jaxb\jaxb-runtime\2.3.5\jaxb-runtime-2.3.5.jar;C:\Users\almaz\.m2\repository\org\glassfish\jaxb\txw2\2.3.5\txw2-2.3.5.jar;C:\Users\almaz\.m2\repository\com\sun\istack\istack-commons-runtime\3.0.12\istack-commons-runtime-3.0.12.jar;C:\Users\almaz\.m2\repository\com\sun\activation\jakarta.activation\1.2.2\jakarta.activation-1.2.2.jar;C:\Users\almaz\.m2\repository\org\hibernate\common\hibernate-commons-annotations\5.1.2.Final\hibernate-commons-annotations-5.1.2.Final.jar;C:\Users\almaz\.m2\repository\org\springframework\boot\spring-boot-starter-web\2.6.3\spring-boot-starter-web-2.6.3.jar;C:\Users\almaz\.m2\repository\org\springframework\boot\spring-boot-starter-json\2.6.3\spring-boot-starter-json-2.6.3.jar;C:\Users\almaz\.m2\repository\com\fasterxml\jackson\datatype\jackson-datatype-jdk8\2.13.1\jackson-datatype-jdk8-2.13.1.jar;C:\Users\almaz\.m2\repository\com\fasterxml\jackson\datatype\jackson-datatype-jsr310\2.13.1\jackson-datatype-jsr310-2.13.1.jar;C:\Users\almaz\.m2\repository\com\fasterxml\jackson\module\jackson-module-parameter-names\2.13.1\jackson-module-parameter-names-2.13.1.jar;C:\Users\almaz\.m2\repository\org\springframework\boot\spring-boot-starter-tomcat\2.6.3\spring-boot-starter-tomcat-2.6.3.jar;C:\Users\almaz\.m2\repository\org\apache\tomcat\embed\tomcat-embed-core\9.0.56\tomcat-embed-core-9.0.56.jar;C:\Users\almaz\.m2\repository\org\apache\tomcat\embed\tomcat-embed-el\9.0.56\tomcat-embed-el-9.0.56.jar;C:\Users\almaz\.m2\repository\org\apache\tomcat\embed\tomcat-embed-websocket\9.0.56\tomcat-embed-websocket-9.0.56.jar;C:\Users\almaz\.m2\repository\org\springframework\spring-web\5.3.15\spring-web-5.3.15.jar;C:\Users\almaz\.m2\repository\org\springframework\spring-webmvc\5.3.15\spring-webmvc-5.3.15.jar;, sun.cpu.endian=little, user.home=C:\Users\almaz, user.language=ru, java.specification.vendor=Oracle Corporation, java.version.date=2022-04-19, java.home=C:\Users\almaz\.jdks\corretto-11.0.15, spring.profiles.active=config1, file.separator=\, basedir=C:\Users\almaz\OneDrive\Рабочий стол\Lab8, java.vm.compressedOopsMode=32-bit, line.separator=
, java.specification.name=Java Platform API Specification, java.vm.specification.vendor=Oracle Corporation, java.awt.graphicsenv=sun.awt.Win32GraphicsEnvironment, surefire.real.class.path=C:\Users\almaz\AppData\Local\Temp\surefire10350569853015669685\surefirebooter5584954628051203214.jar, user.script=, sun.management.compiler=HotSpot 64-Bit Tiered Compilers, java.runtime.version=11.0.15+9-LTS, user.name=almaz, path.separator=;, hibernate.connection.username=****, os.version=10.0, java.runtime.name=OpenJDK Runtime Environment, hibernate.connection.url=jdbc:postgresql://localhost:5432/Army, file.encoding=Cp1251, java.vm.name=OpenJDK 64-Bit Server VM, java.vendor.version=Corretto-11.0.15.9.1, hibernate.current_session_context_class=thread, localRepository=C:\Users\almaz\.m2\repository, hibernate.connection.driver_class=org.postgresql.Driver, java.vendor.url.bug=https://github.com/corretto/corretto-11/issues/, java.io.tmpdir=C:\Users\almaz\AppData\Local\Temp\, idea.version=2020.2.4, java.version=11.0.15, user.dir=C:\Users\almaz\OneDrive\Рабочий стол\Lab8, os.arch=amd64, java.vm.specification.name=Java Virtual Machine Specification, java.awt.printerjob=sun.awt.windows.WPrinterJob, hibernate.connection.password=****, sun.os.patch.level=, hibernate.boot.CfgXmlAccessService.key=org.hibernate.boot.cfgxml.spi.LoadedConfig@22172b00, java.library.path=C:\Users\almaz\.jdks\corretto-11.0.15\bin;C:\Windows\Sun\Java\bin;C:\Windows\system32;C:\Windows;C:\Program Files\Common Files\Oracle\Java\javapath;C:\Program Files (x86)\Common Files\Intel\Shared Libraries\redist\intel64\compiler;C:\Program Files (x86)\Common Files\Oracle\Java\javapath;C:\Windows\system32;C:\Windows;C:\Windows\System32\Wbem;C:\Windows\System32\WindowsPowerShell\v1.0\;C:\Windows\System32\OpenSSH\;C:\Program Files\NVIDIA Corporation\NVIDIA NvDLISR;C:\Program Files (x86)\NVIDIA Corporation\PhysX\Common;C:\Program Files\Common Files\Autodesk Shared\;C:\Program Files\Microsoft SQL Server\120\Tools\Binn\;C:\Program Files\Git\cmd;;C:\Program Files\Docker\Docker\resources\bin;C:\ProgramData\DockerDesktop\version-bin;C:\Program Files\MySQL\MySQL Shell 8.0\bin\;C:\Users\almaz\AppData\Local\Programs\Python\Python39\Scripts\;C:\Users\almaz\AppData\Local\Programs\Python\Python39\;C:\Users\almaz\AppData\Local\Microsoft\WindowsApps;;C:\Program Files\JetBrains\IntelliJ IDEA 2020.2.2\bin;;C:\Program Files\JetBrains\PyCharm Community Edition 2020.2.3\bin;;C:\Users\almaz\spicetify-cli;., java.vendor=Amazon.com Inc., java.vm.info=mixed mode, java.vm.version=11.0.15+9-LTS, hibernate.bytecode.use_reflection_optimizer=false, sun.io.unicode.encoding=UnicodeLittle, java.class.version=55.0}
20:43:03.348 [main] DEBUG org.hibernate.cfg.beanvalidation.TypeSafeActivator - Unable to acquire Bean Validation ValidatorFactory, skipping activation
20:43:03.348 [main] DEBUG org.hibernate.secure.spi.JaccIntegrator - Skipping JACC integration as it was not enabled
20:43:03.348 [main] DEBUG org.hibernate.internal.SessionFactoryImpl - Instantiated session factory
20:43:03.348 [main] DEBUG org.hibernate.type.spi.TypeConfiguration$Scope - Scoping TypeConfiguration [org.hibernate.type.spi.TypeConfiguration@3605ab16] to SessionFactoryImpl [org.hibernate.internal.SessionFactoryImpl@d02c00]
20:43:03.349 [main] DEBUG org.hibernate.orm.bytecode.interceptor - To-one property `kz.iitu.itse1907.saylau.entity.Soldier#squad` was mapped with LAZY + NO_PROXY but the class was not enhanced
20:43:03.349 [main] DEBUG org.hibernate.orm.bytecode.interceptor - To-one property `kz.iitu.itse1907.saylau.entity.Soldier#squad` was mapped with LAZY + NO_PROXY but the class was not enhanced
20:43:03.349 [main] DEBUG org.hibernate.boot.internal.ClassLoaderAccessImpl - Not known whether passed class name [kz.iitu.itse1907.saylau.entity.Soldier] is safe
20:43:03.349 [main] DEBUG org.hibernate.boot.internal.ClassLoaderAccessImpl - No temp ClassLoader provided; using live ClassLoader for loading potentially unsafe class : kz.iitu.itse1907.saylau.entity.Soldier
20:43:03.361 [main] DEBUG org.hibernate.orm.bytecode.interceptor - To-one property `kz.iitu.itse1907.saylau.entity.Soldier#squad` was mapped with LAZY + NO_PROXY but the class was not enhanced
20:43:03.361 [main] DEBUG org.hibernate.orm.bytecode.interceptor - To-one property `kz.iitu.itse1907.saylau.entity.Soldier#squad` was mapped with LAZY + NO_PROXY but the class was not enhanced
20:43:03.362 [main] DEBUG org.hibernate.orm.bytecode.interceptor - To-one property `kz.iitu.itse1907.saylau.entity.Squad#captain` was mapped with LAZY + NO_PROXY but the class was not enhanced
20:43:03.362 [main] DEBUG org.hibernate.orm.bytecode.interceptor - To-one property `kz.iitu.itse1907.saylau.entity.Squad#captain` was mapped with LAZY + NO_PROXY but the class was not enhanced
20:43:03.362 [main] DEBUG org.hibernate.boot.internal.ClassLoaderAccessImpl - Not known whether passed class name [kz.iitu.itse1907.saylau.entity.Squad] is safe
20:43:03.362 [main] DEBUG org.hibernate.boot.internal.ClassLoaderAccessImpl - No temp ClassLoader provided; using live ClassLoader for loading potentially unsafe class : kz.iitu.itse1907.saylau.entity.Squad
20:43:03.371 [main] DEBUG org.hibernate.orm.bytecode.interceptor - To-one property `kz.iitu.itse1907.saylau.entity.Squad#captain` was mapped with LAZY + NO_PROXY but the class was not enhanced
20:43:03.371 [main] DEBUG org.hibernate.orm.bytecode.interceptor - To-one property `kz.iitu.itse1907.saylau.entity.Squad#captain` was mapped with LAZY + NO_PROXY but the class was not enhanced
20:43:03.372 [main] DEBUG org.hibernate.boot.internal.ClassLoaderAccessImpl - Not known whether passed class name [kz.iitu.itse1907.saylau.entity.Captain] is safe
20:43:03.372 [main] DEBUG org.hibernate.boot.internal.ClassLoaderAccessImpl - No temp ClassLoader provided; using live ClassLoader for loading potentially unsafe class : kz.iitu.itse1907.saylau.entity.Captain
20:43:03.383 [main] DEBUG org.hibernate.persister.collection.AbstractCollectionPersister - Static SQL for collection: kz.iitu.itse1907.saylau.entity.Squad.soldiers
20:43:03.383 [main] DEBUG org.hibernate.persister.collection.AbstractCollectionPersister -  Row insert: update soldier set SquadId=? where id=?
20:43:03.383 [main] DEBUG org.hibernate.persister.collection.AbstractCollectionPersister -  Row update: update soldier set  where id=?
20:43:03.383 [main] DEBUG org.hibernate.persister.collection.AbstractCollectionPersister -  Row delete: update soldier set SquadId=null where SquadId=? and id=?
20:43:03.383 [main] DEBUG org.hibernate.persister.collection.AbstractCollectionPersister -  One-shot delete: update soldier set SquadId=null where SquadId=?
20:43:03.383 [main] DEBUG org.hibernate.persister.entity.AbstractEntityPersister - Static SQL for entity: kz.iitu.itse1907.saylau.entity.Soldier
20:43:03.383 [main] DEBUG org.hibernate.persister.entity.AbstractEntityPersister -  Version select: select id from soldier where id =?
20:43:03.383 [main] DEBUG org.hibernate.persister.entity.AbstractEntityPersister -  Snapshot select: select soldier_.id, soldier_.Age as age2_1_, soldier_.FirstName as firstnam3_1_, soldier_.LastName as lastname4_1_, soldier_.Rank as rank5_1_, soldier_.SquadId as squadid6_1_ from soldier soldier_ where soldier_.id=?
20:43:03.384 [main] DEBUG org.hibernate.persister.entity.AbstractEntityPersister -  Insert 0: insert into soldier (Age, FirstName, LastName, Rank, SquadId, id) values (?, ?, ?, ?, ?, ?)
20:43:03.384 [main] DEBUG org.hibernate.persister.entity.AbstractEntityPersister -  Update 0: update soldier set Age=?, FirstName=?, LastName=?, Rank=?, SquadId=? where id=?
20:43:03.384 [main] DEBUG org.hibernate.persister.entity.AbstractEntityPersister -  Delete 0: delete from soldier where id=?
20:43:03.384 [main] DEBUG org.hibernate.persister.entity.AbstractEntityPersister -  Identity insert: insert into soldier (Age, FirstName, LastName, Rank, SquadId) values (?, ?, ?, ?, ?)
20:43:03.384 [main] DEBUG org.hibernate.loader.plan.build.internal.spaces.QuerySpacesImpl - Adding QuerySpace : uid = <gen:0> -> org.hibernate.loader.plan.build.internal.spaces.EntityQuerySpaceImpl@5265a8dd]
20:43:03.384 [main] DEBUG org.hibernate.persister.walking.spi.MetamodelGraphWalker - Visiting attribute path : age
20:43:03.384 [main] DEBUG org.hibernate.persister.walking.spi.MetamodelGraphWalker - Visiting attribute path : first_name
20:43:03.384 [main] DEBUG org.hibernate.persister.walking.spi.MetamodelGraphWalker - Visiting attribute path : last_name
20:43:03.384 [main] DEBUG org.hibernate.persister.walking.spi.MetamodelGraphWalker - Visiting attribute path : rank
20:43:03.384 [main] DEBUG org.hibernate.persister.walking.spi.MetamodelGraphWalker - Visiting attribute path : squad
20:43:03.384 [main] DEBUG org.hibernate.loader.plan.build.internal.spaces.QuerySpacesImpl - Adding QuerySpace : uid = <gen:1> -> org.hibernate.loader.plan.build.internal.spaces.EntityQuerySpaceImpl@5535e9]
20:43:03.384 [main] DEBUG org.hibernate.persister.walking.spi.MetamodelGraphWalker - Visiting attribute path : squad.SquadNumber
20:43:03.384 [main] DEBUG org.hibernate.persister.walking.spi.MetamodelGraphWalker - Visiting attribute path : squad.captain
20:43:03.384 [main] DEBUG org.hibernate.loader.plan.build.internal.spaces.QuerySpacesImpl - Adding QuerySpace : uid = <gen:2> -> org.hibernate.loader.plan.build.internal.spaces.EntityQuerySpaceImpl@e3692ca]
20:43:03.384 [main] DEBUG org.hibernate.persister.walking.spi.MetamodelGraphWalker - Visiting attribute path : squad.captain.age
20:43:03.384 [main] DEBUG org.hibernate.persister.walking.spi.MetamodelGraphWalker - Visiting attribute path : squad.captain.first_name
20:43:03.384 [main] DEBUG org.hibernate.persister.walking.spi.MetamodelGraphWalker - Visiting attribute path : squad.captain.last_name
20:43:03.384 [main] DEBUG org.hibernate.persister.walking.spi.MetamodelGraphWalker - Visiting attribute path : squad.captain.rank
20:43:03.384 [main] DEBUG org.hibernate.persister.walking.spi.MetamodelGraphWalker - Visiting attribute path : squad.soldiers
20:43:03.384 [main] DEBUG org.hibernate.persister.walking.spi.MetamodelGraphWalker - Property path deemed to be circular : squad.soldiers
20:43:03.384 [main] DEBUG org.hibernate.loader.plan.build.internal.FetchStyleLoadPlanBuildingAssociationVisitationStrategy - Building LoadPlan...
20:43:03.385 [main] DEBUG org.hibernate.loader.plan.exec.internal.LoadQueryJoinAndFetchProcessor - processing queryspace <gen:0>
20:43:03.385 [main] DEBUG org.hibernate.loader.plan.build.spi.LoadPlanTreePrinter - LoadPlan(entity=kz.iitu.itse1907.saylau.entity.Soldier)
    - Returns
       - EntityReturnImpl(entity=kz.iitu.itse1907.saylau.entity.Soldier, querySpaceUid=<gen:0>, path=kz.iitu.itse1907.saylau.entity.Soldier)
          - EntityAttributeFetchImpl(entity=kz.iitu.itse1907.saylau.entity.Squad, querySpaceUid=<gen:1>, path=kz.iitu.itse1907.saylau.entity.Soldier.squad)
             - EntityAttributeFetchImpl(entity=kz.iitu.itse1907.saylau.entity.Captain, querySpaceUid=<gen:2>, path=kz.iitu.itse1907.saylau.entity.Soldier.squad.captain)
    - QuerySpaces
       - EntityQuerySpaceImpl(uid=<gen:0>, entity=kz.iitu.itse1907.saylau.entity.Soldier)
          - SQL table alias mapping - soldier0_
          - alias suffix - 0_
          - suffixed key columns - {id1_1_0_}
          - JOIN (JoinDefinedByMetadata(squad)) : <gen:0> -> <gen:1>
             - EntityQuerySpaceImpl(uid=<gen:1>, entity=kz.iitu.itse1907.saylau.entity.Squad)
                - SQL table alias mapping - squad1_
                - alias suffix - 1_
                - suffixed key columns - {id1_2_1_}
                - JOIN (JoinDefinedByMetadata(captain)) : <gen:1> -> <gen:2>
                   - EntityQuerySpaceImpl(uid=<gen:2>, entity=kz.iitu.itse1907.saylau.entity.Captain)
                      - SQL table alias mapping - captain2_
                      - alias suffix - 2_
                      - suffixed key columns - {id1_0_2_}

20:43:03.385 [main] DEBUG org.hibernate.loader.entity.plan.EntityLoader - Static select for entity kz.iitu.itse1907.saylau.entity.Soldier [NONE]: select soldier0_.id as id1_1_0_, soldier0_.Age as age2_1_0_, soldier0_.FirstName as firstnam3_1_0_, soldier0_.LastName as lastname4_1_0_, soldier0_.Rank as rank5_1_0_, soldier0_.SquadId as squadid6_1_0_, squad1_.ID as id1_2_1_, squad1_.SquadNumber as squadnum2_2_1_, squad1_.CaptainID as captaini3_2_1_, captain2_.id as id1_0_2_, captain2_.Age as age2_0_2_, captain2_.FirstName as firstnam3_0_2_, captain2_.LastName as lastname4_0_2_, captain2_.Rank as rank5_0_2_ from soldier soldier0_ left outer join squad squad1_ on soldier0_.SquadId=squad1_.ID left outer join captain captain2_ on squad1_.CaptainID=captain2_.id where soldier0_.id=?
20:43:03.386 [main] DEBUG org.hibernate.persister.entity.AbstractEntityPersister - Static SQL for entity: kz.iitu.itse1907.saylau.entity.Squad
20:43:03.386 [main] DEBUG org.hibernate.persister.entity.AbstractEntityPersister -  Version select: select ID from squad where ID =?
20:43:03.386 [main] DEBUG org.hibernate.persister.entity.AbstractEntityPersister -  Snapshot select: select squad_.ID, squad_.SquadNumber as squadnum2_2_, squad_.CaptainID as captaini3_2_ from squad squad_ where squad_.ID=?
20:43:03.386 [main] DEBUG org.hibernate.persister.entity.AbstractEntityPersister -  Insert 0: insert into squad (SquadNumber, CaptainID, ID) values (?, ?, ?)
20:43:03.386 [main] DEBUG org.hibernate.persister.entity.AbstractEntityPersister -  Update 0: update squad set SquadNumber=?, CaptainID=? where ID=?
20:43:03.386 [main] DEBUG org.hibernate.persister.entity.AbstractEntityPersister -  Delete 0: delete from squad where ID=?
20:43:03.386 [main] DEBUG org.hibernate.persister.entity.AbstractEntityPersister -  Identity insert: insert into squad (SquadNumber, CaptainID) values (?, ?)
20:43:03.386 [main] DEBUG org.hibernate.loader.plan.build.internal.spaces.QuerySpacesImpl - Adding QuerySpace : uid = <gen:0> -> org.hibernate.loader.plan.build.internal.spaces.EntityQuerySpaceImpl@5cfe28e1]
20:43:03.386 [main] DEBUG org.hibernate.persister.walking.spi.MetamodelGraphWalker - Visiting attribute path : SquadNumber
20:43:03.386 [main] DEBUG org.hibernate.persister.walking.spi.MetamodelGraphWalker - Visiting attribute path : captain
20:43:03.386 [main] DEBUG org.hibernate.loader.plan.build.internal.spaces.QuerySpacesImpl - Adding QuerySpace : uid = <gen:1> -> org.hibernate.loader.plan.build.internal.spaces.EntityQuerySpaceImpl@40d370fa]
20:43:03.386 [main] DEBUG org.hibernate.persister.walking.spi.MetamodelGraphWalker - Visiting attribute path : captain.age
20:43:03.386 [main] DEBUG org.hibernate.persister.walking.spi.MetamodelGraphWalker - Visiting attribute path : captain.first_name
20:43:03.386 [main] DEBUG org.hibernate.persister.walking.spi.MetamodelGraphWalker - Visiting attribute path : captain.last_name
20:43:03.386 [main] DEBUG org.hibernate.persister.walking.spi.MetamodelGraphWalker - Visiting attribute path : captain.rank
20:43:03.386 [main] DEBUG org.hibernate.persister.walking.spi.MetamodelGraphWalker - Visiting attribute path : soldiers
20:43:03.386 [main] DEBUG org.hibernate.loader.plan.build.internal.spaces.QuerySpacesImpl - Adding QuerySpace : uid = <gen:2> -> org.hibernate.loader.plan.build.internal.spaces.CollectionQuerySpaceImpl@757c685d]
20:43:03.386 [main] DEBUG org.hibernate.loader.plan.build.internal.spaces.QuerySpacesImpl - Adding QuerySpace : uid = <gen:3> -> org.hibernate.loader.plan.build.internal.spaces.EntityQuerySpaceImpl@476a970c]
20:43:03.386 [main] DEBUG org.hibernate.persister.walking.spi.MetamodelGraphWalker - Visiting attribute path : soldiers.age
20:43:03.386 [main] DEBUG org.hibernate.persister.walking.spi.MetamodelGraphWalker - Visiting attribute path : soldiers.first_name
20:43:03.386 [main] DEBUG org.hibernate.persister.walking.spi.MetamodelGraphWalker - Visiting attribute path : soldiers.last_name
20:43:03.386 [main] DEBUG org.hibernate.persister.walking.spi.MetamodelGraphWalker - Visiting attribute path : soldiers.rank
20:43:03.386 [main] DEBUG org.hibernate.persister.walking.spi.MetamodelGraphWalker - Visiting attribute path : soldiers.squad
20:43:03.386 [main] DEBUG org.hibernate.persister.walking.spi.MetamodelGraphWalker - Property path deemed to be circular : soldiers.squad
20:43:03.386 [main] DEBUG org.hibernate.loader.plan.build.internal.FetchStyleLoadPlanBuildingAssociationVisitationStrategy - Building LoadPlan...
20:43:03.387 [main] DEBUG org.hibernate.loader.plan.exec.internal.LoadQueryJoinAndFetchProcessor - processing queryspace <gen:0>
20:43:03.388 [main] DEBUG org.hibernate.loader.plan.build.spi.LoadPlanTreePrinter - LoadPlan(entity=kz.iitu.itse1907.saylau.entity.Squad)
    - Returns
       - EntityReturnImpl(entity=kz.iitu.itse1907.saylau.entity.Squad, querySpaceUid=<gen:0>, path=kz.iitu.itse1907.saylau.entity.Squad)
          - EntityAttributeFetchImpl(entity=kz.iitu.itse1907.saylau.entity.Captain, querySpaceUid=<gen:1>, path=kz.iitu.itse1907.saylau.entity.Squad.captain)
          - CollectionAttributeFetchImpl(collection=kz.iitu.itse1907.saylau.entity.Squad.soldiers, querySpaceUid=<gen:2>, path=kz.iitu.itse1907.saylau.entity.Squad.soldiers)
             - (collection element) CollectionFetchableElementEntityGraph(entity=kz.iitu.itse1907.saylau.entity.Soldier, querySpaceUid=<gen:3>, path=kz.iitu.itse1907.saylau.entity.Squad.soldiers.<elements>)
    - QuerySpaces
       - EntityQuerySpaceImpl(uid=<gen:0>, entity=kz.iitu.itse1907.saylau.entity.Squad)
          - SQL table alias mapping - squad0_
          - alias suffix - 0_
          - suffixed key columns - {id1_2_0_}
          - JOIN (JoinDefinedByMetadata(captain)) : <gen:0> -> <gen:1>
             - EntityQuerySpaceImpl(uid=<gen:1>, entity=kz.iitu.itse1907.saylau.entity.Captain)
                - SQL table alias mapping - captain1_
                - alias suffix - 1_
                - suffixed key columns - {id1_0_1_}
          - JOIN (JoinDefinedByMetadata(soldiers)) : <gen:0> -> <gen:2>
             - CollectionQuerySpaceImpl(uid=<gen:2>, collection=kz.iitu.itse1907.saylau.entity.Squad.soldiers)
                - SQL table alias mapping - soldiers2_
                - alias suffix - 2_
                - suffixed key columns - {squadid6_1_2_}
                - entity-element alias suffix - 3_
                - 3_entity-element suffixed key columns - id1_1_3_
                - JOIN (JoinDefinedByMetadata(elements)) : <gen:2> -> <gen:3>
                   - EntityQuerySpaceImpl(uid=<gen:3>, entity=kz.iitu.itse1907.saylau.entity.Soldier)
                      - SQL table alias mapping - soldiers2_
                      - alias suffix - 3_
                      - suffixed key columns - {id1_1_3_}

20:43:03.388 [main] DEBUG org.hibernate.loader.entity.plan.EntityLoader - Static select for entity kz.iitu.itse1907.saylau.entity.Squad [NONE]: select squad0_.ID as id1_2_0_, squad0_.SquadNumber as squadnum2_2_0_, squad0_.CaptainID as captaini3_2_0_, captain1_.id as id1_0_1_, captain1_.Age as age2_0_1_, captain1_.FirstName as firstnam3_0_1_, captain1_.LastName as lastname4_0_1_, captain1_.Rank as rank5_0_1_, soldiers2_.SquadId as squadid6_1_2_, soldiers2_.id as id1_1_2_, soldiers2_.id as id1_1_3_, soldiers2_.Age as age2_1_3_, soldiers2_.FirstName as firstnam3_1_3_, soldiers2_.LastName as lastname4_1_3_, soldiers2_.Rank as rank5_1_3_, soldiers2_.SquadId as squadid6_1_3_ from squad squad0_ left outer join captain captain1_ on squad0_.CaptainID=captain1_.id left outer join soldier soldiers2_ on squad0_.ID=soldiers2_.SquadId where squad0_.ID=?
20:43:03.388 [main] DEBUG org.hibernate.persister.entity.AbstractEntityPersister - Static SQL for entity: kz.iitu.itse1907.saylau.entity.Captain
20:43:03.388 [main] DEBUG org.hibernate.persister.entity.AbstractEntityPersister -  Version select: select id from captain where id =?
20:43:03.388 [main] DEBUG org.hibernate.persister.entity.AbstractEntityPersister -  Snapshot select: select captain_.id, captain_.Age as age2_0_, captain_.FirstName as firstnam3_0_, captain_.LastName as lastname4_0_, captain_.Rank as rank5_0_ from captain captain_ where captain_.id=?
20:43:03.388 [main] DEBUG org.hibernate.persister.entity.AbstractEntityPersister -  Insert 0: insert into captain (Age, FirstName, LastName, Rank, id) values (?, ?, ?, ?, ?)
20:43:03.388 [main] DEBUG org.hibernate.persister.entity.AbstractEntityPersister -  Update 0: update captain set Age=?, FirstName=?, LastName=?, Rank=? where id=?
20:43:03.388 [main] DEBUG org.hibernate.persister.entity.AbstractEntityPersister -  Delete 0: delete from captain where id=?
20:43:03.388 [main] DEBUG org.hibernate.persister.entity.AbstractEntityPersister -  Identity insert: insert into captain (Age, FirstName, LastName, Rank) values (?, ?, ?, ?)
20:43:03.388 [main] DEBUG org.hibernate.loader.plan.build.internal.spaces.QuerySpacesImpl - Adding QuerySpace : uid = <gen:0> -> org.hibernate.loader.plan.build.internal.spaces.EntityQuerySpaceImpl@15ee8861]
20:43:03.388 [main] DEBUG org.hibernate.persister.walking.spi.MetamodelGraphWalker - Visiting attribute path : age
20:43:03.388 [main] DEBUG org.hibernate.persister.walking.spi.MetamodelGraphWalker - Visiting attribute path : first_name
20:43:03.388 [main] DEBUG org.hibernate.persister.walking.spi.MetamodelGraphWalker - Visiting attribute path : last_name
20:43:03.388 [main] DEBUG org.hibernate.persister.walking.spi.MetamodelGraphWalker - Visiting attribute path : rank
20:43:03.388 [main] DEBUG org.hibernate.loader.plan.build.internal.FetchStyleLoadPlanBuildingAssociationVisitationStrategy - Building LoadPlan...
20:43:03.388 [main] DEBUG org.hibernate.loader.plan.exec.internal.LoadQueryJoinAndFetchProcessor - processing queryspace <gen:0>
20:43:03.389 [main] DEBUG org.hibernate.loader.plan.build.spi.LoadPlanTreePrinter - LoadPlan(entity=kz.iitu.itse1907.saylau.entity.Captain)
    - Returns
       - EntityReturnImpl(entity=kz.iitu.itse1907.saylau.entity.Captain, querySpaceUid=<gen:0>, path=kz.iitu.itse1907.saylau.entity.Captain)
    - QuerySpaces
       - EntityQuerySpaceImpl(uid=<gen:0>, entity=kz.iitu.itse1907.saylau.entity.Captain)
          - SQL table alias mapping - captain0_
          - alias suffix - 0_
          - suffixed key columns - {id1_0_0_}

20:43:03.389 [main] DEBUG org.hibernate.loader.entity.plan.EntityLoader - Static select for entity kz.iitu.itse1907.saylau.entity.Captain [NONE]: select captain0_.id as id1_0_0_, captain0_.Age as age2_0_0_, captain0_.FirstName as firstnam3_0_0_, captain0_.LastName as lastname4_0_0_, captain0_.Rank as rank5_0_0_ from captain captain0_ where captain0_.id=?
20:43:03.389 [main] DEBUG org.hibernate.loader.plan.build.internal.spaces.QuerySpacesImpl - Adding QuerySpace : uid = <gen:0> -> org.hibernate.loader.plan.build.internal.spaces.CollectionQuerySpaceImpl@31a024ea]
20:43:03.389 [main] DEBUG org.hibernate.loader.plan.build.internal.spaces.QuerySpacesImpl - Adding QuerySpace : uid = <gen:1> -> org.hibernate.loader.plan.build.internal.spaces.EntityQuerySpaceImpl@362c48c]
20:43:03.389 [main] DEBUG org.hibernate.persister.walking.spi.MetamodelGraphWalker - Visiting attribute path : age
20:43:03.389 [main] DEBUG org.hibernate.persister.walking.spi.MetamodelGraphWalker - Visiting attribute path : first_name
20:43:03.389 [main] DEBUG org.hibernate.persister.walking.spi.MetamodelGraphWalker - Visiting attribute path : last_name
20:43:03.389 [main] DEBUG org.hibernate.persister.walking.spi.MetamodelGraphWalker - Visiting attribute path : rank
20:43:03.389 [main] DEBUG org.hibernate.persister.walking.spi.MetamodelGraphWalker - Visiting attribute path : squad
20:43:03.389 [main] DEBUG org.hibernate.persister.walking.spi.MetamodelGraphWalker - Property path deemed to be circular : squad
20:43:03.389 [main] DEBUG org.hibernate.loader.plan.build.internal.FetchStyleLoadPlanBuildingAssociationVisitationStrategy - Building LoadPlan...
20:43:03.390 [main] DEBUG org.hibernate.loader.plan.exec.internal.LoadQueryJoinAndFetchProcessor - processing queryspace <gen:0>
20:43:03.390 [main] DEBUG org.hibernate.loader.plan.build.spi.LoadPlanTreePrinter - LoadPlan(collection=kz.iitu.itse1907.saylau.entity.Squad.soldiers)
    - Returns
       - CollectionReturnImpl(collection=kz.iitu.itse1907.saylau.entity.Squad.soldiers, querySpaceUid=<gen:0>, path=[kz.iitu.itse1907.saylau.entity.Squad.soldiers])
          - (collection element) CollectionFetchableElementEntityGraph(entity=kz.iitu.itse1907.saylau.entity.Soldier, querySpaceUid=<gen:1>, path=[kz.iitu.itse1907.saylau.entity.Squad.soldiers].<elements>)
    - QuerySpaces
       - CollectionQuerySpaceImpl(uid=<gen:0>, collection=kz.iitu.itse1907.saylau.entity.Squad.soldiers)
          - SQL table alias mapping - soldiers0_
          - alias suffix - 0_
          - suffixed key columns - {squadid6_1_0_}
          - entity-element alias suffix - 1_
          - 1_entity-element suffixed key columns - id1_1_1_
          - JOIN (JoinDefinedByMetadata(elements)) : <gen:0> -> <gen:1>
             - EntityQuerySpaceImpl(uid=<gen:1>, entity=kz.iitu.itse1907.saylau.entity.Soldier)
                - SQL table alias mapping - soldiers0_
                - alias suffix - 1_
                - suffixed key columns - {id1_1_1_}

20:43:03.390 [main] DEBUG org.hibernate.loader.collection.plan.CollectionLoader - Static select for collection kz.iitu.itse1907.saylau.entity.Squad.soldiers: select soldiers0_.SquadId as squadid6_1_0_, soldiers0_.id as id1_1_0_, soldiers0_.id as id1_1_1_, soldiers0_.Age as age2_1_1_, soldiers0_.FirstName as firstnam3_1_1_, soldiers0_.LastName as lastname4_1_1_, soldiers0_.Rank as rank5_1_1_, soldiers0_.SquadId as squadid6_1_1_ from soldier soldiers0_ where soldiers0_.SquadId=?
20:43:03.392 [main] DEBUG org.hibernate.tool.schema.spi.SchemaManagementToolCoordinator - No actions specified; doing nothing
20:43:03.392 [main] DEBUG org.hibernate.query.spi.NamedQueryRepository - Checking 0 named HQL queries
20:43:03.392 [main] DEBUG org.hibernate.query.spi.NamedQueryRepository - Checking 0 named SQL queries
20:43:03.392 [main] DEBUG org.hibernate.service.internal.SessionFactoryServiceRegistryImpl - EventListenerRegistry access via ServiceRegistry is deprecated.  Use `sessionFactory.getEventEngine().getListenerRegistry()` instead
20:43:03.392 [main] DEBUG org.hibernate.internal.SessionFactoryRegistry - Registering SessionFactory: 89435898-fbd7-4ddb-be50-f156689d67b2 (<unnamed>)
20:43:03.392 [main] DEBUG org.hibernate.internal.SessionFactoryRegistry - Not binding SessionFactory to JNDI, no JNDI name configured
20:43:03.400 [main] DEBUG org.springframework.beans.factory.support.DefaultListableBeanFactory - Creating shared instance of singleton bean 'squadController'
20:43:03.401 [main] DEBUG org.hibernate.integrator.internal.IntegratorServiceImpl - Adding Integrator [org.hibernate.cfg.beanvalidation.BeanValidationIntegrator].
20:43:03.401 [main] DEBUG org.hibernate.integrator.internal.IntegratorServiceImpl - Adding Integrator [org.hibernate.secure.spi.JaccIntegrator].
20:43:03.401 [main] DEBUG org.hibernate.integrator.internal.IntegratorServiceImpl - Adding Integrator [org.hibernate.cache.internal.CollectionCacheInvalidator].
20:43:03.404 [main] DEBUG org.hibernate.boot.jaxb.internal.stax.LocalXmlResourceResolver - Interpreting public/system identifier : [-//Hibernate/Hibernate Configuration DTD 3.0//EN] - [http://www.hibernate.org/dtd/hibernate-configuration-3.0.dtd]
20:43:03.404 [main] DEBUG org.hibernate.boot.jaxb.internal.stax.LocalXmlResourceResolver - Recognized hibernate-configuration identifier; attempting to resolve on classpath under org/hibernate/
20:43:03.405 [main] DEBUG org.hibernate.boot.cfgxml.internal.JaxbCfgProcessor - cfg.xml document did not define namespaces; wrapping in custom event reader to introduce namespace information
20:43:03.425 [main] DEBUG org.hibernate.cfg.Configuration - Building session factory using internal StandardServiceRegistryBuilder
20:43:03.427 [main] DEBUG org.hibernate.service.spi.ServiceBinding - Overriding existing service binding [org.hibernate.secure.spi.JaccService]
20:43:03.427 [main] DEBUG org.hibernate.cfg.Configuration - Building session factory using provided StandardServiceRegistry
20:43:03.427 [main] DEBUG org.hibernate.cache.internal.RegionFactoryInitiator - Cannot default RegionFactory based on registered strategies as `[]` RegionFactory strategies were registered
20:43:03.427 [main] DEBUG org.hibernate.cache.internal.RegionFactoryInitiator - Cache region factory : org.hibernate.cache.internal.NoCachingRegionFactory
20:43:03.427 [main] DEBUG org.hibernate.type.BasicTypeRegistry - Adding type registration boolean -> org.hibernate.type.BooleanType@56e9a474
20:43:03.427 [main] DEBUG org.hibernate.type.BasicTypeRegistry - Adding type registration boolean -> org.hibernate.type.BooleanType@56e9a474
20:43:03.427 [main] DEBUG org.hibernate.type.BasicTypeRegistry - Adding type registration java.lang.Boolean -> org.hibernate.type.BooleanType@56e9a474
20:43:03.427 [main] DEBUG org.hibernate.type.BasicTypeRegistry - Adding type registration numeric_boolean -> org.hibernate.type.NumericBooleanType@38cedb7d
20:43:03.427 [main] DEBUG org.hibernate.type.BasicTypeRegistry - Adding type registration true_false -> org.hibernate.type.TrueFalseType@3f598450
20:43:03.427 [main] DEBUG org.hibernate.type.BasicTypeRegistry - Adding type registration yes_no -> org.hibernate.type.YesNoType@7ed3df3b
20:43:03.427 [main] DEBUG org.hibernate.type.BasicTypeRegistry - Adding type registration byte -> org.hibernate.type.ByteType@2ee48610
20:43:03.427 [main] DEBUG org.hibernate.type.BasicTypeRegistry - Adding type registration byte -> org.hibernate.type.ByteType@2ee48610
20:43:03.427 [main] DEBUG org.hibernate.type.BasicTypeRegistry - Adding type registration java.lang.Byte -> org.hibernate.type.ByteType@2ee48610
20:43:03.427 [main] DEBUG org.hibernate.type.BasicTypeRegistry - Adding type registration character -> org.hibernate.type.CharacterType@12b5736c
20:43:03.427 [main] DEBUG org.hibernate.type.BasicTypeRegistry - Adding type registration char -> org.hibernate.type.CharacterType@12b5736c
20:43:03.427 [main] DEBUG org.hibernate.type.BasicTypeRegistry - Adding type registration java.lang.Character -> org.hibernate.type.CharacterType@12b5736c
20:43:03.427 [main] DEBUG org.hibernate.type.BasicTypeRegistry - Adding type registration short -> org.hibernate.type.ShortType@33a55bd8
20:43:03.427 [main] DEBUG org.hibernate.type.BasicTypeRegistry - Adding type registration short -> org.hibernate.type.ShortType@33a55bd8
20:43:03.428 [main] DEBUG org.hibernate.type.BasicTypeRegistry - Adding type registration java.lang.Short -> org.hibernate.type.ShortType@33a55bd8
20:43:03.428 [main] DEBUG org.hibernate.type.BasicTypeRegistry - Adding type registration integer -> org.hibernate.type.IntegerType@7e83992
20:43:03.428 [main] DEBUG org.hibernate.type.BasicTypeRegistry - Adding type registration int -> org.hibernate.type.IntegerType@7e83992
20:43:03.428 [main] DEBUG org.hibernate.type.BasicTypeRegistry - Adding type registration java.lang.Integer -> org.hibernate.type.IntegerType@7e83992
20:43:03.428 [main] DEBUG org.hibernate.type.BasicTypeRegistry - Adding type registration long -> org.hibernate.type.LongType@d2e6b0b
20:43:03.428 [main] DEBUG org.hibernate.type.BasicTypeRegistry - Adding type registration long -> org.hibernate.type.LongType@d2e6b0b
20:43:03.428 [main] DEBUG org.hibernate.type.BasicTypeRegistry - Adding type registration java.lang.Long -> org.hibernate.type.LongType@d2e6b0b
20:43:03.428 [main] DEBUG org.hibernate.type.BasicTypeRegistry - Adding type registration float -> org.hibernate.type.FloatType@4d0e54e0
20:43:03.428 [main] DEBUG org.hibernate.type.BasicTypeRegistry - Adding type registration float -> org.hibernate.type.FloatType@4d0e54e0
20:43:03.428 [main] DEBUG org.hibernate.type.BasicTypeRegistry - Adding type registration java.lang.Float -> org.hibernate.type.FloatType@4d0e54e0
20:43:03.428 [main] DEBUG org.hibernate.type.BasicTypeRegistry - Adding type registration double -> org.hibernate.type.DoubleType@76ececd
20:43:03.428 [main] DEBUG org.hibernate.type.BasicTypeRegistry - Adding type registration double -> org.hibernate.type.DoubleType@76ececd
20:43:03.428 [main] DEBUG org.hibernate.type.BasicTypeRegistry - Adding type registration java.lang.Double -> org.hibernate.type.DoubleType@76ececd
20:43:03.428 [main] DEBUG org.hibernate.type.BasicTypeRegistry - Adding type registration big_decimal -> org.hibernate.type.BigDecimalType@77fa9381
20:43:03.428 [main] DEBUG org.hibernate.type.BasicTypeRegistry - Adding type registration java.math.BigDecimal -> org.hibernate.type.BigDecimalType@77fa9381
20:43:03.428 [main] DEBUG org.hibernate.type.BasicTypeRegistry - Adding type registration big_integer -> org.hibernate.type.BigIntegerType@2e32fc22
20:43:03.428 [main] DEBUG org.hibernate.type.BasicTypeRegistry - Adding type registration java.math.BigInteger -> org.hibernate.type.BigIntegerType@2e32fc22
20:43:03.428 [main] DEBUG org.hibernate.type.BasicTypeRegistry - Adding type registration string -> org.hibernate.type.StringType@2f14b0f6
20:43:03.428 [main] DEBUG org.hibernate.type.BasicTypeRegistry - Adding type registration java.lang.String -> org.hibernate.type.StringType@2f14b0f6
20:43:03.428 [main] DEBUG org.hibernate.type.BasicTypeRegistry - Adding type registration nstring -> org.hibernate.type.StringNVarcharType@6c479fdf
20:43:03.428 [main] DEBUG org.hibernate.type.BasicTypeRegistry - Adding type registration ncharacter -> org.hibernate.type.CharacterNCharType@5f1483fd
20:43:03.428 [main] DEBUG org.hibernate.type.BasicTypeRegistry - Adding type registration url -> org.hibernate.type.UrlType@630390b9
20:43:03.428 [main] DEBUG org.hibernate.type.BasicTypeRegistry - Adding type registration java.net.URL -> org.hibernate.type.UrlType@630390b9
20:43:03.428 [main] DEBUG org.hibernate.type.BasicTypeRegistry - Adding type registration Duration -> org.hibernate.type.DurationType@45adc393
20:43:03.428 [main] DEBUG org.hibernate.type.BasicTypeRegistry - Adding type registration java.time.Duration -> org.hibernate.type.DurationType@45adc393
20:43:03.428 [main] DEBUG org.hibernate.type.BasicTypeRegistry - Adding type registration Instant -> org.hibernate.type.InstantType@1823b9c4
20:43:03.428 [main] DEBUG org.hibernate.type.BasicTypeRegistry - Adding type registration java.time.Instant -> org.hibernate.type.InstantType@1823b9c4
20:43:03.428 [main] DEBUG org.hibernate.type.BasicTypeRegistry - Adding type registration LocalDateTime -> org.hibernate.type.LocalDateTimeType@10c47c79
20:43:03.428 [main] DEBUG org.hibernate.type.BasicTypeRegistry - Adding type registration java.time.LocalDateTime -> org.hibernate.type.LocalDateTimeType@10c47c79
20:43:03.428 [main] DEBUG org.hibernate.type.BasicTypeRegistry - Adding type registration LocalDate -> org.hibernate.type.LocalDateType@3bf54172
20:43:03.428 [main] DEBUG org.hibernate.type.BasicTypeRegistry - Adding type registration java.time.LocalDate -> org.hibernate.type.LocalDateType@3bf54172
20:43:03.428 [main] DEBUG org.hibernate.type.BasicTypeRegistry - Adding type registration LocalTime -> org.hibernate.type.LocalTimeType@3ba0ae41
20:43:03.428 [main] DEBUG org.hibernate.type.BasicTypeRegistry - Adding type registration java.time.LocalTime -> org.hibernate.type.LocalTimeType@3ba0ae41
20:43:03.428 [main] DEBUG org.hibernate.type.BasicTypeRegistry - Adding type registration OffsetDateTime -> org.hibernate.type.OffsetDateTimeType@32a2a6be
20:43:03.428 [main] DEBUG org.hibernate.type.BasicTypeRegistry - Adding type registration java.time.OffsetDateTime -> org.hibernate.type.OffsetDateTimeType@32a2a6be
20:43:03.428 [main] DEBUG org.hibernate.type.BasicTypeRegistry - Adding type registration OffsetTime -> org.hibernate.type.OffsetTimeType@6d0be7ab
20:43:03.428 [main] DEBUG org.hibernate.type.BasicTypeRegistry - Adding type registration java.time.OffsetTime -> org.hibernate.type.OffsetTimeType@6d0be7ab
20:43:03.428 [main] DEBUG org.hibernate.type.BasicTypeRegistry - Adding type registration ZonedDateTime -> org.hibernate.type.ZonedDateTimeType@9301672
20:43:03.429 [main] DEBUG org.hibernate.type.BasicTypeRegistry - Adding type registration java.time.ZonedDateTime -> org.hibernate.type.ZonedDateTimeType@9301672
20:43:03.429 [main] DEBUG org.hibernate.type.BasicTypeRegistry - Adding type registration date -> org.hibernate.type.DateType@45c9b3
20:43:03.429 [main] DEBUG org.hibernate.type.BasicTypeRegistry - Adding type registration java.sql.Date -> org.hibernate.type.DateType@45c9b3
20:43:03.429 [main] DEBUG org.hibernate.type.BasicTypeRegistry - Adding type registration time -> org.hibernate.type.TimeType@276cc8dc
20:43:03.429 [main] DEBUG org.hibernate.type.BasicTypeRegistry - Adding type registration java.sql.Time -> org.hibernate.type.TimeType@276cc8dc
20:43:03.429 [main] DEBUG org.hibernate.type.BasicTypeRegistry - Adding type registration timestamp -> org.hibernate.type.TimestampType@1c3259fa
20:43:03.429 [main] DEBUG org.hibernate.type.BasicTypeRegistry - Adding type registration java.sql.Timestamp -> org.hibernate.type.TimestampType@1c3259fa
20:43:03.429 [main] DEBUG org.hibernate.type.BasicTypeRegistry - Adding type registration java.util.Date -> org.hibernate.type.TimestampType@1c3259fa
20:43:03.429 [main] DEBUG org.hibernate.type.BasicTypeRegistry - Adding type registration dbtimestamp -> org.hibernate.type.DbTimestampType@73aeef7d
20:43:03.429 [main] DEBUG org.hibernate.type.BasicTypeRegistry - Adding type registration calendar -> org.hibernate.type.CalendarType@52b46d52
20:43:03.429 [main] DEBUG org.hibernate.type.BasicTypeRegistry - Adding type registration java.util.Calendar -> org.hibernate.type.CalendarType@52b46d52
20:43:03.429 [main] DEBUG org.hibernate.type.BasicTypeRegistry - Adding type registration java.util.GregorianCalendar -> org.hibernate.type.CalendarType@52b46d52
20:43:03.429 [main] DEBUG org.hibernate.type.BasicTypeRegistry - Adding type registration calendar_date -> org.hibernate.type.CalendarDateType@163042ea
20:43:03.429 [main] DEBUG org.hibernate.type.BasicTypeRegistry - Adding type registration calendar_time -> org.hibernate.type.CalendarTimeType@7ec95456
20:43:03.429 [main] DEBUG org.hibernate.type.BasicTypeRegistry - Adding type registration locale -> org.hibernate.type.LocaleType@748ac6f3
20:43:03.429 [main] DEBUG org.hibernate.type.BasicTypeRegistry - Adding type registration java.util.Locale -> org.hibernate.type.LocaleType@748ac6f3
20:43:03.429 [main] DEBUG org.hibernate.type.BasicTypeRegistry - Adding type registration currency -> org.hibernate.type.CurrencyType@46911148
20:43:03.429 [main] DEBUG org.hibernate.type.BasicTypeRegistry - Adding type registration java.util.Currency -> org.hibernate.type.CurrencyType@46911148
20:43:03.429 [main] DEBUG org.hibernate.type.BasicTypeRegistry - Adding type registration timezone -> org.hibernate.type.TimeZoneType@58658f63
20:43:03.429 [main] DEBUG org.hibernate.type.BasicTypeRegistry - Adding type registration java.util.TimeZone -> org.hibernate.type.TimeZoneType@58658f63
20:43:03.429 [main] DEBUG org.hibernate.type.BasicTypeRegistry - Adding type registration class -> org.hibernate.type.ClassType@21263314
20:43:03.429 [main] DEBUG org.hibernate.type.BasicTypeRegistry - Adding type registration java.lang.Class -> org.hibernate.type.ClassType@21263314
20:43:03.429 [main] DEBUG org.hibernate.type.BasicTypeRegistry - Adding type registration uuid-binary -> org.hibernate.type.UUIDBinaryType@71ed560f
20:43:03.429 [main] DEBUG org.hibernate.type.BasicTypeRegistry - Adding type registration java.util.UUID -> org.hibernate.type.UUIDBinaryType@71ed560f
20:43:03.429 [main] DEBUG org.hibernate.type.BasicTypeRegistry - Adding type registration uuid-char -> org.hibernate.type.UUIDCharType@1bf14704
20:43:03.429 [main] DEBUG org.hibernate.type.BasicTypeRegistry - Adding type registration binary -> org.hibernate.type.BinaryType@14c93774
20:43:03.429 [main] DEBUG org.hibernate.type.BasicTypeRegistry - Adding type registration byte[] -> org.hibernate.type.BinaryType@14c93774
20:43:03.429 [main] DEBUG org.hibernate.type.BasicTypeRegistry - Adding type registration [B -> org.hibernate.type.BinaryType@14c93774
20:43:03.429 [main] DEBUG org.hibernate.type.BasicTypeRegistry - Adding type registration wrapper-binary -> org.hibernate.type.WrapperBinaryType@430b2699
20:43:03.429 [main] DEBUG org.hibernate.type.BasicTypeRegistry - Adding type registration Byte[] -> org.hibernate.type.WrapperBinaryType@430b2699
20:43:03.429 [main] DEBUG org.hibernate.type.BasicTypeRegistry - Adding type registration [Ljava.lang.Byte; -> org.hibernate.type.WrapperBinaryType@430b2699
20:43:03.429 [main] DEBUG org.hibernate.type.BasicTypeRegistry - Adding type registration row_version -> org.hibernate.type.RowVersionType@29c17c3d
20:43:03.429 [main] DEBUG org.hibernate.type.BasicTypeRegistry - Adding type registration image -> org.hibernate.type.ImageType@4f654cee
20:43:03.430 [main] DEBUG org.hibernate.type.BasicTypeRegistry - Adding type registration characters -> org.hibernate.type.CharArrayType@7134b8a7
20:43:03.430 [main] DEBUG org.hibernate.type.BasicTypeRegistry - Adding type registration char[] -> org.hibernate.type.CharArrayType@7134b8a7
20:43:03.430 [main] DEBUG org.hibernate.type.BasicTypeRegistry - Adding type registration [C -> org.hibernate.type.CharArrayType@7134b8a7
20:43:03.430 [main] DEBUG org.hibernate.type.BasicTypeRegistry - Adding type registration wrapper-characters -> org.hibernate.type.CharacterArrayType@51b77cdf
20:43:03.430 [main] DEBUG org.hibernate.type.BasicTypeRegistry - Adding type registration [Ljava.lang.Character; -> org.hibernate.type.CharacterArrayType@51b77cdf
20:43:03.430 [main] DEBUG org.hibernate.type.BasicTypeRegistry - Adding type registration Character[] -> org.hibernate.type.CharacterArrayType@51b77cdf
20:43:03.430 [main] DEBUG org.hibernate.type.BasicTypeRegistry - Adding type registration text -> org.hibernate.type.TextType@2f10f633
20:43:03.430 [main] DEBUG org.hibernate.type.BasicTypeRegistry - Adding type registration ntext -> org.hibernate.type.NTextType@a09303
20:43:03.430 [main] DEBUG org.hibernate.type.BasicTypeRegistry - Adding type registration blob -> org.hibernate.type.BlobType@726934e2
20:43:03.430 [main] DEBUG org.hibernate.type.BasicTypeRegistry - Adding type registration java.sql.Blob -> org.hibernate.type.BlobType@726934e2
20:43:03.430 [main] DEBUG org.hibernate.type.BasicTypeRegistry - Adding type registration materialized_blob -> org.hibernate.type.MaterializedBlobType@798dad3d
20:43:03.430 [main] DEBUG org.hibernate.type.BasicTypeRegistry - Adding type registration clob -> org.hibernate.type.ClobType@5568c66f
20:43:03.430 [main] DEBUG org.hibernate.type.BasicTypeRegistry - Adding type registration java.sql.Clob -> org.hibernate.type.ClobType@5568c66f
20:43:03.430 [main] DEBUG org.hibernate.type.BasicTypeRegistry - Adding type registration nclob -> org.hibernate.type.NClobType@68e02f33
20:43:03.430 [main] DEBUG org.hibernate.type.BasicTypeRegistry - Adding type registration java.sql.NClob -> org.hibernate.type.NClobType@68e02f33
20:43:03.430 [main] DEBUG org.hibernate.type.BasicTypeRegistry - Adding type registration materialized_clob -> org.hibernate.type.MaterializedClobType@158ae284
20:43:03.430 [main] DEBUG org.hibernate.type.BasicTypeRegistry - Adding type registration materialized_nclob -> org.hibernate.type.MaterializedNClobType@7235f92b
20:43:03.430 [main] DEBUG org.hibernate.type.BasicTypeRegistry - Adding type registration serializable -> org.hibernate.type.SerializableType@3af58f76
20:43:03.430 [main] DEBUG org.hibernate.type.BasicTypeRegistry - Adding type registration object -> org.hibernate.type.ObjectType@1b410308
20:43:03.430 [main] DEBUG org.hibernate.type.BasicTypeRegistry - Adding type registration java.lang.Object -> org.hibernate.type.ObjectType@1b410308
20:43:03.430 [main] DEBUG org.hibernate.type.BasicTypeRegistry - Adding type registration imm_date -> org.hibernate.type.AdaptedImmutableType@486dd616
20:43:03.430 [main] DEBUG org.hibernate.type.BasicTypeRegistry - Adding type registration imm_time -> org.hibernate.type.AdaptedImmutableType@a1d926b
20:43:03.430 [main] DEBUG org.hibernate.type.BasicTypeRegistry - Adding type registration imm_timestamp -> org.hibernate.type.AdaptedImmutableType@36b761e3
20:43:03.430 [main] DEBUG org.hibernate.type.BasicTypeRegistry - Adding type registration imm_dbtimestamp -> org.hibernate.type.AdaptedImmutableType@e27d97b
20:43:03.430 [main] DEBUG org.hibernate.type.BasicTypeRegistry - Adding type registration imm_calendar -> org.hibernate.type.AdaptedImmutableType@285c63cf
20:43:03.430 [main] DEBUG org.hibernate.type.BasicTypeRegistry - Adding type registration imm_calendar_date -> org.hibernate.type.AdaptedImmutableType@4e343265
20:43:03.430 [main] DEBUG org.hibernate.type.BasicTypeRegistry - Adding type registration imm_binary -> org.hibernate.type.AdaptedImmutableType@4301fa39
20:43:03.430 [main] DEBUG org.hibernate.type.BasicTypeRegistry - Adding type registration imm_serializable -> org.hibernate.type.AdaptedImmutableType@73dd0f23
20:43:03.434 [main] DEBUG org.hibernate.id.factory.internal.DefaultIdentifierGeneratorFactory - Registering IdentifierGenerator strategy [uuid2] -> [org.hibernate.id.UUIDGenerator]
20:43:03.434 [main] DEBUG org.hibernate.id.factory.internal.DefaultIdentifierGeneratorFactory - Registering IdentifierGenerator strategy [guid] -> [org.hibernate.id.GUIDGenerator]
20:43:03.434 [main] DEBUG org.hibernate.id.factory.internal.DefaultIdentifierGeneratorFactory - Registering IdentifierGenerator strategy [uuid] -> [org.hibernate.id.UUIDHexGenerator]
20:43:03.434 [main] DEBUG org.hibernate.id.factory.internal.DefaultIdentifierGeneratorFactory - Registering IdentifierGenerator strategy [uuid.hex] -> [org.hibernate.id.UUIDHexGenerator]
20:43:03.434 [main] DEBUG org.hibernate.id.factory.internal.DefaultIdentifierGeneratorFactory - Registering IdentifierGenerator strategy [assigned] -> [org.hibernate.id.Assigned]
20:43:03.434 [main] DEBUG org.hibernate.id.factory.internal.DefaultIdentifierGeneratorFactory - Registering IdentifierGenerator strategy [identity] -> [org.hibernate.id.IdentityGenerator]
20:43:03.434 [main] DEBUG org.hibernate.id.factory.internal.DefaultIdentifierGeneratorFactory - Registering IdentifierGenerator strategy [select] -> [org.hibernate.id.SelectGenerator]
20:43:03.434 [main] DEBUG org.hibernate.id.factory.internal.DefaultIdentifierGeneratorFactory - Registering IdentifierGenerator strategy [sequence] -> [org.hibernate.id.enhanced.SequenceStyleGenerator]
20:43:03.434 [main] DEBUG org.hibernate.id.factory.internal.DefaultIdentifierGeneratorFactory - Registering IdentifierGenerator strategy [seqhilo] -> [org.hibernate.id.SequenceHiLoGenerator]
20:43:03.434 [main] DEBUG org.hibernate.id.factory.internal.DefaultIdentifierGeneratorFactory - Registering IdentifierGenerator strategy [increment] -> [org.hibernate.id.IncrementGenerator]
20:43:03.434 [main] DEBUG org.hibernate.id.factory.internal.DefaultIdentifierGeneratorFactory - Registering IdentifierGenerator strategy [foreign] -> [org.hibernate.id.ForeignGenerator]
20:43:03.434 [main] DEBUG org.hibernate.id.factory.internal.DefaultIdentifierGeneratorFactory - Registering IdentifierGenerator strategy [sequence-identity] -> [org.hibernate.id.SequenceIdentityGenerator]
20:43:03.434 [main] DEBUG org.hibernate.id.factory.internal.DefaultIdentifierGeneratorFactory - Registering IdentifierGenerator strategy [enhanced-sequence] -> [org.hibernate.id.enhanced.SequenceStyleGenerator]
20:43:03.434 [main] DEBUG org.hibernate.id.factory.internal.DefaultIdentifierGeneratorFactory - Registering IdentifierGenerator strategy [enhanced-table] -> [org.hibernate.id.enhanced.TableGenerator]
20:43:03.435 [main] WARN org.hibernate.orm.connections.pooling - HHH10001002: Using Hibernate built-in connection pool (not for production use!)
20:43:03.435 [main] INFO org.hibernate.orm.connections.pooling - HHH10001005: using driver [org.postgresql.Driver] at URL [jdbc:postgresql://localhost:5432/Army]
20:43:03.435 [main] INFO org.hibernate.orm.connections.pooling - HHH10001001: Connection properties: {password=Almaz123, user=postgres}
20:43:03.435 [main] INFO org.hibernate.orm.connections.pooling - HHH10001003: Autocommit mode: false
20:43:03.435 [main] DEBUG org.hibernate.engine.jdbc.connections.internal.DriverManagerConnectionProviderImpl - Initializing Connection pool with 1 Connections
20:43:03.435 [main] INFO org.hibernate.engine.jdbc.connections.internal.DriverManagerConnectionProviderImpl - HHH000115: Hibernate connection pool size: 20 (min=1)
20:43:03.479 [main] DEBUG org.hibernate.engine.jdbc.env.internal.JdbcEnvironmentInitiator - Database ->
       name : PostgreSQL
    version : 13.0
      major : 13
      minor : 0
20:43:03.479 [main] DEBUG org.hibernate.engine.jdbc.env.internal.JdbcEnvironmentInitiator - Driver ->
       name : PostgreSQL JDBC Driver
    version : 42.3.3
      major : 42
      minor : 3
20:43:03.479 [main] DEBUG org.hibernate.engine.jdbc.env.internal.JdbcEnvironmentInitiator - JDBC version : 4.2
20:43:03.479 [main] INFO org.hibernate.dialect.Dialect - HHH000400: Using dialect: org.hibernate.dialect.PostgreSQLDialect
20:43:03.480 [main] DEBUG org.hibernate.engine.jdbc.env.spi.IdentifierHelperBuilder - JDBC driver metadata reported database stores quoted identifiers in neither upper, lower nor mixed case
20:43:03.482 [main] DEBUG org.hibernate.type.BasicTypeRegistry - Adding type registration pg-uuid -> org.hibernate.type.PostgresUUIDType@16e99306
20:43:03.482 [main] DEBUG org.hibernate.type.BasicTypeRegistry - Adding type registration java.util.UUID -> org.hibernate.type.PostgresUUIDType@16e99306
20:43:03.482 [main] DEBUG org.hibernate.type.BasicTypeRegistry - HHH000270: Type registration [java.util.UUID] overrides previous : org.hibernate.type.UUIDBinaryType@71ed560f
20:43:03.483 [main] DEBUG org.hibernate.type.spi.TypeConfiguration$Scope - Scoping TypeConfiguration [org.hibernate.type.spi.TypeConfiguration@1b800a11] to MetadataBuildingContext [org.hibernate.boot.internal.MetadataBuildingContextRootImpl@3faa55]
20:43:03.483 [main] DEBUG org.hibernate.boot.model.relational.Namespace - Created database namespace [logicalName=Name{catalog=null, schema=null}, physicalName=Name{catalog=null, schema=null}]
20:43:03.483 [main] DEBUG org.hibernate.cfg.AnnotationBinder - Binding entity from annotated class: kz.iitu.itse1907.saylau.entity.Squad
20:43:03.483 [main] DEBUG org.hibernate.cfg.Ejb3Column - Binding column: Ejb3DiscriminatorColumn{logicalColumnName'DTYPE', discriminatorTypeName='string'}
20:43:03.483 [main] DEBUG org.hibernate.cfg.annotations.EntityBinder - Import with entity name Squad
20:43:03.483 [main] DEBUG org.hibernate.cfg.annotations.EntityBinder - Bind entity kz.iitu.itse1907.saylau.entity.Squad on table squad
20:43:03.484 [main] DEBUG org.hibernate.cfg.Ejb3Column - Binding column: Ejb3Column{table=org.hibernate.mapping.Table(squad), mappingColumn=ID, insertable=true, updatable=true, unique=false}
20:43:03.484 [main] DEBUG org.hibernate.boot.internal.ClassLoaderAccessImpl - Not known whether passed class name [kz.iitu.itse1907.saylau.entity.Squad] is safe
20:43:03.484 [main] DEBUG org.hibernate.boot.internal.ClassLoaderAccessImpl - No temp ClassLoader provided; using live ClassLoader for loading potentially unsafe class : kz.iitu.itse1907.saylau.entity.Squad
20:43:03.484 [main] DEBUG org.hibernate.cfg.annotations.PropertyBinder - MetadataSourceProcessor property id with lazy=false
20:43:03.484 [main] DEBUG org.hibernate.cfg.AbstractPropertyHolder - Attempting to locate auto-apply AttributeConverter for property [kz.iitu.itse1907.saylau.entity.Squad:id]
20:43:03.484 [main] DEBUG org.hibernate.cfg.annotations.SimpleValueBinder - building SimpleValue for id
20:43:03.484 [main] DEBUG org.hibernate.cfg.annotations.PropertyBinder - Building property id
20:43:03.484 [main] DEBUG org.hibernate.cfg.BinderHelper - #makeIdGenerator(org.hibernate.mapping.SimpleValue([org.hibernate.mapping.Column(ID)]), id, identity, , ...)
20:43:03.484 [main] DEBUG org.hibernate.cfg.Ejb3Column - Binding column: Ejb3Column{table=org.hibernate.mapping.Table(squad), mappingColumn=SquadNumber, insertable=true, updatable=true, unique=false}
20:43:03.485 [main] DEBUG org.hibernate.cfg.annotations.PropertyBinder - MetadataSourceProcessor property SquadNumber with lazy=false
20:43:03.485 [main] DEBUG org.hibernate.cfg.AbstractPropertyHolder - Attempting to locate auto-apply AttributeConverter for property [kz.iitu.itse1907.saylau.entity.Squad:SquadNumber]
20:43:03.485 [main] DEBUG org.hibernate.cfg.annotations.SimpleValueBinder - building SimpleValue for SquadNumber
20:43:03.485 [main] DEBUG org.hibernate.cfg.annotations.PropertyBinder - Building property SquadNumber
20:43:03.485 [main] DEBUG org.hibernate.cfg.Ejb3Column - Binding column: Ejb3JoinColumn{logicalColumnName='CaptainID', referencedColumn='', mappedBy=''}
20:43:03.485 [main] DEBUG org.hibernate.cfg.Ejb3Column - Binding column: Ejb3Column{table=org.hibernate.mapping.Table(squad), mappingColumn=captain, insertable=true, updatable=true, unique=false}
20:43:03.485 [main] DEBUG org.hibernate.cfg.annotations.PropertyBinder - Building property captain
20:43:03.485 [main] DEBUG org.hibernate.cfg.Ejb3Column - Binding column: Ejb3JoinColumn{logicalColumnName='SquadId', referencedColumn='', mappedBy=''}
20:43:03.485 [main] DEBUG org.hibernate.cfg.Ejb3Column - Binding column: Ejb3Column{table=org.hibernate.mapping.Table(squad), mappingColumn=soldiers, insertable=true, updatable=true, unique=false}
20:43:03.485 [main] DEBUG org.hibernate.cfg.Ejb3Column - Binding column: Ejb3Column{table=org.hibernate.mapping.Table(squad), mappingColumn=null, insertable=true, updatable=true, unique=false}
20:43:03.485 [main] DEBUG org.hibernate.cfg.Ejb3Column - Binding column: Ejb3Column{table=org.hibernate.mapping.Table(squad), mappingColumn=element, insertable=true, updatable=true, unique=false}
20:43:03.486 [main] DEBUG org.hibernate.cfg.Ejb3Column - Binding column: Ejb3Column{table=org.hibernate.mapping.Table(squad), mappingColumn=soldiers_KEY, insertable=true, updatable=true, unique=false}
20:43:03.486 [main] DEBUG org.hibernate.cfg.Ejb3Column - Binding column: Ejb3JoinColumn{logicalColumnName='soldiers_KEY', referencedColumn='null', mappedBy='null'}
20:43:03.486 [main] DEBUG org.hibernate.cfg.Ejb3Column - Binding column: Ejb3JoinColumn{logicalColumnName='null', referencedColumn='null', mappedBy=''}
20:43:03.486 [main] DEBUG org.hibernate.cfg.Ejb3Column - Binding column: Ejb3JoinColumn{logicalColumnName='null', referencedColumn='null', mappedBy=''}
20:43:03.486 [main] DEBUG org.hibernate.cfg.annotations.CollectionBinder - Collection role: kz.iitu.itse1907.saylau.entity.Squad.soldiers
20:43:03.486 [main] DEBUG org.hibernate.cfg.annotations.PropertyBinder - Building property soldiers
20:43:03.486 [main] DEBUG org.hibernate.cfg.AnnotationBinder - Binding entity from annotated class: kz.iitu.itse1907.saylau.entity.Captain
20:43:03.486 [main] DEBUG org.hibernate.cfg.Ejb3Column - Binding column: Ejb3DiscriminatorColumn{logicalColumnName'DTYPE', discriminatorTypeName='string'}
20:43:03.486 [main] DEBUG org.hibernate.cfg.annotations.EntityBinder - Import with entity name Captain
20:43:03.486 [main] DEBUG org.hibernate.cfg.annotations.EntityBinder - Bind entity kz.iitu.itse1907.saylau.entity.Captain on table captain
20:43:03.487 [main] DEBUG org.hibernate.cfg.Ejb3Column - Binding column: Ejb3Column{table=org.hibernate.mapping.Table(captain), mappingColumn=id, insertable=true, updatable=true, unique=false}
20:43:03.487 [main] DEBUG org.hibernate.boot.internal.ClassLoaderAccessImpl - Not known whether passed class name [kz.iitu.itse1907.saylau.entity.Captain] is safe
20:43:03.487 [main] DEBUG org.hibernate.boot.internal.ClassLoaderAccessImpl - No temp ClassLoader provided; using live ClassLoader for loading potentially unsafe class : kz.iitu.itse1907.saylau.entity.Captain
20:43:03.487 [main] DEBUG org.hibernate.cfg.annotations.PropertyBinder - MetadataSourceProcessor property id with lazy=false
20:43:03.487 [main] DEBUG org.hibernate.cfg.AbstractPropertyHolder - Attempting to locate auto-apply AttributeConverter for property [kz.iitu.itse1907.saylau.entity.Captain:id]
20:43:03.487 [main] DEBUG org.hibernate.cfg.annotations.SimpleValueBinder - building SimpleValue for id
20:43:03.487 [main] DEBUG org.hibernate.cfg.annotations.PropertyBinder - Building property id
20:43:03.487 [main] DEBUG org.hibernate.cfg.BinderHelper - #makeIdGenerator(org.hibernate.mapping.SimpleValue([org.hibernate.mapping.Column(id)]), id, identity, , ...)
20:43:03.487 [main] DEBUG org.hibernate.cfg.Ejb3Column - Binding column: Ejb3Column{table=org.hibernate.mapping.Table(captain), mappingColumn=Age, insertable=true, updatable=true, unique=false}
20:43:03.487 [main] DEBUG org.hibernate.cfg.annotations.PropertyBinder - MetadataSourceProcessor property age with lazy=false
20:43:03.487 [main] DEBUG org.hibernate.cfg.AbstractPropertyHolder - Attempting to locate auto-apply AttributeConverter for property [kz.iitu.itse1907.saylau.entity.Captain:age]
20:43:03.487 [main] DEBUG org.hibernate.cfg.annotations.SimpleValueBinder - building SimpleValue for age
20:43:03.487 [main] DEBUG org.hibernate.cfg.annotations.PropertyBinder - Building property age
20:43:03.487 [main] DEBUG org.hibernate.cfg.Ejb3Column - Binding column: Ejb3Column{table=org.hibernate.mapping.Table(captain), mappingColumn=FirstName, insertable=true, updatable=true, unique=false}
20:43:03.487 [main] DEBUG org.hibernate.cfg.annotations.PropertyBinder - MetadataSourceProcessor property first_name with lazy=false
20:43:03.487 [main] DEBUG org.hibernate.cfg.AbstractPropertyHolder - Attempting to locate auto-apply AttributeConverter for property [kz.iitu.itse1907.saylau.entity.Captain:first_name]
20:43:03.487 [main] DEBUG org.hibernate.cfg.annotations.SimpleValueBinder - building SimpleValue for first_name
20:43:03.487 [main] DEBUG org.hibernate.cfg.annotations.PropertyBinder - Building property first_name
20:43:03.488 [main] DEBUG org.hibernate.cfg.Ejb3Column - Binding column: Ejb3Column{table=org.hibernate.mapping.Table(captain), mappingColumn=LastName, insertable=true, updatable=true, unique=false}
20:43:03.488 [main] DEBUG org.hibernate.cfg.annotations.PropertyBinder - MetadataSourceProcessor property last_name with lazy=false
20:43:03.488 [main] DEBUG org.hibernate.cfg.AbstractPropertyHolder - Attempting to locate auto-apply AttributeConverter for property [kz.iitu.itse1907.saylau.entity.Captain:last_name]
20:43:03.488 [main] DEBUG org.hibernate.cfg.annotations.SimpleValueBinder - building SimpleValue for last_name
20:43:03.488 [main] DEBUG org.hibernate.cfg.annotations.PropertyBinder - Building property last_name
20:43:03.488 [main] DEBUG org.hibernate.cfg.Ejb3Column - Binding column: Ejb3Column{table=org.hibernate.mapping.Table(captain), mappingColumn=Rank, insertable=true, updatable=true, unique=false}
20:43:03.488 [main] DEBUG org.hibernate.cfg.annotations.PropertyBinder - MetadataSourceProcessor property rank with lazy=false
20:43:03.488 [main] DEBUG org.hibernate.cfg.AbstractPropertyHolder - Attempting to locate auto-apply AttributeConverter for property [kz.iitu.itse1907.saylau.entity.Captain:rank]
20:43:03.488 [main] DEBUG org.hibernate.cfg.annotations.SimpleValueBinder - building SimpleValue for rank
20:43:03.488 [main] DEBUG org.hibernate.cfg.annotations.PropertyBinder - Building property rank
20:43:03.488 [main] DEBUG org.hibernate.jpa.event.internal.CallbackDefinitionResolverLegacyImpl - Adding onPreUpdate as PreUpdate callback for entity kz.iitu.itse1907.saylau.entity.Captain
20:43:03.488 [main] DEBUG org.hibernate.jpa.event.internal.CallbackDefinitionResolverLegacyImpl - Adding onPrePersist as PrePersist callback for entity kz.iitu.itse1907.saylau.entity.Captain
20:43:03.488 [main] DEBUG org.hibernate.jpa.event.internal.CallbackDefinitionResolverLegacyImpl - Adding onPreRemove as PreRemove callback for entity kz.iitu.itse1907.saylau.entity.Captain
20:43:03.489 [main] DEBUG org.hibernate.cfg.AnnotationBinder - Binding entity from annotated class: kz.iitu.itse1907.saylau.entity.Soldier
20:43:03.489 [main] DEBUG org.hibernate.cfg.Ejb3Column - Binding column: Ejb3DiscriminatorColumn{logicalColumnName'DTYPE', discriminatorTypeName='string'}
20:43:03.489 [main] DEBUG org.hibernate.cfg.annotations.EntityBinder - Import with entity name Soldier
20:43:03.489 [main] DEBUG org.hibernate.cfg.annotations.EntityBinder - Bind entity kz.iitu.itse1907.saylau.entity.Soldier on table soldier
20:43:03.489 [main] DEBUG org.hibernate.cfg.Ejb3Column - Binding column: Ejb3Column{table=org.hibernate.mapping.Table(soldier), mappingColumn=id, insertable=true, updatable=true, unique=false}
20:43:03.489 [main] DEBUG org.hibernate.boot.internal.ClassLoaderAccessImpl - Not known whether passed class name [kz.iitu.itse1907.saylau.entity.Soldier] is safe
20:43:03.489 [main] DEBUG org.hibernate.boot.internal.ClassLoaderAccessImpl - No temp ClassLoader provided; using live ClassLoader for loading potentially unsafe class : kz.iitu.itse1907.saylau.entity.Soldier
20:43:03.489 [main] DEBUG org.hibernate.cfg.annotations.PropertyBinder - MetadataSourceProcessor property id with lazy=false
20:43:03.489 [main] DEBUG org.hibernate.cfg.AbstractPropertyHolder - Attempting to locate auto-apply AttributeConverter for property [kz.iitu.itse1907.saylau.entity.Soldier:id]
20:43:03.490 [main] DEBUG org.hibernate.cfg.annotations.SimpleValueBinder - building SimpleValue for id
20:43:03.490 [main] DEBUG org.hibernate.cfg.annotations.PropertyBinder - Building property id
20:43:03.490 [main] DEBUG org.hibernate.cfg.BinderHelper - #makeIdGenerator(org.hibernate.mapping.SimpleValue([org.hibernate.mapping.Column(id)]), id, identity, , ...)
20:43:03.490 [main] DEBUG org.hibernate.cfg.Ejb3Column - Binding column: Ejb3Column{table=org.hibernate.mapping.Table(soldier), mappingColumn=Age, insertable=true, updatable=true, unique=false}
20:43:03.490 [main] DEBUG org.hibernate.cfg.annotations.PropertyBinder - MetadataSourceProcessor property age with lazy=false
20:43:03.490 [main] DEBUG org.hibernate.cfg.AbstractPropertyHolder - Attempting to locate auto-apply AttributeConverter for property [kz.iitu.itse1907.saylau.entity.Soldier:age]
20:43:03.490 [main] DEBUG org.hibernate.cfg.annotations.SimpleValueBinder - building SimpleValue for age
20:43:03.490 [main] DEBUG org.hibernate.cfg.annotations.PropertyBinder - Building property age
20:43:03.490 [main] DEBUG org.hibernate.cfg.Ejb3Column - Binding column: Ejb3Column{table=org.hibernate.mapping.Table(soldier), mappingColumn=FirstName, insertable=true, updatable=true, unique=false}
20:43:03.490 [main] DEBUG org.hibernate.cfg.annotations.PropertyBinder - MetadataSourceProcessor property first_name with lazy=false
20:43:03.490 [main] DEBUG org.hibernate.cfg.AbstractPropertyHolder - Attempting to locate auto-apply AttributeConverter for property [kz.iitu.itse1907.saylau.entity.Soldier:first_name]
20:43:03.490 [main] DEBUG org.hibernate.cfg.annotations.SimpleValueBinder - building SimpleValue for first_name
20:43:03.490 [main] DEBUG org.hibernate.cfg.annotations.PropertyBinder - Building property first_name
20:43:03.490 [main] DEBUG org.hibernate.cfg.Ejb3Column - Binding column: Ejb3Column{table=org.hibernate.mapping.Table(soldier), mappingColumn=LastName, insertable=true, updatable=true, unique=false}
20:43:03.491 [main] DEBUG org.hibernate.cfg.annotations.PropertyBinder - MetadataSourceProcessor property last_name with lazy=false
20:43:03.491 [main] DEBUG org.hibernate.cfg.AbstractPropertyHolder - Attempting to locate auto-apply AttributeConverter for property [kz.iitu.itse1907.saylau.entity.Soldier:last_name]
20:43:03.491 [main] DEBUG org.hibernate.cfg.annotations.SimpleValueBinder - building SimpleValue for last_name
20:43:03.491 [main] DEBUG org.hibernate.cfg.annotations.PropertyBinder - Building property last_name
20:43:03.491 [main] DEBUG org.hibernate.cfg.Ejb3Column - Binding column: Ejb3Column{table=org.hibernate.mapping.Table(soldier), mappingColumn=Rank, insertable=true, updatable=true, unique=false}
20:43:03.491 [main] DEBUG org.hibernate.cfg.annotations.PropertyBinder - MetadataSourceProcessor property rank with lazy=false
20:43:03.491 [main] DEBUG org.hibernate.cfg.AbstractPropertyHolder - Attempting to locate auto-apply AttributeConverter for property [kz.iitu.itse1907.saylau.entity.Soldier:rank]
20:43:03.491 [main] DEBUG org.hibernate.cfg.annotations.SimpleValueBinder - building SimpleValue for rank
20:43:03.491 [main] DEBUG org.hibernate.cfg.annotations.PropertyBinder - Building property rank
20:43:03.491 [main] DEBUG org.hibernate.cfg.Ejb3Column - Binding column: Ejb3JoinColumn{logicalColumnName='SquadId', referencedColumn='', mappedBy=''}
20:43:03.491 [main] DEBUG org.hibernate.cfg.Ejb3Column - Binding column: Ejb3Column{table=org.hibernate.mapping.Table(soldier), mappingColumn=squad, insertable=true, updatable=true, unique=false}
20:43:03.491 [main] DEBUG org.hibernate.cfg.annotations.PropertyBinder - Building property squad
20:43:03.492 [main] DEBUG org.hibernate.cfg.annotations.SimpleValueBinder - Starting fillSimpleValue for id
20:43:03.492 [main] DEBUG org.hibernate.cfg.annotations.SimpleValueBinder - Starting fillSimpleValue for SquadNumber
20:43:03.492 [main] DEBUG org.hibernate.cfg.annotations.SimpleValueBinder - Starting fillSimpleValue for id
20:43:03.493 [main] DEBUG org.hibernate.cfg.annotations.SimpleValueBinder - Starting fillSimpleValue for age
20:43:03.493 [main] DEBUG org.hibernate.cfg.annotations.SimpleValueBinder - Starting fillSimpleValue for first_name
20:43:03.493 [main] DEBUG org.hibernate.cfg.annotations.SimpleValueBinder - Starting fillSimpleValue for last_name
20:43:03.493 [main] DEBUG org.hibernate.cfg.annotations.SimpleValueBinder - Starting fillSimpleValue for rank
20:43:03.493 [main] DEBUG org.hibernate.cfg.annotations.SimpleValueBinder - Starting fillSimpleValue for id
20:43:03.493 [main] DEBUG org.hibernate.cfg.annotations.SimpleValueBinder - Starting fillSimpleValue for age
20:43:03.493 [main] DEBUG org.hibernate.cfg.annotations.SimpleValueBinder - Starting fillSimpleValue for first_name
20:43:03.493 [main] DEBUG org.hibernate.cfg.annotations.SimpleValueBinder - Starting fillSimpleValue for last_name
20:43:03.493 [main] DEBUG org.hibernate.cfg.annotations.SimpleValueBinder - Starting fillSimpleValue for rank
20:43:03.493 [main] DEBUG org.hibernate.mapping.PrimaryKey - Forcing column [id] to be non-null as it is part of the primary key for table [squad]
20:43:03.493 [main] DEBUG org.hibernate.mapping.PrimaryKey - Forcing column [id] to be non-null as it is part of the primary key for table [captain]
20:43:03.493 [main] DEBUG org.hibernate.mapping.PrimaryKey - Forcing column [id] to be non-null as it is part of the primary key for table [soldier]
20:43:03.493 [main] DEBUG org.hibernate.cfg.CollectionSecondPass - Second pass for collection: kz.iitu.itse1907.saylau.entity.Squad.soldiers
20:43:03.493 [main] DEBUG org.hibernate.cfg.annotations.CollectionBinder - Binding a OneToMany: kz.iitu.itse1907.saylau.entity.Squad.soldiers through a foreign key
20:43:03.493 [main] DEBUG org.hibernate.cfg.annotations.CollectionBinder - Mapping collection: kz.iitu.itse1907.saylau.entity.Squad.soldiers -> soldier
20:43:03.493 [main] DEBUG org.hibernate.cfg.CollectionSecondPass - Mapped collection key: SquadId, one-to-many: kz.iitu.itse1907.saylau.entity.Soldier
20:43:03.493 [main] DEBUG org.hibernate.boot.internal.InFlightMetadataCollectorImpl - Resolving reference to class: kz.iitu.itse1907.saylau.entity.Squad
20:43:03.494 [main] DEBUG org.hibernate.boot.internal.InFlightMetadataCollectorImpl - Resolving reference to class: kz.iitu.itse1907.saylau.entity.Captain
20:43:03.495 [main] DEBUG org.hibernate.boot.internal.InFlightMetadataCollectorImpl - Resolving reference to class: kz.iitu.itse1907.saylau.entity.Squad
20:43:03.495 [main] DEBUG org.hibernate.boot.internal.InFlightMetadataCollectorImpl - Resolving reference to class: kz.iitu.itse1907.saylau.entity.Captain
20:43:03.496 [main] DEBUG org.hibernate.internal.SessionFactoryImpl - Building session factory
20:43:03.496 [main] DEBUG org.hibernate.cfg.Settings - SessionFactory name : null
20:43:03.496 [main] DEBUG org.hibernate.cfg.Settings - Automatic flush during beforeCompletion(): enabled
20:43:03.496 [main] DEBUG org.hibernate.cfg.Settings - Automatic session close at end of transaction: disabled
20:43:03.496 [main] DEBUG org.hibernate.cfg.Settings - Statistics: disabled
20:43:03.496 [main] DEBUG org.hibernate.cfg.Settings - Deleted entity synthetic identifier rollback: disabled
20:43:03.496 [main] DEBUG org.hibernate.cfg.Settings - Default entity-mode: pojo
20:43:03.496 [main] DEBUG org.hibernate.cfg.Settings - Check Nullability in Core (should be disabled when Bean Validation is on): enabled
20:43:03.496 [main] DEBUG org.hibernate.cfg.Settings - Allow initialization of lazy state outside session : disabled
20:43:03.496 [main] DEBUG org.hibernate.cfg.Settings - Using BatchFetchStyle : LEGACY
20:43:03.496 [main] DEBUG org.hibernate.cfg.Settings - Default batch fetch size: -1
20:43:03.496 [main] DEBUG org.hibernate.cfg.Settings - Maximum outer join fetch depth: null
20:43:03.496 [main] DEBUG org.hibernate.cfg.Settings - Default null ordering: NONE
20:43:03.496 [main] DEBUG org.hibernate.cfg.Settings - Order SQL updates by primary key: disabled
20:43:03.496 [main] DEBUG org.hibernate.cfg.Settings - Order SQL inserts for batching: disabled
20:43:03.496 [main] DEBUG org.hibernate.cfg.Settings - multi-tenancy strategy : NONE
20:43:03.496 [main] DEBUG org.hibernate.cfg.Settings - JTA Track by Thread: enabled
20:43:03.496 [main] DEBUG org.hibernate.cfg.Settings - Query language substitutions: {}
20:43:03.496 [main] DEBUG org.hibernate.cfg.Settings - Named query checking : enabled
20:43:03.496 [main] DEBUG org.hibernate.cfg.Settings - Second-level cache: disabled
20:43:03.496 [main] DEBUG org.hibernate.cfg.Settings - Second-level query cache: disabled
20:43:03.496 [main] DEBUG org.hibernate.cfg.Settings - Second-level query cache factory: null
20:43:03.496 [main] DEBUG org.hibernate.cfg.Settings - Second-level cache region prefix: null
20:43:03.496 [main] DEBUG org.hibernate.cfg.Settings - Optimize second-level cache for minimal puts: disabled
20:43:03.496 [main] DEBUG org.hibernate.cfg.Settings - Structured second-level cache entries: disabled
20:43:03.496 [main] DEBUG org.hibernate.cfg.Settings - Second-level cache direct-reference entries: disabled
20:43:03.496 [main] DEBUG org.hibernate.cfg.Settings - Automatic eviction of collection cache: disabled
20:43:03.496 [main] DEBUG org.hibernate.cfg.Settings - JDBC batch size: 15
20:43:03.496 [main] DEBUG org.hibernate.cfg.Settings - JDBC batch updates for versioned data: enabled
20:43:03.496 [main] DEBUG org.hibernate.cfg.Settings - Scrollable result sets: enabled
20:43:03.496 [main] DEBUG org.hibernate.cfg.Settings - Wrap result sets: disabled
20:43:03.496 [main] DEBUG org.hibernate.cfg.Settings - JDBC3 getGeneratedKeys(): enabled
20:43:03.496 [main] DEBUG org.hibernate.cfg.Settings - JDBC result set fetch size: null
20:43:03.496 [main] DEBUG org.hibernate.cfg.Settings - Connection release mode: AFTER_TRANSACTION
20:43:03.496 [main] DEBUG org.hibernate.cfg.Settings - Generate SQL with comments: disabled
20:43:03.496 [main] DEBUG org.hibernate.cfg.Settings - JPA compliance - query : disabled
20:43:03.496 [main] DEBUG org.hibernate.cfg.Settings - JPA compliance - closed-handling : disabled
20:43:03.496 [main] DEBUG org.hibernate.cfg.Settings - JPA compliance - lists : disabled
20:43:03.496 [main] DEBUG org.hibernate.cfg.Settings - JPA compliance - transactions : disabled
20:43:03.498 [main] DEBUG org.hibernate.service.internal.SessionFactoryServiceRegistryImpl - EventListenerRegistry access via ServiceRegistry is deprecated.  Use `sessionFactory.getEventEngine().getListenerRegistry()` instead
20:43:03.498 [main] DEBUG org.hibernate.service.internal.SessionFactoryServiceRegistryImpl - EventListenerRegistry access via ServiceRegistry is deprecated.  Use `sessionFactory.getEventEngine().getListenerRegistry()` instead
20:43:03.499 [main] DEBUG org.hibernate.internal.SessionFactoryImpl - Session factory constructed with filter configurations : {}
20:43:03.499 [main] DEBUG org.hibernate.internal.SessionFactoryImpl - Instantiating session factory with properties: {sun.desktop=windows, awt.toolkit=sun.awt.windows.WToolkit, java.specification.version=11, sun.cpu.isalist=amd64, sun.jnu.encoding=Cp1251, hibernate.dialect=org.hibernate.dialect.PostgreSQLDialect, java.class.path=C:\Users\almaz\OneDrive\Рабочий стол\Lab8\target\test-classes;C:\Users\almaz\OneDrive\Рабочий стол\Lab8\target\classes;C:\Users\almaz\.m2\repository\org\springframework\boot\spring-boot-starter-batch\2.6.3\spring-boot-starter-batch-2.6.3.jar;C:\Users\almaz\.m2\repository\org\springframework\boot\spring-boot-starter-jdbc\2.6.3\spring-boot-starter-jdbc-2.6.3.jar;C:\Users\almaz\.m2\repository\com\zaxxer\HikariCP\4.0.3\HikariCP-4.0.3.jar;C:\Users\almaz\.m2\repository\org\springframework\spring-jdbc\5.3.15\spring-jdbc-5.3.15.jar;C:\Users\almaz\.m2\repository\org\springframework\boot\spring-boot-starter-data-jpa\2.6.3\spring-boot-starter-data-jpa-2.6.3.jar;C:\Users\almaz\.m2\repository\org\springframework\boot\spring-boot-starter-aop\2.6.3\spring-boot-starter-aop-2.6.3.jar;C:\Users\almaz\.m2\repository\jakarta\transaction\jakarta.transaction-api\1.3.3\jakarta.transaction-api-1.3.3.jar;C:\Users\almaz\.m2\repository\jakarta\persistence\jakarta.persistence-api\2.2.3\jakarta.persistence-api-2.2.3.jar;C:\Users\almaz\.m2\repository\org\springframework\spring-aspects\5.3.15\spring-aspects-5.3.15.jar;C:\Users\almaz\.m2\repository\org\projectlombok\lombok\1.18.22\lombok-1.18.22.jar;C:\Users\almaz\.m2\repository\org\springframework\data\spring-data-jpa\2.6.1\spring-data-jpa-2.6.1.jar;C:\Users\almaz\.m2\repository\org\springframework\data\spring-data-commons\2.6.1\spring-data-commons-2.6.1.jar;C:\Users\almaz\.m2\repository\org\springframework\spring-orm\5.3.15\spring-orm-5.3.15.jar;C:\Users\almaz\.m2\repository\org\springframework\spring-aop\5.3.15\spring-aop-5.3.15.jar;C:\Users\almaz\.m2\repository\org\springframework\spring-tx\5.3.15\spring-tx-5.3.15.jar;C:\Users\almaz\.m2\repository\org\slf4j\slf4j-api\1.7.33\slf4j-api-1.7.33.jar;C:\Users\almaz\.m2\repository\jakarta\validation\jakarta.validation-api\2.0.2\jakarta.validation-api-2.0.2.jar;C:\Users\almaz\.m2\repository\org\springframework\boot\spring-boot-starter\2.6.3\spring-boot-starter-2.6.3.jar;C:\Users\almaz\.m2\repository\org\springframework\boot\spring-boot\2.6.3\spring-boot-2.6.3.jar;C:\Users\almaz\.m2\repository\org\springframework\boot\spring-boot-autoconfigure\2.6.3\spring-boot-autoconfigure-2.6.3.jar;C:\Users\almaz\.m2\repository\org\springframework\boot\spring-boot-starter-logging\2.6.3\spring-boot-starter-logging-2.6.3.jar;C:\Users\almaz\.m2\repository\ch\qos\logback\logback-classic\1.2.10\logback-classic-1.2.10.jar;C:\Users\almaz\.m2\repository\ch\qos\logback\logback-core\1.2.10\logback-core-1.2.10.jar;C:\Users\almaz\.m2\repository\org\apache\logging\log4j\log4j-to-slf4j\2.17.1\log4j-to-slf4j-2.17.1.jar;C:\Users\almaz\.m2\repository\org\apache\logging\log4j\log4j-api\2.17.1\log4j-api-2.17.1.jar;C:\Users\almaz\.m2\repository\org\slf4j\jul-to-slf4j\1.7.33\jul-to-slf4j-1.7.33.jar;C:\Users\almaz\.m2\repository\jakarta\annotation\jakarta.annotation-api\1.3.5\jakarta.annotation-api-1.3.5.jar;C:\Users\almaz\.m2\repository\org\yaml\snakeyaml\1.29\snakeyaml-1.29.jar;C:\Users\almaz\.m2\repository\org\springframework\boot\spring-boot-starter-test\2.6.3\spring-boot-starter-test-2.6.3.jar;C:\Users\almaz\.m2\repository\org\springframework\boot\spring-boot-test\2.6.3\spring-boot-test-2.6.3.jar;C:\Users\almaz\.m2\repository\org\springframework\boot\spring-boot-test-autoconfigure\2.6.3\spring-boot-test-autoconfigure-2.6.3.jar;C:\Users\almaz\.m2\repository\com\jayway\jsonpath\json-path\2.6.0\json-path-2.6.0.jar;C:\Users\almaz\.m2\repository\net\minidev\json-smart\2.4.7\json-smart-2.4.7.jar;C:\Users\almaz\.m2\repository\net\minidev\accessors-smart\2.4.7\accessors-smart-2.4.7.jar;C:\Users\almaz\.m2\repository\org\ow2\asm\asm\9.1\asm-9.1.jar;C:\Users\almaz\.m2\repository\jakarta\xml\bind\jakarta.xml.bind-api\2.3.3\jakarta.xml.bind-api-2.3.3.jar;C:\Users\almaz\.m2\repository\jakarta\activation\jakarta.activation-api\1.2.2\jakarta.activation-api-1.2.2.jar;C:\Users\almaz\.m2\repository\org\assertj\assertj-core\3.21.0\assertj-core-3.21.0.jar;C:\Users\almaz\.m2\repository\org\hamcrest\hamcrest\2.2\hamcrest-2.2.jar;C:\Users\almaz\.m2\repository\org\junit\jupiter\junit-jupiter\5.8.2\junit-jupiter-5.8.2.jar;C:\Users\almaz\.m2\repository\org\junit\jupiter\junit-jupiter-api\5.8.2\junit-jupiter-api-5.8.2.jar;C:\Users\almaz\.m2\repository\org\opentest4j\opentest4j\1.2.0\opentest4j-1.2.0.jar;C:\Users\almaz\.m2\repository\org\junit\platform\junit-platform-commons\1.8.2\junit-platform-commons-1.8.2.jar;C:\Users\almaz\.m2\repository\org\apiguardian\apiguardian-api\1.1.2\apiguardian-api-1.1.2.jar;C:\Users\almaz\.m2\repository\org\junit\jupiter\junit-jupiter-params\5.8.2\junit-jupiter-params-5.8.2.jar;C:\Users\almaz\.m2\repository\org\junit\jupiter\junit-jupiter-engine\5.8.2\junit-jupiter-engine-5.8.2.jar;C:\Users\almaz\.m2\repository\org\junit\platform\junit-platform-engine\1.8.2\junit-platform-engine-1.8.2.jar;C:\Users\almaz\.m2\repository\org\mockito\mockito-core\4.0.0\mockito-core-4.0.0.jar;C:\Users\almaz\.m2\repository\net\bytebuddy\byte-buddy-agent\1.11.22\byte-buddy-agent-1.11.22.jar;C:\Users\almaz\.m2\repository\org\objenesis\objenesis\3.2\objenesis-3.2.jar;C:\Users\almaz\.m2\repository\org\mockito\mockito-junit-jupiter\4.0.0\mockito-junit-jupiter-4.0.0.jar;C:\Users\almaz\.m2\repository\org\skyscreamer\jsonassert\1.5.0\jsonassert-1.5.0.jar;C:\Users\almaz\.m2\repository\com\vaadin\external\google\android-json\0.0.20131108.vaadin1\android-json-0.0.20131108.vaadin1.jar;C:\Users\almaz\.m2\repository\org\xmlunit\xmlunit-core\2.8.4\xmlunit-core-2.8.4.jar;C:\Users\almaz\.m2\repository\org\springframework\spring-core\5.3.15\spring-core-5.3.15.jar;C:\Users\almaz\.m2\repository\org\springframework\spring-jcl\5.3.15\spring-jcl-5.3.15.jar;C:\Users\almaz\.m2\repository\org\springframework\spring-context\5.3.15\spring-context-5.3.15.jar;C:\Users\almaz\.m2\repository\org\springframework\spring-expression\5.3.15\spring-expression-5.3.15.jar;C:\Users\almaz\.m2\repository\org\springframework\spring-beans\5.3.15\spring-beans-5.3.15.jar;C:\Users\almaz\.m2\repository\org\aspectj\aspectjweaver\1.9.6\aspectjweaver-1.9.6.jar;C:\Users\almaz\.m2\repository\org\springframework\spring-test\5.3.15\spring-test-5.3.15.jar;C:\Users\almaz\.m2\repository\junit\junit\4.13.2\junit-4.13.2.jar;C:\Users\almaz\.m2\repository\org\hamcrest\hamcrest-core\2.2\hamcrest-core-2.2.jar;C:\Users\almaz\.m2\repository\org\postgresql\postgresql\42.3.3\postgresql-42.3.3.jar;C:\Users\almaz\.m2\repository\org\checkerframework\checker-qual\3.5.0\checker-qual-3.5.0.jar;C:\Users\almaz\.m2\repository\org\springframework\batch\spring-batch-core\4.3.4\spring-batch-core-4.3.4.jar;C:\Users\almaz\.m2\repository\com\fasterxml\jackson\core\jackson-databind\2.13.1\jackson-databind-2.13.1.jar;C:\Users\almaz\.m2\repository\com\fasterxml\jackson\core\jackson-annotations\2.13.1\jackson-annotations-2.13.1.jar;C:\Users\almaz\.m2\repository\com\fasterxml\jackson\core\jackson-core\2.13.1\jackson-core-2.13.1.jar;C:\Users\almaz\.m2\repository\io\micrometer\micrometer-core\1.8.2\micrometer-core-1.8.2.jar;C:\Users\almaz\.m2\repository\org\hdrhistogram\HdrHistogram\2.1.12\HdrHistogram-2.1.12.jar;C:\Users\almaz\.m2\repository\org\latencyutils\LatencyUtils\2.0.3\LatencyUtils-2.0.3.jar;C:\Users\almaz\.m2\repository\javax\batch\javax.batch-api\1.0\javax.batch-api-1.0.jar;C:\Users\almaz\.m2\repository\org\codehaus\jettison\jettison\1.2\jettison-1.2.jar;C:\Users\almaz\.m2\repository\org\springframework\batch\spring-batch-infrastructure\4.3.4\spring-batch-infrastructure-4.3.4.jar;C:\Users\almaz\.m2\repository\org\springframework\retry\spring-retry\1.3.1\spring-retry-1.3.1.jar;C:\Users\almaz\.m2\repository\javax\annotation\javax.annotation-api\1.3.2\javax.annotation-api-1.3.2.jar;C:\Users\almaz\.m2\repository\org\springframework\batch\spring-batch-test\4.3.4\spring-batch-test-4.3.4.jar;C:\Users\almaz\.m2\repository\org\hibernate\hibernate-core\5.6.5.Final\hibernate-core-5.6.5.Final.jar;C:\Users\almaz\.m2\repository\org\jboss\logging\jboss-logging\3.4.3.Final\jboss-logging-3.4.3.Final.jar;C:\Users\almaz\.m2\repository\javax\persistence\javax.persistence-api\2.2\javax.persistence-api-2.2.jar;C:\Users\almaz\.m2\repository\net\bytebuddy\byte-buddy\1.11.22\byte-buddy-1.11.22.jar;C:\Users\almaz\.m2\repository\antlr\antlr\2.7.7\antlr-2.7.7.jar;C:\Users\almaz\.m2\repository\org\jboss\spec\javax\transaction\jboss-transaction-api_1.2_spec\1.1.1.Final\jboss-transaction-api_1.2_spec-1.1.1.Final.jar;C:\Users\almaz\.m2\repository\org\jboss\jandex\2.4.2.Final\jandex-2.4.2.Final.jar;C:\Users\almaz\.m2\repository\com\fasterxml\classmate\1.5.1\classmate-1.5.1.jar;C:\Users\almaz\.m2\repository\javax\activation\javax.activation-api\1.2.0\javax.activation-api-1.2.0.jar;C:\Users\almaz\.m2\repository\javax\xml\bind\jaxb-api\2.3.1\jaxb-api-2.3.1.jar;C:\Users\almaz\.m2\repository\org\glassfish\jaxb\jaxb-runtime\2.3.5\jaxb-runtime-2.3.5.jar;C:\Users\almaz\.m2\repository\org\glassfish\jaxb\txw2\2.3.5\txw2-2.3.5.jar;C:\Users\almaz\.m2\repository\com\sun\istack\istack-commons-runtime\3.0.12\istack-commons-runtime-3.0.12.jar;C:\Users\almaz\.m2\repository\com\sun\activation\jakarta.activation\1.2.2\jakarta.activation-1.2.2.jar;C:\Users\almaz\.m2\repository\org\hibernate\common\hibernate-commons-annotations\5.1.2.Final\hibernate-commons-annotations-5.1.2.Final.jar;C:\Users\almaz\.m2\repository\org\springframework\boot\spring-boot-starter-web\2.6.3\spring-boot-starter-web-2.6.3.jar;C:\Users\almaz\.m2\repository\org\springframework\boot\spring-boot-starter-json\2.6.3\spring-boot-starter-json-2.6.3.jar;C:\Users\almaz\.m2\repository\com\fasterxml\jackson\datatype\jackson-datatype-jdk8\2.13.1\jackson-datatype-jdk8-2.13.1.jar;C:\Users\almaz\.m2\repository\com\fasterxml\jackson\datatype\jackson-datatype-jsr310\2.13.1\jackson-datatype-jsr310-2.13.1.jar;C:\Users\almaz\.m2\repository\com\fasterxml\jackson\module\jackson-module-parameter-names\2.13.1\jackson-module-parameter-names-2.13.1.jar;C:\Users\almaz\.m2\repository\org\springframework\boot\spring-boot-starter-tomcat\2.6.3\spring-boot-starter-tomcat-2.6.3.jar;C:\Users\almaz\.m2\repository\org\apache\tomcat\embed\tomcat-embed-core\9.0.56\tomcat-embed-core-9.0.56.jar;C:\Users\almaz\.m2\repository\org\apache\tomcat\embed\tomcat-embed-el\9.0.56\tomcat-embed-el-9.0.56.jar;C:\Users\almaz\.m2\repository\org\apache\tomcat\embed\tomcat-embed-websocket\9.0.56\tomcat-embed-websocket-9.0.56.jar;C:\Users\almaz\.m2\repository\org\springframework\spring-web\5.3.15\spring-web-5.3.15.jar;C:\Users\almaz\.m2\repository\org\springframework\spring-webmvc\5.3.15\spring-webmvc-5.3.15.jar;, java.vm.vendor=Amazon.com Inc., sun.arch.data.model=64, user.variant=, java.vendor.url=https://aws.amazon.com/corretto/, user.timezone=Asia/Almaty, user.country.format=KZ, os.name=Windows 10, java.vm.specification.version=11, current_session_context_class=thread, sun.java.launcher=SUN_STANDARD, user.country=RU, sun.boot.library.path=C:\Users\almaz\.jdks\corretto-11.0.15\bin, sun.java.command=C:\Users\almaz\AppData\Local\Temp\surefire10350569853015669685\surefirebooter5584954628051203214.jar C:\Users\almaz\AppData\Local\Temp\surefire10350569853015669685 2022-04-25T20-42-56_782-jvmRun1 surefire10456438356214907713tmp surefire_014128203095595137067tmp, jdk.debug=release, surefire.test.class.path=C:\Users\almaz\OneDrive\Рабочий стол\Lab8\target\test-classes;C:\Users\almaz\OneDrive\Рабочий стол\Lab8\target\classes;C:\Users\almaz\.m2\repository\org\springframework\boot\spring-boot-starter-batch\2.6.3\spring-boot-starter-batch-2.6.3.jar;C:\Users\almaz\.m2\repository\org\springframework\boot\spring-boot-starter-jdbc\2.6.3\spring-boot-starter-jdbc-2.6.3.jar;C:\Users\almaz\.m2\repository\com\zaxxer\HikariCP\4.0.3\HikariCP-4.0.3.jar;C:\Users\almaz\.m2\repository\org\springframework\spring-jdbc\5.3.15\spring-jdbc-5.3.15.jar;C:\Users\almaz\.m2\repository\org\springframework\boot\spring-boot-starter-data-jpa\2.6.3\spring-boot-starter-data-jpa-2.6.3.jar;C:\Users\almaz\.m2\repository\org\springframework\boot\spring-boot-starter-aop\2.6.3\spring-boot-starter-aop-2.6.3.jar;C:\Users\almaz\.m2\repository\jakarta\transaction\jakarta.transaction-api\1.3.3\jakarta.transaction-api-1.3.3.jar;C:\Users\almaz\.m2\repository\jakarta\persistence\jakarta.persistence-api\2.2.3\jakarta.persistence-api-2.2.3.jar;C:\Users\almaz\.m2\repository\org\springframework\spring-aspects\5.3.15\spring-aspects-5.3.15.jar;C:\Users\almaz\.m2\repository\org\projectlombok\lombok\1.18.22\lombok-1.18.22.jar;C:\Users\almaz\.m2\repository\org\springframework\data\spring-data-jpa\2.6.1\spring-data-jpa-2.6.1.jar;C:\Users\almaz\.m2\repository\org\springframework\data\spring-data-commons\2.6.1\spring-data-commons-2.6.1.jar;C:\Users\almaz\.m2\repository\org\springframework\spring-orm\5.3.15\spring-orm-5.3.15.jar;C:\Users\almaz\.m2\repository\org\springframework\spring-aop\5.3.15\spring-aop-5.3.15.jar;C:\Users\almaz\.m2\repository\org\springframework\spring-tx\5.3.15\spring-tx-5.3.15.jar;C:\Users\almaz\.m2\repository\org\slf4j\slf4j-api\1.7.33\slf4j-api-1.7.33.jar;C:\Users\almaz\.m2\repository\jakarta\validation\jakarta.validation-api\2.0.2\jakarta.validation-api-2.0.2.jar;C:\Users\almaz\.m2\repository\org\springframework\boot\spring-boot-starter\2.6.3\spring-boot-starter-2.6.3.jar;C:\Users\almaz\.m2\repository\org\springframework\boot\spring-boot\2.6.3\spring-boot-2.6.3.jar;C:\Users\almaz\.m2\repository\org\springframework\boot\spring-boot-autoconfigure\2.6.3\spring-boot-autoconfigure-2.6.3.jar;C:\Users\almaz\.m2\repository\org\springframework\boot\spring-boot-starter-logging\2.6.3\spring-boot-starter-logging-2.6.3.jar;C:\Users\almaz\.m2\repository\ch\qos\logback\logback-classic\1.2.10\logback-classic-1.2.10.jar;C:\Users\almaz\.m2\repository\ch\qos\logback\logback-core\1.2.10\logback-core-1.2.10.jar;C:\Users\almaz\.m2\repository\org\apache\logging\log4j\log4j-to-slf4j\2.17.1\log4j-to-slf4j-2.17.1.jar;C:\Users\almaz\.m2\repository\org\apache\logging\log4j\log4j-api\2.17.1\log4j-api-2.17.1.jar;C:\Users\almaz\.m2\repository\org\slf4j\jul-to-slf4j\1.7.33\jul-to-slf4j-1.7.33.jar;C:\Users\almaz\.m2\repository\jakarta\annotation\jakarta.annotation-api\1.3.5\jakarta.annotation-api-1.3.5.jar;C:\Users\almaz\.m2\repository\org\yaml\snakeyaml\1.29\snakeyaml-1.29.jar;C:\Users\almaz\.m2\repository\org\springframework\boot\spring-boot-starter-test\2.6.3\spring-boot-starter-test-2.6.3.jar;C:\Users\almaz\.m2\repository\org\springframework\boot\spring-boot-test\2.6.3\spring-boot-test-2.6.3.jar;C:\Users\almaz\.m2\repository\org\springframework\boot\spring-boot-test-autoconfigure\2.6.3\spring-boot-test-autoconfigure-2.6.3.jar;C:\Users\almaz\.m2\repository\com\jayway\jsonpath\json-path\2.6.0\json-path-2.6.0.jar;C:\Users\almaz\.m2\repository\net\minidev\json-smart\2.4.7\json-smart-2.4.7.jar;C:\Users\almaz\.m2\repository\net\minidev\accessors-smart\2.4.7\accessors-smart-2.4.7.jar;C:\Users\almaz\.m2\repository\org\ow2\asm\asm\9.1\asm-9.1.jar;C:\Users\almaz\.m2\repository\jakarta\xml\bind\jakarta.xml.bind-api\2.3.3\jakarta.xml.bind-api-2.3.3.jar;C:\Users\almaz\.m2\repository\jakarta\activation\jakarta.activation-api\1.2.2\jakarta.activation-api-1.2.2.jar;C:\Users\almaz\.m2\repository\org\assertj\assertj-core\3.21.0\assertj-core-3.21.0.jar;C:\Users\almaz\.m2\repository\org\hamcrest\hamcrest\2.2\hamcrest-2.2.jar;C:\Users\almaz\.m2\repository\org\junit\jupiter\junit-jupiter\5.8.2\junit-jupiter-5.8.2.jar;C:\Users\almaz\.m2\repository\org\junit\jupiter\junit-jupiter-api\5.8.2\junit-jupiter-api-5.8.2.jar;C:\Users\almaz\.m2\repository\org\opentest4j\opentest4j\1.2.0\opentest4j-1.2.0.jar;C:\Users\almaz\.m2\repository\org\junit\platform\junit-platform-commons\1.8.2\junit-platform-commons-1.8.2.jar;C:\Users\almaz\.m2\repository\org\apiguardian\apiguardian-api\1.1.2\apiguardian-api-1.1.2.jar;C:\Users\almaz\.m2\repository\org\junit\jupiter\junit-jupiter-params\5.8.2\junit-jupiter-params-5.8.2.jar;C:\Users\almaz\.m2\repository\org\junit\jupiter\junit-jupiter-engine\5.8.2\junit-jupiter-engine-5.8.2.jar;C:\Users\almaz\.m2\repository\org\junit\platform\junit-platform-engine\1.8.2\junit-platform-engine-1.8.2.jar;C:\Users\almaz\.m2\repository\org\mockito\mockito-core\4.0.0\mockito-core-4.0.0.jar;C:\Users\almaz\.m2\repository\net\bytebuddy\byte-buddy-agent\1.11.22\byte-buddy-agent-1.11.22.jar;C:\Users\almaz\.m2\repository\org\objenesis\objenesis\3.2\objenesis-3.2.jar;C:\Users\almaz\.m2\repository\org\mockito\mockito-junit-jupiter\4.0.0\mockito-junit-jupiter-4.0.0.jar;C:\Users\almaz\.m2\repository\org\skyscreamer\jsonassert\1.5.0\jsonassert-1.5.0.jar;C:\Users\almaz\.m2\repository\com\vaadin\external\google\android-json\0.0.20131108.vaadin1\android-json-0.0.20131108.vaadin1.jar;C:\Users\almaz\.m2\repository\org\xmlunit\xmlunit-core\2.8.4\xmlunit-core-2.8.4.jar;C:\Users\almaz\.m2\repository\org\springframework\spring-core\5.3.15\spring-core-5.3.15.jar;C:\Users\almaz\.m2\repository\org\springframework\spring-jcl\5.3.15\spring-jcl-5.3.15.jar;C:\Users\almaz\.m2\repository\org\springframework\spring-context\5.3.15\spring-context-5.3.15.jar;C:\Users\almaz\.m2\repository\org\springframework\spring-expression\5.3.15\spring-expression-5.3.15.jar;C:\Users\almaz\.m2\repository\org\springframework\spring-beans\5.3.15\spring-beans-5.3.15.jar;C:\Users\almaz\.m2\repository\org\aspectj\aspectjweaver\1.9.6\aspectjweaver-1.9.6.jar;C:\Users\almaz\.m2\repository\org\springframework\spring-test\5.3.15\spring-test-5.3.15.jar;C:\Users\almaz\.m2\repository\junit\junit\4.13.2\junit-4.13.2.jar;C:\Users\almaz\.m2\repository\org\hamcrest\hamcrest-core\2.2\hamcrest-core-2.2.jar;C:\Users\almaz\.m2\repository\org\postgresql\postgresql\42.3.3\postgresql-42.3.3.jar;C:\Users\almaz\.m2\repository\org\checkerframework\checker-qual\3.5.0\checker-qual-3.5.0.jar;C:\Users\almaz\.m2\repository\org\springframework\batch\spring-batch-core\4.3.4\spring-batch-core-4.3.4.jar;C:\Users\almaz\.m2\repository\com\fasterxml\jackson\core\jackson-databind\2.13.1\jackson-databind-2.13.1.jar;C:\Users\almaz\.m2\repository\com\fasterxml\jackson\core\jackson-annotations\2.13.1\jackson-annotations-2.13.1.jar;C:\Users\almaz\.m2\repository\com\fasterxml\jackson\core\jackson-core\2.13.1\jackson-core-2.13.1.jar;C:\Users\almaz\.m2\repository\io\micrometer\micrometer-core\1.8.2\micrometer-core-1.8.2.jar;C:\Users\almaz\.m2\repository\org\hdrhistogram\HdrHistogram\2.1.12\HdrHistogram-2.1.12.jar;C:\Users\almaz\.m2\repository\org\latencyutils\LatencyUtils\2.0.3\LatencyUtils-2.0.3.jar;C:\Users\almaz\.m2\repository\javax\batch\javax.batch-api\1.0\javax.batch-api-1.0.jar;C:\Users\almaz\.m2\repository\org\codehaus\jettison\jettison\1.2\jettison-1.2.jar;C:\Users\almaz\.m2\repository\org\springframework\batch\spring-batch-infrastructure\4.3.4\spring-batch-infrastructure-4.3.4.jar;C:\Users\almaz\.m2\repository\org\springframework\retry\spring-retry\1.3.1\spring-retry-1.3.1.jar;C:\Users\almaz\.m2\repository\javax\annotation\javax.annotation-api\1.3.2\javax.annotation-api-1.3.2.jar;C:\Users\almaz\.m2\repository\org\springframework\batch\spring-batch-test\4.3.4\spring-batch-test-4.3.4.jar;C:\Users\almaz\.m2\repository\org\hibernate\hibernate-core\5.6.5.Final\hibernate-core-5.6.5.Final.jar;C:\Users\almaz\.m2\repository\org\jboss\logging\jboss-logging\3.4.3.Final\jboss-logging-3.4.3.Final.jar;C:\Users\almaz\.m2\repository\javax\persistence\javax.persistence-api\2.2\javax.persistence-api-2.2.jar;C:\Users\almaz\.m2\repository\net\bytebuddy\byte-buddy\1.11.22\byte-buddy-1.11.22.jar;C:\Users\almaz\.m2\repository\antlr\antlr\2.7.7\antlr-2.7.7.jar;C:\Users\almaz\.m2\repository\org\jboss\spec\javax\transaction\jboss-transaction-api_1.2_spec\1.1.1.Final\jboss-transaction-api_1.2_spec-1.1.1.Final.jar;C:\Users\almaz\.m2\repository\org\jboss\jandex\2.4.2.Final\jandex-2.4.2.Final.jar;C:\Users\almaz\.m2\repository\com\fasterxml\classmate\1.5.1\classmate-1.5.1.jar;C:\Users\almaz\.m2\repository\javax\activation\javax.activation-api\1.2.0\javax.activation-api-1.2.0.jar;C:\Users\almaz\.m2\repository\javax\xml\bind\jaxb-api\2.3.1\jaxb-api-2.3.1.jar;C:\Users\almaz\.m2\repository\org\glassfish\jaxb\jaxb-runtime\2.3.5\jaxb-runtime-2.3.5.jar;C:\Users\almaz\.m2\repository\org\glassfish\jaxb\txw2\2.3.5\txw2-2.3.5.jar;C:\Users\almaz\.m2\repository\com\sun\istack\istack-commons-runtime\3.0.12\istack-commons-runtime-3.0.12.jar;C:\Users\almaz\.m2\repository\com\sun\activation\jakarta.activation\1.2.2\jakarta.activation-1.2.2.jar;C:\Users\almaz\.m2\repository\org\hibernate\common\hibernate-commons-annotations\5.1.2.Final\hibernate-commons-annotations-5.1.2.Final.jar;C:\Users\almaz\.m2\repository\org\springframework\boot\spring-boot-starter-web\2.6.3\spring-boot-starter-web-2.6.3.jar;C:\Users\almaz\.m2\repository\org\springframework\boot\spring-boot-starter-json\2.6.3\spring-boot-starter-json-2.6.3.jar;C:\Users\almaz\.m2\repository\com\fasterxml\jackson\datatype\jackson-datatype-jdk8\2.13.1\jackson-datatype-jdk8-2.13.1.jar;C:\Users\almaz\.m2\repository\com\fasterxml\jackson\datatype\jackson-datatype-jsr310\2.13.1\jackson-datatype-jsr310-2.13.1.jar;C:\Users\almaz\.m2\repository\com\fasterxml\jackson\module\jackson-module-parameter-names\2.13.1\jackson-module-parameter-names-2.13.1.jar;C:\Users\almaz\.m2\repository\org\springframework\boot\spring-boot-starter-tomcat\2.6.3\spring-boot-starter-tomcat-2.6.3.jar;C:\Users\almaz\.m2\repository\org\apache\tomcat\embed\tomcat-embed-core\9.0.56\tomcat-embed-core-9.0.56.jar;C:\Users\almaz\.m2\repository\org\apache\tomcat\embed\tomcat-embed-el\9.0.56\tomcat-embed-el-9.0.56.jar;C:\Users\almaz\.m2\repository\org\apache\tomcat\embed\tomcat-embed-websocket\9.0.56\tomcat-embed-websocket-9.0.56.jar;C:\Users\almaz\.m2\repository\org\springframework\spring-web\5.3.15\spring-web-5.3.15.jar;C:\Users\almaz\.m2\repository\org\springframework\spring-webmvc\5.3.15\spring-webmvc-5.3.15.jar;, sun.cpu.endian=little, user.home=C:\Users\almaz, user.language=ru, java.specification.vendor=Oracle Corporation, java.version.date=2022-04-19, java.home=C:\Users\almaz\.jdks\corretto-11.0.15, spring.profiles.active=config1, file.separator=\, basedir=C:\Users\almaz\OneDrive\Рабочий стол\Lab8, java.vm.compressedOopsMode=32-bit, line.separator=
, java.specification.name=Java Platform API Specification, java.vm.specification.vendor=Oracle Corporation, java.awt.graphicsenv=sun.awt.Win32GraphicsEnvironment, surefire.real.class.path=C:\Users\almaz\AppData\Local\Temp\surefire10350569853015669685\surefirebooter5584954628051203214.jar, user.script=, sun.management.compiler=HotSpot 64-Bit Tiered Compilers, java.runtime.version=11.0.15+9-LTS, user.name=almaz, path.separator=;, hibernate.connection.username=****, os.version=10.0, java.runtime.name=OpenJDK Runtime Environment, hibernate.connection.url=jdbc:postgresql://localhost:5432/Army, file.encoding=Cp1251, java.vm.name=OpenJDK 64-Bit Server VM, java.vendor.version=Corretto-11.0.15.9.1, hibernate.current_session_context_class=thread, localRepository=C:\Users\almaz\.m2\repository, hibernate.connection.driver_class=org.postgresql.Driver, java.vendor.url.bug=https://github.com/corretto/corretto-11/issues/, java.io.tmpdir=C:\Users\almaz\AppData\Local\Temp\, idea.version=2020.2.4, java.version=11.0.15, user.dir=C:\Users\almaz\OneDrive\Рабочий стол\Lab8, os.arch=amd64, java.vm.specification.name=Java Virtual Machine Specification, java.awt.printerjob=sun.awt.windows.WPrinterJob, hibernate.connection.password=****, sun.os.patch.level=, hibernate.boot.CfgXmlAccessService.key=org.hibernate.boot.cfgxml.spi.LoadedConfig@4cd51e4e, java.library.path=C:\Users\almaz\.jdks\corretto-11.0.15\bin;C:\Windows\Sun\Java\bin;C:\Windows\system32;C:\Windows;C:\Program Files\Common Files\Oracle\Java\javapath;C:\Program Files (x86)\Common Files\Intel\Shared Libraries\redist\intel64\compiler;C:\Program Files (x86)\Common Files\Oracle\Java\javapath;C:\Windows\system32;C:\Windows;C:\Windows\System32\Wbem;C:\Windows\System32\WindowsPowerShell\v1.0\;C:\Windows\System32\OpenSSH\;C:\Program Files\NVIDIA Corporation\NVIDIA NvDLISR;C:\Program Files (x86)\NVIDIA Corporation\PhysX\Common;C:\Program Files\Common Files\Autodesk Shared\;C:\Program Files\Microsoft SQL Server\120\Tools\Binn\;C:\Program Files\Git\cmd;;C:\Program Files\Docker\Docker\resources\bin;C:\ProgramData\DockerDesktop\version-bin;C:\Program Files\MySQL\MySQL Shell 8.0\bin\;C:\Users\almaz\AppData\Local\Programs\Python\Python39\Scripts\;C:\Users\almaz\AppData\Local\Programs\Python\Python39\;C:\Users\almaz\AppData\Local\Microsoft\WindowsApps;;C:\Program Files\JetBrains\IntelliJ IDEA 2020.2.2\bin;;C:\Program Files\JetBrains\PyCharm Community Edition 2020.2.3\bin;;C:\Users\almaz\spicetify-cli;., java.vendor=Amazon.com Inc., java.vm.info=mixed mode, java.vm.version=11.0.15+9-LTS, hibernate.bytecode.use_reflection_optimizer=false, sun.io.unicode.encoding=UnicodeLittle, java.class.version=55.0}
20:43:03.500 [main] DEBUG org.hibernate.cfg.beanvalidation.TypeSafeActivator - Unable to acquire Bean Validation ValidatorFactory, skipping activation
20:43:03.500 [main] DEBUG org.hibernate.secure.spi.JaccIntegrator - Skipping JACC integration as it was not enabled
20:43:03.500 [main] DEBUG org.hibernate.internal.SessionFactoryImpl - Instantiated session factory
20:43:03.500 [main] DEBUG org.hibernate.type.spi.TypeConfiguration$Scope - Scoping TypeConfiguration [org.hibernate.type.spi.TypeConfiguration@1b800a11] to SessionFactoryImpl [org.hibernate.internal.SessionFactoryImpl@7e451790]
20:43:03.501 [main] DEBUG org.hibernate.orm.bytecode.interceptor - To-one property `kz.iitu.itse1907.saylau.entity.Soldier#squad` was mapped with LAZY + NO_PROXY but the class was not enhanced
20:43:03.501 [main] DEBUG org.hibernate.orm.bytecode.interceptor - To-one property `kz.iitu.itse1907.saylau.entity.Soldier#squad` was mapped with LAZY + NO_PROXY but the class was not enhanced
20:43:03.501 [main] DEBUG org.hibernate.boot.internal.ClassLoaderAccessImpl - Not known whether passed class name [kz.iitu.itse1907.saylau.entity.Soldier] is safe
20:43:03.501 [main] DEBUG org.hibernate.boot.internal.ClassLoaderAccessImpl - No temp ClassLoader provided; using live ClassLoader for loading potentially unsafe class : kz.iitu.itse1907.saylau.entity.Soldier
20:43:03.511 [main] DEBUG org.hibernate.orm.bytecode.interceptor - To-one property `kz.iitu.itse1907.saylau.entity.Soldier#squad` was mapped with LAZY + NO_PROXY but the class was not enhanced
20:43:03.512 [main] DEBUG org.hibernate.orm.bytecode.interceptor - To-one property `kz.iitu.itse1907.saylau.entity.Soldier#squad` was mapped with LAZY + NO_PROXY but the class was not enhanced
20:43:03.512 [main] DEBUG org.hibernate.orm.bytecode.interceptor - To-one property `kz.iitu.itse1907.saylau.entity.Squad#captain` was mapped with LAZY + NO_PROXY but the class was not enhanced
20:43:03.512 [main] DEBUG org.hibernate.orm.bytecode.interceptor - To-one property `kz.iitu.itse1907.saylau.entity.Squad#captain` was mapped with LAZY + NO_PROXY but the class was not enhanced
20:43:03.512 [main] DEBUG org.hibernate.boot.internal.ClassLoaderAccessImpl - Not known whether passed class name [kz.iitu.itse1907.saylau.entity.Squad] is safe
20:43:03.512 [main] DEBUG org.hibernate.boot.internal.ClassLoaderAccessImpl - No temp ClassLoader provided; using live ClassLoader for loading potentially unsafe class : kz.iitu.itse1907.saylau.entity.Squad
20:43:03.519 [main] DEBUG org.hibernate.orm.bytecode.interceptor - To-one property `kz.iitu.itse1907.saylau.entity.Squad#captain` was mapped with LAZY + NO_PROXY but the class was not enhanced
20:43:03.519 [main] DEBUG org.hibernate.orm.bytecode.interceptor - To-one property `kz.iitu.itse1907.saylau.entity.Squad#captain` was mapped with LAZY + NO_PROXY but the class was not enhanced
20:43:03.520 [main] DEBUG org.hibernate.boot.internal.ClassLoaderAccessImpl - Not known whether passed class name [kz.iitu.itse1907.saylau.entity.Captain] is safe
20:43:03.520 [main] DEBUG org.hibernate.boot.internal.ClassLoaderAccessImpl - No temp ClassLoader provided; using live ClassLoader for loading potentially unsafe class : kz.iitu.itse1907.saylau.entity.Captain
20:43:03.532 [main] DEBUG org.hibernate.persister.collection.AbstractCollectionPersister - Static SQL for collection: kz.iitu.itse1907.saylau.entity.Squad.soldiers
20:43:03.532 [main] DEBUG org.hibernate.persister.collection.AbstractCollectionPersister -  Row insert: update soldier set SquadId=? where id=?
20:43:03.532 [main] DEBUG org.hibernate.persister.collection.AbstractCollectionPersister -  Row update: update soldier set  where id=?
20:43:03.532 [main] DEBUG org.hibernate.persister.collection.AbstractCollectionPersister -  Row delete: update soldier set SquadId=null where SquadId=? and id=?
20:43:03.532 [main] DEBUG org.hibernate.persister.collection.AbstractCollectionPersister -  One-shot delete: update soldier set SquadId=null where SquadId=?
20:43:03.532 [main] DEBUG org.hibernate.persister.entity.AbstractEntityPersister - Static SQL for entity: kz.iitu.itse1907.saylau.entity.Soldier
20:43:03.532 [main] DEBUG org.hibernate.persister.entity.AbstractEntityPersister -  Version select: select id from soldier where id =?
20:43:03.532 [main] DEBUG org.hibernate.persister.entity.AbstractEntityPersister -  Snapshot select: select soldier_.id, soldier_.Age as age2_1_, soldier_.FirstName as firstnam3_1_, soldier_.LastName as lastname4_1_, soldier_.Rank as rank5_1_, soldier_.SquadId as squadid6_1_ from soldier soldier_ where soldier_.id=?
20:43:03.532 [main] DEBUG org.hibernate.persister.entity.AbstractEntityPersister -  Insert 0: insert into soldier (Age, FirstName, LastName, Rank, SquadId, id) values (?, ?, ?, ?, ?, ?)
20:43:03.532 [main] DEBUG org.hibernate.persister.entity.AbstractEntityPersister -  Update 0: update soldier set Age=?, FirstName=?, LastName=?, Rank=?, SquadId=? where id=?
20:43:03.532 [main] DEBUG org.hibernate.persister.entity.AbstractEntityPersister -  Delete 0: delete from soldier where id=?
20:43:03.532 [main] DEBUG org.hibernate.persister.entity.AbstractEntityPersister -  Identity insert: insert into soldier (Age, FirstName, LastName, Rank, SquadId) values (?, ?, ?, ?, ?)
20:43:03.532 [main] DEBUG org.hibernate.loader.plan.build.internal.spaces.QuerySpacesImpl - Adding QuerySpace : uid = <gen:0> -> org.hibernate.loader.plan.build.internal.spaces.EntityQuerySpaceImpl@52b891de]
20:43:03.532 [main] DEBUG org.hibernate.persister.walking.spi.MetamodelGraphWalker - Visiting attribute path : age
20:43:03.532 [main] DEBUG org.hibernate.persister.walking.spi.MetamodelGraphWalker - Visiting attribute path : first_name
20:43:03.532 [main] DEBUG org.hibernate.persister.walking.spi.MetamodelGraphWalker - Visiting attribute path : last_name
20:43:03.532 [main] DEBUG org.hibernate.persister.walking.spi.MetamodelGraphWalker - Visiting attribute path : rank
20:43:03.532 [main] DEBUG org.hibernate.persister.walking.spi.MetamodelGraphWalker - Visiting attribute path : squad
20:43:03.533 [main] DEBUG org.hibernate.loader.plan.build.internal.spaces.QuerySpacesImpl - Adding QuerySpace : uid = <gen:1> -> org.hibernate.loader.plan.build.internal.spaces.EntityQuerySpaceImpl@5f32ab17]
20:43:03.533 [main] DEBUG org.hibernate.persister.walking.spi.MetamodelGraphWalker - Visiting attribute path : squad.SquadNumber
20:43:03.533 [main] DEBUG org.hibernate.persister.walking.spi.MetamodelGraphWalker - Visiting attribute path : squad.captain
20:43:03.533 [main] DEBUG org.hibernate.loader.plan.build.internal.spaces.QuerySpacesImpl - Adding QuerySpace : uid = <gen:2> -> org.hibernate.loader.plan.build.internal.spaces.EntityQuerySpaceImpl@42734b71]
20:43:03.533 [main] DEBUG org.hibernate.persister.walking.spi.MetamodelGraphWalker - Visiting attribute path : squad.captain.age
20:43:03.533 [main] DEBUG org.hibernate.persister.walking.spi.MetamodelGraphWalker - Visiting attribute path : squad.captain.first_name
20:43:03.533 [main] DEBUG org.hibernate.persister.walking.spi.MetamodelGraphWalker - Visiting attribute path : squad.captain.last_name
20:43:03.533 [main] DEBUG org.hibernate.persister.walking.spi.MetamodelGraphWalker - Visiting attribute path : squad.captain.rank
20:43:03.533 [main] DEBUG org.hibernate.persister.walking.spi.MetamodelGraphWalker - Visiting attribute path : squad.soldiers
20:43:03.533 [main] DEBUG org.hibernate.persister.walking.spi.MetamodelGraphWalker - Property path deemed to be circular : squad.soldiers
20:43:03.533 [main] DEBUG org.hibernate.loader.plan.build.internal.FetchStyleLoadPlanBuildingAssociationVisitationStrategy - Building LoadPlan...
20:43:03.533 [main] DEBUG org.hibernate.loader.plan.exec.internal.LoadQueryJoinAndFetchProcessor - processing queryspace <gen:0>
20:43:03.534 [main] DEBUG org.hibernate.loader.plan.build.spi.LoadPlanTreePrinter - LoadPlan(entity=kz.iitu.itse1907.saylau.entity.Soldier)
    - Returns
       - EntityReturnImpl(entity=kz.iitu.itse1907.saylau.entity.Soldier, querySpaceUid=<gen:0>, path=kz.iitu.itse1907.saylau.entity.Soldier)
          - EntityAttributeFetchImpl(entity=kz.iitu.itse1907.saylau.entity.Squad, querySpaceUid=<gen:1>, path=kz.iitu.itse1907.saylau.entity.Soldier.squad)
             - EntityAttributeFetchImpl(entity=kz.iitu.itse1907.saylau.entity.Captain, querySpaceUid=<gen:2>, path=kz.iitu.itse1907.saylau.entity.Soldier.squad.captain)
    - QuerySpaces
       - EntityQuerySpaceImpl(uid=<gen:0>, entity=kz.iitu.itse1907.saylau.entity.Soldier)
          - SQL table alias mapping - soldier0_
          - alias suffix - 0_
          - suffixed key columns - {id1_1_0_}
          - JOIN (JoinDefinedByMetadata(squad)) : <gen:0> -> <gen:1>
             - EntityQuerySpaceImpl(uid=<gen:1>, entity=kz.iitu.itse1907.saylau.entity.Squad)
                - SQL table alias mapping - squad1_
                - alias suffix - 1_
                - suffixed key columns - {id1_2_1_}
                - JOIN (JoinDefinedByMetadata(captain)) : <gen:1> -> <gen:2>
                   - EntityQuerySpaceImpl(uid=<gen:2>, entity=kz.iitu.itse1907.saylau.entity.Captain)
                      - SQL table alias mapping - captain2_
                      - alias suffix - 2_
                      - suffixed key columns - {id1_0_2_}

20:43:03.534 [main] DEBUG org.hibernate.loader.entity.plan.EntityLoader - Static select for entity kz.iitu.itse1907.saylau.entity.Soldier [NONE]: select soldier0_.id as id1_1_0_, soldier0_.Age as age2_1_0_, soldier0_.FirstName as firstnam3_1_0_, soldier0_.LastName as lastname4_1_0_, soldier0_.Rank as rank5_1_0_, soldier0_.SquadId as squadid6_1_0_, squad1_.ID as id1_2_1_, squad1_.SquadNumber as squadnum2_2_1_, squad1_.CaptainID as captaini3_2_1_, captain2_.id as id1_0_2_, captain2_.Age as age2_0_2_, captain2_.FirstName as firstnam3_0_2_, captain2_.LastName as lastname4_0_2_, captain2_.Rank as rank5_0_2_ from soldier soldier0_ left outer join squad squad1_ on soldier0_.SquadId=squad1_.ID left outer join captain captain2_ on squad1_.CaptainID=captain2_.id where soldier0_.id=?
20:43:03.534 [main] DEBUG org.hibernate.persister.entity.AbstractEntityPersister - Static SQL for entity: kz.iitu.itse1907.saylau.entity.Squad
20:43:03.534 [main] DEBUG org.hibernate.persister.entity.AbstractEntityPersister -  Version select: select ID from squad where ID =?
20:43:03.534 [main] DEBUG org.hibernate.persister.entity.AbstractEntityPersister -  Snapshot select: select squad_.ID, squad_.SquadNumber as squadnum2_2_, squad_.CaptainID as captaini3_2_ from squad squad_ where squad_.ID=?
20:43:03.534 [main] DEBUG org.hibernate.persister.entity.AbstractEntityPersister -  Insert 0: insert into squad (SquadNumber, CaptainID, ID) values (?, ?, ?)
20:43:03.534 [main] DEBUG org.hibernate.persister.entity.AbstractEntityPersister -  Update 0: update squad set SquadNumber=?, CaptainID=? where ID=?
20:43:03.534 [main] DEBUG org.hibernate.persister.entity.AbstractEntityPersister -  Delete 0: delete from squad where ID=?
20:43:03.534 [main] DEBUG org.hibernate.persister.entity.AbstractEntityPersister -  Identity insert: insert into squad (SquadNumber, CaptainID) values (?, ?)
20:43:03.535 [main] DEBUG org.hibernate.loader.plan.build.internal.spaces.QuerySpacesImpl - Adding QuerySpace : uid = <gen:0> -> org.hibernate.loader.plan.build.internal.spaces.EntityQuerySpaceImpl@70e54ec3]
20:43:03.535 [main] DEBUG org.hibernate.persister.walking.spi.MetamodelGraphWalker - Visiting attribute path : SquadNumber
20:43:03.535 [main] DEBUG org.hibernate.persister.walking.spi.MetamodelGraphWalker - Visiting attribute path : captain
20:43:03.535 [main] DEBUG org.hibernate.loader.plan.build.internal.spaces.QuerySpacesImpl - Adding QuerySpace : uid = <gen:1> -> org.hibernate.loader.plan.build.internal.spaces.EntityQuerySpaceImpl@64b8eb96]
20:43:03.535 [main] DEBUG org.hibernate.persister.walking.spi.MetamodelGraphWalker - Visiting attribute path : captain.age
20:43:03.535 [main] DEBUG org.hibernate.persister.walking.spi.MetamodelGraphWalker - Visiting attribute path : captain.first_name
20:43:03.535 [main] DEBUG org.hibernate.persister.walking.spi.MetamodelGraphWalker - Visiting attribute path : captain.last_name
20:43:03.535 [main] DEBUG org.hibernate.persister.walking.spi.MetamodelGraphWalker - Visiting attribute path : captain.rank
20:43:03.535 [main] DEBUG org.hibernate.persister.walking.spi.MetamodelGraphWalker - Visiting attribute path : soldiers
20:43:03.535 [main] DEBUG org.hibernate.loader.plan.build.internal.spaces.QuerySpacesImpl - Adding QuerySpace : uid = <gen:2> -> org.hibernate.loader.plan.build.internal.spaces.CollectionQuerySpaceImpl@2d23a5be]
20:43:03.535 [main] DEBUG org.hibernate.loader.plan.build.internal.spaces.QuerySpacesImpl - Adding QuerySpace : uid = <gen:3> -> org.hibernate.loader.plan.build.internal.spaces.EntityQuerySpaceImpl@51aa2a58]
20:43:03.535 [main] DEBUG org.hibernate.persister.walking.spi.MetamodelGraphWalker - Visiting attribute path : soldiers.age
20:43:03.535 [main] DEBUG org.hibernate.persister.walking.spi.MetamodelGraphWalker - Visiting attribute path : soldiers.first_name
20:43:03.535 [main] DEBUG org.hibernate.persister.walking.spi.MetamodelGraphWalker - Visiting attribute path : soldiers.last_name
20:43:03.535 [main] DEBUG org.hibernate.persister.walking.spi.MetamodelGraphWalker - Visiting attribute path : soldiers.rank
20:43:03.535 [main] DEBUG org.hibernate.persister.walking.spi.MetamodelGraphWalker - Visiting attribute path : soldiers.squad
20:43:03.535 [main] DEBUG org.hibernate.persister.walking.spi.MetamodelGraphWalker - Property path deemed to be circular : soldiers.squad
20:43:03.536 [main] DEBUG org.hibernate.loader.plan.build.internal.FetchStyleLoadPlanBuildingAssociationVisitationStrategy - Building LoadPlan...
20:43:03.536 [main] DEBUG org.hibernate.loader.plan.exec.internal.LoadQueryJoinAndFetchProcessor - processing queryspace <gen:0>
20:43:03.537 [main] DEBUG org.hibernate.loader.plan.build.spi.LoadPlanTreePrinter - LoadPlan(entity=kz.iitu.itse1907.saylau.entity.Squad)
    - Returns
       - EntityReturnImpl(entity=kz.iitu.itse1907.saylau.entity.Squad, querySpaceUid=<gen:0>, path=kz.iitu.itse1907.saylau.entity.Squad)
          - EntityAttributeFetchImpl(entity=kz.iitu.itse1907.saylau.entity.Captain, querySpaceUid=<gen:1>, path=kz.iitu.itse1907.saylau.entity.Squad.captain)
          - CollectionAttributeFetchImpl(collection=kz.iitu.itse1907.saylau.entity.Squad.soldiers, querySpaceUid=<gen:2>, path=kz.iitu.itse1907.saylau.entity.Squad.soldiers)
             - (collection element) CollectionFetchableElementEntityGraph(entity=kz.iitu.itse1907.saylau.entity.Soldier, querySpaceUid=<gen:3>, path=kz.iitu.itse1907.saylau.entity.Squad.soldiers.<elements>)
    - QuerySpaces
       - EntityQuerySpaceImpl(uid=<gen:0>, entity=kz.iitu.itse1907.saylau.entity.Squad)
          - SQL table alias mapping - squad0_
          - alias suffix - 0_
          - suffixed key columns - {id1_2_0_}
          - JOIN (JoinDefinedByMetadata(captain)) : <gen:0> -> <gen:1>
             - EntityQuerySpaceImpl(uid=<gen:1>, entity=kz.iitu.itse1907.saylau.entity.Captain)
                - SQL table alias mapping - captain1_
                - alias suffix - 1_
                - suffixed key columns - {id1_0_1_}
          - JOIN (JoinDefinedByMetadata(soldiers)) : <gen:0> -> <gen:2>
             - CollectionQuerySpaceImpl(uid=<gen:2>, collection=kz.iitu.itse1907.saylau.entity.Squad.soldiers)
                - SQL table alias mapping - soldiers2_
                - alias suffix - 2_
                - suffixed key columns - {squadid6_1_2_}
                - entity-element alias suffix - 3_
                - 3_entity-element suffixed key columns - id1_1_3_
                - JOIN (JoinDefinedByMetadata(elements)) : <gen:2> -> <gen:3>
                   - EntityQuerySpaceImpl(uid=<gen:3>, entity=kz.iitu.itse1907.saylau.entity.Soldier)
                      - SQL table alias mapping - soldiers2_
                      - alias suffix - 3_
                      - suffixed key columns - {id1_1_3_}

20:43:03.537 [main] DEBUG org.hibernate.loader.entity.plan.EntityLoader - Static select for entity kz.iitu.itse1907.saylau.entity.Squad [NONE]: select squad0_.ID as id1_2_0_, squad0_.SquadNumber as squadnum2_2_0_, squad0_.CaptainID as captaini3_2_0_, captain1_.id as id1_0_1_, captain1_.Age as age2_0_1_, captain1_.FirstName as firstnam3_0_1_, captain1_.LastName as lastname4_0_1_, captain1_.Rank as rank5_0_1_, soldiers2_.SquadId as squadid6_1_2_, soldiers2_.id as id1_1_2_, soldiers2_.id as id1_1_3_, soldiers2_.Age as age2_1_3_, soldiers2_.FirstName as firstnam3_1_3_, soldiers2_.LastName as lastname4_1_3_, soldiers2_.Rank as rank5_1_3_, soldiers2_.SquadId as squadid6_1_3_ from squad squad0_ left outer join captain captain1_ on squad0_.CaptainID=captain1_.id left outer join soldier soldiers2_ on squad0_.ID=soldiers2_.SquadId where squad0_.ID=?
20:43:03.537 [main] DEBUG org.hibernate.persister.entity.AbstractEntityPersister - Static SQL for entity: kz.iitu.itse1907.saylau.entity.Captain
20:43:03.537 [main] DEBUG org.hibernate.persister.entity.AbstractEntityPersister -  Version select: select id from captain where id =?
20:43:03.537 [main] DEBUG org.hibernate.persister.entity.AbstractEntityPersister -  Snapshot select: select captain_.id, captain_.Age as age2_0_, captain_.FirstName as firstnam3_0_, captain_.LastName as lastname4_0_, captain_.Rank as rank5_0_ from captain captain_ where captain_.id=?
20:43:03.537 [main] DEBUG org.hibernate.persister.entity.AbstractEntityPersister -  Insert 0: insert into captain (Age, FirstName, LastName, Rank, id) values (?, ?, ?, ?, ?)
20:43:03.537 [main] DEBUG org.hibernate.persister.entity.AbstractEntityPersister -  Update 0: update captain set Age=?, FirstName=?, LastName=?, Rank=? where id=?
20:43:03.537 [main] DEBUG org.hibernate.persister.entity.AbstractEntityPersister -  Delete 0: delete from captain where id=?
20:43:03.537 [main] DEBUG org.hibernate.persister.entity.AbstractEntityPersister -  Identity insert: insert into captain (Age, FirstName, LastName, Rank) values (?, ?, ?, ?)
20:43:03.537 [main] DEBUG org.hibernate.loader.plan.build.internal.spaces.QuerySpacesImpl - Adding QuerySpace : uid = <gen:0> -> org.hibernate.loader.plan.build.internal.spaces.EntityQuerySpaceImpl@666b1244]
20:43:03.538 [main] DEBUG org.hibernate.persister.walking.spi.MetamodelGraphWalker - Visiting attribute path : age
20:43:03.538 [main] DEBUG org.hibernate.persister.walking.spi.MetamodelGraphWalker - Visiting attribute path : first_name
20:43:03.538 [main] DEBUG org.hibernate.persister.walking.spi.MetamodelGraphWalker - Visiting attribute path : last_name
20:43:03.538 [main] DEBUG org.hibernate.persister.walking.spi.MetamodelGraphWalker - Visiting attribute path : rank
20:43:03.538 [main] DEBUG org.hibernate.loader.plan.build.internal.FetchStyleLoadPlanBuildingAssociationVisitationStrategy - Building LoadPlan...
20:43:03.538 [main] DEBUG org.hibernate.loader.plan.exec.internal.LoadQueryJoinAndFetchProcessor - processing queryspace <gen:0>
20:43:03.538 [main] DEBUG org.hibernate.loader.plan.build.spi.LoadPlanTreePrinter - LoadPlan(entity=kz.iitu.itse1907.saylau.entity.Captain)
    - Returns
       - EntityReturnImpl(entity=kz.iitu.itse1907.saylau.entity.Captain, querySpaceUid=<gen:0>, path=kz.iitu.itse1907.saylau.entity.Captain)
    - QuerySpaces
       - EntityQuerySpaceImpl(uid=<gen:0>, entity=kz.iitu.itse1907.saylau.entity.Captain)
          - SQL table alias mapping - captain0_
          - alias suffix - 0_
          - suffixed key columns - {id1_0_0_}

20:43:03.538 [main] DEBUG org.hibernate.loader.entity.plan.EntityLoader - Static select for entity kz.iitu.itse1907.saylau.entity.Captain [NONE]: select captain0_.id as id1_0_0_, captain0_.Age as age2_0_0_, captain0_.FirstName as firstnam3_0_0_, captain0_.LastName as lastname4_0_0_, captain0_.Rank as rank5_0_0_ from captain captain0_ where captain0_.id=?
20:43:03.538 [main] DEBUG org.hibernate.loader.plan.build.internal.spaces.QuerySpacesImpl - Adding QuerySpace : uid = <gen:0> -> org.hibernate.loader.plan.build.internal.spaces.CollectionQuerySpaceImpl@789d8fd6]
20:43:03.538 [main] DEBUG org.hibernate.loader.plan.build.internal.spaces.QuerySpacesImpl - Adding QuerySpace : uid = <gen:1> -> org.hibernate.loader.plan.build.internal.spaces.EntityQuerySpaceImpl@42fa5cb]
20:43:03.538 [main] DEBUG org.hibernate.persister.walking.spi.MetamodelGraphWalker - Visiting attribute path : age
20:43:03.538 [main] DEBUG org.hibernate.persister.walking.spi.MetamodelGraphWalker - Visiting attribute path : first_name
20:43:03.538 [main] DEBUG org.hibernate.persister.walking.spi.MetamodelGraphWalker - Visiting attribute path : last_name
20:43:03.538 [main] DEBUG org.hibernate.persister.walking.spi.MetamodelGraphWalker - Visiting attribute path : rank
20:43:03.538 [main] DEBUG org.hibernate.persister.walking.spi.MetamodelGraphWalker - Visiting attribute path : squad
20:43:03.539 [main] DEBUG org.hibernate.persister.walking.spi.MetamodelGraphWalker - Property path deemed to be circular : squad
20:43:03.539 [main] DEBUG org.hibernate.loader.plan.build.internal.FetchStyleLoadPlanBuildingAssociationVisitationStrategy - Building LoadPlan...
20:43:03.539 [main] DEBUG org.hibernate.loader.plan.exec.internal.LoadQueryJoinAndFetchProcessor - processing queryspace <gen:0>
20:43:03.539 [main] DEBUG org.hibernate.loader.plan.build.spi.LoadPlanTreePrinter - LoadPlan(collection=kz.iitu.itse1907.saylau.entity.Squad.soldiers)
    - Returns
       - CollectionReturnImpl(collection=kz.iitu.itse1907.saylau.entity.Squad.soldiers, querySpaceUid=<gen:0>, path=[kz.iitu.itse1907.saylau.entity.Squad.soldiers])
          - (collection element) CollectionFetchableElementEntityGraph(entity=kz.iitu.itse1907.saylau.entity.Soldier, querySpaceUid=<gen:1>, path=[kz.iitu.itse1907.saylau.entity.Squad.soldiers].<elements>)
    - QuerySpaces
       - CollectionQuerySpaceImpl(uid=<gen:0>, collection=kz.iitu.itse1907.saylau.entity.Squad.soldiers)
          - SQL table alias mapping - soldiers0_
          - alias suffix - 0_
          - suffixed key columns - {squadid6_1_0_}
          - entity-element alias suffix - 1_
          - 1_entity-element suffixed key columns - id1_1_1_
          - JOIN (JoinDefinedByMetadata(elements)) : <gen:0> -> <gen:1>
             - EntityQuerySpaceImpl(uid=<gen:1>, entity=kz.iitu.itse1907.saylau.entity.Soldier)
                - SQL table alias mapping - soldiers0_
                - alias suffix - 1_
                - suffixed key columns - {id1_1_1_}

20:43:03.539 [main] DEBUG org.hibernate.loader.collection.plan.CollectionLoader - Static select for collection kz.iitu.itse1907.saylau.entity.Squad.soldiers: select soldiers0_.SquadId as squadid6_1_0_, soldiers0_.id as id1_1_0_, soldiers0_.id as id1_1_1_, soldiers0_.Age as age2_1_1_, soldiers0_.FirstName as firstnam3_1_1_, soldiers0_.LastName as lastname4_1_1_, soldiers0_.Rank as rank5_1_1_, soldiers0_.SquadId as squadid6_1_1_ from soldier soldiers0_ where soldiers0_.SquadId=?
20:43:03.541 [main] DEBUG org.hibernate.tool.schema.spi.SchemaManagementToolCoordinator - No actions specified; doing nothing
20:43:03.541 [main] DEBUG org.hibernate.query.spi.NamedQueryRepository - Checking 0 named HQL queries
20:43:03.541 [main] DEBUG org.hibernate.query.spi.NamedQueryRepository - Checking 0 named SQL queries
20:43:03.541 [main] DEBUG org.hibernate.service.internal.SessionFactoryServiceRegistryImpl - EventListenerRegistry access via ServiceRegistry is deprecated.  Use `sessionFactory.getEventEngine().getListenerRegistry()` instead
20:43:03.541 [main] DEBUG org.hibernate.internal.SessionFactoryRegistry - Registering SessionFactory: ec16943c-13d5-4d96-a641-b35a44800fe6 (<unnamed>)
20:43:03.541 [main] DEBUG org.hibernate.internal.SessionFactoryRegistry - Not binding SessionFactory to JNDI, no JNDI name configured
20:43:03.551 [main] DEBUG org.springframework.beans.factory.support.DefaultListableBeanFactory - Creating shared instance of singleton bean 'transactionManager'
20:43:03.559 [main] DEBUG org.springframework.beans.factory.support.DefaultListableBeanFactory - Creating shared instance of singleton bean 'org.springframework.boot.autoconfigure.context.PropertyPlaceholderAutoConfiguration'
20:43:03.560 [main] DEBUG org.springframework.beans.factory.support.DefaultListableBeanFactory - Creating shared instance of singleton bean 'org.springframework.boot.autoconfigure.task.TaskExecutionAutoConfiguration'
20:43:03.561 [main] DEBUG org.springframework.beans.factory.support.DefaultListableBeanFactory - Creating shared instance of singleton bean 'taskExecutorBuilder'
20:43:03.563 [main] DEBUG org.springframework.beans.factory.support.DefaultListableBeanFactory - Creating shared instance of singleton bean 'spring.task.execution-org.springframework.boot.autoconfigure.task.TaskExecutionProperties'
20:43:03.568 [main] DEBUG org.springframework.beans.factory.support.DefaultListableBeanFactory - Autowiring by type from bean name 'taskExecutorBuilder' via factory method to bean named 'spring.task.execution-org.springframework.boot.autoconfigure.task.TaskExecutionProperties'
20:43:03.578 [main] DEBUG org.springframework.beans.factory.support.DefaultListableBeanFactory - Creating shared instance of singleton bean 'org.springframework.boot.context.properties.EnableConfigurationPropertiesRegistrar.methodValidationExcludeFilter'
20:43:03.580 [main] DEBUG org.springframework.beans.factory.support.DefaultListableBeanFactory - Creating shared instance of singleton bean 'org.springframework.boot.autoconfigure.aop.AopAutoConfiguration$AspectJAutoProxyingConfiguration$CglibAutoProxyConfiguration'
20:43:03.581 [main] DEBUG org.springframework.beans.factory.support.DefaultListableBeanFactory - Creating shared instance of singleton bean 'org.springframework.boot.autoconfigure.aop.AopAutoConfiguration$AspectJAutoProxyingConfiguration'
20:43:03.582 [main] DEBUG org.springframework.beans.factory.support.DefaultListableBeanFactory - Creating shared instance of singleton bean 'org.springframework.boot.autoconfigure.aop.AopAutoConfiguration'
20:43:03.583 [main] DEBUG org.springframework.beans.factory.support.DefaultListableBeanFactory - Creating shared instance of singleton bean 'org.springframework.boot.autoconfigure.availability.ApplicationAvailabilityAutoConfiguration'
20:43:03.583 [main] DEBUG org.springframework.beans.factory.support.DefaultListableBeanFactory - Creating shared instance of singleton bean 'applicationAvailability'
20:43:03.587 [main] DEBUG org.springframework.beans.factory.support.DefaultListableBeanFactory - Creating shared instance of singleton bean 'org.springframework.boot.autoconfigure.transaction.jta.JtaAutoConfiguration'
20:43:03.588 [main] DEBUG org.springframework.beans.factory.support.DefaultListableBeanFactory - Creating shared instance of singleton bean 'org.springframework.boot.autoconfigure.jdbc.metadata.DataSourcePoolMetadataProvidersConfiguration$HikariPoolDataSourceMetadataProviderConfiguration'
20:43:03.588 [main] DEBUG org.springframework.beans.factory.support.DefaultListableBeanFactory - Creating shared instance of singleton bean 'hikariPoolDataSourceMetadataProvider'
20:43:03.590 [main] DEBUG org.springframework.beans.factory.support.DefaultListableBeanFactory - Creating shared instance of singleton bean 'org.springframework.boot.autoconfigure.jdbc.metadata.DataSourcePoolMetadataProvidersConfiguration'
20:43:03.590 [main] DEBUG org.springframework.beans.factory.support.DefaultListableBeanFactory - Creating shared instance of singleton bean 'org.springframework.boot.autoconfigure.jdbc.DataSourceAutoConfiguration'
20:43:03.593 [main] DEBUG org.springframework.beans.factory.support.DefaultListableBeanFactory - Creating shared instance of singleton bean 'spring.datasource-org.springframework.boot.autoconfigure.jdbc.DataSourceProperties'
20:43:03.622 [main] DEBUG org.springframework.beans.factory.support.DefaultListableBeanFactory - Creating shared instance of singleton bean 'org.springframework.boot.autoconfigure.orm.jpa.HibernateJpaConfiguration'
20:43:03.624 [main] DEBUG org.springframework.beans.factory.support.DefaultListableBeanFactory - Creating shared instance of singleton bean 'spring.jpa-org.springframework.boot.autoconfigure.orm.jpa.JpaProperties'
20:43:03.629 [main] DEBUG org.springframework.beans.factory.support.DefaultListableBeanFactory - Creating shared instance of singleton bean 'spring.jpa.hibernate-org.springframework.boot.autoconfigure.orm.jpa.HibernateProperties'
20:43:03.632 [main] DEBUG org.springframework.beans.factory.support.DefaultListableBeanFactory - Autowiring by type from bean name 'org.springframework.boot.autoconfigure.orm.jpa.HibernateJpaConfiguration' via constructor to bean named 'dataSource'
20:43:03.632 [main] DEBUG org.springframework.beans.factory.support.DefaultListableBeanFactory - Autowiring by type from bean name 'org.springframework.boot.autoconfigure.orm.jpa.HibernateJpaConfiguration' via constructor to bean named 'spring.jpa-org.springframework.boot.autoconfigure.orm.jpa.JpaProperties'
20:43:03.632 [main] DEBUG org.springframework.beans.factory.support.DefaultListableBeanFactory - Autowiring by type from bean name 'org.springframework.boot.autoconfigure.orm.jpa.HibernateJpaConfiguration' via constructor to bean named 'org.springframework.beans.factory.support.DefaultListableBeanFactory@e70f13a'
20:43:03.632 [main] DEBUG org.springframework.beans.factory.support.DefaultListableBeanFactory - Autowiring by type from bean name 'org.springframework.boot.autoconfigure.orm.jpa.HibernateJpaConfiguration' via constructor to bean named 'spring.jpa.hibernate-org.springframework.boot.autoconfigure.orm.jpa.HibernateProperties'
20:43:03.644 [main] DEBUG org.springframework.beans.factory.support.DefaultListableBeanFactory - Creating shared instance of singleton bean 'entityManagerFactoryBuilder'
20:43:03.645 [main] DEBUG org.springframework.beans.factory.support.DefaultListableBeanFactory - Autowiring by type from bean name 'entityManagerFactoryBuilder' via factory method to bean named 'jpaVendorAdapter'
20:43:03.648 [main] DEBUG org.springframework.beans.factory.support.DefaultListableBeanFactory - Creating shared instance of singleton bean 'org.springframework.boot.autoconfigure.orm.jpa.HibernateJpaAutoConfiguration'
20:43:03.649 [main] DEBUG org.springframework.beans.factory.support.DefaultListableBeanFactory - Creating shared instance of singleton bean 'org.springframework.boot.autoconfigure.jackson.JacksonAutoConfiguration$Jackson2ObjectMapperBuilderCustomizerConfiguration'
20:43:03.649 [main] DEBUG org.springframework.beans.factory.support.DefaultListableBeanFactory - Creating shared instance of singleton bean 'standardJacksonObjectMapperBuilderCustomizer'
20:43:03.650 [main] DEBUG org.springframework.beans.factory.support.DefaultListableBeanFactory - Creating shared instance of singleton bean 'spring.jackson-org.springframework.boot.autoconfigure.jackson.JacksonProperties'
20:43:03.662 [main] DEBUG org.springframework.beans.factory.support.DefaultListableBeanFactory - Autowiring by type from bean name 'standardJacksonObjectMapperBuilderCustomizer' via factory method to bean named 'org.springframework.context.annotation.AnnotationConfigApplicationContext@17fc391b'
20:43:03.662 [main] DEBUG org.springframework.beans.factory.support.DefaultListableBeanFactory - Autowiring by type from bean name 'standardJacksonObjectMapperBuilderCustomizer' via factory method to bean named 'spring.jackson-org.springframework.boot.autoconfigure.jackson.JacksonProperties'
20:43:03.664 [main] DEBUG org.springframework.beans.factory.support.DefaultListableBeanFactory - Creating shared instance of singleton bean 'org.springframework.boot.autoconfigure.jackson.JacksonAutoConfiguration$JacksonObjectMapperBuilderConfiguration'
20:43:03.664 [main] DEBUG org.springframework.beans.factory.support.DefaultListableBeanFactory - Creating shared instance of singleton bean 'org.springframework.boot.autoconfigure.jackson.JacksonAutoConfiguration$ParameterNamesModuleConfiguration'
20:43:03.665 [main] DEBUG org.springframework.beans.factory.support.DefaultListableBeanFactory - Creating shared instance of singleton bean 'parameterNamesModule'
20:43:03.685 [main] DEBUG org.springframework.beans.factory.support.DefaultListableBeanFactory - Creating shared instance of singleton bean 'org.springframework.boot.autoconfigure.jackson.JacksonAutoConfiguration$JacksonObjectMapperConfiguration'
20:43:03.686 [main] DEBUG org.springframework.beans.factory.support.DefaultListableBeanFactory - Creating shared instance of singleton bean 'jacksonObjectMapper'
20:43:03.687 [main] DEBUG org.springframework.beans.factory.support.DefaultListableBeanFactory - Autowiring by type from bean name 'jacksonObjectMapperBuilder' via factory method to bean named 'org.springframework.context.annotation.AnnotationConfigApplicationContext@17fc391b'
20:43:03.687 [main] DEBUG org.springframework.beans.factory.support.DefaultListableBeanFactory - Autowiring by type from bean name 'jacksonObjectMapperBuilder' via factory method to bean named 'standardJacksonObjectMapperBuilderCustomizer'
20:43:03.690 [main] DEBUG org.springframework.beans.factory.support.DefaultListableBeanFactory - Creating shared instance of singleton bean 'jsonComponentModule'
20:43:03.690 [main] DEBUG org.springframework.beans.factory.support.DefaultListableBeanFactory - Creating shared instance of singleton bean 'org.springframework.boot.autoconfigure.jackson.JacksonAutoConfiguration'
20:43:03.703 [main] DEBUG org.springframework.beans.factory.support.DefaultListableBeanFactory - Autowiring by type from bean name 'jacksonObjectMapper' via factory method to bean named 'jacksonObjectMapperBuilder'
20:43:04.037 [main] DEBUG org.springframework.beans.factory.support.DefaultListableBeanFactory - Creating shared instance of singleton bean 'java.lang.Object'
20:43:04.038 [main] DEBUG org.springframework.beans.factory.support.DefaultListableBeanFactory - Creating shared instance of singleton bean 'org.springframework.boot.autoconfigure.cache.SimpleCacheConfiguration'
20:43:04.038 [main] DEBUG org.springframework.beans.factory.support.DefaultListableBeanFactory - Creating shared instance of singleton bean 'cacheManager'
20:43:04.039 [main] DEBUG org.springframework.beans.factory.support.DefaultListableBeanFactory - Creating shared instance of singleton bean 'spring.cache-org.springframework.boot.autoconfigure.cache.CacheProperties'
20:43:04.044 [main] DEBUG org.springframework.beans.factory.support.DefaultListableBeanFactory - Creating shared instance of singleton bean 'cacheManagerCustomizers'
20:43:04.044 [main] DEBUG org.springframework.beans.factory.support.DefaultListableBeanFactory - Creating shared instance of singleton bean 'org.springframework.boot.autoconfigure.cache.CacheAutoConfiguration'
20:43:04.047 [main] DEBUG org.springframework.beans.factory.support.DefaultListableBeanFactory - Autowiring by type from bean name 'cacheManager' via factory method to bean named 'spring.cache-org.springframework.boot.autoconfigure.cache.CacheProperties'
20:43:04.047 [main] DEBUG org.springframework.beans.factory.support.DefaultListableBeanFactory - Autowiring by type from bean name 'cacheManager' via factory method to bean named 'cacheManagerCustomizers'
20:43:04.058 [main] DEBUG org.springframework.beans.factory.support.DefaultListableBeanFactory - Creating shared instance of singleton bean 'cacheAutoConfigurationValidator'
20:43:04.059 [main] DEBUG org.springframework.beans.factory.support.DefaultListableBeanFactory - Autowiring by type from bean name 'cacheAutoConfigurationValidator' via factory method to bean named 'spring.cache-org.springframework.boot.autoconfigure.cache.CacheProperties'
20:43:04.061 [main] DEBUG org.springframework.beans.factory.support.DefaultListableBeanFactory - Creating shared instance of singleton bean 'org.springframework.boot.autoconfigure.context.ConfigurationPropertiesAutoConfiguration'
20:43:04.062 [main] DEBUG org.springframework.beans.factory.support.DefaultListableBeanFactory - Creating shared instance of singleton bean 'org.springframework.boot.autoconfigure.context.LifecycleAutoConfiguration'
20:43:04.063 [main] DEBUG org.springframework.beans.factory.support.DefaultListableBeanFactory - Creating shared instance of singleton bean 'lifecycleProcessor'
20:43:04.064 [main] DEBUG org.springframework.beans.factory.support.DefaultListableBeanFactory - Creating shared instance of singleton bean 'spring.lifecycle-org.springframework.boot.autoconfigure.context.LifecycleProperties'
20:43:04.066 [main] DEBUG org.springframework.beans.factory.support.DefaultListableBeanFactory - Autowiring by type from bean name 'lifecycleProcessor' via factory method to bean named 'spring.lifecycle-org.springframework.boot.autoconfigure.context.LifecycleProperties'
20:43:04.073 [main] DEBUG org.springframework.beans.factory.support.DefaultListableBeanFactory - Creating shared instance of singleton bean 'org.springframework.boot.autoconfigure.dao.PersistenceExceptionTranslationAutoConfiguration'
20:43:04.074 [main] DEBUG org.springframework.beans.factory.support.DefaultListableBeanFactory - Creating shared instance of singleton bean 'org.springframework.boot.autoconfigure.data.jpa.JpaRepositoriesAutoConfiguration'
20:43:04.076 [main] DEBUG org.springframework.beans.factory.support.DefaultListableBeanFactory - Creating shared instance of singleton bean 'org.springframework.data.jpa.util.JpaMetamodelCacheCleanup'
20:43:04.077 [main] DEBUG org.springframework.beans.factory.support.DefaultListableBeanFactory - Creating shared instance of singleton bean 'org.springframework.data.jpa.repository.support.JpaEvaluationContextExtension'
20:43:04.079 [main] DEBUG org.springframework.beans.factory.support.DefaultListableBeanFactory - Creating shared instance of singleton bean 'org.springframework.boot.autoconfigure.http.HttpMessageConvertersAutoConfiguration$StringHttpMessageConverterConfiguration'
20:43:04.080 [main] DEBUG org.springframework.beans.factory.support.DefaultListableBeanFactory - Creating shared instance of singleton bean 'stringHttpMessageConverter'
20:43:04.080 [main] DEBUG org.springframework.beans.factory.support.DefaultListableBeanFactory - Autowiring by type from bean name 'stringHttpMessageConverter' via factory method to bean named 'environment'
20:43:04.115 [main] DEBUG org.springframework.beans.factory.support.DefaultListableBeanFactory - Creating shared instance of singleton bean 'org.springframework.boot.autoconfigure.http.JacksonHttpMessageConvertersConfiguration$MappingJackson2HttpMessageConverterConfiguration'
20:43:04.116 [main] DEBUG org.springframework.beans.factory.support.DefaultListableBeanFactory - Creating shared instance of singleton bean 'mappingJackson2HttpMessageConverter'
20:43:04.116 [main] DEBUG org.springframework.beans.factory.support.DefaultListableBeanFactory - Autowiring by type from bean name 'mappingJackson2HttpMessageConverter' via factory method to bean named 'jacksonObjectMapper'
20:43:04.121 [main] DEBUG org.springframework.beans.factory.support.DefaultListableBeanFactory - Creating shared instance of singleton bean 'org.springframework.boot.autoconfigure.http.JacksonHttpMessageConvertersConfiguration'
20:43:04.122 [main] DEBUG org.springframework.beans.factory.support.DefaultListableBeanFactory - Creating shared instance of singleton bean 'org.springframework.boot.autoconfigure.http.HttpMessageConvertersAutoConfiguration'
20:43:04.123 [main] DEBUG org.springframework.beans.factory.support.DefaultListableBeanFactory - Creating shared instance of singleton bean 'messageConverters'
20:43:04.165 [main] DEBUG org.springframework.beans.factory.support.DefaultListableBeanFactory - Creating shared instance of singleton bean 'org.springframework.boot.autoconfigure.info.ProjectInfoAutoConfiguration'
20:43:04.168 [main] DEBUG org.springframework.beans.factory.support.DefaultListableBeanFactory - Creating shared instance of singleton bean 'spring.info-org.springframework.boot.autoconfigure.info.ProjectInfoProperties'
20:43:04.171 [main] DEBUG org.springframework.beans.factory.support.DefaultListableBeanFactory - Autowiring by type from bean name 'org.springframework.boot.autoconfigure.info.ProjectInfoAutoConfiguration' via constructor to bean named 'spring.info-org.springframework.boot.autoconfigure.info.ProjectInfoProperties'
20:43:04.172 [main] DEBUG org.springframework.beans.factory.support.DefaultListableBeanFactory - Creating shared instance of singleton bean 'org.springframework.boot.autoconfigure.jdbc.JdbcTemplateConfiguration'
20:43:04.172 [main] DEBUG org.springframework.beans.factory.support.DefaultListableBeanFactory - Creating shared instance of singleton bean 'jdbcTemplate'
20:43:04.173 [main] DEBUG org.springframework.beans.factory.support.DefaultListableBeanFactory - Creating shared instance of singleton bean 'spring.jdbc-org.springframework.boot.autoconfigure.jdbc.JdbcProperties'
20:43:04.174 [main] DEBUG org.springframework.beans.factory.support.DefaultListableBeanFactory - Autowiring by type from bean name 'jdbcTemplate' via factory method to bean named 'dataSource'
20:43:04.174 [main] DEBUG org.springframework.beans.factory.support.DefaultListableBeanFactory - Autowiring by type from bean name 'jdbcTemplate' via factory method to bean named 'spring.jdbc-org.springframework.boot.autoconfigure.jdbc.JdbcProperties'
20:43:04.194 [main] DEBUG org.springframework.beans.factory.support.DefaultListableBeanFactory - Creating shared instance of singleton bean 'org.springframework.boot.autoconfigure.jdbc.NamedParameterJdbcTemplateConfiguration'
20:43:04.195 [main] DEBUG org.springframework.beans.factory.support.DefaultListableBeanFactory - Creating shared instance of singleton bean 'namedParameterJdbcTemplate'
20:43:04.195 [main] DEBUG org.springframework.beans.factory.support.DefaultListableBeanFactory - Autowiring by type from bean name 'namedParameterJdbcTemplate' via factory method to bean named 'jdbcTemplate'
20:43:04.204 [main] DEBUG org.springframework.beans.factory.support.DefaultListableBeanFactory - Creating shared instance of singleton bean 'org.springframework.boot.autoconfigure.jdbc.JdbcTemplateAutoConfiguration'
20:43:04.205 [main] DEBUG org.springframework.beans.factory.support.DefaultListableBeanFactory - Creating shared instance of singleton bean 'org.springframework.boot.autoconfigure.sql.init.SqlInitializationAutoConfiguration'
20:43:04.205 [main] DEBUG org.springframework.beans.factory.support.DefaultListableBeanFactory - Creating shared instance of singleton bean 'org.springframework.boot.autoconfigure.task.TaskSchedulingAutoConfiguration'
20:43:04.206 [main] DEBUG org.springframework.beans.factory.support.DefaultListableBeanFactory - Creating shared instance of singleton bean 'taskScheduler'
20:43:04.207 [main] DEBUG org.springframework.beans.factory.support.DefaultListableBeanFactory - Creating shared instance of singleton bean 'taskSchedulerBuilder'
20:43:04.208 [main] DEBUG org.springframework.beans.factory.support.DefaultListableBeanFactory - Creating shared instance of singleton bean 'spring.task.scheduling-org.springframework.boot.autoconfigure.task.TaskSchedulingProperties'
20:43:04.210 [main] DEBUG org.springframework.beans.factory.support.DefaultListableBeanFactory - Autowiring by type from bean name 'taskSchedulerBuilder' via factory method to bean named 'spring.task.scheduling-org.springframework.boot.autoconfigure.task.TaskSchedulingProperties'
20:43:04.212 [main] DEBUG org.springframework.beans.factory.support.DefaultListableBeanFactory - Autowiring by type from bean name 'taskScheduler' via factory method to bean named 'taskSchedulerBuilder'
20:43:04.230 [main] DEBUG org.springframework.scheduling.concurrent.ThreadPoolTaskScheduler - Initializing ExecutorService 'taskScheduler'
20:43:04.235 [main] DEBUG org.springframework.beans.factory.support.DefaultListableBeanFactory - Creating shared instance of singleton bean 'scheduledBeanLazyInitializationExcludeFilter'
20:43:04.237 [main] DEBUG org.springframework.beans.factory.support.DefaultListableBeanFactory - Creating shared instance of singleton bean 'org.springframework.boot.autoconfigure.jdbc.DataSourceTransactionManagerAutoConfiguration$JdbcTransactionManagerConfiguration'
20:43:04.239 [main] DEBUG org.springframework.beans.factory.support.DefaultListableBeanFactory - Creating shared instance of singleton bean 'org.springframework.boot.autoconfigure.jdbc.DataSourceTransactionManagerAutoConfiguration'
20:43:04.240 [main] DEBUG org.springframework.beans.factory.support.DefaultListableBeanFactory - Creating shared instance of singleton bean 'org.springframework.boot.autoconfigure.transaction.TransactionAutoConfiguration$TransactionTemplateConfiguration'
20:43:04.242 [main] DEBUG org.springframework.beans.factory.support.DefaultListableBeanFactory - Creating shared instance of singleton bean 'transactionTemplate'
20:43:04.243 [main] DEBUG org.springframework.beans.factory.support.DefaultListableBeanFactory - Autowiring by type from bean name 'transactionTemplate' via factory method to bean named 'transactionManager'
20:43:04.248 [main] DEBUG org.springframework.beans.factory.support.DefaultListableBeanFactory - Creating shared instance of singleton bean 'org.springframework.boot.autoconfigure.transaction.TransactionAutoConfiguration'
20:43:04.249 [main] DEBUG org.springframework.beans.factory.support.DefaultListableBeanFactory - Creating shared instance of singleton bean 'platformTransactionManagerCustomizers'
20:43:04.251 [main] DEBUG org.springframework.beans.factory.support.DefaultListableBeanFactory - Creating shared instance of singleton bean 'spring.transaction-org.springframework.boot.autoconfigure.transaction.TransactionProperties'
20:43:04.256 [main] DEBUG org.springframework.beans.factory.support.DefaultListableBeanFactory - Creating shared instance of singleton bean 'org.springframework.boot.autoconfigure.web.client.RestTemplateAutoConfiguration'
20:43:04.283 [main] DEBUG org.springframework.orm.jpa.JpaTransactionManager - Creating new transaction with name [kz.iitu.itse1907.saylau.repository.SoldierController.selectAllSoldiers]: PROPAGATION_REQUIRED,ISOLATION_READ_COMMITTED
20:43:04.284 [main] DEBUG org.springframework.orm.jpa.JpaTransactionManager - Opened new EntityManager [SessionImpl(645038677<open>)] for JPA transaction
20:43:04.286 [main] DEBUG org.hibernate.engine.transaction.internal.TransactionImpl - On TransactionImpl creation, JpaCompliance#isJpaTransactionComplianceEnabled == false
]]></system-out>
  </testcase>
</testsuite>